Currently at Page 1   of job SE for ENTRY_LEVEL. Fetched 0.00% jobs in this category. Remaining 8434 jobs. Completed 0    jobs.
Currently at Page 2   of job SE for ENTRY_LEVEL. Fetched 0.18% jobs in this category. Remaining 8419 jobs. Completed 15   jobs.
Currently at Page 3   of job SE for ENTRY_LEVEL. Fetched 0.36% jobs in this category. Remaining 8404 jobs. Completed 30   jobs.
Currently at Page 4   of job SE for ENTRY_LEVEL. Fetched 0.53% jobs in this category. Remaining 8389 jobs. Completed 45   jobs.
Currently at Page 5   of job SE for ENTRY_LEVEL. Fetched 0.71% jobs in this category. Remaining 8374 jobs. Completed 60   jobs.
Currently at Page 6   of job SE for ENTRY_LEVEL. Fetched 0.89% jobs in this category. Remaining 8359 jobs. Completed 75   jobs.
Currently at Page 7   of job SE for ENTRY_LEVEL. Fetched 1.07% jobs in this category. Remaining 8344 jobs. Completed 90   jobs.
Currently at Page 8   of job SE for ENTRY_LEVEL. Fetched 1.24% jobs in this category. Remaining 8329 jobs. Completed 105  jobs.
Currently at Page 9   of job SE for ENTRY_LEVEL. Fetched 1.42% jobs in this category. Remaining 8314 jobs. Completed 120  jobs.
Currently at Page 10  of job SE for ENTRY_LEVEL. Fetched 1.60% jobs in this category. Remaining 8299 jobs. Completed 135  jobs.
Currently at Page 11  of job SE for ENTRY_LEVEL. Fetched 1.78% jobs in this category. Remaining 8284 jobs. Completed 150  jobs.
Currently at Page 12  of job SE for ENTRY_LEVEL. Fetched 1.96% jobs in this category. Remaining 8269 jobs. Completed 165  jobs.
Currently at Page 13  of job SE for ENTRY_LEVEL. Fetched 2.13% jobs in this category. Remaining 8254 jobs. Completed 180  jobs.
Currently at Page 14  of job SE for ENTRY_LEVEL. Fetched 2.31% jobs in this category. Remaining 8239 jobs. Completed 195  jobs.
Currently at Page 15  of job SE for ENTRY_LEVEL. Fetched 2.49% jobs in this category. Remaining 8224 jobs. Completed 210  jobs.
Currently at Page 16  of job SE for ENTRY_LEVEL. Fetched 2.67% jobs in this category. Remaining 8209 jobs. Completed 225  jobs.
Currently at Page 17  of job SE for ENTRY_LEVEL. Fetched 2.85% jobs in this category. Remaining 8194 jobs. Completed 240  jobs.
Currently at Page 18  of job SE for ENTRY_LEVEL. Fetched 3.02% jobs in this category. Remaining 8179 jobs. Completed 255  jobs.
Currently at Page 19  of job SE for ENTRY_LEVEL. Fetched 3.20% jobs in this category. Remaining 8164 jobs. Completed 270  jobs.
Currently at Page 20  of job SE for ENTRY_LEVEL. Fetched 3.38% jobs in this category. Remaining 8149 jobs. Completed 285  jobs.
Currently at Page 21  of job SE for ENTRY_LEVEL. Fetched 3.56% jobs in this category. Remaining 8134 jobs. Completed 300  jobs.
Currently at Page 22  of job SE for ENTRY_LEVEL. Fetched 3.73% jobs in this category. Remaining 8119 jobs. Completed 315  jobs.
Currently at Page 23  of job SE for ENTRY_LEVEL. Fetched 3.91% jobs in this category. Remaining 8104 jobs. Completed 330  jobs.
Currently at Page 24  of job SE for ENTRY_LEVEL. Fetched 4.09% jobs in this category. Remaining 8089 jobs. Completed 345  jobs.
Currently at Page 25  of job SE for ENTRY_LEVEL. Fetched 4.27% jobs in this category. Remaining 8074 jobs. Completed 360  jobs.
Currently at Page 26  of job SE for ENTRY_LEVEL. Fetched 4.45% jobs in this category. Remaining 8059 jobs. Completed 375  jobs.
Currently at Page 27  of job SE for ENTRY_LEVEL. Fetched 4.62% jobs in this category. Remaining 8044 jobs. Completed 390  jobs.
Currently at Page 28  of job SE for ENTRY_LEVEL. Fetched 4.80% jobs in this category. Remaining 8029 jobs. Completed 405  jobs.
Currently at Page 29  of job SE for ENTRY_LEVEL. Fetched 4.98% jobs in this category. Remaining 8014 jobs. Completed 420  jobs.
Currently at Page 30  of job SE for ENTRY_LEVEL. Fetched 5.16% jobs in this category. Remaining 7999 jobs. Completed 435  jobs.
Currently at Page 31  of job SE for ENTRY_LEVEL. Fetched 5.34% jobs in this category. Remaining 7984 jobs. Completed 450  jobs.
Currently at Page 32  of job SE for ENTRY_LEVEL. Fetched 5.51% jobs in this category. Remaining 7969 jobs. Completed 465  jobs.
Currently at Page 33  of job SE for ENTRY_LEVEL. Fetched 5.69% jobs in this category. Remaining 7954 jobs. Completed 480  jobs.
Currently at Page 34  of job SE for ENTRY_LEVEL. Fetched 5.87% jobs in this category. Remaining 7939 jobs. Completed 495  jobs.
Currently at Page 35  of job SE for ENTRY_LEVEL. Fetched 6.05% jobs in this category. Remaining 7924 jobs. Completed 510  jobs.
Currently at Page 36  of job SE for ENTRY_LEVEL. Fetched 6.22% jobs in this category. Remaining 7909 jobs. Completed 525  jobs.
Currently at Page 37  of job SE for ENTRY_LEVEL. Fetched 6.40% jobs in this category. Remaining 7894 jobs. Completed 540  jobs.
Currently at Page 38  of job SE for ENTRY_LEVEL. Fetched 6.58% jobs in this category. Remaining 7879 jobs. Completed 555  jobs.
Currently at Page 39  of job SE for ENTRY_LEVEL. Fetched 6.76% jobs in this category. Remaining 7864 jobs. Completed 570  jobs.
Currently at Page 40  of job SE for ENTRY_LEVEL. Fetched 6.94% jobs in this category. Remaining 7849 jobs. Completed 585  jobs.
Currently at Page 41  of job SE for ENTRY_LEVEL. Fetched 7.11% jobs in this category. Remaining 7834 jobs. Completed 600  jobs.
Currently at Page 42  of job SE for ENTRY_LEVEL. Fetched 7.29% jobs in this category. Remaining 7819 jobs. Completed 615  jobs.
Currently at Page 43  of job SE for ENTRY_LEVEL. Fetched 7.47% jobs in this category. Remaining 7804 jobs. Completed 630  jobs.
Currently at Page 44  of job SE for ENTRY_LEVEL. Fetched 7.65% jobs in this category. Remaining 7789 jobs. Completed 645  jobs.
Currently at Page 45  of job SE for ENTRY_LEVEL. Fetched 7.83% jobs in this category. Remaining 7774 jobs. Completed 660  jobs.
Currently at Page 46  of job SE for ENTRY_LEVEL. Fetched 8.00% jobs in this category. Remaining 7759 jobs. Completed 675  jobs.
Currently at Page 47  of job SE for ENTRY_LEVEL. Fetched 8.18% jobs in this category. Remaining 7744 jobs. Completed 690  jobs.
Currently at Page 48  of job SE for ENTRY_LEVEL. Fetched 8.36% jobs in this category. Remaining 7729 jobs. Completed 705  jobs.
Currently at Page 49  of job SE for ENTRY_LEVEL. Fetched 8.54% jobs in this category. Remaining 7714 jobs. Completed 720  jobs.
Currently at Page 50  of job SE for ENTRY_LEVEL. Fetched 8.71% jobs in this category. Remaining 7699 jobs. Completed 735  jobs.
Currently at Page 51  of job SE for ENTRY_LEVEL. Fetched 8.89% jobs in this category. Remaining 7684 jobs. Completed 750  jobs.
Currently at Page 52  of job SE for ENTRY_LEVEL. Fetched 9.07% jobs in this category. Remaining 7669 jobs. Completed 765  jobs.
Currently at Page 53  of job SE for ENTRY_LEVEL. Fetched 9.25% jobs in this category. Remaining 7654 jobs. Completed 780  jobs.
Currently at Page 54  of job SE for ENTRY_LEVEL. Fetched 9.43% jobs in this category. Remaining 7639 jobs. Completed 795  jobs.
Currently at Page 55  of job SE for ENTRY_LEVEL. Fetched 9.60% jobs in this category. Remaining 7624 jobs. Completed 810  jobs.
Currently at Page 56  of job SE for ENTRY_LEVEL. Fetched 9.78% jobs in this category. Remaining 7609 jobs. Completed 825  jobs.
Currently at Page 57  of job SE for ENTRY_LEVEL. Fetched 9.96% jobs in this category. Remaining 7594 jobs. Completed 840  jobs.
Currently at Page 58  of job SE for ENTRY_LEVEL. Fetched 10.14% jobs in this category. Remaining 7579 jobs. Completed 855  jobs.
Currently at Page 59  of job SE for ENTRY_LEVEL. Fetched 10.32% jobs in this category. Remaining 7564 jobs. Completed 870  jobs.
Currently at Page 60  of job SE for ENTRY_LEVEL. Fetched 10.49% jobs in this category. Remaining 7549 jobs. Completed 885  jobs.
Currently at Page 61  of job SE for ENTRY_LEVEL. Fetched 10.67% jobs in this category. Remaining 7534 jobs. Completed 900  jobs.
Currently at Page 62  of job SE for ENTRY_LEVEL. Fetched 10.85% jobs in this category. Remaining 7519 jobs. Completed 915  jobs.
Currently at Page 63  of job SE for ENTRY_LEVEL. Fetched 11.03% jobs in this category. Remaining 7504 jobs. Completed 930  jobs.
Currently at Page 64  of job SE for ENTRY_LEVEL. Fetched 11.20% jobs in this category. Remaining 7489 jobs. Completed 945  jobs.
Currently at Page 65  of job SE for ENTRY_LEVEL. Fetched 11.38% jobs in this category. Remaining 7474 jobs. Completed 960  jobs.
Currently at Page 66  of job SE for ENTRY_LEVEL. Fetched 11.56% jobs in this category. Remaining 7459 jobs. Completed 975  jobs.
Currently at Page 67  of job SE for ENTRY_LEVEL. Fetched 11.74% jobs in this category. Remaining 7444 jobs. Completed 990  jobs.


The time taken to run this job is 8.39
