Currently at Page 1   of job BA for SENIOR_LEVEL. Fetched 0.00% jobs in this category. Remaining 2543 jobs. Completed 0    jobs.
Currently at Page 2   of job BA for SENIOR_LEVEL. Fetched 0.59% jobs in this category. Remaining 2528 jobs. Completed 15   jobs.
Currently at Page 3   of job BA for SENIOR_LEVEL. Fetched 1.18% jobs in this category. Remaining 2513 jobs. Completed 30   jobs.
Currently at Page 4   of job BA for SENIOR_LEVEL. Fetched 1.77% jobs in this category. Remaining 2498 jobs. Completed 45   jobs.
Currently at Page 5   of job BA for SENIOR_LEVEL. Fetched 2.36% jobs in this category. Remaining 2483 jobs. Completed 60   jobs.
Currently at Page 6   of job BA for SENIOR_LEVEL. Fetched 2.95% jobs in this category. Remaining 2468 jobs. Completed 75   jobs.
Currently at Page 7   of job BA for SENIOR_LEVEL. Fetched 3.54% jobs in this category. Remaining 2453 jobs. Completed 90   jobs.
Currently at Page 8   of job BA for SENIOR_LEVEL. Fetched 4.13% jobs in this category. Remaining 2438 jobs. Completed 105  jobs.
Currently at Page 9   of job BA for SENIOR_LEVEL. Fetched 4.72% jobs in this category. Remaining 2423 jobs. Completed 120  jobs.
Currently at Page 10  of job BA for SENIOR_LEVEL. Fetched 5.31% jobs in this category. Remaining 2408 jobs. Completed 135  jobs.
Currently at Page 11  of job BA for SENIOR_LEVEL. Fetched 5.90% jobs in this category. Remaining 2393 jobs. Completed 150  jobs.
Currently at Page 12  of job BA for SENIOR_LEVEL. Fetched 6.49% jobs in this category. Remaining 2378 jobs. Completed 165  jobs.
Currently at Page 13  of job BA for SENIOR_LEVEL. Fetched 7.08% jobs in this category. Remaining 2363 jobs. Completed 180  jobs.
Currently at Page 14  of job BA for SENIOR_LEVEL. Fetched 7.67% jobs in this category. Remaining 2348 jobs. Completed 195  jobs.
Currently at Page 15  of job BA for SENIOR_LEVEL. Fetched 8.26% jobs in this category. Remaining 2333 jobs. Completed 210  jobs.
Currently at Page 16  of job BA for SENIOR_LEVEL. Fetched 8.85% jobs in this category. Remaining 2318 jobs. Completed 225  jobs.
Currently at Page 17  of job BA for SENIOR_LEVEL. Fetched 9.44% jobs in this category. Remaining 2303 jobs. Completed 240  jobs.
Currently at Page 18  of job BA for SENIOR_LEVEL. Fetched 10.03% jobs in this category. Remaining 2288 jobs. Completed 255  jobs.
Currently at Page 19  of job BA for SENIOR_LEVEL. Fetched 10.62% jobs in this category. Remaining 2273 jobs. Completed 270  jobs.
Currently at Page 20  of job BA for SENIOR_LEVEL. Fetched 11.21% jobs in this category. Remaining 2258 jobs. Completed 285  jobs.
Currently at Page 21  of job BA for SENIOR_LEVEL. Fetched 11.80% jobs in this category. Remaining 2243 jobs. Completed 300  jobs.
Currently at Page 22  of job BA for SENIOR_LEVEL. Fetched 12.39% jobs in this category. Remaining 2228 jobs. Completed 315  jobs.
Currently at Page 23  of job BA for SENIOR_LEVEL. Fetched 12.98% jobs in this category. Remaining 2213 jobs. Completed 330  jobs.
Currently at Page 24  of job BA for SENIOR_LEVEL. Fetched 13.57% jobs in this category. Remaining 2198 jobs. Completed 345  jobs.
Currently at Page 25  of job BA for SENIOR_LEVEL. Fetched 14.16% jobs in this category. Remaining 2183 jobs. Completed 360  jobs.
Currently at Page 26  of job BA for SENIOR_LEVEL. Fetched 14.75% jobs in this category. Remaining 2168 jobs. Completed 375  jobs.
Currently at Page 27  of job BA for SENIOR_LEVEL. Fetched 15.34% jobs in this category. Remaining 2153 jobs. Completed 390  jobs.
Currently at Page 28  of job BA for SENIOR_LEVEL. Fetched 15.93% jobs in this category. Remaining 2138 jobs. Completed 405  jobs.
Currently at Page 29  of job BA for SENIOR_LEVEL. Fetched 16.52% jobs in this category. Remaining 2123 jobs. Completed 420  jobs.
Currently at Page 30  of job BA for SENIOR_LEVEL. Fetched 17.11% jobs in this category. Remaining 2108 jobs. Completed 435  jobs.
Currently at Page 31  of job BA for SENIOR_LEVEL. Fetched 17.70% jobs in this category. Remaining 2093 jobs. Completed 450  jobs.
Currently at Page 32  of job BA for SENIOR_LEVEL. Fetched 18.29% jobs in this category. Remaining 2078 jobs. Completed 465  jobs.
Currently at Page 33  of job BA for SENIOR_LEVEL. Fetched 18.88% jobs in this category. Remaining 2063 jobs. Completed 480  jobs.
Currently at Page 34  of job BA for SENIOR_LEVEL. Fetched 19.47% jobs in this category. Remaining 2048 jobs. Completed 495  jobs.
Currently at Page 35  of job BA for SENIOR_LEVEL. Fetched 20.06% jobs in this category. Remaining 2033 jobs. Completed 510  jobs.
Currently at Page 36  of job BA for SENIOR_LEVEL. Fetched 20.64% jobs in this category. Remaining 2018 jobs. Completed 525  jobs.
Currently at Page 37  of job BA for SENIOR_LEVEL. Fetched 21.23% jobs in this category. Remaining 2003 jobs. Completed 540  jobs.
Currently at Page 38  of job BA for SENIOR_LEVEL. Fetched 21.82% jobs in this category. Remaining 1988 jobs. Completed 555  jobs.
Currently at Page 39  of job BA for SENIOR_LEVEL. Fetched 22.41% jobs in this category. Remaining 1973 jobs. Completed 570  jobs.
Currently at Page 40  of job BA for SENIOR_LEVEL. Fetched 23.00% jobs in this category. Remaining 1958 jobs. Completed 585  jobs.
Currently at Page 41  of job BA for SENIOR_LEVEL. Fetched 23.59% jobs in this category. Remaining 1943 jobs. Completed 600  jobs.
Currently at Page 42  of job BA for SENIOR_LEVEL. Fetched 24.18% jobs in this category. Remaining 1928 jobs. Completed 615  jobs.
Currently at Page 43  of job BA for SENIOR_LEVEL. Fetched 24.77% jobs in this category. Remaining 1913 jobs. Completed 630  jobs.
Currently at Page 44  of job BA for SENIOR_LEVEL. Fetched 25.36% jobs in this category. Remaining 1898 jobs. Completed 645  jobs.
Currently at Page 45  of job BA for SENIOR_LEVEL. Fetched 25.95% jobs in this category. Remaining 1883 jobs. Completed 660  jobs.
Currently at Page 46  of job BA for SENIOR_LEVEL. Fetched 26.54% jobs in this category. Remaining 1868 jobs. Completed 675  jobs.
Currently at Page 47  of job BA for SENIOR_LEVEL. Fetched 27.13% jobs in this category. Remaining 1853 jobs. Completed 690  jobs.
Currently at Page 48  of job BA for SENIOR_LEVEL. Fetched 27.72% jobs in this category. Remaining 1838 jobs. Completed 705  jobs.
Currently at Page 49  of job BA for SENIOR_LEVEL. Fetched 28.31% jobs in this category. Remaining 1823 jobs. Completed 720  jobs.
Currently at Page 50  of job BA for SENIOR_LEVEL. Fetched 28.90% jobs in this category. Remaining 1808 jobs. Completed 735  jobs.
Currently at Page 51  of job BA for SENIOR_LEVEL. Fetched 29.49% jobs in this category. Remaining 1793 jobs. Completed 750  jobs.
Currently at Page 52  of job BA for SENIOR_LEVEL. Fetched 30.08% jobs in this category. Remaining 1778 jobs. Completed 765  jobs.
Currently at Page 53  of job BA for SENIOR_LEVEL. Fetched 30.67% jobs in this category. Remaining 1763 jobs. Completed 780  jobs.
Currently at Page 54  of job BA for SENIOR_LEVEL. Fetched 31.26% jobs in this category. Remaining 1748 jobs. Completed 795  jobs.
Currently at Page 55  of job BA for SENIOR_LEVEL. Fetched 31.85% jobs in this category. Remaining 1733 jobs. Completed 810  jobs.
Currently at Page 56  of job BA for SENIOR_LEVEL. Fetched 32.44% jobs in this category. Remaining 1718 jobs. Completed 825  jobs.
Currently at Page 57  of job BA for SENIOR_LEVEL. Fetched 33.03% jobs in this category. Remaining 1703 jobs. Completed 840  jobs.
Currently at Page 58  of job BA for SENIOR_LEVEL. Fetched 33.62% jobs in this category. Remaining 1688 jobs. Completed 855  jobs.
Currently at Page 59  of job BA for SENIOR_LEVEL. Fetched 34.21% jobs in this category. Remaining 1673 jobs. Completed 870  jobs.
Currently at Page 60  of job BA for SENIOR_LEVEL. Fetched 34.80% jobs in this category. Remaining 1658 jobs. Completed 885  jobs.
Currently at Page 61  of job BA for SENIOR_LEVEL. Fetched 35.39% jobs in this category. Remaining 1643 jobs. Completed 900  jobs.
Currently at Page 62  of job BA for SENIOR_LEVEL. Fetched 35.98% jobs in this category. Remaining 1628 jobs. Completed 915  jobs.
Currently at Page 63  of job BA for SENIOR_LEVEL. Fetched 36.57% jobs in this category. Remaining 1613 jobs. Completed 930  jobs.
Currently at Page 64  of job BA for SENIOR_LEVEL. Fetched 37.16% jobs in this category. Remaining 1598 jobs. Completed 945  jobs.
Currently at Page 65  of job BA for SENIOR_LEVEL. Fetched 37.75% jobs in this category. Remaining 1583 jobs. Completed 960  jobs.
Currently at Page 66  of job BA for SENIOR_LEVEL. Fetched 38.34% jobs in this category. Remaining 1568 jobs. Completed 975  jobs.
Currently at Page 67  of job BA for SENIOR_LEVEL. Fetched 38.93% jobs in this category. Remaining 1553 jobs. Completed 990  jobs.


The time taken to run this job is 8.16
