Currently at Page 1   of job CE for ENTRY_LEVEL. Fetched 0.00% jobs in this category. Remaining 7369 jobs. Completed 0    jobs.
Currently at Page 2   of job CE for ENTRY_LEVEL. Fetched 0.20% jobs in this category. Remaining 7354 jobs. Completed 15   jobs.
Currently at Page 3   of job CE for ENTRY_LEVEL. Fetched 0.41% jobs in this category. Remaining 7339 jobs. Completed 30   jobs.
Currently at Page 4   of job CE for ENTRY_LEVEL. Fetched 0.61% jobs in this category. Remaining 7324 jobs. Completed 45   jobs.
Currently at Page 5   of job CE for ENTRY_LEVEL. Fetched 0.81% jobs in this category. Remaining 7309 jobs. Completed 60   jobs.
Currently at Page 6   of job CE for ENTRY_LEVEL. Fetched 1.02% jobs in this category. Remaining 7294 jobs. Completed 75   jobs.
Currently at Page 7   of job CE for ENTRY_LEVEL. Fetched 1.22% jobs in this category. Remaining 7279 jobs. Completed 90   jobs.
Currently at Page 8   of job CE for ENTRY_LEVEL. Fetched 1.42% jobs in this category. Remaining 7264 jobs. Completed 105  jobs.
Currently at Page 9   of job CE for ENTRY_LEVEL. Fetched 1.63% jobs in this category. Remaining 7249 jobs. Completed 120  jobs.
Currently at Page 10  of job CE for ENTRY_LEVEL. Fetched 1.83% jobs in this category. Remaining 7234 jobs. Completed 135  jobs.
Currently at Page 11  of job CE for ENTRY_LEVEL. Fetched 2.04% jobs in this category. Remaining 7219 jobs. Completed 150  jobs.
Currently at Page 12  of job CE for ENTRY_LEVEL. Fetched 2.24% jobs in this category. Remaining 7204 jobs. Completed 165  jobs.
Currently at Page 13  of job CE for ENTRY_LEVEL. Fetched 2.44% jobs in this category. Remaining 7189 jobs. Completed 180  jobs.
Currently at Page 14  of job CE for ENTRY_LEVEL. Fetched 2.65% jobs in this category. Remaining 7174 jobs. Completed 195  jobs.
Currently at Page 15  of job CE for ENTRY_LEVEL. Fetched 2.85% jobs in this category. Remaining 7159 jobs. Completed 210  jobs.
Currently at Page 16  of job CE for ENTRY_LEVEL. Fetched 3.05% jobs in this category. Remaining 7144 jobs. Completed 225  jobs.
Currently at Page 17  of job CE for ENTRY_LEVEL. Fetched 3.26% jobs in this category. Remaining 7129 jobs. Completed 240  jobs.
Currently at Page 18  of job CE for ENTRY_LEVEL. Fetched 3.46% jobs in this category. Remaining 7114 jobs. Completed 255  jobs.
Currently at Page 19  of job CE for ENTRY_LEVEL. Fetched 3.66% jobs in this category. Remaining 7099 jobs. Completed 270  jobs.
Currently at Page 20  of job CE for ENTRY_LEVEL. Fetched 3.87% jobs in this category. Remaining 7084 jobs. Completed 285  jobs.
Currently at Page 21  of job CE for ENTRY_LEVEL. Fetched 4.07% jobs in this category. Remaining 7069 jobs. Completed 300  jobs.
Currently at Page 22  of job CE for ENTRY_LEVEL. Fetched 4.27% jobs in this category. Remaining 7054 jobs. Completed 315  jobs.
Currently at Page 23  of job CE for ENTRY_LEVEL. Fetched 4.48% jobs in this category. Remaining 7039 jobs. Completed 330  jobs.
Currently at Page 24  of job CE for ENTRY_LEVEL. Fetched 4.68% jobs in this category. Remaining 7024 jobs. Completed 345  jobs.
Currently at Page 25  of job CE for ENTRY_LEVEL. Fetched 4.89% jobs in this category. Remaining 7009 jobs. Completed 360  jobs.
Currently at Page 26  of job CE for ENTRY_LEVEL. Fetched 5.09% jobs in this category. Remaining 6994 jobs. Completed 375  jobs.
Currently at Page 27  of job CE for ENTRY_LEVEL. Fetched 5.29% jobs in this category. Remaining 6979 jobs. Completed 390  jobs.
Currently at Page 28  of job CE for ENTRY_LEVEL. Fetched 5.50% jobs in this category. Remaining 6964 jobs. Completed 405  jobs.
Currently at Page 29  of job CE for ENTRY_LEVEL. Fetched 5.70% jobs in this category. Remaining 6949 jobs. Completed 420  jobs.
Currently at Page 30  of job CE for ENTRY_LEVEL. Fetched 5.90% jobs in this category. Remaining 6934 jobs. Completed 435  jobs.
Currently at Page 31  of job CE for ENTRY_LEVEL. Fetched 6.11% jobs in this category. Remaining 6919 jobs. Completed 450  jobs.
Currently at Page 32  of job CE for ENTRY_LEVEL. Fetched 6.31% jobs in this category. Remaining 6904 jobs. Completed 465  jobs.
Currently at Page 33  of job CE for ENTRY_LEVEL. Fetched 6.51% jobs in this category. Remaining 6889 jobs. Completed 480  jobs.
Currently at Page 34  of job CE for ENTRY_LEVEL. Fetched 6.72% jobs in this category. Remaining 6874 jobs. Completed 495  jobs.
Currently at Page 35  of job CE for ENTRY_LEVEL. Fetched 6.92% jobs in this category. Remaining 6859 jobs. Completed 510  jobs.
Currently at Page 36  of job CE for ENTRY_LEVEL. Fetched 7.12% jobs in this category. Remaining 6844 jobs. Completed 525  jobs.
Currently at Page 37  of job CE for ENTRY_LEVEL. Fetched 7.33% jobs in this category. Remaining 6829 jobs. Completed 540  jobs.
Currently at Page 38  of job CE for ENTRY_LEVEL. Fetched 7.53% jobs in this category. Remaining 6814 jobs. Completed 555  jobs.
Currently at Page 39  of job CE for ENTRY_LEVEL. Fetched 7.74% jobs in this category. Remaining 6799 jobs. Completed 570  jobs.
Currently at Page 40  of job CE for ENTRY_LEVEL. Fetched 7.94% jobs in this category. Remaining 6784 jobs. Completed 585  jobs.
Currently at Page 41  of job CE for ENTRY_LEVEL. Fetched 8.14% jobs in this category. Remaining 6769 jobs. Completed 600  jobs.
Currently at Page 42  of job CE for ENTRY_LEVEL. Fetched 8.35% jobs in this category. Remaining 6754 jobs. Completed 615  jobs.
Currently at Page 43  of job CE for ENTRY_LEVEL. Fetched 8.55% jobs in this category. Remaining 6739 jobs. Completed 630  jobs.
Currently at Page 44  of job CE for ENTRY_LEVEL. Fetched 8.75% jobs in this category. Remaining 6724 jobs. Completed 645  jobs.
Currently at Page 45  of job CE for ENTRY_LEVEL. Fetched 8.96% jobs in this category. Remaining 6709 jobs. Completed 660  jobs.
Currently at Page 46  of job CE for ENTRY_LEVEL. Fetched 9.16% jobs in this category. Remaining 6694 jobs. Completed 675  jobs.
Currently at Page 47  of job CE for ENTRY_LEVEL. Fetched 9.36% jobs in this category. Remaining 6679 jobs. Completed 690  jobs.
Currently at Page 48  of job CE for ENTRY_LEVEL. Fetched 9.57% jobs in this category. Remaining 6664 jobs. Completed 705  jobs.
Currently at Page 49  of job CE for ENTRY_LEVEL. Fetched 9.77% jobs in this category. Remaining 6649 jobs. Completed 720  jobs.
Currently at Page 50  of job CE for ENTRY_LEVEL. Fetched 9.97% jobs in this category. Remaining 6634 jobs. Completed 735  jobs.
Currently at Page 51  of job CE for ENTRY_LEVEL. Fetched 10.18% jobs in this category. Remaining 6619 jobs. Completed 750  jobs.
Currently at Page 52  of job CE for ENTRY_LEVEL. Fetched 10.38% jobs in this category. Remaining 6604 jobs. Completed 765  jobs.
Currently at Page 53  of job CE for ENTRY_LEVEL. Fetched 10.58% jobs in this category. Remaining 6589 jobs. Completed 780  jobs.
Currently at Page 54  of job CE for ENTRY_LEVEL. Fetched 10.79% jobs in this category. Remaining 6574 jobs. Completed 795  jobs.
Currently at Page 55  of job CE for ENTRY_LEVEL. Fetched 10.99% jobs in this category. Remaining 6559 jobs. Completed 810  jobs.
Currently at Page 56  of job CE for ENTRY_LEVEL. Fetched 11.20% jobs in this category. Remaining 6544 jobs. Completed 825  jobs.
Currently at Page 57  of job CE for ENTRY_LEVEL. Fetched 11.40% jobs in this category. Remaining 6529 jobs. Completed 840  jobs.
Currently at Page 58  of job CE for ENTRY_LEVEL. Fetched 11.60% jobs in this category. Remaining 6514 jobs. Completed 855  jobs.
Currently at Page 59  of job CE for ENTRY_LEVEL. Fetched 11.81% jobs in this category. Remaining 6499 jobs. Completed 870  jobs.
Currently at Page 60  of job CE for ENTRY_LEVEL. Fetched 12.01% jobs in this category. Remaining 6484 jobs. Completed 885  jobs.
Currently at Page 61  of job CE for ENTRY_LEVEL. Fetched 12.21% jobs in this category. Remaining 6469 jobs. Completed 900  jobs.
Currently at Page 62  of job CE for ENTRY_LEVEL. Fetched 12.42% jobs in this category. Remaining 6454 jobs. Completed 915  jobs.
Currently at Page 63  of job CE for ENTRY_LEVEL. Fetched 12.62% jobs in this category. Remaining 6439 jobs. Completed 930  jobs.
Currently at Page 64  of job CE for ENTRY_LEVEL. Fetched 12.82% jobs in this category. Remaining 6424 jobs. Completed 945  jobs.
Currently at Page 65  of job CE for ENTRY_LEVEL. Fetched 13.03% jobs in this category. Remaining 6409 jobs. Completed 960  jobs.
Currently at Page 66  of job CE for ENTRY_LEVEL. Fetched 13.23% jobs in this category. Remaining 6394 jobs. Completed 975  jobs.
Currently at Page 67  of job CE for ENTRY_LEVEL. Fetched 13.33% jobs in this category. Remaining 6387 jobs. Completed 982  jobs.
Currently at Page 68  of job CE for ENTRY_LEVEL. Fetched 13.53% jobs in this category. Remaining 6372 jobs. Completed 997  jobs.
Currently at Page 69  of job CE for ENTRY_LEVEL. Fetched 13.73% jobs in this category. Remaining 6357 jobs. Completed 1012 jobs.
Currently at Page 70  of job CE for ENTRY_LEVEL. Fetched 13.94% jobs in this category. Remaining 6342 jobs. Completed 1027 jobs.
Currently at Page 71  of job CE for ENTRY_LEVEL. Fetched 14.14% jobs in this category. Remaining 6327 jobs. Completed 1042 jobs.
Currently at Page 72  of job CE for ENTRY_LEVEL. Fetched 14.34% jobs in this category. Remaining 6312 jobs. Completed 1057 jobs.
Currently at Page 73  of job CE for ENTRY_LEVEL. Fetched 14.55% jobs in this category. Remaining 6297 jobs. Completed 1072 jobs.
Currently at Page 74  of job CE for ENTRY_LEVEL. Fetched 14.75% jobs in this category. Remaining 6282 jobs. Completed 1087 jobs.
Currently at Page 75  of job CE for ENTRY_LEVEL. Fetched 14.95% jobs in this category. Remaining 6267 jobs. Completed 1102 jobs.
Currently at Page 76  of job CE for ENTRY_LEVEL. Fetched 15.16% jobs in this category. Remaining 6252 jobs. Completed 1117 jobs.
Currently at Page 77  of job CE for ENTRY_LEVEL. Fetched 15.36% jobs in this category. Remaining 6237 jobs. Completed 1132 jobs.
Currently at Page 78  of job CE for ENTRY_LEVEL. Fetched 15.57% jobs in this category. Remaining 6222 jobs. Completed 1147 jobs.
Currently at Page 79  of job CE for ENTRY_LEVEL. Fetched 15.77% jobs in this category. Remaining 6207 jobs. Completed 1162 jobs.
Currently at Page 80  of job CE for ENTRY_LEVEL. Fetched 15.97% jobs in this category. Remaining 6192 jobs. Completed 1177 jobs.
Currently at Page 81  of job CE for ENTRY_LEVEL. Fetched 16.18% jobs in this category. Remaining 6177 jobs. Completed 1192 jobs.
Currently at Page 82  of job CE for ENTRY_LEVEL. Fetched 16.38% jobs in this category. Remaining 6162 jobs. Completed 1207 jobs.
Currently at Page 83  of job CE for ENTRY_LEVEL. Fetched 16.58% jobs in this category. Remaining 6147 jobs. Completed 1222 jobs.
Currently at Page 84  of job CE for ENTRY_LEVEL. Fetched 16.79% jobs in this category. Remaining 6132 jobs. Completed 1237 jobs.
Currently at Page 85  of job CE for ENTRY_LEVEL. Fetched 16.99% jobs in this category. Remaining 6117 jobs. Completed 1252 jobs.
Currently at Page 86  of job CE for ENTRY_LEVEL. Fetched 17.19% jobs in this category. Remaining 6102 jobs. Completed 1267 jobs.
Currently at Page 87  of job CE for ENTRY_LEVEL. Fetched 17.40% jobs in this category. Remaining 6087 jobs. Completed 1282 jobs.
Currently at Page 88  of job CE for ENTRY_LEVEL. Fetched 17.60% jobs in this category. Remaining 6072 jobs. Completed 1297 jobs.
Currently at Page 89  of job CE for ENTRY_LEVEL. Fetched 17.80% jobs in this category. Remaining 6057 jobs. Completed 1312 jobs.
Currently at Page 90  of job CE for ENTRY_LEVEL. Fetched 18.01% jobs in this category. Remaining 6042 jobs. Completed 1327 jobs.
Currently at Page 91  of job CE for ENTRY_LEVEL. Fetched 18.21% jobs in this category. Remaining 6027 jobs. Completed 1342 jobs.
Currently at Page 92  of job CE for ENTRY_LEVEL. Fetched 18.41% jobs in this category. Remaining 6012 jobs. Completed 1357 jobs.
Currently at Page 93  of job CE for ENTRY_LEVEL. Fetched 18.62% jobs in this category. Remaining 5997 jobs. Completed 1372 jobs.
Currently at Page 94  of job CE for ENTRY_LEVEL. Fetched 18.82% jobs in this category. Remaining 5982 jobs. Completed 1387 jobs.
Currently at Page 95  of job CE for ENTRY_LEVEL. Fetched 19.03% jobs in this category. Remaining 5967 jobs. Completed 1402 jobs.
Currently at Page 96  of job CE for ENTRY_LEVEL. Fetched 19.23% jobs in this category. Remaining 5952 jobs. Completed 1417 jobs.
Currently at Page 97  of job CE for ENTRY_LEVEL. Fetched 19.43% jobs in this category. Remaining 5937 jobs. Completed 1432 jobs.
Currently at Page 98  of job CE for ENTRY_LEVEL. Fetched 19.64% jobs in this category. Remaining 5922 jobs. Completed 1447 jobs.
Currently at Page 99  of job CE for ENTRY_LEVEL. Fetched 19.84% jobs in this category. Remaining 5907 jobs. Completed 1462 jobs.
Currently at Page 100 of job CE for ENTRY_LEVEL. Fetched 20.04% jobs in this category. Remaining 5892 jobs. Completed 1477 jobs.
Currently at Page 101 of job CE for ENTRY_LEVEL. Fetched 20.25% jobs in this category. Remaining 5877 jobs. Completed 1492 jobs.
Currently at Page 102 of job CE for ENTRY_LEVEL. Fetched 20.45% jobs in this category. Remaining 5862 jobs. Completed 1507 jobs.
Currently at Page 103 of job CE for ENTRY_LEVEL. Fetched 20.65% jobs in this category. Remaining 5847 jobs. Completed 1522 jobs.
Currently at Page 104 of job CE for ENTRY_LEVEL. Fetched 20.86% jobs in this category. Remaining 5832 jobs. Completed 1537 jobs.
Currently at Page 105 of job CE for ENTRY_LEVEL. Fetched 21.06% jobs in this category. Remaining 5817 jobs. Completed 1552 jobs.
Currently at Page 106 of job CE for ENTRY_LEVEL. Fetched 21.26% jobs in this category. Remaining 5802 jobs. Completed 1567 jobs.
Currently at Page 107 of job CE for ENTRY_LEVEL. Fetched 21.47% jobs in this category. Remaining 5787 jobs. Completed 1582 jobs.
Currently at Page 108 of job CE for ENTRY_LEVEL. Fetched 21.67% jobs in this category. Remaining 5772 jobs. Completed 1597 jobs.
Currently at Page 109 of job CE for ENTRY_LEVEL. Fetched 21.88% jobs in this category. Remaining 5757 jobs. Completed 1612 jobs.
Currently at Page 110 of job CE for ENTRY_LEVEL. Fetched 22.08% jobs in this category. Remaining 5742 jobs. Completed 1627 jobs.
Currently at Page 111 of job CE for ENTRY_LEVEL. Fetched 22.28% jobs in this category. Remaining 5727 jobs. Completed 1642 jobs.
Currently at Page 112 of job CE for ENTRY_LEVEL. Fetched 22.49% jobs in this category. Remaining 5712 jobs. Completed 1657 jobs.
Currently at Page 113 of job CE for ENTRY_LEVEL. Fetched 22.69% jobs in this category. Remaining 5697 jobs. Completed 1672 jobs.
Currently at Page 114 of job CE for ENTRY_LEVEL. Fetched 22.89% jobs in this category. Remaining 5682 jobs. Completed 1687 jobs.
Currently at Page 115 of job CE for ENTRY_LEVEL. Fetched 23.10% jobs in this category. Remaining 5667 jobs. Completed 1702 jobs.
Currently at Page 116 of job CE for ENTRY_LEVEL. Fetched 23.30% jobs in this category. Remaining 5652 jobs. Completed 1717 jobs.
Currently at Page 117 of job CE for ENTRY_LEVEL. Fetched 23.50% jobs in this category. Remaining 5637 jobs. Completed 1732 jobs.
Currently at Page 118 of job CE for ENTRY_LEVEL. Fetched 23.71% jobs in this category. Remaining 5622 jobs. Completed 1747 jobs.
Currently at Page 119 of job CE for ENTRY_LEVEL. Fetched 23.91% jobs in this category. Remaining 5607 jobs. Completed 1762 jobs.
Currently at Page 120 of job CE for ENTRY_LEVEL. Fetched 24.11% jobs in this category. Remaining 5592 jobs. Completed 1777 jobs.
Currently at Page 121 of job CE for ENTRY_LEVEL. Fetched 24.32% jobs in this category. Remaining 5577 jobs. Completed 1792 jobs.
Currently at Page 122 of job CE for ENTRY_LEVEL. Fetched 24.52% jobs in this category. Remaining 5562 jobs. Completed 1807 jobs.
Currently at Page 123 of job CE for ENTRY_LEVEL. Fetched 24.73% jobs in this category. Remaining 5547 jobs. Completed 1822 jobs.
Currently at Page 124 of job CE for ENTRY_LEVEL. Fetched 24.93% jobs in this category. Remaining 5532 jobs. Completed 1837 jobs.
Currently at Page 125 of job CE for ENTRY_LEVEL. Fetched 25.13% jobs in this category. Remaining 5517 jobs. Completed 1852 jobs.
Currently at Page 126 of job CE for ENTRY_LEVEL. Fetched 25.34% jobs in this category. Remaining 5502 jobs. Completed 1867 jobs.
Currently at Page 127 of job CE for ENTRY_LEVEL. Fetched 25.54% jobs in this category. Remaining 5487 jobs. Completed 1882 jobs.
Currently at Page 128 of job CE for ENTRY_LEVEL. Fetched 25.74% jobs in this category. Remaining 5472 jobs. Completed 1897 jobs.
Currently at Page 129 of job CE for ENTRY_LEVEL. Fetched 25.95% jobs in this category. Remaining 5457 jobs. Completed 1912 jobs.
Currently at Page 130 of job CE for ENTRY_LEVEL. Fetched 26.15% jobs in this category. Remaining 5442 jobs. Completed 1927 jobs.
Currently at Page 131 of job CE for ENTRY_LEVEL. Fetched 26.35% jobs in this category. Remaining 5427 jobs. Completed 1942 jobs.
Currently at Page 132 of job CE for ENTRY_LEVEL. Fetched 26.56% jobs in this category. Remaining 5412 jobs. Completed 1957 jobs.
Currently at Page 133 of job CE for ENTRY_LEVEL. Fetched 26.76% jobs in this category. Remaining 5397 jobs. Completed 1972 jobs.
Currently at Page 134 of job CE for ENTRY_LEVEL. Fetched 26.96% jobs in this category. Remaining 5382 jobs. Completed 1987 jobs.
Currently at Page 135 of job CE for ENTRY_LEVEL. Fetched 27.17% jobs in this category. Remaining 5367 jobs. Completed 2002 jobs.
Currently at Page 136 of job CE for ENTRY_LEVEL. Fetched 27.37% jobs in this category. Remaining 5352 jobs. Completed 2017 jobs.
Currently at Page 137 of job CE for ENTRY_LEVEL. Fetched 27.57% jobs in this category. Remaining 5337 jobs. Completed 2032 jobs.
Currently at Page 138 of job CE for ENTRY_LEVEL. Fetched 27.78% jobs in this category. Remaining 5322 jobs. Completed 2047 jobs.
Currently at Page 139 of job CE for ENTRY_LEVEL. Fetched 27.98% jobs in this category. Remaining 5307 jobs. Completed 2062 jobs.
Currently at Page 140 of job CE for ENTRY_LEVEL. Fetched 28.19% jobs in this category. Remaining 5292 jobs. Completed 2077 jobs.
Currently at Page 141 of job CE for ENTRY_LEVEL. Fetched 28.39% jobs in this category. Remaining 5277 jobs. Completed 2092 jobs.
Currently at Page 142 of job CE for ENTRY_LEVEL. Fetched 28.59% jobs in this category. Remaining 5262 jobs. Completed 2107 jobs.
Currently at Page 143 of job CE for ENTRY_LEVEL. Fetched 28.80% jobs in this category. Remaining 5247 jobs. Completed 2122 jobs.
Currently at Page 144 of job CE for ENTRY_LEVEL. Fetched 29.00% jobs in this category. Remaining 5232 jobs. Completed 2137 jobs.
Currently at Page 145 of job CE for ENTRY_LEVEL. Fetched 29.20% jobs in this category. Remaining 5217 jobs. Completed 2152 jobs.
Currently at Page 146 of job CE for ENTRY_LEVEL. Fetched 29.41% jobs in this category. Remaining 5202 jobs. Completed 2167 jobs.
Currently at Page 147 of job CE for ENTRY_LEVEL. Fetched 29.61% jobs in this category. Remaining 5187 jobs. Completed 2182 jobs.
Currently at Page 148 of job CE for ENTRY_LEVEL. Fetched 29.81% jobs in this category. Remaining 5172 jobs. Completed 2197 jobs.
Currently at Page 149 of job CE for ENTRY_LEVEL. Fetched 30.02% jobs in this category. Remaining 5157 jobs. Completed 2212 jobs.
Currently at Page 150 of job CE for ENTRY_LEVEL. Fetched 30.22% jobs in this category. Remaining 5142 jobs. Completed 2227 jobs.
Currently at Page 151 of job CE for ENTRY_LEVEL. Fetched 30.42% jobs in this category. Remaining 5127 jobs. Completed 2242 jobs.
Currently at Page 152 of job CE for ENTRY_LEVEL. Fetched 30.63% jobs in this category. Remaining 5112 jobs. Completed 2257 jobs.
Currently at Page 153 of job CE for ENTRY_LEVEL. Fetched 30.83% jobs in this category. Remaining 5097 jobs. Completed 2272 jobs.
Currently at Page 154 of job CE for ENTRY_LEVEL. Fetched 31.04% jobs in this category. Remaining 5082 jobs. Completed 2287 jobs.
Currently at Page 155 of job CE for ENTRY_LEVEL. Fetched 31.24% jobs in this category. Remaining 5067 jobs. Completed 2302 jobs.
Currently at Page 156 of job CE for ENTRY_LEVEL. Fetched 31.44% jobs in this category. Remaining 5052 jobs. Completed 2317 jobs.
Currently at Page 157 of job CE for ENTRY_LEVEL. Fetched 31.65% jobs in this category. Remaining 5037 jobs. Completed 2332 jobs.
Currently at Page 158 of job CE for ENTRY_LEVEL. Fetched 31.85% jobs in this category. Remaining 5022 jobs. Completed 2347 jobs.
Currently at Page 159 of job CE for ENTRY_LEVEL. Fetched 32.05% jobs in this category. Remaining 5007 jobs. Completed 2362 jobs.
Currently at Page 160 of job CE for ENTRY_LEVEL. Fetched 32.26% jobs in this category. Remaining 4992 jobs. Completed 2377 jobs.
Currently at Page 161 of job CE for ENTRY_LEVEL. Fetched 32.46% jobs in this category. Remaining 4977 jobs. Completed 2392 jobs.
Currently at Page 162 of job CE for ENTRY_LEVEL. Fetched 32.66% jobs in this category. Remaining 4962 jobs. Completed 2407 jobs.
Currently at Page 163 of job CE for ENTRY_LEVEL. Fetched 32.87% jobs in this category. Remaining 4947 jobs. Completed 2422 jobs.
Currently at Page 164 of job CE for ENTRY_LEVEL. Fetched 33.07% jobs in this category. Remaining 4932 jobs. Completed 2437 jobs.
Currently at Page 165 of job CE for ENTRY_LEVEL. Fetched 33.27% jobs in this category. Remaining 4917 jobs. Completed 2452 jobs.
Currently at Page 166 of job CE for ENTRY_LEVEL. Fetched 33.48% jobs in this category. Remaining 4902 jobs. Completed 2467 jobs.
Currently at Page 167 of job CE for ENTRY_LEVEL. Fetched 33.68% jobs in this category. Remaining 4887 jobs. Completed 2482 jobs.
Currently at Page 168 of job CE for ENTRY_LEVEL. Fetched 33.89% jobs in this category. Remaining 4872 jobs. Completed 2497 jobs.
Currently at Page 169 of job CE for ENTRY_LEVEL. Fetched 34.09% jobs in this category. Remaining 4857 jobs. Completed 2512 jobs.
Currently at Page 170 of job CE for ENTRY_LEVEL. Fetched 34.29% jobs in this category. Remaining 4842 jobs. Completed 2527 jobs.
Currently at Page 171 of job CE for ENTRY_LEVEL. Fetched 34.50% jobs in this category. Remaining 4827 jobs. Completed 2542 jobs.
Currently at Page 172 of job CE for ENTRY_LEVEL. Fetched 34.70% jobs in this category. Remaining 4812 jobs. Completed 2557 jobs.
Currently at Page 173 of job CE for ENTRY_LEVEL. Fetched 34.90% jobs in this category. Remaining 4797 jobs. Completed 2572 jobs.
Currently at Page 174 of job CE for ENTRY_LEVEL. Fetched 35.11% jobs in this category. Remaining 4782 jobs. Completed 2587 jobs.
Currently at Page 175 of job CE for ENTRY_LEVEL. Fetched 35.31% jobs in this category. Remaining 4767 jobs. Completed 2602 jobs.
Currently at Page 176 of job CE for ENTRY_LEVEL. Fetched 35.51% jobs in this category. Remaining 4752 jobs. Completed 2617 jobs.
Currently at Page 177 of job CE for ENTRY_LEVEL. Fetched 35.72% jobs in this category. Remaining 4737 jobs. Completed 2632 jobs.
Currently at Page 178 of job CE for ENTRY_LEVEL. Fetched 35.92% jobs in this category. Remaining 4722 jobs. Completed 2647 jobs.
Currently at Page 179 of job CE for ENTRY_LEVEL. Fetched 36.12% jobs in this category. Remaining 4707 jobs. Completed 2662 jobs.
Currently at Page 180 of job CE for ENTRY_LEVEL. Fetched 36.33% jobs in this category. Remaining 4692 jobs. Completed 2677 jobs.
Currently at Page 181 of job CE for ENTRY_LEVEL. Fetched 36.53% jobs in this category. Remaining 4677 jobs. Completed 2692 jobs.
Currently at Page 182 of job CE for ENTRY_LEVEL. Fetched 36.73% jobs in this category. Remaining 4662 jobs. Completed 2707 jobs.
Currently at Page 183 of job CE for ENTRY_LEVEL. Fetched 36.94% jobs in this category. Remaining 4647 jobs. Completed 2722 jobs.
Currently at Page 184 of job CE for ENTRY_LEVEL. Fetched 37.14% jobs in this category. Remaining 4632 jobs. Completed 2737 jobs.
Currently at Page 185 of job CE for ENTRY_LEVEL. Fetched 37.35% jobs in this category. Remaining 4617 jobs. Completed 2752 jobs.
Currently at Page 186 of job CE for ENTRY_LEVEL. Fetched 37.55% jobs in this category. Remaining 4602 jobs. Completed 2767 jobs.
Currently at Page 187 of job CE for ENTRY_LEVEL. Fetched 37.75% jobs in this category. Remaining 4587 jobs. Completed 2782 jobs.
Currently at Page 188 of job CE for ENTRY_LEVEL. Fetched 37.96% jobs in this category. Remaining 4572 jobs. Completed 2797 jobs.
Currently at Page 189 of job CE for ENTRY_LEVEL. Fetched 38.16% jobs in this category. Remaining 4557 jobs. Completed 2812 jobs.
Currently at Page 190 of job CE for ENTRY_LEVEL. Fetched 38.36% jobs in this category. Remaining 4542 jobs. Completed 2827 jobs.
Currently at Page 191 of job CE for ENTRY_LEVEL. Fetched 38.57% jobs in this category. Remaining 4527 jobs. Completed 2842 jobs.
Currently at Page 192 of job CE for ENTRY_LEVEL. Fetched 38.77% jobs in this category. Remaining 4512 jobs. Completed 2857 jobs.
Currently at Page 193 of job CE for ENTRY_LEVEL. Fetched 38.97% jobs in this category. Remaining 4497 jobs. Completed 2872 jobs.
Currently at Page 194 of job CE for ENTRY_LEVEL. Fetched 39.18% jobs in this category. Remaining 4482 jobs. Completed 2887 jobs.
Currently at Page 195 of job CE for ENTRY_LEVEL. Fetched 39.38% jobs in this category. Remaining 4467 jobs. Completed 2902 jobs.
Currently at Page 196 of job CE for ENTRY_LEVEL. Fetched 39.58% jobs in this category. Remaining 4452 jobs. Completed 2917 jobs.
Currently at Page 197 of job CE for ENTRY_LEVEL. Fetched 39.79% jobs in this category. Remaining 4437 jobs. Completed 2932 jobs.
Currently at Page 198 of job CE for ENTRY_LEVEL. Fetched 39.99% jobs in this category. Remaining 4422 jobs. Completed 2947 jobs.
Currently at Page 199 of job CE for ENTRY_LEVEL. Fetched 40.20% jobs in this category. Remaining 4407 jobs. Completed 2962 jobs.
Currently at Page 200 of job CE for ENTRY_LEVEL. Fetched 40.40% jobs in this category. Remaining 4392 jobs. Completed 2977 jobs.
Currently at Page 201 of job CE for ENTRY_LEVEL. Fetched 40.60% jobs in this category. Remaining 4377 jobs. Completed 2992 jobs.
Currently at Page 202 of job CE for ENTRY_LEVEL. Fetched 40.81% jobs in this category. Remaining 4362 jobs. Completed 3007 jobs.
Currently at Page 203 of job CE for ENTRY_LEVEL. Fetched 41.01% jobs in this category. Remaining 4347 jobs. Completed 3022 jobs.
Currently at Page 204 of job CE for ENTRY_LEVEL. Fetched 41.21% jobs in this category. Remaining 4332 jobs. Completed 3037 jobs.
Currently at Page 205 of job CE for ENTRY_LEVEL. Fetched 41.42% jobs in this category. Remaining 4317 jobs. Completed 3052 jobs.
Currently at Page 206 of job CE for ENTRY_LEVEL. Fetched 41.62% jobs in this category. Remaining 4302 jobs. Completed 3067 jobs.
Currently at Page 207 of job CE for ENTRY_LEVEL. Fetched 41.82% jobs in this category. Remaining 4287 jobs. Completed 3082 jobs.
Currently at Page 208 of job CE for ENTRY_LEVEL. Fetched 42.03% jobs in this category. Remaining 4272 jobs. Completed 3097 jobs.
Currently at Page 209 of job CE for ENTRY_LEVEL. Fetched 42.23% jobs in this category. Remaining 4257 jobs. Completed 3112 jobs.
Currently at Page 210 of job CE for ENTRY_LEVEL. Fetched 42.43% jobs in this category. Remaining 4242 jobs. Completed 3127 jobs.
Currently at Page 211 of job CE for ENTRY_LEVEL. Fetched 42.64% jobs in this category. Remaining 4227 jobs. Completed 3142 jobs.
Currently at Page 212 of job CE for ENTRY_LEVEL. Fetched 42.84% jobs in this category. Remaining 4212 jobs. Completed 3157 jobs.
Currently at Page 213 of job CE for ENTRY_LEVEL. Fetched 43.05% jobs in this category. Remaining 4197 jobs. Completed 3172 jobs.
Currently at Page 214 of job CE for ENTRY_LEVEL. Fetched 43.25% jobs in this category. Remaining 4182 jobs. Completed 3187 jobs.
Currently at Page 215 of job CE for ENTRY_LEVEL. Fetched 43.45% jobs in this category. Remaining 4167 jobs. Completed 3202 jobs.
Currently at Page 216 of job CE for ENTRY_LEVEL. Fetched 43.66% jobs in this category. Remaining 4152 jobs. Completed 3217 jobs.
Currently at Page 217 of job CE for ENTRY_LEVEL. Fetched 43.86% jobs in this category. Remaining 4137 jobs. Completed 3232 jobs.
Currently at Page 218 of job CE for ENTRY_LEVEL. Fetched 44.06% jobs in this category. Remaining 4122 jobs. Completed 3247 jobs.
Currently at Page 219 of job CE for ENTRY_LEVEL. Fetched 44.27% jobs in this category. Remaining 4107 jobs. Completed 3262 jobs.
Currently at Page 220 of job CE for ENTRY_LEVEL. Fetched 44.47% jobs in this category. Remaining 4092 jobs. Completed 3277 jobs.
Currently at Page 221 of job CE for ENTRY_LEVEL. Fetched 44.67% jobs in this category. Remaining 4077 jobs. Completed 3292 jobs.
Currently at Page 222 of job CE for ENTRY_LEVEL. Fetched 44.88% jobs in this category. Remaining 4062 jobs. Completed 3307 jobs.
Currently at Page 223 of job CE for ENTRY_LEVEL. Fetched 45.08% jobs in this category. Remaining 4047 jobs. Completed 3322 jobs.
Currently at Page 224 of job CE for ENTRY_LEVEL. Fetched 45.28% jobs in this category. Remaining 4032 jobs. Completed 3337 jobs.
Currently at Page 225 of job CE for ENTRY_LEVEL. Fetched 45.49% jobs in this category. Remaining 4017 jobs. Completed 3352 jobs.
Currently at Page 226 of job CE for ENTRY_LEVEL. Fetched 45.69% jobs in this category. Remaining 4002 jobs. Completed 3367 jobs.
Currently at Page 227 of job CE for ENTRY_LEVEL. Fetched 45.89% jobs in this category. Remaining 3987 jobs. Completed 3382 jobs.
Currently at Page 228 of job CE for ENTRY_LEVEL. Fetched 46.10% jobs in this category. Remaining 3972 jobs. Completed 3397 jobs.
Currently at Page 229 of job CE for ENTRY_LEVEL. Fetched 46.30% jobs in this category. Remaining 3957 jobs. Completed 3412 jobs.
Currently at Page 230 of job CE for ENTRY_LEVEL. Fetched 46.51% jobs in this category. Remaining 3942 jobs. Completed 3427 jobs.
Currently at Page 231 of job CE for ENTRY_LEVEL. Fetched 46.71% jobs in this category. Remaining 3927 jobs. Completed 3442 jobs.
Currently at Page 232 of job CE for ENTRY_LEVEL. Fetched 46.91% jobs in this category. Remaining 3912 jobs. Completed 3457 jobs.
Currently at Page 233 of job CE for ENTRY_LEVEL. Fetched 47.12% jobs in this category. Remaining 3897 jobs. Completed 3472 jobs.
Currently at Page 234 of job CE for ENTRY_LEVEL. Fetched 47.32% jobs in this category. Remaining 3882 jobs. Completed 3487 jobs.
Currently at Page 235 of job CE for ENTRY_LEVEL. Fetched 47.52% jobs in this category. Remaining 3867 jobs. Completed 3502 jobs.
Currently at Page 236 of job CE for ENTRY_LEVEL. Fetched 47.73% jobs in this category. Remaining 3852 jobs. Completed 3517 jobs.
Currently at Page 237 of job CE for ENTRY_LEVEL. Fetched 47.93% jobs in this category. Remaining 3837 jobs. Completed 3532 jobs.
Currently at Page 238 of job CE for ENTRY_LEVEL. Fetched 48.13% jobs in this category. Remaining 3822 jobs. Completed 3547 jobs.
Currently at Page 239 of job CE for ENTRY_LEVEL. Fetched 48.34% jobs in this category. Remaining 3807 jobs. Completed 3562 jobs.
Currently at Page 240 of job CE for ENTRY_LEVEL. Fetched 48.54% jobs in this category. Remaining 3792 jobs. Completed 3577 jobs.
Currently at Page 241 of job CE for ENTRY_LEVEL. Fetched 48.74% jobs in this category. Remaining 3777 jobs. Completed 3592 jobs.
Currently at Page 242 of job CE for ENTRY_LEVEL. Fetched 48.95% jobs in this category. Remaining 3762 jobs. Completed 3607 jobs.
Currently at Page 243 of job CE for ENTRY_LEVEL. Fetched 49.15% jobs in this category. Remaining 3747 jobs. Completed 3622 jobs.
Currently at Page 244 of job CE for ENTRY_LEVEL. Fetched 49.36% jobs in this category. Remaining 3732 jobs. Completed 3637 jobs.
Currently at Page 245 of job CE for ENTRY_LEVEL. Fetched 49.56% jobs in this category. Remaining 3717 jobs. Completed 3652 jobs.
Currently at Page 246 of job CE for ENTRY_LEVEL. Fetched 49.76% jobs in this category. Remaining 3702 jobs. Completed 3667 jobs.
Currently at Page 247 of job CE for ENTRY_LEVEL. Fetched 49.97% jobs in this category. Remaining 3687 jobs. Completed 3682 jobs.
Currently at Page 248 of job CE for ENTRY_LEVEL. Fetched 50.17% jobs in this category. Remaining 3672 jobs. Completed 3697 jobs.
Currently at Page 249 of job CE for ENTRY_LEVEL. Fetched 50.37% jobs in this category. Remaining 3657 jobs. Completed 3712 jobs.
Currently at Page 250 of job CE for ENTRY_LEVEL. Fetched 50.58% jobs in this category. Remaining 3642 jobs. Completed 3727 jobs.
Currently at Page 251 of job CE for ENTRY_LEVEL. Fetched 50.78% jobs in this category. Remaining 3627 jobs. Completed 3742 jobs.
Currently at Page 252 of job CE for ENTRY_LEVEL. Fetched 50.98% jobs in this category. Remaining 3612 jobs. Completed 3757 jobs.
Currently at Page 253 of job CE for ENTRY_LEVEL. Fetched 51.19% jobs in this category. Remaining 3597 jobs. Completed 3772 jobs.
Currently at Page 254 of job CE for ENTRY_LEVEL. Fetched 51.39% jobs in this category. Remaining 3582 jobs. Completed 3787 jobs.
Currently at Page 255 of job CE for ENTRY_LEVEL. Fetched 51.59% jobs in this category. Remaining 3567 jobs. Completed 3802 jobs.
Currently at Page 256 of job CE for ENTRY_LEVEL. Fetched 51.80% jobs in this category. Remaining 3552 jobs. Completed 3817 jobs.
Currently at Page 257 of job CE for ENTRY_LEVEL. Fetched 52.00% jobs in this category. Remaining 3537 jobs. Completed 3832 jobs.
Currently at Page 258 of job CE for ENTRY_LEVEL. Fetched 52.21% jobs in this category. Remaining 3522 jobs. Completed 3847 jobs.
Currently at Page 259 of job CE for ENTRY_LEVEL. Fetched 52.41% jobs in this category. Remaining 3507 jobs. Completed 3862 jobs.
Currently at Page 260 of job CE for ENTRY_LEVEL. Fetched 52.61% jobs in this category. Remaining 3492 jobs. Completed 3877 jobs.
Currently at Page 261 of job CE for ENTRY_LEVEL. Fetched 52.82% jobs in this category. Remaining 3477 jobs. Completed 3892 jobs.
Currently at Page 262 of job CE for ENTRY_LEVEL. Fetched 53.02% jobs in this category. Remaining 3462 jobs. Completed 3907 jobs.
Currently at Page 263 of job CE for ENTRY_LEVEL. Fetched 53.22% jobs in this category. Remaining 3447 jobs. Completed 3922 jobs.
Currently at Page 264 of job CE for ENTRY_LEVEL. Fetched 53.43% jobs in this category. Remaining 3432 jobs. Completed 3937 jobs.
Currently at Page 265 of job CE for ENTRY_LEVEL. Fetched 53.63% jobs in this category. Remaining 3417 jobs. Completed 3952 jobs.
Currently at Page 266 of job CE for ENTRY_LEVEL. Fetched 53.83% jobs in this category. Remaining 3402 jobs. Completed 3967 jobs.
Currently at Page 267 of job CE for ENTRY_LEVEL. Fetched 54.04% jobs in this category. Remaining 3387 jobs. Completed 3982 jobs.
Currently at Page 268 of job CE for ENTRY_LEVEL. Fetched 54.24% jobs in this category. Remaining 3372 jobs. Completed 3997 jobs.
Currently at Page 269 of job CE for ENTRY_LEVEL. Fetched 54.44% jobs in this category. Remaining 3357 jobs. Completed 4012 jobs.
Currently at Page 270 of job CE for ENTRY_LEVEL. Fetched 54.65% jobs in this category. Remaining 3342 jobs. Completed 4027 jobs.
Currently at Page 271 of job CE for ENTRY_LEVEL. Fetched 54.85% jobs in this category. Remaining 3327 jobs. Completed 4042 jobs.
Currently at Page 272 of job CE for ENTRY_LEVEL. Fetched 55.05% jobs in this category. Remaining 3312 jobs. Completed 4057 jobs.
Currently at Page 273 of job CE for ENTRY_LEVEL. Fetched 55.26% jobs in this category. Remaining 3297 jobs. Completed 4072 jobs.
Currently at Page 274 of job CE for ENTRY_LEVEL. Fetched 55.46% jobs in this category. Remaining 3282 jobs. Completed 4087 jobs.
Currently at Page 275 of job CE for ENTRY_LEVEL. Fetched 55.67% jobs in this category. Remaining 3267 jobs. Completed 4102 jobs.
Currently at Page 276 of job CE for ENTRY_LEVEL. Fetched 55.87% jobs in this category. Remaining 3252 jobs. Completed 4117 jobs.
Currently at Page 277 of job CE for ENTRY_LEVEL. Fetched 56.07% jobs in this category. Remaining 3237 jobs. Completed 4132 jobs.
Currently at Page 278 of job CE for ENTRY_LEVEL. Fetched 56.28% jobs in this category. Remaining 3222 jobs. Completed 4147 jobs.
Currently at Page 279 of job CE for ENTRY_LEVEL. Fetched 56.48% jobs in this category. Remaining 3207 jobs. Completed 4162 jobs.
Currently at Page 280 of job CE for ENTRY_LEVEL. Fetched 56.68% jobs in this category. Remaining 3192 jobs. Completed 4177 jobs.
Currently at Page 281 of job CE for ENTRY_LEVEL. Fetched 56.89% jobs in this category. Remaining 3177 jobs. Completed 4192 jobs.
Currently at Page 282 of job CE for ENTRY_LEVEL. Fetched 57.09% jobs in this category. Remaining 3162 jobs. Completed 4207 jobs.
Currently at Page 283 of job CE for ENTRY_LEVEL. Fetched 57.29% jobs in this category. Remaining 3147 jobs. Completed 4222 jobs.
Currently at Page 284 of job CE for ENTRY_LEVEL. Fetched 57.50% jobs in this category. Remaining 3132 jobs. Completed 4237 jobs.
Currently at Page 285 of job CE for ENTRY_LEVEL. Fetched 57.70% jobs in this category. Remaining 3117 jobs. Completed 4252 jobs.
Currently at Page 286 of job CE for ENTRY_LEVEL. Fetched 57.90% jobs in this category. Remaining 3102 jobs. Completed 4267 jobs.
Currently at Page 287 of job CE for ENTRY_LEVEL. Fetched 58.11% jobs in this category. Remaining 3087 jobs. Completed 4282 jobs.
Currently at Page 288 of job CE for ENTRY_LEVEL. Fetched 58.31% jobs in this category. Remaining 3072 jobs. Completed 4297 jobs.
Currently at Page 289 of job CE for ENTRY_LEVEL. Fetched 58.52% jobs in this category. Remaining 3057 jobs. Completed 4312 jobs.
Currently at Page 290 of job CE for ENTRY_LEVEL. Fetched 58.72% jobs in this category. Remaining 3042 jobs. Completed 4327 jobs.
Currently at Page 291 of job CE for ENTRY_LEVEL. Fetched 58.92% jobs in this category. Remaining 3027 jobs. Completed 4342 jobs.
Currently at Page 292 of job CE for ENTRY_LEVEL. Fetched 59.13% jobs in this category. Remaining 3012 jobs. Completed 4357 jobs.
Currently at Page 293 of job CE for ENTRY_LEVEL. Fetched 59.33% jobs in this category. Remaining 2997 jobs. Completed 4372 jobs.
Currently at Page 294 of job CE for ENTRY_LEVEL. Fetched 59.53% jobs in this category. Remaining 2982 jobs. Completed 4387 jobs.
Currently at Page 295 of job CE for ENTRY_LEVEL. Fetched 59.74% jobs in this category. Remaining 2967 jobs. Completed 4402 jobs.
Currently at Page 296 of job CE for ENTRY_LEVEL. Fetched 59.94% jobs in this category. Remaining 2952 jobs. Completed 4417 jobs.
Currently at Page 297 of job CE for ENTRY_LEVEL. Fetched 60.14% jobs in this category. Remaining 2937 jobs. Completed 4432 jobs.
Currently at Page 298 of job CE for ENTRY_LEVEL. Fetched 60.35% jobs in this category. Remaining 2922 jobs. Completed 4447 jobs.
Currently at Page 299 of job CE for ENTRY_LEVEL. Fetched 60.55% jobs in this category. Remaining 2907 jobs. Completed 4462 jobs.
Currently at Page 300 of job CE for ENTRY_LEVEL. Fetched 60.75% jobs in this category. Remaining 2892 jobs. Completed 4477 jobs.
Currently at Page 301 of job CE for ENTRY_LEVEL. Fetched 60.96% jobs in this category. Remaining 2877 jobs. Completed 4492 jobs.
Currently at Page 302 of job CE for ENTRY_LEVEL. Fetched 61.16% jobs in this category. Remaining 2862 jobs. Completed 4507 jobs.
Currently at Page 303 of job CE for ENTRY_LEVEL. Fetched 61.37% jobs in this category. Remaining 2847 jobs. Completed 4522 jobs.
Currently at Page 304 of job CE for ENTRY_LEVEL. Fetched 61.57% jobs in this category. Remaining 2832 jobs. Completed 4537 jobs.
Currently at Page 305 of job CE for ENTRY_LEVEL. Fetched 61.77% jobs in this category. Remaining 2817 jobs. Completed 4552 jobs.
Currently at Page 306 of job CE for ENTRY_LEVEL. Fetched 61.98% jobs in this category. Remaining 2802 jobs. Completed 4567 jobs.
Currently at Page 307 of job CE for ENTRY_LEVEL. Fetched 62.18% jobs in this category. Remaining 2787 jobs. Completed 4582 jobs.
Currently at Page 308 of job CE for ENTRY_LEVEL. Fetched 62.38% jobs in this category. Remaining 2772 jobs. Completed 4597 jobs.
Currently at Page 309 of job CE for ENTRY_LEVEL. Fetched 62.59% jobs in this category. Remaining 2757 jobs. Completed 4612 jobs.
Currently at Page 310 of job CE for ENTRY_LEVEL. Fetched 62.79% jobs in this category. Remaining 2742 jobs. Completed 4627 jobs.
Currently at Page 311 of job CE for ENTRY_LEVEL. Fetched 62.99% jobs in this category. Remaining 2727 jobs. Completed 4642 jobs.
Currently at Page 312 of job CE for ENTRY_LEVEL. Fetched 63.20% jobs in this category. Remaining 2712 jobs. Completed 4657 jobs.
Currently at Page 313 of job CE for ENTRY_LEVEL. Fetched 63.40% jobs in this category. Remaining 2697 jobs. Completed 4672 jobs.
Currently at Page 314 of job CE for ENTRY_LEVEL. Fetched 63.60% jobs in this category. Remaining 2682 jobs. Completed 4687 jobs.
Currently at Page 315 of job CE for ENTRY_LEVEL. Fetched 63.81% jobs in this category. Remaining 2667 jobs. Completed 4702 jobs.
Currently at Page 316 of job CE for ENTRY_LEVEL. Fetched 64.01% jobs in this category. Remaining 2652 jobs. Completed 4717 jobs.
Currently at Page 317 of job CE for ENTRY_LEVEL. Fetched 64.21% jobs in this category. Remaining 2637 jobs. Completed 4732 jobs.
Currently at Page 318 of job CE for ENTRY_LEVEL. Fetched 64.42% jobs in this category. Remaining 2622 jobs. Completed 4747 jobs.
Currently at Page 319 of job CE for ENTRY_LEVEL. Fetched 64.62% jobs in this category. Remaining 2607 jobs. Completed 4762 jobs.
Currently at Page 320 of job CE for ENTRY_LEVEL. Fetched 64.83% jobs in this category. Remaining 2592 jobs. Completed 4777 jobs.
Currently at Page 321 of job CE for ENTRY_LEVEL. Fetched 65.03% jobs in this category. Remaining 2577 jobs. Completed 4792 jobs.
Currently at Page 322 of job CE for ENTRY_LEVEL. Fetched 65.23% jobs in this category. Remaining 2562 jobs. Completed 4807 jobs.
Currently at Page 323 of job CE for ENTRY_LEVEL. Fetched 65.44% jobs in this category. Remaining 2547 jobs. Completed 4822 jobs.
Currently at Page 324 of job CE for ENTRY_LEVEL. Fetched 65.64% jobs in this category. Remaining 2532 jobs. Completed 4837 jobs.
Currently at Page 325 of job CE for ENTRY_LEVEL. Fetched 65.84% jobs in this category. Remaining 2517 jobs. Completed 4852 jobs.
Currently at Page 326 of job CE for ENTRY_LEVEL. Fetched 66.05% jobs in this category. Remaining 2502 jobs. Completed 4867 jobs.
Currently at Page 327 of job CE for ENTRY_LEVEL. Fetched 66.25% jobs in this category. Remaining 2487 jobs. Completed 4882 jobs.
Currently at Page 328 of job CE for ENTRY_LEVEL. Fetched 66.45% jobs in this category. Remaining 2472 jobs. Completed 4897 jobs.
Currently at Page 329 of job CE for ENTRY_LEVEL. Fetched 66.66% jobs in this category. Remaining 2457 jobs. Completed 4912 jobs.
Currently at Page 330 of job CE for ENTRY_LEVEL. Fetched 66.86% jobs in this category. Remaining 2442 jobs. Completed 4927 jobs.
Currently at Page 331 of job CE for ENTRY_LEVEL. Fetched 67.06% jobs in this category. Remaining 2427 jobs. Completed 4942 jobs.
Currently at Page 332 of job CE for ENTRY_LEVEL. Fetched 67.27% jobs in this category. Remaining 2412 jobs. Completed 4957 jobs.
Currently at Page 333 of job CE for ENTRY_LEVEL. Fetched 67.47% jobs in this category. Remaining 2397 jobs. Completed 4972 jobs.
Currently at Page 334 of job CE for ENTRY_LEVEL. Fetched 67.68% jobs in this category. Remaining 2382 jobs. Completed 4987 jobs.
Currently at Page 335 of job CE for ENTRY_LEVEL. Fetched 67.88% jobs in this category. Remaining 2367 jobs. Completed 5002 jobs.
Currently at Page 336 of job CE for ENTRY_LEVEL. Fetched 68.08% jobs in this category. Remaining 2352 jobs. Completed 5017 jobs.
Currently at Page 337 of job CE for ENTRY_LEVEL. Fetched 68.29% jobs in this category. Remaining 2337 jobs. Completed 5032 jobs.
Currently at Page 338 of job CE for ENTRY_LEVEL. Fetched 68.49% jobs in this category. Remaining 2322 jobs. Completed 5047 jobs.
Currently at Page 339 of job CE for ENTRY_LEVEL. Fetched 68.69% jobs in this category. Remaining 2307 jobs. Completed 5062 jobs.
Currently at Page 340 of job CE for ENTRY_LEVEL. Fetched 68.90% jobs in this category. Remaining 2292 jobs. Completed 5077 jobs.
Currently at Page 341 of job CE for ENTRY_LEVEL. Fetched 69.10% jobs in this category. Remaining 2277 jobs. Completed 5092 jobs.
Currently at Page 342 of job CE for ENTRY_LEVEL. Fetched 69.30% jobs in this category. Remaining 2262 jobs. Completed 5107 jobs.
Currently at Page 343 of job CE for ENTRY_LEVEL. Fetched 69.51% jobs in this category. Remaining 2247 jobs. Completed 5122 jobs.
Currently at Page 344 of job CE for ENTRY_LEVEL. Fetched 69.71% jobs in this category. Remaining 2232 jobs. Completed 5137 jobs.
Currently at Page 345 of job CE for ENTRY_LEVEL. Fetched 69.91% jobs in this category. Remaining 2217 jobs. Completed 5152 jobs.
Currently at Page 346 of job CE for ENTRY_LEVEL. Fetched 70.12% jobs in this category. Remaining 2202 jobs. Completed 5167 jobs.
Currently at Page 347 of job CE for ENTRY_LEVEL. Fetched 70.32% jobs in this category. Remaining 2187 jobs. Completed 5182 jobs.
Currently at Page 348 of job CE for ENTRY_LEVEL. Fetched 70.53% jobs in this category. Remaining 2172 jobs. Completed 5197 jobs.
Currently at Page 349 of job CE for ENTRY_LEVEL. Fetched 70.73% jobs in this category. Remaining 2157 jobs. Completed 5212 jobs.
Currently at Page 350 of job CE for ENTRY_LEVEL. Fetched 70.93% jobs in this category. Remaining 2142 jobs. Completed 5227 jobs.
Currently at Page 351 of job CE for ENTRY_LEVEL. Fetched 71.14% jobs in this category. Remaining 2127 jobs. Completed 5242 jobs.
Currently at Page 352 of job CE for ENTRY_LEVEL. Fetched 71.34% jobs in this category. Remaining 2112 jobs. Completed 5257 jobs.
Currently at Page 353 of job CE for ENTRY_LEVEL. Fetched 71.54% jobs in this category. Remaining 2097 jobs. Completed 5272 jobs.
Currently at Page 354 of job CE for ENTRY_LEVEL. Fetched 71.75% jobs in this category. Remaining 2082 jobs. Completed 5287 jobs.
Currently at Page 355 of job CE for ENTRY_LEVEL. Fetched 71.95% jobs in this category. Remaining 2067 jobs. Completed 5302 jobs.
Currently at Page 356 of job CE for ENTRY_LEVEL. Fetched 72.15% jobs in this category. Remaining 2052 jobs. Completed 5317 jobs.
Currently at Page 357 of job CE for ENTRY_LEVEL. Fetched 72.36% jobs in this category. Remaining 2037 jobs. Completed 5332 jobs.
Currently at Page 358 of job CE for ENTRY_LEVEL. Fetched 72.56% jobs in this category. Remaining 2022 jobs. Completed 5347 jobs.
Currently at Page 359 of job CE for ENTRY_LEVEL. Fetched 72.76% jobs in this category. Remaining 2007 jobs. Completed 5362 jobs.
Currently at Page 360 of job CE for ENTRY_LEVEL. Fetched 72.97% jobs in this category. Remaining 1992 jobs. Completed 5377 jobs.
Currently at Page 361 of job CE for ENTRY_LEVEL. Fetched 73.17% jobs in this category. Remaining 1977 jobs. Completed 5392 jobs.
Currently at Page 362 of job CE for ENTRY_LEVEL. Fetched 73.37% jobs in this category. Remaining 1962 jobs. Completed 5407 jobs.
Currently at Page 363 of job CE for ENTRY_LEVEL. Fetched 73.58% jobs in this category. Remaining 1947 jobs. Completed 5422 jobs.
Currently at Page 364 of job CE for ENTRY_LEVEL. Fetched 73.78% jobs in this category. Remaining 1932 jobs. Completed 5437 jobs.
Currently at Page 365 of job CE for ENTRY_LEVEL. Fetched 73.99% jobs in this category. Remaining 1917 jobs. Completed 5452 jobs.
Currently at Page 366 of job CE for ENTRY_LEVEL. Fetched 74.19% jobs in this category. Remaining 1902 jobs. Completed 5467 jobs.
Currently at Page 367 of job CE for ENTRY_LEVEL. Fetched 74.39% jobs in this category. Remaining 1887 jobs. Completed 5482 jobs.
Currently at Page 368 of job CE for ENTRY_LEVEL. Fetched 74.60% jobs in this category. Remaining 1872 jobs. Completed 5497 jobs.
Currently at Page 369 of job CE for ENTRY_LEVEL. Fetched 74.80% jobs in this category. Remaining 1857 jobs. Completed 5512 jobs.
Currently at Page 370 of job CE for ENTRY_LEVEL. Fetched 75.00% jobs in this category. Remaining 1842 jobs. Completed 5527 jobs.
Currently at Page 371 of job CE for ENTRY_LEVEL. Fetched 75.21% jobs in this category. Remaining 1827 jobs. Completed 5542 jobs.
Currently at Page 372 of job CE for ENTRY_LEVEL. Fetched 75.41% jobs in this category. Remaining 1812 jobs. Completed 5557 jobs.
Currently at Page 373 of job CE for ENTRY_LEVEL. Fetched 75.61% jobs in this category. Remaining 1797 jobs. Completed 5572 jobs.
Currently at Page 374 of job CE for ENTRY_LEVEL. Fetched 75.82% jobs in this category. Remaining 1782 jobs. Completed 5587 jobs.
Currently at Page 375 of job CE for ENTRY_LEVEL. Fetched 76.02% jobs in this category. Remaining 1767 jobs. Completed 5602 jobs.
Currently at Page 376 of job CE for ENTRY_LEVEL. Fetched 76.22% jobs in this category. Remaining 1752 jobs. Completed 5617 jobs.
Currently at Page 377 of job CE for ENTRY_LEVEL. Fetched 76.43% jobs in this category. Remaining 1737 jobs. Completed 5632 jobs.
Currently at Page 378 of job CE for ENTRY_LEVEL. Fetched 76.63% jobs in this category. Remaining 1722 jobs. Completed 5647 jobs.
Currently at Page 379 of job CE for ENTRY_LEVEL. Fetched 76.84% jobs in this category. Remaining 1707 jobs. Completed 5662 jobs.
Currently at Page 380 of job CE for ENTRY_LEVEL. Fetched 77.04% jobs in this category. Remaining 1692 jobs. Completed 5677 jobs.
Currently at Page 381 of job CE for ENTRY_LEVEL. Fetched 77.24% jobs in this category. Remaining 1677 jobs. Completed 5692 jobs.
Currently at Page 382 of job CE for ENTRY_LEVEL. Fetched 77.45% jobs in this category. Remaining 1662 jobs. Completed 5707 jobs.
Currently at Page 383 of job CE for ENTRY_LEVEL. Fetched 77.65% jobs in this category. Remaining 1647 jobs. Completed 5722 jobs.
Currently at Page 384 of job CE for ENTRY_LEVEL. Fetched 77.85% jobs in this category. Remaining 1632 jobs. Completed 5737 jobs.
Currently at Page 385 of job CE for ENTRY_LEVEL. Fetched 78.06% jobs in this category. Remaining 1617 jobs. Completed 5752 jobs.
Currently at Page 386 of job CE for ENTRY_LEVEL. Fetched 78.26% jobs in this category. Remaining 1602 jobs. Completed 5767 jobs.
Currently at Page 387 of job CE for ENTRY_LEVEL. Fetched 78.46% jobs in this category. Remaining 1587 jobs. Completed 5782 jobs.
Currently at Page 388 of job CE for ENTRY_LEVEL. Fetched 78.67% jobs in this category. Remaining 1572 jobs. Completed 5797 jobs.
Currently at Page 389 of job CE for ENTRY_LEVEL. Fetched 78.87% jobs in this category. Remaining 1557 jobs. Completed 5812 jobs.
Currently at Page 390 of job CE for ENTRY_LEVEL. Fetched 79.07% jobs in this category. Remaining 1542 jobs. Completed 5827 jobs.
Currently at Page 391 of job CE for ENTRY_LEVEL. Fetched 79.28% jobs in this category. Remaining 1527 jobs. Completed 5842 jobs.
Currently at Page 392 of job CE for ENTRY_LEVEL. Fetched 79.48% jobs in this category. Remaining 1512 jobs. Completed 5857 jobs.
Currently at Page 393 of job CE for ENTRY_LEVEL. Fetched 79.69% jobs in this category. Remaining 1497 jobs. Completed 5872 jobs.
Currently at Page 394 of job CE for ENTRY_LEVEL. Fetched 79.89% jobs in this category. Remaining 1482 jobs. Completed 5887 jobs.
Currently at Page 395 of job CE for ENTRY_LEVEL. Fetched 80.09% jobs in this category. Remaining 1467 jobs. Completed 5902 jobs.
Currently at Page 396 of job CE for ENTRY_LEVEL. Fetched 80.30% jobs in this category. Remaining 1452 jobs. Completed 5917 jobs.
Currently at Page 397 of job CE for ENTRY_LEVEL. Fetched 80.50% jobs in this category. Remaining 1437 jobs. Completed 5932 jobs.
Currently at Page 398 of job CE for ENTRY_LEVEL. Fetched 80.70% jobs in this category. Remaining 1422 jobs. Completed 5947 jobs.
Currently at Page 399 of job CE for ENTRY_LEVEL. Fetched 80.91% jobs in this category. Remaining 1407 jobs. Completed 5962 jobs.
Currently at Page 400 of job CE for ENTRY_LEVEL. Fetched 81.11% jobs in this category. Remaining 1392 jobs. Completed 5977 jobs.
Currently at Page 401 of job CE for ENTRY_LEVEL. Fetched 81.31% jobs in this category. Remaining 1377 jobs. Completed 5992 jobs.
Currently at Page 402 of job CE for ENTRY_LEVEL. Fetched 81.52% jobs in this category. Remaining 1362 jobs. Completed 6007 jobs.
Currently at Page 403 of job CE for ENTRY_LEVEL. Fetched 81.72% jobs in this category. Remaining 1347 jobs. Completed 6022 jobs.
Currently at Page 404 of job CE for ENTRY_LEVEL. Fetched 81.92% jobs in this category. Remaining 1332 jobs. Completed 6037 jobs.
Currently at Page 405 of job CE for ENTRY_LEVEL. Fetched 82.13% jobs in this category. Remaining 1317 jobs. Completed 6052 jobs.
Currently at Page 406 of job CE for ENTRY_LEVEL. Fetched 82.33% jobs in this category. Remaining 1302 jobs. Completed 6067 jobs.
Currently at Page 407 of job CE for ENTRY_LEVEL. Fetched 82.53% jobs in this category. Remaining 1287 jobs. Completed 6082 jobs.
Currently at Page 408 of job CE for ENTRY_LEVEL. Fetched 82.74% jobs in this category. Remaining 1272 jobs. Completed 6097 jobs.
Currently at Page 409 of job CE for ENTRY_LEVEL. Fetched 82.94% jobs in this category. Remaining 1257 jobs. Completed 6112 jobs.
Currently at Page 410 of job CE for ENTRY_LEVEL. Fetched 83.15% jobs in this category. Remaining 1242 jobs. Completed 6127 jobs.
Currently at Page 411 of job CE for ENTRY_LEVEL. Fetched 83.35% jobs in this category. Remaining 1227 jobs. Completed 6142 jobs.
Currently at Page 412 of job CE for ENTRY_LEVEL. Fetched 83.55% jobs in this category. Remaining 1212 jobs. Completed 6157 jobs.
Currently at Page 413 of job CE for ENTRY_LEVEL. Fetched 83.76% jobs in this category. Remaining 1197 jobs. Completed 6172 jobs.
Currently at Page 414 of job CE for ENTRY_LEVEL. Fetched 83.96% jobs in this category. Remaining 1182 jobs. Completed 6187 jobs.
Currently at Page 415 of job CE for ENTRY_LEVEL. Fetched 84.16% jobs in this category. Remaining 1167 jobs. Completed 6202 jobs.
Currently at Page 416 of job CE for ENTRY_LEVEL. Fetched 84.37% jobs in this category. Remaining 1152 jobs. Completed 6217 jobs.
Currently at Page 417 of job CE for ENTRY_LEVEL. Fetched 84.57% jobs in this category. Remaining 1137 jobs. Completed 6232 jobs.
Currently at Page 418 of job CE for ENTRY_LEVEL. Fetched 84.77% jobs in this category. Remaining 1122 jobs. Completed 6247 jobs.
Currently at Page 419 of job CE for ENTRY_LEVEL. Fetched 84.98% jobs in this category. Remaining 1107 jobs. Completed 6262 jobs.
Currently at Page 420 of job CE for ENTRY_LEVEL. Fetched 85.18% jobs in this category. Remaining 1092 jobs. Completed 6277 jobs.
Currently at Page 421 of job CE for ENTRY_LEVEL. Fetched 85.38% jobs in this category. Remaining 1077 jobs. Completed 6292 jobs.
Currently at Page 422 of job CE for ENTRY_LEVEL. Fetched 85.59% jobs in this category. Remaining 1062 jobs. Completed 6307 jobs.
Currently at Page 423 of job CE for ENTRY_LEVEL. Fetched 85.79% jobs in this category. Remaining 1047 jobs. Completed 6322 jobs.
Currently at Page 424 of job CE for ENTRY_LEVEL. Fetched 86.00% jobs in this category. Remaining 1032 jobs. Completed 6337 jobs.
Currently at Page 425 of job CE for ENTRY_LEVEL. Fetched 86.20% jobs in this category. Remaining 1017 jobs. Completed 6352 jobs.
Currently at Page 426 of job CE for ENTRY_LEVEL. Fetched 86.40% jobs in this category. Remaining 1002 jobs. Completed 6367 jobs.
Currently at Page 427 of job CE for ENTRY_LEVEL. Fetched 86.61% jobs in this category. Remaining 987  jobs. Completed 6382 jobs.
Currently at Page 428 of job CE for ENTRY_LEVEL. Fetched 86.81% jobs in this category. Remaining 972  jobs. Completed 6397 jobs.
Currently at Page 429 of job CE for ENTRY_LEVEL. Fetched 87.01% jobs in this category. Remaining 957  jobs. Completed 6412 jobs.
Currently at Page 430 of job CE for ENTRY_LEVEL. Fetched 87.22% jobs in this category. Remaining 942  jobs. Completed 6427 jobs.
Currently at Page 431 of job CE for ENTRY_LEVEL. Fetched 87.42% jobs in this category. Remaining 927  jobs. Completed 6442 jobs.
Currently at Page 432 of job CE for ENTRY_LEVEL. Fetched 87.62% jobs in this category. Remaining 912  jobs. Completed 6457 jobs.
Currently at Page 433 of job CE for ENTRY_LEVEL. Fetched 87.83% jobs in this category. Remaining 897  jobs. Completed 6472 jobs.
Currently at Page 434 of job CE for ENTRY_LEVEL. Fetched 88.03% jobs in this category. Remaining 882  jobs. Completed 6487 jobs.
Currently at Page 435 of job CE for ENTRY_LEVEL. Fetched 88.23% jobs in this category. Remaining 867  jobs. Completed 6502 jobs.
Currently at Page 436 of job CE for ENTRY_LEVEL. Fetched 88.44% jobs in this category. Remaining 852  jobs. Completed 6517 jobs.
Currently at Page 437 of job CE for ENTRY_LEVEL. Fetched 88.64% jobs in this category. Remaining 837  jobs. Completed 6532 jobs.
Currently at Page 438 of job CE for ENTRY_LEVEL. Fetched 88.85% jobs in this category. Remaining 822  jobs. Completed 6547 jobs.
Currently at Page 439 of job CE for ENTRY_LEVEL. Fetched 89.05% jobs in this category. Remaining 807  jobs. Completed 6562 jobs.
Currently at Page 440 of job CE for ENTRY_LEVEL. Fetched 89.25% jobs in this category. Remaining 792  jobs. Completed 6577 jobs.
Currently at Page 441 of job CE for ENTRY_LEVEL. Fetched 89.46% jobs in this category. Remaining 777  jobs. Completed 6592 jobs.
Currently at Page 442 of job CE for ENTRY_LEVEL. Fetched 89.66% jobs in this category. Remaining 762  jobs. Completed 6607 jobs.
Currently at Page 443 of job CE for ENTRY_LEVEL. Fetched 89.86% jobs in this category. Remaining 747  jobs. Completed 6622 jobs.
Currently at Page 444 of job CE for ENTRY_LEVEL. Fetched 90.07% jobs in this category. Remaining 732  jobs. Completed 6637 jobs.
Currently at Page 445 of job CE for ENTRY_LEVEL. Fetched 90.27% jobs in this category. Remaining 717  jobs. Completed 6652 jobs.
Currently at Page 446 of job CE for ENTRY_LEVEL. Fetched 90.47% jobs in this category. Remaining 702  jobs. Completed 6667 jobs.
Currently at Page 447 of job CE for ENTRY_LEVEL. Fetched 90.68% jobs in this category. Remaining 687  jobs. Completed 6682 jobs.
Currently at Page 448 of job CE for ENTRY_LEVEL. Fetched 90.88% jobs in this category. Remaining 672  jobs. Completed 6697 jobs.
Currently at Page 449 of job CE for ENTRY_LEVEL. Fetched 91.08% jobs in this category. Remaining 657  jobs. Completed 6712 jobs.
Currently at Page 450 of job CE for ENTRY_LEVEL. Fetched 91.29% jobs in this category. Remaining 642  jobs. Completed 6727 jobs.
Currently at Page 451 of job CE for ENTRY_LEVEL. Fetched 91.49% jobs in this category. Remaining 627  jobs. Completed 6742 jobs.
Currently at Page 452 of job CE for ENTRY_LEVEL. Fetched 91.69% jobs in this category. Remaining 612  jobs. Completed 6757 jobs.
Currently at Page 453 of job CE for ENTRY_LEVEL. Fetched 91.90% jobs in this category. Remaining 597  jobs. Completed 6772 jobs.
Currently at Page 454 of job CE for ENTRY_LEVEL. Fetched 92.10% jobs in this category. Remaining 582  jobs. Completed 6787 jobs.
Currently at Page 455 of job CE for ENTRY_LEVEL. Fetched 92.31% jobs in this category. Remaining 567  jobs. Completed 6802 jobs.
Currently at Page 456 of job CE for ENTRY_LEVEL. Fetched 92.51% jobs in this category. Remaining 552  jobs. Completed 6817 jobs.
Currently at Page 457 of job CE for ENTRY_LEVEL. Fetched 92.71% jobs in this category. Remaining 537  jobs. Completed 6832 jobs.
Currently at Page 458 of job CE for ENTRY_LEVEL. Fetched 92.92% jobs in this category. Remaining 522  jobs. Completed 6847 jobs.
Currently at Page 459 of job CE for ENTRY_LEVEL. Fetched 93.12% jobs in this category. Remaining 507  jobs. Completed 6862 jobs.
Currently at Page 460 of job CE for ENTRY_LEVEL. Fetched 93.32% jobs in this category. Remaining 492  jobs. Completed 6877 jobs.
Currently at Page 461 of job CE for ENTRY_LEVEL. Fetched 93.53% jobs in this category. Remaining 477  jobs. Completed 6892 jobs.
Currently at Page 462 of job CE for ENTRY_LEVEL. Fetched 93.73% jobs in this category. Remaining 462  jobs. Completed 6907 jobs.
Currently at Page 463 of job CE for ENTRY_LEVEL. Fetched 93.93% jobs in this category. Remaining 447  jobs. Completed 6922 jobs.
Currently at Page 464 of job CE for ENTRY_LEVEL. Fetched 94.14% jobs in this category. Remaining 432  jobs. Completed 6937 jobs.
Currently at Page 465 of job CE for ENTRY_LEVEL. Fetched 94.34% jobs in this category. Remaining 417  jobs. Completed 6952 jobs.
Currently at Page 466 of job CE for ENTRY_LEVEL. Fetched 94.54% jobs in this category. Remaining 402  jobs. Completed 6967 jobs.
Currently at Page 467 of job CE for ENTRY_LEVEL. Fetched 94.75% jobs in this category. Remaining 387  jobs. Completed 6982 jobs.
Currently at Page 468 of job CE for ENTRY_LEVEL. Fetched 94.95% jobs in this category. Remaining 372  jobs. Completed 6997 jobs.
Currently at Page 469 of job CE for ENTRY_LEVEL. Fetched 95.16% jobs in this category. Remaining 357  jobs. Completed 7012 jobs.
Currently at Page 470 of job CE for ENTRY_LEVEL. Fetched 95.36% jobs in this category. Remaining 342  jobs. Completed 7027 jobs.
Currently at Page 471 of job CE for ENTRY_LEVEL. Fetched 95.56% jobs in this category. Remaining 327  jobs. Completed 7042 jobs.
Currently at Page 472 of job CE for ENTRY_LEVEL. Fetched 95.77% jobs in this category. Remaining 312  jobs. Completed 7057 jobs.
Currently at Page 473 of job CE for ENTRY_LEVEL. Fetched 95.97% jobs in this category. Remaining 297  jobs. Completed 7072 jobs.
Currently at Page 474 of job CE for ENTRY_LEVEL. Fetched 96.17% jobs in this category. Remaining 282  jobs. Completed 7087 jobs.
Currently at Page 475 of job CE for ENTRY_LEVEL. Fetched 96.38% jobs in this category. Remaining 267  jobs. Completed 7102 jobs.
Currently at Page 476 of job CE for ENTRY_LEVEL. Fetched 96.58% jobs in this category. Remaining 252  jobs. Completed 7117 jobs.
Currently at Page 477 of job CE for ENTRY_LEVEL. Fetched 96.78% jobs in this category. Remaining 237  jobs. Completed 7132 jobs.
Currently at Page 478 of job CE for ENTRY_LEVEL. Fetched 96.99% jobs in this category. Remaining 222  jobs. Completed 7147 jobs.
Currently at Page 479 of job CE for ENTRY_LEVEL. Fetched 97.19% jobs in this category. Remaining 207  jobs. Completed 7162 jobs.
Currently at Page 480 of job CE for ENTRY_LEVEL. Fetched 97.39% jobs in this category. Remaining 192  jobs. Completed 7177 jobs.
Currently at Page 481 of job CE for ENTRY_LEVEL. Fetched 97.60% jobs in this category. Remaining 177  jobs. Completed 7192 jobs.
Currently at Page 482 of job CE for ENTRY_LEVEL. Fetched 97.80% jobs in this category. Remaining 162  jobs. Completed 7207 jobs.
Currently at Page 483 of job CE for ENTRY_LEVEL. Fetched 98.01% jobs in this category. Remaining 147  jobs. Completed 7222 jobs.
Currently at Page 484 of job CE for ENTRY_LEVEL. Fetched 98.21% jobs in this category. Remaining 132  jobs. Completed 7237 jobs.
Currently at Page 485 of job CE for ENTRY_LEVEL. Fetched 98.41% jobs in this category. Remaining 117  jobs. Completed 7252 jobs.
Currently at Page 486 of job CE for ENTRY_LEVEL. Fetched 98.62% jobs in this category. Remaining 102  jobs. Completed 7267 jobs.
Currently at Page 487 of job CE for ENTRY_LEVEL. Fetched 98.82% jobs in this category. Remaining 87   jobs. Completed 7282 jobs.
Currently at Page 488 of job CE for ENTRY_LEVEL. Fetched 99.02% jobs in this category. Remaining 72   jobs. Completed 7297 jobs.
Currently at Page 489 of job CE for ENTRY_LEVEL. Fetched 99.23% jobs in this category. Remaining 57   jobs. Completed 7312 jobs.
Currently at Page 490 of job CE for ENTRY_LEVEL. Fetched 99.43% jobs in this category. Remaining 42   jobs. Completed 7327 jobs.
Currently at Page 491 of job CE for ENTRY_LEVEL. Fetched 99.63% jobs in this category. Remaining 27   jobs. Completed 7342 jobs.
Currently at Page 492 of job CE for ENTRY_LEVEL. Fetched 99.84% jobs in this category. Remaining 12   jobs. Completed 7357 jobs.


The time taken to run this job is 57.48
