Currently at Page 1   of job CE for SENIOR_LEVEL. Fetched 0.00% jobs in this category. Remaining 8428 jobs. Completed 0    jobs.
Currently at Page 2   of job CE for SENIOR_LEVEL. Fetched 0.18% jobs in this category. Remaining 8413 jobs. Completed 15   jobs.
Currently at Page 3   of job CE for SENIOR_LEVEL. Fetched 0.36% jobs in this category. Remaining 8398 jobs. Completed 30   jobs.
Currently at Page 4   of job CE for SENIOR_LEVEL. Fetched 0.53% jobs in this category. Remaining 8383 jobs. Completed 45   jobs.
Currently at Page 5   of job CE for SENIOR_LEVEL. Fetched 0.71% jobs in this category. Remaining 8368 jobs. Completed 60   jobs.
Currently at Page 6   of job CE for SENIOR_LEVEL. Fetched 0.89% jobs in this category. Remaining 8353 jobs. Completed 75   jobs.
Currently at Page 7   of job CE for SENIOR_LEVEL. Fetched 1.07% jobs in this category. Remaining 8338 jobs. Completed 90   jobs.
Currently at Page 8   of job CE for SENIOR_LEVEL. Fetched 1.25% jobs in this category. Remaining 8323 jobs. Completed 105  jobs.
Currently at Page 9   of job CE for SENIOR_LEVEL. Fetched 1.42% jobs in this category. Remaining 8308 jobs. Completed 120  jobs.
Currently at Page 10  of job CE for SENIOR_LEVEL. Fetched 1.60% jobs in this category. Remaining 8293 jobs. Completed 135  jobs.
Currently at Page 11  of job CE for SENIOR_LEVEL. Fetched 1.78% jobs in this category. Remaining 8278 jobs. Completed 150  jobs.
Currently at Page 12  of job CE for SENIOR_LEVEL. Fetched 1.96% jobs in this category. Remaining 8263 jobs. Completed 165  jobs.
Currently at Page 13  of job CE for SENIOR_LEVEL. Fetched 2.14% jobs in this category. Remaining 8248 jobs. Completed 180  jobs.
Currently at Page 14  of job CE for SENIOR_LEVEL. Fetched 2.31% jobs in this category. Remaining 8233 jobs. Completed 195  jobs.
Currently at Page 15  of job CE for SENIOR_LEVEL. Fetched 2.49% jobs in this category. Remaining 8218 jobs. Completed 210  jobs.
Currently at Page 16  of job CE for SENIOR_LEVEL. Fetched 2.67% jobs in this category. Remaining 8203 jobs. Completed 225  jobs.
Currently at Page 17  of job CE for SENIOR_LEVEL. Fetched 2.85% jobs in this category. Remaining 8188 jobs. Completed 240  jobs.
Currently at Page 18  of job CE for SENIOR_LEVEL. Fetched 3.03% jobs in this category. Remaining 8173 jobs. Completed 255  jobs.
Currently at Page 19  of job CE for SENIOR_LEVEL. Fetched 3.20% jobs in this category. Remaining 8158 jobs. Completed 270  jobs.
Currently at Page 20  of job CE for SENIOR_LEVEL. Fetched 3.38% jobs in this category. Remaining 8143 jobs. Completed 285  jobs.
Currently at Page 21  of job CE for SENIOR_LEVEL. Fetched 3.56% jobs in this category. Remaining 8128 jobs. Completed 300  jobs.
Currently at Page 22  of job CE for SENIOR_LEVEL. Fetched 3.74% jobs in this category. Remaining 8113 jobs. Completed 315  jobs.
Currently at Page 23  of job CE for SENIOR_LEVEL. Fetched 3.92% jobs in this category. Remaining 8098 jobs. Completed 330  jobs.
Currently at Page 24  of job CE for SENIOR_LEVEL. Fetched 4.09% jobs in this category. Remaining 8083 jobs. Completed 345  jobs.
Currently at Page 25  of job CE for SENIOR_LEVEL. Fetched 4.27% jobs in this category. Remaining 8068 jobs. Completed 360  jobs.
Currently at Page 26  of job CE for SENIOR_LEVEL. Fetched 4.45% jobs in this category. Remaining 8053 jobs. Completed 375  jobs.
Currently at Page 27  of job CE for SENIOR_LEVEL. Fetched 4.63% jobs in this category. Remaining 8038 jobs. Completed 390  jobs.
Currently at Page 28  of job CE for SENIOR_LEVEL. Fetched 4.81% jobs in this category. Remaining 8023 jobs. Completed 405  jobs.
Currently at Page 29  of job CE for SENIOR_LEVEL. Fetched 4.98% jobs in this category. Remaining 8008 jobs. Completed 420  jobs.
Currently at Page 30  of job CE for SENIOR_LEVEL. Fetched 5.16% jobs in this category. Remaining 7993 jobs. Completed 435  jobs.
Currently at Page 31  of job CE for SENIOR_LEVEL. Fetched 5.34% jobs in this category. Remaining 7978 jobs. Completed 450  jobs.
Currently at Page 32  of job CE for SENIOR_LEVEL. Fetched 5.52% jobs in this category. Remaining 7963 jobs. Completed 465  jobs.
Currently at Page 33  of job CE for SENIOR_LEVEL. Fetched 5.70% jobs in this category. Remaining 7948 jobs. Completed 480  jobs.
Currently at Page 34  of job CE for SENIOR_LEVEL. Fetched 5.87% jobs in this category. Remaining 7933 jobs. Completed 495  jobs.
Currently at Page 35  of job CE for SENIOR_LEVEL. Fetched 6.05% jobs in this category. Remaining 7918 jobs. Completed 510  jobs.
Currently at Page 36  of job CE for SENIOR_LEVEL. Fetched 6.23% jobs in this category. Remaining 7903 jobs. Completed 525  jobs.
Currently at Page 37  of job CE for SENIOR_LEVEL. Fetched 6.41% jobs in this category. Remaining 7888 jobs. Completed 540  jobs.
Currently at Page 38  of job CE for SENIOR_LEVEL. Fetched 6.59% jobs in this category. Remaining 7873 jobs. Completed 555  jobs.
Currently at Page 39  of job CE for SENIOR_LEVEL. Fetched 6.76% jobs in this category. Remaining 7858 jobs. Completed 570  jobs.
Currently at Page 40  of job CE for SENIOR_LEVEL. Fetched 6.94% jobs in this category. Remaining 7843 jobs. Completed 585  jobs.
Currently at Page 41  of job CE for SENIOR_LEVEL. Fetched 7.12% jobs in this category. Remaining 7828 jobs. Completed 600  jobs.
Currently at Page 42  of job CE for SENIOR_LEVEL. Fetched 7.30% jobs in this category. Remaining 7813 jobs. Completed 615  jobs.
Currently at Page 43  of job CE for SENIOR_LEVEL. Fetched 7.48% jobs in this category. Remaining 7798 jobs. Completed 630  jobs.
Currently at Page 44  of job CE for SENIOR_LEVEL. Fetched 7.65% jobs in this category. Remaining 7783 jobs. Completed 645  jobs.
Currently at Page 45  of job CE for SENIOR_LEVEL. Fetched 7.83% jobs in this category. Remaining 7768 jobs. Completed 660  jobs.
Currently at Page 46  of job CE for SENIOR_LEVEL. Fetched 8.01% jobs in this category. Remaining 7753 jobs. Completed 675  jobs.
Currently at Page 47  of job CE for SENIOR_LEVEL. Fetched 8.19% jobs in this category. Remaining 7738 jobs. Completed 690  jobs.
Currently at Page 48  of job CE for SENIOR_LEVEL. Fetched 8.36% jobs in this category. Remaining 7723 jobs. Completed 705  jobs.
Currently at Page 49  of job CE for SENIOR_LEVEL. Fetched 8.54% jobs in this category. Remaining 7708 jobs. Completed 720  jobs.
Currently at Page 50  of job CE for SENIOR_LEVEL. Fetched 8.72% jobs in this category. Remaining 7693 jobs. Completed 735  jobs.
Currently at Page 51  of job CE for SENIOR_LEVEL. Fetched 8.90% jobs in this category. Remaining 7678 jobs. Completed 750  jobs.
Currently at Page 52  of job CE for SENIOR_LEVEL. Fetched 9.08% jobs in this category. Remaining 7663 jobs. Completed 765  jobs.
Currently at Page 53  of job CE for SENIOR_LEVEL. Fetched 9.25% jobs in this category. Remaining 7648 jobs. Completed 780  jobs.
Currently at Page 54  of job CE for SENIOR_LEVEL. Fetched 9.43% jobs in this category. Remaining 7633 jobs. Completed 795  jobs.
Currently at Page 55  of job CE for SENIOR_LEVEL. Fetched 9.61% jobs in this category. Remaining 7618 jobs. Completed 810  jobs.
Currently at Page 56  of job CE for SENIOR_LEVEL. Fetched 9.79% jobs in this category. Remaining 7603 jobs. Completed 825  jobs.
Currently at Page 57  of job CE for SENIOR_LEVEL. Fetched 9.97% jobs in this category. Remaining 7588 jobs. Completed 840  jobs.
Currently at Page 58  of job CE for SENIOR_LEVEL. Fetched 10.14% jobs in this category. Remaining 7573 jobs. Completed 855  jobs.
Currently at Page 59  of job CE for SENIOR_LEVEL. Fetched 10.32% jobs in this category. Remaining 7558 jobs. Completed 870  jobs.
Currently at Page 60  of job CE for SENIOR_LEVEL. Fetched 10.50% jobs in this category. Remaining 7543 jobs. Completed 885  jobs.
Currently at Page 61  of job CE for SENIOR_LEVEL. Fetched 10.68% jobs in this category. Remaining 7528 jobs. Completed 900  jobs.
Currently at Page 62  of job CE for SENIOR_LEVEL. Fetched 10.86% jobs in this category. Remaining 7513 jobs. Completed 915  jobs.
Currently at Page 63  of job CE for SENIOR_LEVEL. Fetched 11.03% jobs in this category. Remaining 7498 jobs. Completed 930  jobs.
Currently at Page 64  of job CE for SENIOR_LEVEL. Fetched 11.21% jobs in this category. Remaining 7483 jobs. Completed 945  jobs.
Currently at Page 65  of job CE for SENIOR_LEVEL. Fetched 11.39% jobs in this category. Remaining 7468 jobs. Completed 960  jobs.
Currently at Page 66  of job CE for SENIOR_LEVEL. Fetched 11.56% jobs in this category. Remaining 7454 jobs. Completed 974  jobs.
Currently at Page 67  of job CE for SENIOR_LEVEL. Fetched 11.60% jobs in this category. Remaining 7450 jobs. Completed 978  jobs.
Currently at Page 68  of job CE for SENIOR_LEVEL. Fetched 11.78% jobs in this category. Remaining 7435 jobs. Completed 993  jobs.
Currently at Page 69  of job CE for SENIOR_LEVEL. Fetched 11.96% jobs in this category. Remaining 7420 jobs. Completed 1008 jobs.
Currently at Page 70  of job CE for SENIOR_LEVEL. Fetched 12.14% jobs in this category. Remaining 7405 jobs. Completed 1023 jobs.
Currently at Page 71  of job CE for SENIOR_LEVEL. Fetched 12.32% jobs in this category. Remaining 7390 jobs. Completed 1038 jobs.
Currently at Page 72  of job CE for SENIOR_LEVEL. Fetched 12.49% jobs in this category. Remaining 7375 jobs. Completed 1053 jobs.
Currently at Page 73  of job CE for SENIOR_LEVEL. Fetched 12.67% jobs in this category. Remaining 7360 jobs. Completed 1068 jobs.
Currently at Page 74  of job CE for SENIOR_LEVEL. Fetched 12.85% jobs in this category. Remaining 7345 jobs. Completed 1083 jobs.
Currently at Page 75  of job CE for SENIOR_LEVEL. Fetched 13.03% jobs in this category. Remaining 7330 jobs. Completed 1098 jobs.
Currently at Page 76  of job CE for SENIOR_LEVEL. Fetched 13.21% jobs in this category. Remaining 7315 jobs. Completed 1113 jobs.
Currently at Page 77  of job CE for SENIOR_LEVEL. Fetched 13.38% jobs in this category. Remaining 7300 jobs. Completed 1128 jobs.
Currently at Page 78  of job CE for SENIOR_LEVEL. Fetched 13.56% jobs in this category. Remaining 7285 jobs. Completed 1143 jobs.
Currently at Page 79  of job CE for SENIOR_LEVEL. Fetched 13.74% jobs in this category. Remaining 7270 jobs. Completed 1158 jobs.
Currently at Page 80  of job CE for SENIOR_LEVEL. Fetched 13.92% jobs in this category. Remaining 7255 jobs. Completed 1173 jobs.
Currently at Page 81  of job CE for SENIOR_LEVEL. Fetched 14.10% jobs in this category. Remaining 7240 jobs. Completed 1188 jobs.
Currently at Page 82  of job CE for SENIOR_LEVEL. Fetched 14.27% jobs in this category. Remaining 7225 jobs. Completed 1203 jobs.
Currently at Page 83  of job CE for SENIOR_LEVEL. Fetched 14.45% jobs in this category. Remaining 7210 jobs. Completed 1218 jobs.
Currently at Page 84  of job CE for SENIOR_LEVEL. Fetched 14.63% jobs in this category. Remaining 7195 jobs. Completed 1233 jobs.
Currently at Page 85  of job CE for SENIOR_LEVEL. Fetched 14.81% jobs in this category. Remaining 7180 jobs. Completed 1248 jobs.
Currently at Page 86  of job CE for SENIOR_LEVEL. Fetched 14.99% jobs in this category. Remaining 7165 jobs. Completed 1263 jobs.
Currently at Page 87  of job CE for SENIOR_LEVEL. Fetched 15.16% jobs in this category. Remaining 7150 jobs. Completed 1278 jobs.
Currently at Page 88  of job CE for SENIOR_LEVEL. Fetched 15.34% jobs in this category. Remaining 7135 jobs. Completed 1293 jobs.
Currently at Page 89  of job CE for SENIOR_LEVEL. Fetched 15.52% jobs in this category. Remaining 7120 jobs. Completed 1308 jobs.
Currently at Page 90  of job CE for SENIOR_LEVEL. Fetched 15.70% jobs in this category. Remaining 7105 jobs. Completed 1323 jobs.
Currently at Page 91  of job CE for SENIOR_LEVEL. Fetched 15.88% jobs in this category. Remaining 7090 jobs. Completed 1338 jobs.
Currently at Page 92  of job CE for SENIOR_LEVEL. Fetched 16.05% jobs in this category. Remaining 7075 jobs. Completed 1353 jobs.
Currently at Page 93  of job CE for SENIOR_LEVEL. Fetched 16.23% jobs in this category. Remaining 7060 jobs. Completed 1368 jobs.
Currently at Page 94  of job CE for SENIOR_LEVEL. Fetched 16.41% jobs in this category. Remaining 7045 jobs. Completed 1383 jobs.
Currently at Page 95  of job CE for SENIOR_LEVEL. Fetched 16.59% jobs in this category. Remaining 7030 jobs. Completed 1398 jobs.
Currently at Page 96  of job CE for SENIOR_LEVEL. Fetched 16.77% jobs in this category. Remaining 7015 jobs. Completed 1413 jobs.
Currently at Page 97  of job CE for SENIOR_LEVEL. Fetched 16.94% jobs in this category. Remaining 7000 jobs. Completed 1428 jobs.
Currently at Page 98  of job CE for SENIOR_LEVEL. Fetched 17.12% jobs in this category. Remaining 6985 jobs. Completed 1443 jobs.
Currently at Page 99  of job CE for SENIOR_LEVEL. Fetched 17.30% jobs in this category. Remaining 6970 jobs. Completed 1458 jobs.
Currently at Page 100 of job CE for SENIOR_LEVEL. Fetched 17.48% jobs in this category. Remaining 6955 jobs. Completed 1473 jobs.
Currently at Page 101 of job CE for SENIOR_LEVEL. Fetched 17.66% jobs in this category. Remaining 6940 jobs. Completed 1488 jobs.
Currently at Page 102 of job CE for SENIOR_LEVEL. Fetched 17.83% jobs in this category. Remaining 6925 jobs. Completed 1503 jobs.
Currently at Page 103 of job CE for SENIOR_LEVEL. Fetched 18.01% jobs in this category. Remaining 6910 jobs. Completed 1518 jobs.
Currently at Page 104 of job CE for SENIOR_LEVEL. Fetched 18.19% jobs in this category. Remaining 6895 jobs. Completed 1533 jobs.
Currently at Page 105 of job CE for SENIOR_LEVEL. Fetched 18.37% jobs in this category. Remaining 6880 jobs. Completed 1548 jobs.
Currently at Page 106 of job CE for SENIOR_LEVEL. Fetched 18.55% jobs in this category. Remaining 6865 jobs. Completed 1563 jobs.
Currently at Page 107 of job CE for SENIOR_LEVEL. Fetched 18.72% jobs in this category. Remaining 6850 jobs. Completed 1578 jobs.
Currently at Page 108 of job CE for SENIOR_LEVEL. Fetched 18.90% jobs in this category. Remaining 6835 jobs. Completed 1593 jobs.
Currently at Page 109 of job CE for SENIOR_LEVEL. Fetched 19.08% jobs in this category. Remaining 6820 jobs. Completed 1608 jobs.
Currently at Page 110 of job CE for SENIOR_LEVEL. Fetched 19.26% jobs in this category. Remaining 6805 jobs. Completed 1623 jobs.
Currently at Page 111 of job CE for SENIOR_LEVEL. Fetched 19.44% jobs in this category. Remaining 6790 jobs. Completed 1638 jobs.
Currently at Page 112 of job CE for SENIOR_LEVEL. Fetched 19.61% jobs in this category. Remaining 6775 jobs. Completed 1653 jobs.
Currently at Page 113 of job CE for SENIOR_LEVEL. Fetched 19.79% jobs in this category. Remaining 6760 jobs. Completed 1668 jobs.
Currently at Page 114 of job CE for SENIOR_LEVEL. Fetched 19.97% jobs in this category. Remaining 6745 jobs. Completed 1683 jobs.
Currently at Page 115 of job CE for SENIOR_LEVEL. Fetched 20.15% jobs in this category. Remaining 6730 jobs. Completed 1698 jobs.
Currently at Page 116 of job CE for SENIOR_LEVEL. Fetched 20.33% jobs in this category. Remaining 6715 jobs. Completed 1713 jobs.
Currently at Page 117 of job CE for SENIOR_LEVEL. Fetched 20.50% jobs in this category. Remaining 6700 jobs. Completed 1728 jobs.
Currently at Page 118 of job CE for SENIOR_LEVEL. Fetched 20.68% jobs in this category. Remaining 6685 jobs. Completed 1743 jobs.
Currently at Page 119 of job CE for SENIOR_LEVEL. Fetched 20.86% jobs in this category. Remaining 6670 jobs. Completed 1758 jobs.
Currently at Page 120 of job CE for SENIOR_LEVEL. Fetched 21.04% jobs in this category. Remaining 6655 jobs. Completed 1773 jobs.
Currently at Page 121 of job CE for SENIOR_LEVEL. Fetched 21.21% jobs in this category. Remaining 6640 jobs. Completed 1788 jobs.
Currently at Page 122 of job CE for SENIOR_LEVEL. Fetched 21.39% jobs in this category. Remaining 6625 jobs. Completed 1803 jobs.
Currently at Page 123 of job CE for SENIOR_LEVEL. Fetched 21.57% jobs in this category. Remaining 6610 jobs. Completed 1818 jobs.
Currently at Page 124 of job CE for SENIOR_LEVEL. Fetched 21.75% jobs in this category. Remaining 6595 jobs. Completed 1833 jobs.
Currently at Page 125 of job CE for SENIOR_LEVEL. Fetched 21.93% jobs in this category. Remaining 6580 jobs. Completed 1848 jobs.
Currently at Page 126 of job CE for SENIOR_LEVEL. Fetched 22.10% jobs in this category. Remaining 6565 jobs. Completed 1863 jobs.
Currently at Page 127 of job CE for SENIOR_LEVEL. Fetched 22.28% jobs in this category. Remaining 6550 jobs. Completed 1878 jobs.
Currently at Page 128 of job CE for SENIOR_LEVEL. Fetched 22.46% jobs in this category. Remaining 6535 jobs. Completed 1893 jobs.
Currently at Page 129 of job CE for SENIOR_LEVEL. Fetched 22.64% jobs in this category. Remaining 6520 jobs. Completed 1908 jobs.
Currently at Page 130 of job CE for SENIOR_LEVEL. Fetched 22.82% jobs in this category. Remaining 6505 jobs. Completed 1923 jobs.
Currently at Page 131 of job CE for SENIOR_LEVEL. Fetched 22.99% jobs in this category. Remaining 6490 jobs. Completed 1938 jobs.
Currently at Page 132 of job CE for SENIOR_LEVEL. Fetched 23.17% jobs in this category. Remaining 6475 jobs. Completed 1953 jobs.
Currently at Page 133 of job CE for SENIOR_LEVEL. Fetched 23.35% jobs in this category. Remaining 6460 jobs. Completed 1968 jobs.
Currently at Page 134 of job CE for SENIOR_LEVEL. Fetched 23.53% jobs in this category. Remaining 6445 jobs. Completed 1983 jobs.
Currently at Page 135 of job CE for SENIOR_LEVEL. Fetched 23.71% jobs in this category. Remaining 6430 jobs. Completed 1998 jobs.
Currently at Page 136 of job CE for SENIOR_LEVEL. Fetched 23.88% jobs in this category. Remaining 6415 jobs. Completed 2013 jobs.
Currently at Page 137 of job CE for SENIOR_LEVEL. Fetched 24.06% jobs in this category. Remaining 6400 jobs. Completed 2028 jobs.
Currently at Page 138 of job CE for SENIOR_LEVEL. Fetched 24.24% jobs in this category. Remaining 6385 jobs. Completed 2043 jobs.
Currently at Page 139 of job CE for SENIOR_LEVEL. Fetched 24.42% jobs in this category. Remaining 6370 jobs. Completed 2058 jobs.
Currently at Page 140 of job CE for SENIOR_LEVEL. Fetched 24.60% jobs in this category. Remaining 6355 jobs. Completed 2073 jobs.
Currently at Page 141 of job CE for SENIOR_LEVEL. Fetched 24.77% jobs in this category. Remaining 6340 jobs. Completed 2088 jobs.
Currently at Page 142 of job CE for SENIOR_LEVEL. Fetched 24.95% jobs in this category. Remaining 6325 jobs. Completed 2103 jobs.
Currently at Page 143 of job CE for SENIOR_LEVEL. Fetched 25.13% jobs in this category. Remaining 6310 jobs. Completed 2118 jobs.
Currently at Page 144 of job CE for SENIOR_LEVEL. Fetched 25.31% jobs in this category. Remaining 6295 jobs. Completed 2133 jobs.
Currently at Page 145 of job CE for SENIOR_LEVEL. Fetched 25.49% jobs in this category. Remaining 6280 jobs. Completed 2148 jobs.
Currently at Page 146 of job CE for SENIOR_LEVEL. Fetched 25.66% jobs in this category. Remaining 6265 jobs. Completed 2163 jobs.
Currently at Page 147 of job CE for SENIOR_LEVEL. Fetched 25.84% jobs in this category. Remaining 6250 jobs. Completed 2178 jobs.
Currently at Page 148 of job CE for SENIOR_LEVEL. Fetched 26.02% jobs in this category. Remaining 6235 jobs. Completed 2193 jobs.
Currently at Page 149 of job CE for SENIOR_LEVEL. Fetched 26.20% jobs in this category. Remaining 6220 jobs. Completed 2208 jobs.
Currently at Page 150 of job CE for SENIOR_LEVEL. Fetched 26.38% jobs in this category. Remaining 6205 jobs. Completed 2223 jobs.
Currently at Page 151 of job CE for SENIOR_LEVEL. Fetched 26.55% jobs in this category. Remaining 6190 jobs. Completed 2238 jobs.
Currently at Page 152 of job CE for SENIOR_LEVEL. Fetched 26.73% jobs in this category. Remaining 6175 jobs. Completed 2253 jobs.
Currently at Page 153 of job CE for SENIOR_LEVEL. Fetched 26.91% jobs in this category. Remaining 6160 jobs. Completed 2268 jobs.
Currently at Page 154 of job CE for SENIOR_LEVEL. Fetched 27.09% jobs in this category. Remaining 6145 jobs. Completed 2283 jobs.
Currently at Page 155 of job CE for SENIOR_LEVEL. Fetched 27.27% jobs in this category. Remaining 6130 jobs. Completed 2298 jobs.
Currently at Page 156 of job CE for SENIOR_LEVEL. Fetched 27.44% jobs in this category. Remaining 6115 jobs. Completed 2313 jobs.
Currently at Page 157 of job CE for SENIOR_LEVEL. Fetched 27.62% jobs in this category. Remaining 6100 jobs. Completed 2328 jobs.
Currently at Page 158 of job CE for SENIOR_LEVEL. Fetched 27.80% jobs in this category. Remaining 6085 jobs. Completed 2343 jobs.
Currently at Page 159 of job CE for SENIOR_LEVEL. Fetched 27.98% jobs in this category. Remaining 6070 jobs. Completed 2358 jobs.
Currently at Page 160 of job CE for SENIOR_LEVEL. Fetched 28.16% jobs in this category. Remaining 6055 jobs. Completed 2373 jobs.
Currently at Page 161 of job CE for SENIOR_LEVEL. Fetched 28.33% jobs in this category. Remaining 6040 jobs. Completed 2388 jobs.
Currently at Page 162 of job CE for SENIOR_LEVEL. Fetched 28.51% jobs in this category. Remaining 6025 jobs. Completed 2403 jobs.
Currently at Page 163 of job CE for SENIOR_LEVEL. Fetched 28.69% jobs in this category. Remaining 6010 jobs. Completed 2418 jobs.
Currently at Page 164 of job CE for SENIOR_LEVEL. Fetched 28.87% jobs in this category. Remaining 5995 jobs. Completed 2433 jobs.
Currently at Page 165 of job CE for SENIOR_LEVEL. Fetched 29.05% jobs in this category. Remaining 5980 jobs. Completed 2448 jobs.
Currently at Page 166 of job CE for SENIOR_LEVEL. Fetched 29.22% jobs in this category. Remaining 5965 jobs. Completed 2463 jobs.
Currently at Page 167 of job CE for SENIOR_LEVEL. Fetched 29.40% jobs in this category. Remaining 5950 jobs. Completed 2478 jobs.
Currently at Page 168 of job CE for SENIOR_LEVEL. Fetched 29.58% jobs in this category. Remaining 5935 jobs. Completed 2493 jobs.
Currently at Page 169 of job CE for SENIOR_LEVEL. Fetched 29.76% jobs in this category. Remaining 5920 jobs. Completed 2508 jobs.
Currently at Page 170 of job CE for SENIOR_LEVEL. Fetched 29.94% jobs in this category. Remaining 5905 jobs. Completed 2523 jobs.
Currently at Page 171 of job CE for SENIOR_LEVEL. Fetched 30.11% jobs in this category. Remaining 5890 jobs. Completed 2538 jobs.
Currently at Page 172 of job CE for SENIOR_LEVEL. Fetched 30.29% jobs in this category. Remaining 5875 jobs. Completed 2553 jobs.
Currently at Page 173 of job CE for SENIOR_LEVEL. Fetched 30.47% jobs in this category. Remaining 5860 jobs. Completed 2568 jobs.
Currently at Page 174 of job CE for SENIOR_LEVEL. Fetched 30.65% jobs in this category. Remaining 5845 jobs. Completed 2583 jobs.
Currently at Page 175 of job CE for SENIOR_LEVEL. Fetched 30.83% jobs in this category. Remaining 5830 jobs. Completed 2598 jobs.
Currently at Page 176 of job CE for SENIOR_LEVEL. Fetched 31.00% jobs in this category. Remaining 5815 jobs. Completed 2613 jobs.
Currently at Page 177 of job CE for SENIOR_LEVEL. Fetched 31.18% jobs in this category. Remaining 5800 jobs. Completed 2628 jobs.
Currently at Page 178 of job CE for SENIOR_LEVEL. Fetched 31.36% jobs in this category. Remaining 5785 jobs. Completed 2643 jobs.
Currently at Page 179 of job CE for SENIOR_LEVEL. Fetched 31.54% jobs in this category. Remaining 5770 jobs. Completed 2658 jobs.
Currently at Page 180 of job CE for SENIOR_LEVEL. Fetched 31.72% jobs in this category. Remaining 5755 jobs. Completed 2673 jobs.
Currently at Page 181 of job CE for SENIOR_LEVEL. Fetched 31.89% jobs in this category. Remaining 5740 jobs. Completed 2688 jobs.
Currently at Page 182 of job CE for SENIOR_LEVEL. Fetched 32.07% jobs in this category. Remaining 5725 jobs. Completed 2703 jobs.
Currently at Page 183 of job CE for SENIOR_LEVEL. Fetched 32.25% jobs in this category. Remaining 5710 jobs. Completed 2718 jobs.
Currently at Page 184 of job CE for SENIOR_LEVEL. Fetched 32.43% jobs in this category. Remaining 5695 jobs. Completed 2733 jobs.
Currently at Page 185 of job CE for SENIOR_LEVEL. Fetched 32.61% jobs in this category. Remaining 5680 jobs. Completed 2748 jobs.
Currently at Page 186 of job CE for SENIOR_LEVEL. Fetched 32.78% jobs in this category. Remaining 5665 jobs. Completed 2763 jobs.
Currently at Page 187 of job CE for SENIOR_LEVEL. Fetched 32.96% jobs in this category. Remaining 5650 jobs. Completed 2778 jobs.
Currently at Page 188 of job CE for SENIOR_LEVEL. Fetched 33.14% jobs in this category. Remaining 5635 jobs. Completed 2793 jobs.
Currently at Page 189 of job CE for SENIOR_LEVEL. Fetched 33.32% jobs in this category. Remaining 5620 jobs. Completed 2808 jobs.
Currently at Page 190 of job CE for SENIOR_LEVEL. Fetched 33.50% jobs in this category. Remaining 5605 jobs. Completed 2823 jobs.
Currently at Page 191 of job CE for SENIOR_LEVEL. Fetched 33.67% jobs in this category. Remaining 5590 jobs. Completed 2838 jobs.
Currently at Page 192 of job CE for SENIOR_LEVEL. Fetched 33.85% jobs in this category. Remaining 5575 jobs. Completed 2853 jobs.
Currently at Page 193 of job CE for SENIOR_LEVEL. Fetched 34.03% jobs in this category. Remaining 5560 jobs. Completed 2868 jobs.
Currently at Page 194 of job CE for SENIOR_LEVEL. Fetched 34.21% jobs in this category. Remaining 5545 jobs. Completed 2883 jobs.
Currently at Page 195 of job CE for SENIOR_LEVEL. Fetched 34.39% jobs in this category. Remaining 5530 jobs. Completed 2898 jobs.
Currently at Page 196 of job CE for SENIOR_LEVEL. Fetched 34.56% jobs in this category. Remaining 5515 jobs. Completed 2913 jobs.
Currently at Page 197 of job CE for SENIOR_LEVEL. Fetched 34.74% jobs in this category. Remaining 5500 jobs. Completed 2928 jobs.
Currently at Page 198 of job CE for SENIOR_LEVEL. Fetched 34.92% jobs in this category. Remaining 5485 jobs. Completed 2943 jobs.
Currently at Page 199 of job CE for SENIOR_LEVEL. Fetched 35.10% jobs in this category. Remaining 5470 jobs. Completed 2958 jobs.
Currently at Page 200 of job CE for SENIOR_LEVEL. Fetched 35.28% jobs in this category. Remaining 5455 jobs. Completed 2973 jobs.
Currently at Page 201 of job CE for SENIOR_LEVEL. Fetched 35.45% jobs in this category. Remaining 5440 jobs. Completed 2988 jobs.
Currently at Page 202 of job CE for SENIOR_LEVEL. Fetched 35.63% jobs in this category. Remaining 5425 jobs. Completed 3003 jobs.
Currently at Page 203 of job CE for SENIOR_LEVEL. Fetched 35.81% jobs in this category. Remaining 5410 jobs. Completed 3018 jobs.
Currently at Page 204 of job CE for SENIOR_LEVEL. Fetched 35.99% jobs in this category. Remaining 5395 jobs. Completed 3033 jobs.
Currently at Page 205 of job CE for SENIOR_LEVEL. Fetched 36.17% jobs in this category. Remaining 5380 jobs. Completed 3048 jobs.
Currently at Page 206 of job CE for SENIOR_LEVEL. Fetched 36.34% jobs in this category. Remaining 5365 jobs. Completed 3063 jobs.
Currently at Page 207 of job CE for SENIOR_LEVEL. Fetched 36.52% jobs in this category. Remaining 5350 jobs. Completed 3078 jobs.
Currently at Page 208 of job CE for SENIOR_LEVEL. Fetched 36.70% jobs in this category. Remaining 5335 jobs. Completed 3093 jobs.
Currently at Page 209 of job CE for SENIOR_LEVEL. Fetched 36.88% jobs in this category. Remaining 5320 jobs. Completed 3108 jobs.
Currently at Page 210 of job CE for SENIOR_LEVEL. Fetched 37.06% jobs in this category. Remaining 5305 jobs. Completed 3123 jobs.
Currently at Page 211 of job CE for SENIOR_LEVEL. Fetched 37.23% jobs in this category. Remaining 5290 jobs. Completed 3138 jobs.
Currently at Page 212 of job CE for SENIOR_LEVEL. Fetched 37.41% jobs in this category. Remaining 5275 jobs. Completed 3153 jobs.
Currently at Page 213 of job CE for SENIOR_LEVEL. Fetched 37.59% jobs in this category. Remaining 5260 jobs. Completed 3168 jobs.
Currently at Page 214 of job CE for SENIOR_LEVEL. Fetched 37.77% jobs in this category. Remaining 5245 jobs. Completed 3183 jobs.
Currently at Page 215 of job CE for SENIOR_LEVEL. Fetched 37.94% jobs in this category. Remaining 5230 jobs. Completed 3198 jobs.
Currently at Page 216 of job CE for SENIOR_LEVEL. Fetched 38.12% jobs in this category. Remaining 5215 jobs. Completed 3213 jobs.
Currently at Page 217 of job CE for SENIOR_LEVEL. Fetched 38.30% jobs in this category. Remaining 5200 jobs. Completed 3228 jobs.
Currently at Page 218 of job CE for SENIOR_LEVEL. Fetched 38.48% jobs in this category. Remaining 5185 jobs. Completed 3243 jobs.
Currently at Page 219 of job CE for SENIOR_LEVEL. Fetched 38.66% jobs in this category. Remaining 5170 jobs. Completed 3258 jobs.
Currently at Page 220 of job CE for SENIOR_LEVEL. Fetched 38.83% jobs in this category. Remaining 5155 jobs. Completed 3273 jobs.
Currently at Page 221 of job CE for SENIOR_LEVEL. Fetched 39.01% jobs in this category. Remaining 5140 jobs. Completed 3288 jobs.
Currently at Page 222 of job CE for SENIOR_LEVEL. Fetched 39.19% jobs in this category. Remaining 5125 jobs. Completed 3303 jobs.
Currently at Page 223 of job CE for SENIOR_LEVEL. Fetched 39.37% jobs in this category. Remaining 5110 jobs. Completed 3318 jobs.
Currently at Page 224 of job CE for SENIOR_LEVEL. Fetched 39.55% jobs in this category. Remaining 5095 jobs. Completed 3333 jobs.
Currently at Page 225 of job CE for SENIOR_LEVEL. Fetched 39.72% jobs in this category. Remaining 5080 jobs. Completed 3348 jobs.
Currently at Page 226 of job CE for SENIOR_LEVEL. Fetched 39.90% jobs in this category. Remaining 5065 jobs. Completed 3363 jobs.
Currently at Page 227 of job CE for SENIOR_LEVEL. Fetched 40.08% jobs in this category. Remaining 5050 jobs. Completed 3378 jobs.
Currently at Page 228 of job CE for SENIOR_LEVEL. Fetched 40.26% jobs in this category. Remaining 5035 jobs. Completed 3393 jobs.
Currently at Page 229 of job CE for SENIOR_LEVEL. Fetched 40.44% jobs in this category. Remaining 5020 jobs. Completed 3408 jobs.
Currently at Page 230 of job CE for SENIOR_LEVEL. Fetched 40.61% jobs in this category. Remaining 5005 jobs. Completed 3423 jobs.
Currently at Page 231 of job CE for SENIOR_LEVEL. Fetched 40.79% jobs in this category. Remaining 4990 jobs. Completed 3438 jobs.
Currently at Page 232 of job CE for SENIOR_LEVEL. Fetched 40.97% jobs in this category. Remaining 4975 jobs. Completed 3453 jobs.
Currently at Page 233 of job CE for SENIOR_LEVEL. Fetched 41.15% jobs in this category. Remaining 4960 jobs. Completed 3468 jobs.
Currently at Page 234 of job CE for SENIOR_LEVEL. Fetched 41.33% jobs in this category. Remaining 4945 jobs. Completed 3483 jobs.
Currently at Page 235 of job CE for SENIOR_LEVEL. Fetched 41.50% jobs in this category. Remaining 4930 jobs. Completed 3498 jobs.
Currently at Page 236 of job CE for SENIOR_LEVEL. Fetched 41.68% jobs in this category. Remaining 4915 jobs. Completed 3513 jobs.
Currently at Page 237 of job CE for SENIOR_LEVEL. Fetched 41.86% jobs in this category. Remaining 4900 jobs. Completed 3528 jobs.
Currently at Page 238 of job CE for SENIOR_LEVEL. Fetched 42.04% jobs in this category. Remaining 4885 jobs. Completed 3543 jobs.
Currently at Page 239 of job CE for SENIOR_LEVEL. Fetched 42.22% jobs in this category. Remaining 4870 jobs. Completed 3558 jobs.
Currently at Page 240 of job CE for SENIOR_LEVEL. Fetched 42.39% jobs in this category. Remaining 4855 jobs. Completed 3573 jobs.
Currently at Page 241 of job CE for SENIOR_LEVEL. Fetched 42.57% jobs in this category. Remaining 4840 jobs. Completed 3588 jobs.
Currently at Page 242 of job CE for SENIOR_LEVEL. Fetched 42.75% jobs in this category. Remaining 4825 jobs. Completed 3603 jobs.
Currently at Page 243 of job CE for SENIOR_LEVEL. Fetched 42.93% jobs in this category. Remaining 4810 jobs. Completed 3618 jobs.
Currently at Page 244 of job CE for SENIOR_LEVEL. Fetched 43.11% jobs in this category. Remaining 4795 jobs. Completed 3633 jobs.
Currently at Page 245 of job CE for SENIOR_LEVEL. Fetched 43.28% jobs in this category. Remaining 4780 jobs. Completed 3648 jobs.
Currently at Page 246 of job CE for SENIOR_LEVEL. Fetched 43.46% jobs in this category. Remaining 4765 jobs. Completed 3663 jobs.
Currently at Page 247 of job CE for SENIOR_LEVEL. Fetched 43.64% jobs in this category. Remaining 4750 jobs. Completed 3678 jobs.
Currently at Page 248 of job CE for SENIOR_LEVEL. Fetched 43.82% jobs in this category. Remaining 4735 jobs. Completed 3693 jobs.
Currently at Page 249 of job CE for SENIOR_LEVEL. Fetched 44.00% jobs in this category. Remaining 4720 jobs. Completed 3708 jobs.
Currently at Page 250 of job CE for SENIOR_LEVEL. Fetched 44.17% jobs in this category. Remaining 4705 jobs. Completed 3723 jobs.
Currently at Page 251 of job CE for SENIOR_LEVEL. Fetched 44.35% jobs in this category. Remaining 4690 jobs. Completed 3738 jobs.
Currently at Page 252 of job CE for SENIOR_LEVEL. Fetched 44.53% jobs in this category. Remaining 4675 jobs. Completed 3753 jobs.
Currently at Page 253 of job CE for SENIOR_LEVEL. Fetched 44.71% jobs in this category. Remaining 4660 jobs. Completed 3768 jobs.
Currently at Page 254 of job CE for SENIOR_LEVEL. Fetched 44.89% jobs in this category. Remaining 4645 jobs. Completed 3783 jobs.
Currently at Page 255 of job CE for SENIOR_LEVEL. Fetched 45.06% jobs in this category. Remaining 4630 jobs. Completed 3798 jobs.
Currently at Page 256 of job CE for SENIOR_LEVEL. Fetched 45.24% jobs in this category. Remaining 4615 jobs. Completed 3813 jobs.
Currently at Page 257 of job CE for SENIOR_LEVEL. Fetched 45.42% jobs in this category. Remaining 4600 jobs. Completed 3828 jobs.
Currently at Page 258 of job CE for SENIOR_LEVEL. Fetched 45.60% jobs in this category. Remaining 4585 jobs. Completed 3843 jobs.
Currently at Page 259 of job CE for SENIOR_LEVEL. Fetched 45.78% jobs in this category. Remaining 4570 jobs. Completed 3858 jobs.
Currently at Page 260 of job CE for SENIOR_LEVEL. Fetched 45.95% jobs in this category. Remaining 4555 jobs. Completed 3873 jobs.
Currently at Page 261 of job CE for SENIOR_LEVEL. Fetched 46.13% jobs in this category. Remaining 4540 jobs. Completed 3888 jobs.
Currently at Page 262 of job CE for SENIOR_LEVEL. Fetched 46.31% jobs in this category. Remaining 4525 jobs. Completed 3903 jobs.
Currently at Page 263 of job CE for SENIOR_LEVEL. Fetched 46.49% jobs in this category. Remaining 4510 jobs. Completed 3918 jobs.
Currently at Page 264 of job CE for SENIOR_LEVEL. Fetched 46.67% jobs in this category. Remaining 4495 jobs. Completed 3933 jobs.
Currently at Page 265 of job CE for SENIOR_LEVEL. Fetched 46.84% jobs in this category. Remaining 4480 jobs. Completed 3948 jobs.
Currently at Page 266 of job CE for SENIOR_LEVEL. Fetched 47.02% jobs in this category. Remaining 4465 jobs. Completed 3963 jobs.
Currently at Page 267 of job CE for SENIOR_LEVEL. Fetched 47.20% jobs in this category. Remaining 4450 jobs. Completed 3978 jobs.
Currently at Page 268 of job CE for SENIOR_LEVEL. Fetched 47.38% jobs in this category. Remaining 4435 jobs. Completed 3993 jobs.
Currently at Page 269 of job CE for SENIOR_LEVEL. Fetched 47.56% jobs in this category. Remaining 4420 jobs. Completed 4008 jobs.
Currently at Page 270 of job CE for SENIOR_LEVEL. Fetched 47.73% jobs in this category. Remaining 4405 jobs. Completed 4023 jobs.
Currently at Page 271 of job CE for SENIOR_LEVEL. Fetched 47.91% jobs in this category. Remaining 4390 jobs. Completed 4038 jobs.
Currently at Page 272 of job CE for SENIOR_LEVEL. Fetched 48.09% jobs in this category. Remaining 4375 jobs. Completed 4053 jobs.
Currently at Page 273 of job CE for SENIOR_LEVEL. Fetched 48.27% jobs in this category. Remaining 4360 jobs. Completed 4068 jobs.
Currently at Page 274 of job CE for SENIOR_LEVEL. Fetched 48.45% jobs in this category. Remaining 4345 jobs. Completed 4083 jobs.
Currently at Page 275 of job CE for SENIOR_LEVEL. Fetched 48.62% jobs in this category. Remaining 4330 jobs. Completed 4098 jobs.
Currently at Page 276 of job CE for SENIOR_LEVEL. Fetched 48.80% jobs in this category. Remaining 4315 jobs. Completed 4113 jobs.
Currently at Page 277 of job CE for SENIOR_LEVEL. Fetched 48.98% jobs in this category. Remaining 4300 jobs. Completed 4128 jobs.
Currently at Page 278 of job CE for SENIOR_LEVEL. Fetched 49.16% jobs in this category. Remaining 4285 jobs. Completed 4143 jobs.
Currently at Page 279 of job CE for SENIOR_LEVEL. Fetched 49.34% jobs in this category. Remaining 4270 jobs. Completed 4158 jobs.
Currently at Page 280 of job CE for SENIOR_LEVEL. Fetched 49.51% jobs in this category. Remaining 4255 jobs. Completed 4173 jobs.
Currently at Page 281 of job CE for SENIOR_LEVEL. Fetched 49.69% jobs in this category. Remaining 4240 jobs. Completed 4188 jobs.
Currently at Page 282 of job CE for SENIOR_LEVEL. Fetched 49.87% jobs in this category. Remaining 4225 jobs. Completed 4203 jobs.
Currently at Page 283 of job CE for SENIOR_LEVEL. Fetched 50.05% jobs in this category. Remaining 4210 jobs. Completed 4218 jobs.
Currently at Page 284 of job CE for SENIOR_LEVEL. Fetched 50.23% jobs in this category. Remaining 4195 jobs. Completed 4233 jobs.
Currently at Page 285 of job CE for SENIOR_LEVEL. Fetched 50.40% jobs in this category. Remaining 4180 jobs. Completed 4248 jobs.
Currently at Page 286 of job CE for SENIOR_LEVEL. Fetched 50.58% jobs in this category. Remaining 4165 jobs. Completed 4263 jobs.
Currently at Page 287 of job CE for SENIOR_LEVEL. Fetched 50.76% jobs in this category. Remaining 4150 jobs. Completed 4278 jobs.
Currently at Page 288 of job CE for SENIOR_LEVEL. Fetched 50.94% jobs in this category. Remaining 4135 jobs. Completed 4293 jobs.
Currently at Page 289 of job CE for SENIOR_LEVEL. Fetched 51.12% jobs in this category. Remaining 4120 jobs. Completed 4308 jobs.
Currently at Page 290 of job CE for SENIOR_LEVEL. Fetched 51.29% jobs in this category. Remaining 4105 jobs. Completed 4323 jobs.
Currently at Page 291 of job CE for SENIOR_LEVEL. Fetched 51.47% jobs in this category. Remaining 4090 jobs. Completed 4338 jobs.
Currently at Page 292 of job CE for SENIOR_LEVEL. Fetched 51.65% jobs in this category. Remaining 4075 jobs. Completed 4353 jobs.
Currently at Page 293 of job CE for SENIOR_LEVEL. Fetched 51.83% jobs in this category. Remaining 4060 jobs. Completed 4368 jobs.
Currently at Page 294 of job CE for SENIOR_LEVEL. Fetched 52.01% jobs in this category. Remaining 4045 jobs. Completed 4383 jobs.
Currently at Page 295 of job CE for SENIOR_LEVEL. Fetched 52.18% jobs in this category. Remaining 4030 jobs. Completed 4398 jobs.
Currently at Page 296 of job CE for SENIOR_LEVEL. Fetched 52.36% jobs in this category. Remaining 4015 jobs. Completed 4413 jobs.
Currently at Page 297 of job CE for SENIOR_LEVEL. Fetched 52.54% jobs in this category. Remaining 4000 jobs. Completed 4428 jobs.
Currently at Page 298 of job CE for SENIOR_LEVEL. Fetched 52.72% jobs in this category. Remaining 3985 jobs. Completed 4443 jobs.
Currently at Page 299 of job CE for SENIOR_LEVEL. Fetched 52.90% jobs in this category. Remaining 3970 jobs. Completed 4458 jobs.
Currently at Page 300 of job CE for SENIOR_LEVEL. Fetched 53.07% jobs in this category. Remaining 3955 jobs. Completed 4473 jobs.
Currently at Page 301 of job CE for SENIOR_LEVEL. Fetched 53.25% jobs in this category. Remaining 3940 jobs. Completed 4488 jobs.
Currently at Page 302 of job CE for SENIOR_LEVEL. Fetched 53.43% jobs in this category. Remaining 3925 jobs. Completed 4503 jobs.
Currently at Page 303 of job CE for SENIOR_LEVEL. Fetched 53.61% jobs in this category. Remaining 3910 jobs. Completed 4518 jobs.
Currently at Page 304 of job CE for SENIOR_LEVEL. Fetched 53.79% jobs in this category. Remaining 3895 jobs. Completed 4533 jobs.
Currently at Page 305 of job CE for SENIOR_LEVEL. Fetched 53.96% jobs in this category. Remaining 3880 jobs. Completed 4548 jobs.
Currently at Page 306 of job CE for SENIOR_LEVEL. Fetched 54.14% jobs in this category. Remaining 3865 jobs. Completed 4563 jobs.
Currently at Page 307 of job CE for SENIOR_LEVEL. Fetched 54.32% jobs in this category. Remaining 3850 jobs. Completed 4578 jobs.
Currently at Page 308 of job CE for SENIOR_LEVEL. Fetched 54.50% jobs in this category. Remaining 3835 jobs. Completed 4593 jobs.
Currently at Page 309 of job CE for SENIOR_LEVEL. Fetched 54.67% jobs in this category. Remaining 3820 jobs. Completed 4608 jobs.
Currently at Page 310 of job CE for SENIOR_LEVEL. Fetched 54.85% jobs in this category. Remaining 3805 jobs. Completed 4623 jobs.
Currently at Page 311 of job CE for SENIOR_LEVEL. Fetched 55.03% jobs in this category. Remaining 3790 jobs. Completed 4638 jobs.
Currently at Page 312 of job CE for SENIOR_LEVEL. Fetched 55.21% jobs in this category. Remaining 3775 jobs. Completed 4653 jobs.
Currently at Page 313 of job CE for SENIOR_LEVEL. Fetched 55.39% jobs in this category. Remaining 3760 jobs. Completed 4668 jobs.
Currently at Page 314 of job CE for SENIOR_LEVEL. Fetched 55.56% jobs in this category. Remaining 3745 jobs. Completed 4683 jobs.
Currently at Page 315 of job CE for SENIOR_LEVEL. Fetched 55.74% jobs in this category. Remaining 3730 jobs. Completed 4698 jobs.
Currently at Page 316 of job CE for SENIOR_LEVEL. Fetched 55.92% jobs in this category. Remaining 3715 jobs. Completed 4713 jobs.
Currently at Page 317 of job CE for SENIOR_LEVEL. Fetched 56.10% jobs in this category. Remaining 3700 jobs. Completed 4728 jobs.
Currently at Page 318 of job CE for SENIOR_LEVEL. Fetched 56.28% jobs in this category. Remaining 3685 jobs. Completed 4743 jobs.
Currently at Page 319 of job CE for SENIOR_LEVEL. Fetched 56.45% jobs in this category. Remaining 3670 jobs. Completed 4758 jobs.
Currently at Page 320 of job CE for SENIOR_LEVEL. Fetched 56.63% jobs in this category. Remaining 3655 jobs. Completed 4773 jobs.
Currently at Page 321 of job CE for SENIOR_LEVEL. Fetched 56.81% jobs in this category. Remaining 3640 jobs. Completed 4788 jobs.
Currently at Page 322 of job CE for SENIOR_LEVEL. Fetched 56.99% jobs in this category. Remaining 3625 jobs. Completed 4803 jobs.
Currently at Page 323 of job CE for SENIOR_LEVEL. Fetched 57.17% jobs in this category. Remaining 3610 jobs. Completed 4818 jobs.
Currently at Page 324 of job CE for SENIOR_LEVEL. Fetched 57.34% jobs in this category. Remaining 3595 jobs. Completed 4833 jobs.
Currently at Page 325 of job CE for SENIOR_LEVEL. Fetched 57.52% jobs in this category. Remaining 3580 jobs. Completed 4848 jobs.
Currently at Page 326 of job CE for SENIOR_LEVEL. Fetched 57.70% jobs in this category. Remaining 3565 jobs. Completed 4863 jobs.
Currently at Page 327 of job CE for SENIOR_LEVEL. Fetched 57.88% jobs in this category. Remaining 3550 jobs. Completed 4878 jobs.
Currently at Page 328 of job CE for SENIOR_LEVEL. Fetched 58.06% jobs in this category. Remaining 3535 jobs. Completed 4893 jobs.
Currently at Page 329 of job CE for SENIOR_LEVEL. Fetched 58.23% jobs in this category. Remaining 3520 jobs. Completed 4908 jobs.
Currently at Page 330 of job CE for SENIOR_LEVEL. Fetched 58.41% jobs in this category. Remaining 3505 jobs. Completed 4923 jobs.
Currently at Page 331 of job CE for SENIOR_LEVEL. Fetched 58.59% jobs in this category. Remaining 3490 jobs. Completed 4938 jobs.
Currently at Page 332 of job CE for SENIOR_LEVEL. Fetched 58.77% jobs in this category. Remaining 3475 jobs. Completed 4953 jobs.
Currently at Page 333 of job CE for SENIOR_LEVEL. Fetched 58.95% jobs in this category. Remaining 3460 jobs. Completed 4968 jobs.
Currently at Page 334 of job CE for SENIOR_LEVEL. Fetched 59.12% jobs in this category. Remaining 3445 jobs. Completed 4983 jobs.
Currently at Page 335 of job CE for SENIOR_LEVEL. Fetched 59.30% jobs in this category. Remaining 3430 jobs. Completed 4998 jobs.
Currently at Page 336 of job CE for SENIOR_LEVEL. Fetched 59.48% jobs in this category. Remaining 3415 jobs. Completed 5013 jobs.
Currently at Page 337 of job CE for SENIOR_LEVEL. Fetched 59.66% jobs in this category. Remaining 3400 jobs. Completed 5028 jobs.
Currently at Page 338 of job CE for SENIOR_LEVEL. Fetched 59.84% jobs in this category. Remaining 3385 jobs. Completed 5043 jobs.
Currently at Page 339 of job CE for SENIOR_LEVEL. Fetched 60.01% jobs in this category. Remaining 3370 jobs. Completed 5058 jobs.
Currently at Page 340 of job CE for SENIOR_LEVEL. Fetched 60.19% jobs in this category. Remaining 3355 jobs. Completed 5073 jobs.
Currently at Page 341 of job CE for SENIOR_LEVEL. Fetched 60.37% jobs in this category. Remaining 3340 jobs. Completed 5088 jobs.
Currently at Page 342 of job CE for SENIOR_LEVEL. Fetched 60.55% jobs in this category. Remaining 3325 jobs. Completed 5103 jobs.
Currently at Page 343 of job CE for SENIOR_LEVEL. Fetched 60.73% jobs in this category. Remaining 3310 jobs. Completed 5118 jobs.
Currently at Page 344 of job CE for SENIOR_LEVEL. Fetched 60.90% jobs in this category. Remaining 3295 jobs. Completed 5133 jobs.
Currently at Page 345 of job CE for SENIOR_LEVEL. Fetched 61.08% jobs in this category. Remaining 3280 jobs. Completed 5148 jobs.
Currently at Page 346 of job CE for SENIOR_LEVEL. Fetched 61.26% jobs in this category. Remaining 3265 jobs. Completed 5163 jobs.
Currently at Page 347 of job CE for SENIOR_LEVEL. Fetched 61.44% jobs in this category. Remaining 3250 jobs. Completed 5178 jobs.
Currently at Page 348 of job CE for SENIOR_LEVEL. Fetched 61.62% jobs in this category. Remaining 3235 jobs. Completed 5193 jobs.
Currently at Page 349 of job CE for SENIOR_LEVEL. Fetched 61.79% jobs in this category. Remaining 3220 jobs. Completed 5208 jobs.
Currently at Page 350 of job CE for SENIOR_LEVEL. Fetched 61.97% jobs in this category. Remaining 3205 jobs. Completed 5223 jobs.
Currently at Page 351 of job CE for SENIOR_LEVEL. Fetched 62.15% jobs in this category. Remaining 3190 jobs. Completed 5238 jobs.
Currently at Page 352 of job CE for SENIOR_LEVEL. Fetched 62.33% jobs in this category. Remaining 3175 jobs. Completed 5253 jobs.
Currently at Page 353 of job CE for SENIOR_LEVEL. Fetched 62.51% jobs in this category. Remaining 3160 jobs. Completed 5268 jobs.
Currently at Page 354 of job CE for SENIOR_LEVEL. Fetched 62.68% jobs in this category. Remaining 3145 jobs. Completed 5283 jobs.
Currently at Page 355 of job CE for SENIOR_LEVEL. Fetched 62.86% jobs in this category. Remaining 3130 jobs. Completed 5298 jobs.
Currently at Page 356 of job CE for SENIOR_LEVEL. Fetched 63.04% jobs in this category. Remaining 3115 jobs. Completed 5313 jobs.
Currently at Page 357 of job CE for SENIOR_LEVEL. Fetched 63.22% jobs in this category. Remaining 3100 jobs. Completed 5328 jobs.
Currently at Page 358 of job CE for SENIOR_LEVEL. Fetched 63.40% jobs in this category. Remaining 3085 jobs. Completed 5343 jobs.
Currently at Page 359 of job CE for SENIOR_LEVEL. Fetched 63.57% jobs in this category. Remaining 3070 jobs. Completed 5358 jobs.
Currently at Page 360 of job CE for SENIOR_LEVEL. Fetched 63.75% jobs in this category. Remaining 3055 jobs. Completed 5373 jobs.
Currently at Page 361 of job CE for SENIOR_LEVEL. Fetched 63.93% jobs in this category. Remaining 3040 jobs. Completed 5388 jobs.
Currently at Page 362 of job CE for SENIOR_LEVEL. Fetched 64.11% jobs in this category. Remaining 3025 jobs. Completed 5403 jobs.
Currently at Page 363 of job CE for SENIOR_LEVEL. Fetched 64.29% jobs in this category. Remaining 3010 jobs. Completed 5418 jobs.
Currently at Page 364 of job CE for SENIOR_LEVEL. Fetched 64.46% jobs in this category. Remaining 2995 jobs. Completed 5433 jobs.
Currently at Page 365 of job CE for SENIOR_LEVEL. Fetched 64.64% jobs in this category. Remaining 2980 jobs. Completed 5448 jobs.
Currently at Page 366 of job CE for SENIOR_LEVEL. Fetched 64.82% jobs in this category. Remaining 2965 jobs. Completed 5463 jobs.
Currently at Page 367 of job CE for SENIOR_LEVEL. Fetched 65.00% jobs in this category. Remaining 2950 jobs. Completed 5478 jobs.
Currently at Page 368 of job CE for SENIOR_LEVEL. Fetched 65.18% jobs in this category. Remaining 2935 jobs. Completed 5493 jobs.
Currently at Page 369 of job CE for SENIOR_LEVEL. Fetched 65.35% jobs in this category. Remaining 2920 jobs. Completed 5508 jobs.
Currently at Page 370 of job CE for SENIOR_LEVEL. Fetched 65.53% jobs in this category. Remaining 2905 jobs. Completed 5523 jobs.
Currently at Page 371 of job CE for SENIOR_LEVEL. Fetched 65.71% jobs in this category. Remaining 2890 jobs. Completed 5538 jobs.
Currently at Page 372 of job CE for SENIOR_LEVEL. Fetched 65.89% jobs in this category. Remaining 2875 jobs. Completed 5553 jobs.
Currently at Page 373 of job CE for SENIOR_LEVEL. Fetched 66.07% jobs in this category. Remaining 2860 jobs. Completed 5568 jobs.
Currently at Page 374 of job CE for SENIOR_LEVEL. Fetched 66.24% jobs in this category. Remaining 2845 jobs. Completed 5583 jobs.
Currently at Page 375 of job CE for SENIOR_LEVEL. Fetched 66.42% jobs in this category. Remaining 2830 jobs. Completed 5598 jobs.
Currently at Page 376 of job CE for SENIOR_LEVEL. Fetched 66.60% jobs in this category. Remaining 2815 jobs. Completed 5613 jobs.
Currently at Page 377 of job CE for SENIOR_LEVEL. Fetched 66.78% jobs in this category. Remaining 2800 jobs. Completed 5628 jobs.
Currently at Page 378 of job CE for SENIOR_LEVEL. Fetched 66.96% jobs in this category. Remaining 2785 jobs. Completed 5643 jobs.
Currently at Page 379 of job CE for SENIOR_LEVEL. Fetched 67.13% jobs in this category. Remaining 2770 jobs. Completed 5658 jobs.
Currently at Page 380 of job CE for SENIOR_LEVEL. Fetched 67.31% jobs in this category. Remaining 2755 jobs. Completed 5673 jobs.
Currently at Page 381 of job CE for SENIOR_LEVEL. Fetched 67.49% jobs in this category. Remaining 2740 jobs. Completed 5688 jobs.
Currently at Page 382 of job CE for SENIOR_LEVEL. Fetched 67.67% jobs in this category. Remaining 2725 jobs. Completed 5703 jobs.
Currently at Page 383 of job CE for SENIOR_LEVEL. Fetched 67.85% jobs in this category. Remaining 2710 jobs. Completed 5718 jobs.
Currently at Page 384 of job CE for SENIOR_LEVEL. Fetched 68.02% jobs in this category. Remaining 2695 jobs. Completed 5733 jobs.
Currently at Page 385 of job CE for SENIOR_LEVEL. Fetched 68.20% jobs in this category. Remaining 2680 jobs. Completed 5748 jobs.
Currently at Page 386 of job CE for SENIOR_LEVEL. Fetched 68.38% jobs in this category. Remaining 2665 jobs. Completed 5763 jobs.
Currently at Page 387 of job CE for SENIOR_LEVEL. Fetched 68.56% jobs in this category. Remaining 2650 jobs. Completed 5778 jobs.
Currently at Page 388 of job CE for SENIOR_LEVEL. Fetched 68.74% jobs in this category. Remaining 2635 jobs. Completed 5793 jobs.
Currently at Page 389 of job CE for SENIOR_LEVEL. Fetched 68.91% jobs in this category. Remaining 2620 jobs. Completed 5808 jobs.
Currently at Page 390 of job CE for SENIOR_LEVEL. Fetched 69.09% jobs in this category. Remaining 2605 jobs. Completed 5823 jobs.
Currently at Page 391 of job CE for SENIOR_LEVEL. Fetched 69.27% jobs in this category. Remaining 2590 jobs. Completed 5838 jobs.
Currently at Page 392 of job CE for SENIOR_LEVEL. Fetched 69.45% jobs in this category. Remaining 2575 jobs. Completed 5853 jobs.
Currently at Page 393 of job CE for SENIOR_LEVEL. Fetched 69.63% jobs in this category. Remaining 2560 jobs. Completed 5868 jobs.
Currently at Page 394 of job CE for SENIOR_LEVEL. Fetched 69.80% jobs in this category. Remaining 2545 jobs. Completed 5883 jobs.
Currently at Page 395 of job CE for SENIOR_LEVEL. Fetched 69.98% jobs in this category. Remaining 2530 jobs. Completed 5898 jobs.
Currently at Page 396 of job CE for SENIOR_LEVEL. Fetched 70.16% jobs in this category. Remaining 2515 jobs. Completed 5913 jobs.
Currently at Page 397 of job CE for SENIOR_LEVEL. Fetched 70.34% jobs in this category. Remaining 2500 jobs. Completed 5928 jobs.
Currently at Page 398 of job CE for SENIOR_LEVEL. Fetched 70.51% jobs in this category. Remaining 2485 jobs. Completed 5943 jobs.
Currently at Page 399 of job CE for SENIOR_LEVEL. Fetched 70.69% jobs in this category. Remaining 2470 jobs. Completed 5958 jobs.
Currently at Page 400 of job CE for SENIOR_LEVEL. Fetched 70.87% jobs in this category. Remaining 2455 jobs. Completed 5973 jobs.
Currently at Page 401 of job CE for SENIOR_LEVEL. Fetched 71.05% jobs in this category. Remaining 2440 jobs. Completed 5988 jobs.
Currently at Page 402 of job CE for SENIOR_LEVEL. Fetched 71.23% jobs in this category. Remaining 2425 jobs. Completed 6003 jobs.
Currently at Page 403 of job CE for SENIOR_LEVEL. Fetched 71.40% jobs in this category. Remaining 2410 jobs. Completed 6018 jobs.
Currently at Page 404 of job CE for SENIOR_LEVEL. Fetched 71.58% jobs in this category. Remaining 2395 jobs. Completed 6033 jobs.
Currently at Page 405 of job CE for SENIOR_LEVEL. Fetched 71.76% jobs in this category. Remaining 2380 jobs. Completed 6048 jobs.
Currently at Page 406 of job CE for SENIOR_LEVEL. Fetched 71.94% jobs in this category. Remaining 2365 jobs. Completed 6063 jobs.
Currently at Page 407 of job CE for SENIOR_LEVEL. Fetched 72.12% jobs in this category. Remaining 2350 jobs. Completed 6078 jobs.
Currently at Page 408 of job CE for SENIOR_LEVEL. Fetched 72.29% jobs in this category. Remaining 2335 jobs. Completed 6093 jobs.
Currently at Page 409 of job CE for SENIOR_LEVEL. Fetched 72.47% jobs in this category. Remaining 2320 jobs. Completed 6108 jobs.
Currently at Page 410 of job CE for SENIOR_LEVEL. Fetched 72.65% jobs in this category. Remaining 2305 jobs. Completed 6123 jobs.
Currently at Page 411 of job CE for SENIOR_LEVEL. Fetched 72.83% jobs in this category. Remaining 2290 jobs. Completed 6138 jobs.
Currently at Page 412 of job CE for SENIOR_LEVEL. Fetched 73.01% jobs in this category. Remaining 2275 jobs. Completed 6153 jobs.
Currently at Page 413 of job CE for SENIOR_LEVEL. Fetched 73.18% jobs in this category. Remaining 2260 jobs. Completed 6168 jobs.
Currently at Page 414 of job CE for SENIOR_LEVEL. Fetched 73.36% jobs in this category. Remaining 2245 jobs. Completed 6183 jobs.
Currently at Page 415 of job CE for SENIOR_LEVEL. Fetched 73.54% jobs in this category. Remaining 2230 jobs. Completed 6198 jobs.
Currently at Page 416 of job CE for SENIOR_LEVEL. Fetched 73.72% jobs in this category. Remaining 2215 jobs. Completed 6213 jobs.
Currently at Page 417 of job CE for SENIOR_LEVEL. Fetched 73.90% jobs in this category. Remaining 2200 jobs. Completed 6228 jobs.
Currently at Page 418 of job CE for SENIOR_LEVEL. Fetched 74.07% jobs in this category. Remaining 2185 jobs. Completed 6243 jobs.
Currently at Page 419 of job CE for SENIOR_LEVEL. Fetched 74.25% jobs in this category. Remaining 2170 jobs. Completed 6258 jobs.
Currently at Page 420 of job CE for SENIOR_LEVEL. Fetched 74.43% jobs in this category. Remaining 2155 jobs. Completed 6273 jobs.
Currently at Page 421 of job CE for SENIOR_LEVEL. Fetched 74.61% jobs in this category. Remaining 2140 jobs. Completed 6288 jobs.
Currently at Page 422 of job CE for SENIOR_LEVEL. Fetched 74.79% jobs in this category. Remaining 2125 jobs. Completed 6303 jobs.
Currently at Page 423 of job CE for SENIOR_LEVEL. Fetched 74.96% jobs in this category. Remaining 2110 jobs. Completed 6318 jobs.
Currently at Page 424 of job CE for SENIOR_LEVEL. Fetched 75.14% jobs in this category. Remaining 2095 jobs. Completed 6333 jobs.
Currently at Page 425 of job CE for SENIOR_LEVEL. Fetched 75.32% jobs in this category. Remaining 2080 jobs. Completed 6348 jobs.
Currently at Page 426 of job CE for SENIOR_LEVEL. Fetched 75.50% jobs in this category. Remaining 2065 jobs. Completed 6363 jobs.
Currently at Page 427 of job CE for SENIOR_LEVEL. Fetched 75.68% jobs in this category. Remaining 2050 jobs. Completed 6378 jobs.
Currently at Page 428 of job CE for SENIOR_LEVEL. Fetched 75.85% jobs in this category. Remaining 2035 jobs. Completed 6393 jobs.
Currently at Page 429 of job CE for SENIOR_LEVEL. Fetched 76.03% jobs in this category. Remaining 2020 jobs. Completed 6408 jobs.
Currently at Page 430 of job CE for SENIOR_LEVEL. Fetched 76.21% jobs in this category. Remaining 2005 jobs. Completed 6423 jobs.
Currently at Page 431 of job CE for SENIOR_LEVEL. Fetched 76.39% jobs in this category. Remaining 1990 jobs. Completed 6438 jobs.
Currently at Page 432 of job CE for SENIOR_LEVEL. Fetched 76.57% jobs in this category. Remaining 1975 jobs. Completed 6453 jobs.
Currently at Page 433 of job CE for SENIOR_LEVEL. Fetched 76.74% jobs in this category. Remaining 1960 jobs. Completed 6468 jobs.
Currently at Page 434 of job CE for SENIOR_LEVEL. Fetched 76.92% jobs in this category. Remaining 1945 jobs. Completed 6483 jobs.
Currently at Page 435 of job CE for SENIOR_LEVEL. Fetched 77.10% jobs in this category. Remaining 1930 jobs. Completed 6498 jobs.
Currently at Page 436 of job CE for SENIOR_LEVEL. Fetched 77.28% jobs in this category. Remaining 1915 jobs. Completed 6513 jobs.
Currently at Page 437 of job CE for SENIOR_LEVEL. Fetched 77.46% jobs in this category. Remaining 1900 jobs. Completed 6528 jobs.
Currently at Page 438 of job CE for SENIOR_LEVEL. Fetched 77.63% jobs in this category. Remaining 1885 jobs. Completed 6543 jobs.
Currently at Page 439 of job CE for SENIOR_LEVEL. Fetched 77.81% jobs in this category. Remaining 1870 jobs. Completed 6558 jobs.
Currently at Page 440 of job CE for SENIOR_LEVEL. Fetched 77.99% jobs in this category. Remaining 1855 jobs. Completed 6573 jobs.
Currently at Page 441 of job CE for SENIOR_LEVEL. Fetched 78.17% jobs in this category. Remaining 1840 jobs. Completed 6588 jobs.
Currently at Page 442 of job CE for SENIOR_LEVEL. Fetched 78.35% jobs in this category. Remaining 1825 jobs. Completed 6603 jobs.
Currently at Page 443 of job CE for SENIOR_LEVEL. Fetched 78.52% jobs in this category. Remaining 1810 jobs. Completed 6618 jobs.
Currently at Page 444 of job CE for SENIOR_LEVEL. Fetched 78.70% jobs in this category. Remaining 1795 jobs. Completed 6633 jobs.
Currently at Page 445 of job CE for SENIOR_LEVEL. Fetched 78.88% jobs in this category. Remaining 1780 jobs. Completed 6648 jobs.
Currently at Page 446 of job CE for SENIOR_LEVEL. Fetched 79.06% jobs in this category. Remaining 1765 jobs. Completed 6663 jobs.
Currently at Page 447 of job CE for SENIOR_LEVEL. Fetched 79.24% jobs in this category. Remaining 1750 jobs. Completed 6678 jobs.
Currently at Page 448 of job CE for SENIOR_LEVEL. Fetched 79.41% jobs in this category. Remaining 1735 jobs. Completed 6693 jobs.
Currently at Page 449 of job CE for SENIOR_LEVEL. Fetched 79.59% jobs in this category. Remaining 1720 jobs. Completed 6708 jobs.
Currently at Page 450 of job CE for SENIOR_LEVEL. Fetched 79.77% jobs in this category. Remaining 1705 jobs. Completed 6723 jobs.
Currently at Page 451 of job CE for SENIOR_LEVEL. Fetched 79.95% jobs in this category. Remaining 1690 jobs. Completed 6738 jobs.
Currently at Page 452 of job CE for SENIOR_LEVEL. Fetched 80.13% jobs in this category. Remaining 1675 jobs. Completed 6753 jobs.
Currently at Page 453 of job CE for SENIOR_LEVEL. Fetched 80.30% jobs in this category. Remaining 1660 jobs. Completed 6768 jobs.
Currently at Page 454 of job CE for SENIOR_LEVEL. Fetched 80.48% jobs in this category. Remaining 1645 jobs. Completed 6783 jobs.
Currently at Page 455 of job CE for SENIOR_LEVEL. Fetched 80.66% jobs in this category. Remaining 1630 jobs. Completed 6798 jobs.
Currently at Page 456 of job CE for SENIOR_LEVEL. Fetched 80.84% jobs in this category. Remaining 1615 jobs. Completed 6813 jobs.
Currently at Page 457 of job CE for SENIOR_LEVEL. Fetched 81.02% jobs in this category. Remaining 1600 jobs. Completed 6828 jobs.
Currently at Page 458 of job CE for SENIOR_LEVEL. Fetched 81.19% jobs in this category. Remaining 1585 jobs. Completed 6843 jobs.
Currently at Page 459 of job CE for SENIOR_LEVEL. Fetched 81.37% jobs in this category. Remaining 1570 jobs. Completed 6858 jobs.
Currently at Page 460 of job CE for SENIOR_LEVEL. Fetched 81.55% jobs in this category. Remaining 1555 jobs. Completed 6873 jobs.
Currently at Page 461 of job CE for SENIOR_LEVEL. Fetched 81.73% jobs in this category. Remaining 1540 jobs. Completed 6888 jobs.
Currently at Page 462 of job CE for SENIOR_LEVEL. Fetched 81.91% jobs in this category. Remaining 1525 jobs. Completed 6903 jobs.
Currently at Page 463 of job CE for SENIOR_LEVEL. Fetched 82.08% jobs in this category. Remaining 1510 jobs. Completed 6918 jobs.
Currently at Page 464 of job CE for SENIOR_LEVEL. Fetched 82.26% jobs in this category. Remaining 1495 jobs. Completed 6933 jobs.
Currently at Page 465 of job CE for SENIOR_LEVEL. Fetched 82.44% jobs in this category. Remaining 1480 jobs. Completed 6948 jobs.
Currently at Page 466 of job CE for SENIOR_LEVEL. Fetched 82.62% jobs in this category. Remaining 1465 jobs. Completed 6963 jobs.
Currently at Page 467 of job CE for SENIOR_LEVEL. Fetched 82.80% jobs in this category. Remaining 1450 jobs. Completed 6978 jobs.
Currently at Page 468 of job CE for SENIOR_LEVEL. Fetched 82.97% jobs in this category. Remaining 1435 jobs. Completed 6993 jobs.
Currently at Page 469 of job CE for SENIOR_LEVEL. Fetched 83.15% jobs in this category. Remaining 1420 jobs. Completed 7008 jobs.
Currently at Page 470 of job CE for SENIOR_LEVEL. Fetched 83.33% jobs in this category. Remaining 1405 jobs. Completed 7023 jobs.
Currently at Page 471 of job CE for SENIOR_LEVEL. Fetched 83.51% jobs in this category. Remaining 1390 jobs. Completed 7038 jobs.
Currently at Page 472 of job CE for SENIOR_LEVEL. Fetched 83.69% jobs in this category. Remaining 1375 jobs. Completed 7053 jobs.
Currently at Page 473 of job CE for SENIOR_LEVEL. Fetched 83.86% jobs in this category. Remaining 1360 jobs. Completed 7068 jobs.
Currently at Page 474 of job CE for SENIOR_LEVEL. Fetched 84.04% jobs in this category. Remaining 1345 jobs. Completed 7083 jobs.
Currently at Page 475 of job CE for SENIOR_LEVEL. Fetched 84.22% jobs in this category. Remaining 1330 jobs. Completed 7098 jobs.
Currently at Page 476 of job CE for SENIOR_LEVEL. Fetched 84.40% jobs in this category. Remaining 1315 jobs. Completed 7113 jobs.
Currently at Page 477 of job CE for SENIOR_LEVEL. Fetched 84.58% jobs in this category. Remaining 1300 jobs. Completed 7128 jobs.
Currently at Page 478 of job CE for SENIOR_LEVEL. Fetched 84.75% jobs in this category. Remaining 1285 jobs. Completed 7143 jobs.
Currently at Page 479 of job CE for SENIOR_LEVEL. Fetched 84.93% jobs in this category. Remaining 1270 jobs. Completed 7158 jobs.
Currently at Page 480 of job CE for SENIOR_LEVEL. Fetched 85.11% jobs in this category. Remaining 1255 jobs. Completed 7173 jobs.
Currently at Page 481 of job CE for SENIOR_LEVEL. Fetched 85.29% jobs in this category. Remaining 1240 jobs. Completed 7188 jobs.
Currently at Page 482 of job CE for SENIOR_LEVEL. Fetched 85.47% jobs in this category. Remaining 1225 jobs. Completed 7203 jobs.
Currently at Page 483 of job CE for SENIOR_LEVEL. Fetched 85.64% jobs in this category. Remaining 1210 jobs. Completed 7218 jobs.
Currently at Page 484 of job CE for SENIOR_LEVEL. Fetched 85.82% jobs in this category. Remaining 1195 jobs. Completed 7233 jobs.
Currently at Page 485 of job CE for SENIOR_LEVEL. Fetched 86.00% jobs in this category. Remaining 1180 jobs. Completed 7248 jobs.
Currently at Page 486 of job CE for SENIOR_LEVEL. Fetched 86.18% jobs in this category. Remaining 1165 jobs. Completed 7263 jobs.
Currently at Page 487 of job CE for SENIOR_LEVEL. Fetched 86.36% jobs in this category. Remaining 1150 jobs. Completed 7278 jobs.
Currently at Page 488 of job CE for SENIOR_LEVEL. Fetched 86.53% jobs in this category. Remaining 1135 jobs. Completed 7293 jobs.
Currently at Page 489 of job CE for SENIOR_LEVEL. Fetched 86.71% jobs in this category. Remaining 1120 jobs. Completed 7308 jobs.
Currently at Page 490 of job CE for SENIOR_LEVEL. Fetched 86.89% jobs in this category. Remaining 1105 jobs. Completed 7323 jobs.
Currently at Page 491 of job CE for SENIOR_LEVEL. Fetched 87.07% jobs in this category. Remaining 1090 jobs. Completed 7338 jobs.
Currently at Page 492 of job CE for SENIOR_LEVEL. Fetched 87.24% jobs in this category. Remaining 1075 jobs. Completed 7353 jobs.
Currently at Page 493 of job CE for SENIOR_LEVEL. Fetched 87.42% jobs in this category. Remaining 1060 jobs. Completed 7368 jobs.
Currently at Page 494 of job CE for SENIOR_LEVEL. Fetched 87.60% jobs in this category. Remaining 1045 jobs. Completed 7383 jobs.
Currently at Page 495 of job CE for SENIOR_LEVEL. Fetched 87.78% jobs in this category. Remaining 1030 jobs. Completed 7398 jobs.
Currently at Page 496 of job CE for SENIOR_LEVEL. Fetched 87.96% jobs in this category. Remaining 1015 jobs. Completed 7413 jobs.
Currently at Page 497 of job CE for SENIOR_LEVEL. Fetched 88.13% jobs in this category. Remaining 1000 jobs. Completed 7428 jobs.
Currently at Page 498 of job CE for SENIOR_LEVEL. Fetched 88.31% jobs in this category. Remaining 985  jobs. Completed 7443 jobs.
Currently at Page 499 of job CE for SENIOR_LEVEL. Fetched 88.49% jobs in this category. Remaining 970  jobs. Completed 7458 jobs.
Currently at Page 500 of job CE for SENIOR_LEVEL. Fetched 88.67% jobs in this category. Remaining 955  jobs. Completed 7473 jobs.
Currently at Page 501 of job CE for SENIOR_LEVEL. Fetched 88.85% jobs in this category. Remaining 940  jobs. Completed 7488 jobs.
Currently at Page 502 of job CE for SENIOR_LEVEL. Fetched 89.02% jobs in this category. Remaining 925  jobs. Completed 7503 jobs.
Currently at Page 503 of job CE for SENIOR_LEVEL. Fetched 89.20% jobs in this category. Remaining 910  jobs. Completed 7518 jobs.
Currently at Page 504 of job CE for SENIOR_LEVEL. Fetched 89.38% jobs in this category. Remaining 895  jobs. Completed 7533 jobs.
Currently at Page 505 of job CE for SENIOR_LEVEL. Fetched 89.56% jobs in this category. Remaining 880  jobs. Completed 7548 jobs.
Currently at Page 506 of job CE for SENIOR_LEVEL. Fetched 89.74% jobs in this category. Remaining 865  jobs. Completed 7563 jobs.
Currently at Page 507 of job CE for SENIOR_LEVEL. Fetched 89.91% jobs in this category. Remaining 850  jobs. Completed 7578 jobs.
Currently at Page 508 of job CE for SENIOR_LEVEL. Fetched 90.09% jobs in this category. Remaining 835  jobs. Completed 7593 jobs.
Currently at Page 509 of job CE for SENIOR_LEVEL. Fetched 90.27% jobs in this category. Remaining 820  jobs. Completed 7608 jobs.
Currently at Page 510 of job CE for SENIOR_LEVEL. Fetched 90.45% jobs in this category. Remaining 805  jobs. Completed 7623 jobs.
Currently at Page 511 of job CE for SENIOR_LEVEL. Fetched 90.63% jobs in this category. Remaining 790  jobs. Completed 7638 jobs.
Currently at Page 512 of job CE for SENIOR_LEVEL. Fetched 90.80% jobs in this category. Remaining 775  jobs. Completed 7653 jobs.
Currently at Page 513 of job CE for SENIOR_LEVEL. Fetched 90.98% jobs in this category. Remaining 760  jobs. Completed 7668 jobs.
Currently at Page 514 of job CE for SENIOR_LEVEL. Fetched 91.16% jobs in this category. Remaining 745  jobs. Completed 7683 jobs.
Currently at Page 515 of job CE for SENIOR_LEVEL. Fetched 91.34% jobs in this category. Remaining 730  jobs. Completed 7698 jobs.
Currently at Page 516 of job CE for SENIOR_LEVEL. Fetched 91.52% jobs in this category. Remaining 715  jobs. Completed 7713 jobs.
Currently at Page 517 of job CE for SENIOR_LEVEL. Fetched 91.69% jobs in this category. Remaining 700  jobs. Completed 7728 jobs.
Currently at Page 518 of job CE for SENIOR_LEVEL. Fetched 91.87% jobs in this category. Remaining 685  jobs. Completed 7743 jobs.
Currently at Page 519 of job CE for SENIOR_LEVEL. Fetched 92.05% jobs in this category. Remaining 670  jobs. Completed 7758 jobs.
Currently at Page 520 of job CE for SENIOR_LEVEL. Fetched 92.23% jobs in this category. Remaining 655  jobs. Completed 7773 jobs.
Currently at Page 521 of job CE for SENIOR_LEVEL. Fetched 92.41% jobs in this category. Remaining 640  jobs. Completed 7788 jobs.
Currently at Page 522 of job CE for SENIOR_LEVEL. Fetched 92.58% jobs in this category. Remaining 625  jobs. Completed 7803 jobs.
Currently at Page 523 of job CE for SENIOR_LEVEL. Fetched 92.76% jobs in this category. Remaining 610  jobs. Completed 7818 jobs.
Currently at Page 524 of job CE for SENIOR_LEVEL. Fetched 92.94% jobs in this category. Remaining 595  jobs. Completed 7833 jobs.
Currently at Page 525 of job CE for SENIOR_LEVEL. Fetched 93.12% jobs in this category. Remaining 580  jobs. Completed 7848 jobs.
Currently at Page 526 of job CE for SENIOR_LEVEL. Fetched 93.30% jobs in this category. Remaining 565  jobs. Completed 7863 jobs.
Currently at Page 527 of job CE for SENIOR_LEVEL. Fetched 93.47% jobs in this category. Remaining 550  jobs. Completed 7878 jobs.
Currently at Page 528 of job CE for SENIOR_LEVEL. Fetched 93.65% jobs in this category. Remaining 535  jobs. Completed 7893 jobs.
Currently at Page 529 of job CE for SENIOR_LEVEL. Fetched 93.83% jobs in this category. Remaining 520  jobs. Completed 7908 jobs.
Currently at Page 530 of job CE for SENIOR_LEVEL. Fetched 94.01% jobs in this category. Remaining 505  jobs. Completed 7923 jobs.
Currently at Page 531 of job CE for SENIOR_LEVEL. Fetched 94.19% jobs in this category. Remaining 490  jobs. Completed 7938 jobs.
Currently at Page 532 of job CE for SENIOR_LEVEL. Fetched 94.36% jobs in this category. Remaining 475  jobs. Completed 7953 jobs.
Currently at Page 533 of job CE for SENIOR_LEVEL. Fetched 94.54% jobs in this category. Remaining 460  jobs. Completed 7968 jobs.
Currently at Page 534 of job CE for SENIOR_LEVEL. Fetched 94.72% jobs in this category. Remaining 445  jobs. Completed 7983 jobs.
Currently at Page 535 of job CE for SENIOR_LEVEL. Fetched 94.90% jobs in this category. Remaining 430  jobs. Completed 7998 jobs.
Currently at Page 536 of job CE for SENIOR_LEVEL. Fetched 95.08% jobs in this category. Remaining 415  jobs. Completed 8013 jobs.
Currently at Page 537 of job CE for SENIOR_LEVEL. Fetched 95.25% jobs in this category. Remaining 400  jobs. Completed 8028 jobs.
Currently at Page 538 of job CE for SENIOR_LEVEL. Fetched 95.43% jobs in this category. Remaining 385  jobs. Completed 8043 jobs.
Currently at Page 539 of job CE for SENIOR_LEVEL. Fetched 95.61% jobs in this category. Remaining 370  jobs. Completed 8058 jobs.
Currently at Page 540 of job CE for SENIOR_LEVEL. Fetched 95.79% jobs in this category. Remaining 355  jobs. Completed 8073 jobs.
Currently at Page 541 of job CE for SENIOR_LEVEL. Fetched 95.97% jobs in this category. Remaining 340  jobs. Completed 8088 jobs.
Currently at Page 542 of job CE for SENIOR_LEVEL. Fetched 96.14% jobs in this category. Remaining 325  jobs. Completed 8103 jobs.
Currently at Page 543 of job CE for SENIOR_LEVEL. Fetched 96.32% jobs in this category. Remaining 310  jobs. Completed 8118 jobs.
Currently at Page 544 of job CE for SENIOR_LEVEL. Fetched 96.50% jobs in this category. Remaining 295  jobs. Completed 8133 jobs.
Currently at Page 545 of job CE for SENIOR_LEVEL. Fetched 96.68% jobs in this category. Remaining 280  jobs. Completed 8148 jobs.
Currently at Page 546 of job CE for SENIOR_LEVEL. Fetched 96.86% jobs in this category. Remaining 265  jobs. Completed 8163 jobs.
Currently at Page 547 of job CE for SENIOR_LEVEL. Fetched 97.03% jobs in this category. Remaining 250  jobs. Completed 8178 jobs.
Currently at Page 548 of job CE for SENIOR_LEVEL. Fetched 97.21% jobs in this category. Remaining 235  jobs. Completed 8193 jobs.
Currently at Page 549 of job CE for SENIOR_LEVEL. Fetched 97.39% jobs in this category. Remaining 220  jobs. Completed 8208 jobs.
Currently at Page 550 of job CE for SENIOR_LEVEL. Fetched 97.57% jobs in this category. Remaining 205  jobs. Completed 8223 jobs.
Currently at Page 551 of job CE for SENIOR_LEVEL. Fetched 97.75% jobs in this category. Remaining 190  jobs. Completed 8238 jobs.
Currently at Page 552 of job CE for SENIOR_LEVEL. Fetched 97.92% jobs in this category. Remaining 175  jobs. Completed 8253 jobs.
Currently at Page 553 of job CE for SENIOR_LEVEL. Fetched 98.10% jobs in this category. Remaining 160  jobs. Completed 8268 jobs.
Currently at Page 554 of job CE for SENIOR_LEVEL. Fetched 98.28% jobs in this category. Remaining 145  jobs. Completed 8283 jobs.
Currently at Page 555 of job CE for SENIOR_LEVEL. Fetched 98.46% jobs in this category. Remaining 130  jobs. Completed 8298 jobs.
Currently at Page 556 of job CE for SENIOR_LEVEL. Fetched 98.64% jobs in this category. Remaining 115  jobs. Completed 8313 jobs.
Currently at Page 557 of job CE for SENIOR_LEVEL. Fetched 98.81% jobs in this category. Remaining 100  jobs. Completed 8328 jobs.
Currently at Page 558 of job CE for SENIOR_LEVEL. Fetched 98.99% jobs in this category. Remaining 85   jobs. Completed 8343 jobs.
Currently at Page 559 of job CE for SENIOR_LEVEL. Fetched 99.17% jobs in this category. Remaining 70   jobs. Completed 8358 jobs.
Currently at Page 560 of job CE for SENIOR_LEVEL. Fetched 99.35% jobs in this category. Remaining 55   jobs. Completed 8373 jobs.
Currently at Page 561 of job CE for SENIOR_LEVEL. Fetched 99.53% jobs in this category. Remaining 40   jobs. Completed 8388 jobs.
Currently at Page 562 of job CE for SENIOR_LEVEL. Fetched 99.70% jobs in this category. Remaining 25   jobs. Completed 8403 jobs.
Currently at Page 563 of job CE for SENIOR_LEVEL. Fetched 99.88% jobs in this category. Remaining 10   jobs. Completed 8418 jobs.


The time taken to run this job is 67.23
