Currently at Page 1   of job DA for ENTRY_LEVEL. Fetched 0.00% jobs in this category. Remaining 3530 jobs. Completed 0    jobs.
Currently at Page 2   of job DA for ENTRY_LEVEL. Fetched 0.42% jobs in this category. Remaining 3515 jobs. Completed 15   jobs.
Currently at Page 3   of job DA for ENTRY_LEVEL. Fetched 0.85% jobs in this category. Remaining 3500 jobs. Completed 30   jobs.
Currently at Page 4   of job DA for ENTRY_LEVEL. Fetched 1.27% jobs in this category. Remaining 3485 jobs. Completed 45   jobs.
Currently at Page 5   of job DA for ENTRY_LEVEL. Fetched 1.70% jobs in this category. Remaining 3470 jobs. Completed 60   jobs.
Currently at Page 6   of job DA for ENTRY_LEVEL. Fetched 2.12% jobs in this category. Remaining 3455 jobs. Completed 75   jobs.
Currently at Page 7   of job DA for ENTRY_LEVEL. Fetched 2.55% jobs in this category. Remaining 3440 jobs. Completed 90   jobs.
Currently at Page 8   of job DA for ENTRY_LEVEL. Fetched 2.97% jobs in this category. Remaining 3425 jobs. Completed 105  jobs.
Currently at Page 9   of job DA for ENTRY_LEVEL. Fetched 3.40% jobs in this category. Remaining 3410 jobs. Completed 120  jobs.
Currently at Page 10  of job DA for ENTRY_LEVEL. Fetched 3.82% jobs in this category. Remaining 3395 jobs. Completed 135  jobs.
Currently at Page 11  of job DA for ENTRY_LEVEL. Fetched 4.25% jobs in this category. Remaining 3380 jobs. Completed 150  jobs.
Currently at Page 12  of job DA for ENTRY_LEVEL. Fetched 4.67% jobs in this category. Remaining 3365 jobs. Completed 165  jobs.
Currently at Page 13  of job DA for ENTRY_LEVEL. Fetched 5.10% jobs in this category. Remaining 3350 jobs. Completed 180  jobs.
Currently at Page 14  of job DA for ENTRY_LEVEL. Fetched 5.52% jobs in this category. Remaining 3335 jobs. Completed 195  jobs.
Currently at Page 15  of job DA for ENTRY_LEVEL. Fetched 5.95% jobs in this category. Remaining 3320 jobs. Completed 210  jobs.
Currently at Page 16  of job DA for ENTRY_LEVEL. Fetched 6.37% jobs in this category. Remaining 3305 jobs. Completed 225  jobs.
Currently at Page 17  of job DA for ENTRY_LEVEL. Fetched 6.80% jobs in this category. Remaining 3290 jobs. Completed 240  jobs.
Currently at Page 18  of job DA for ENTRY_LEVEL. Fetched 7.22% jobs in this category. Remaining 3275 jobs. Completed 255  jobs.
Currently at Page 19  of job DA for ENTRY_LEVEL. Fetched 7.65% jobs in this category. Remaining 3260 jobs. Completed 270  jobs.
Currently at Page 20  of job DA for ENTRY_LEVEL. Fetched 8.07% jobs in this category. Remaining 3245 jobs. Completed 285  jobs.
Currently at Page 21  of job DA for ENTRY_LEVEL. Fetched 8.50% jobs in this category. Remaining 3230 jobs. Completed 300  jobs.
Currently at Page 22  of job DA for ENTRY_LEVEL. Fetched 8.92% jobs in this category. Remaining 3215 jobs. Completed 315  jobs.
Currently at Page 23  of job DA for ENTRY_LEVEL. Fetched 9.35% jobs in this category. Remaining 3200 jobs. Completed 330  jobs.
Currently at Page 24  of job DA for ENTRY_LEVEL. Fetched 9.77% jobs in this category. Remaining 3185 jobs. Completed 345  jobs.
Currently at Page 25  of job DA for ENTRY_LEVEL. Fetched 10.20% jobs in this category. Remaining 3170 jobs. Completed 360  jobs.
Currently at Page 26  of job DA for ENTRY_LEVEL. Fetched 10.62% jobs in this category. Remaining 3155 jobs. Completed 375  jobs.
Currently at Page 27  of job DA for ENTRY_LEVEL. Fetched 11.05% jobs in this category. Remaining 3140 jobs. Completed 390  jobs.
Currently at Page 28  of job DA for ENTRY_LEVEL. Fetched 11.47% jobs in this category. Remaining 3125 jobs. Completed 405  jobs.
Currently at Page 29  of job DA for ENTRY_LEVEL. Fetched 11.90% jobs in this category. Remaining 3110 jobs. Completed 420  jobs.
Currently at Page 30  of job DA for ENTRY_LEVEL. Fetched 12.32% jobs in this category. Remaining 3095 jobs. Completed 435  jobs.
Currently at Page 31  of job DA for ENTRY_LEVEL. Fetched 12.75% jobs in this category. Remaining 3080 jobs. Completed 450  jobs.
Currently at Page 32  of job DA for ENTRY_LEVEL. Fetched 13.17% jobs in this category. Remaining 3065 jobs. Completed 465  jobs.
Currently at Page 33  of job DA for ENTRY_LEVEL. Fetched 13.60% jobs in this category. Remaining 3050 jobs. Completed 480  jobs.
Currently at Page 34  of job DA for ENTRY_LEVEL. Fetched 14.02% jobs in this category. Remaining 3035 jobs. Completed 495  jobs.
Currently at Page 35  of job DA for ENTRY_LEVEL. Fetched 14.45% jobs in this category. Remaining 3020 jobs. Completed 510  jobs.
Currently at Page 36  of job DA for ENTRY_LEVEL. Fetched 14.87% jobs in this category. Remaining 3005 jobs. Completed 525  jobs.
Currently at Page 37  of job DA for ENTRY_LEVEL. Fetched 15.30% jobs in this category. Remaining 2990 jobs. Completed 540  jobs.
Currently at Page 38  of job DA for ENTRY_LEVEL. Fetched 15.72% jobs in this category. Remaining 2975 jobs. Completed 555  jobs.
Currently at Page 39  of job DA for ENTRY_LEVEL. Fetched 16.15% jobs in this category. Remaining 2960 jobs. Completed 570  jobs.
Currently at Page 40  of job DA for ENTRY_LEVEL. Fetched 16.57% jobs in this category. Remaining 2945 jobs. Completed 585  jobs.
Currently at Page 41  of job DA for ENTRY_LEVEL. Fetched 17.00% jobs in this category. Remaining 2930 jobs. Completed 600  jobs.
Currently at Page 42  of job DA for ENTRY_LEVEL. Fetched 17.42% jobs in this category. Remaining 2915 jobs. Completed 615  jobs.
Currently at Page 43  of job DA for ENTRY_LEVEL. Fetched 17.85% jobs in this category. Remaining 2900 jobs. Completed 630  jobs.
Currently at Page 44  of job DA for ENTRY_LEVEL. Fetched 18.27% jobs in this category. Remaining 2885 jobs. Completed 645  jobs.
Currently at Page 45  of job DA for ENTRY_LEVEL. Fetched 18.70% jobs in this category. Remaining 2870 jobs. Completed 660  jobs.
Currently at Page 46  of job DA for ENTRY_LEVEL. Fetched 19.12% jobs in this category. Remaining 2855 jobs. Completed 675  jobs.
Currently at Page 47  of job DA for ENTRY_LEVEL. Fetched 19.55% jobs in this category. Remaining 2840 jobs. Completed 690  jobs.
Currently at Page 48  of job DA for ENTRY_LEVEL. Fetched 19.97% jobs in this category. Remaining 2825 jobs. Completed 705  jobs.
Currently at Page 49  of job DA for ENTRY_LEVEL. Fetched 20.40% jobs in this category. Remaining 2810 jobs. Completed 720  jobs.
Currently at Page 50  of job DA for ENTRY_LEVEL. Fetched 20.82% jobs in this category. Remaining 2795 jobs. Completed 735  jobs.
Currently at Page 51  of job DA for ENTRY_LEVEL. Fetched 21.25% jobs in this category. Remaining 2780 jobs. Completed 750  jobs.
Currently at Page 52  of job DA for ENTRY_LEVEL. Fetched 21.67% jobs in this category. Remaining 2765 jobs. Completed 765  jobs.
Currently at Page 53  of job DA for ENTRY_LEVEL. Fetched 22.10% jobs in this category. Remaining 2750 jobs. Completed 780  jobs.
Currently at Page 54  of job DA for ENTRY_LEVEL. Fetched 22.52% jobs in this category. Remaining 2735 jobs. Completed 795  jobs.
Currently at Page 55  of job DA for ENTRY_LEVEL. Fetched 22.95% jobs in this category. Remaining 2720 jobs. Completed 810  jobs.
Currently at Page 56  of job DA for ENTRY_LEVEL. Fetched 23.37% jobs in this category. Remaining 2705 jobs. Completed 825  jobs.
Currently at Page 57  of job DA for ENTRY_LEVEL. Fetched 23.80% jobs in this category. Remaining 2690 jobs. Completed 840  jobs.
Currently at Page 58  of job DA for ENTRY_LEVEL. Fetched 24.22% jobs in this category. Remaining 2675 jobs. Completed 855  jobs.
Currently at Page 59  of job DA for ENTRY_LEVEL. Fetched 24.65% jobs in this category. Remaining 2660 jobs. Completed 870  jobs.
Currently at Page 60  of job DA for ENTRY_LEVEL. Fetched 25.07% jobs in this category. Remaining 2645 jobs. Completed 885  jobs.
Currently at Page 61  of job DA for ENTRY_LEVEL. Fetched 25.50% jobs in this category. Remaining 2630 jobs. Completed 900  jobs.
Currently at Page 62  of job DA for ENTRY_LEVEL. Fetched 25.92% jobs in this category. Remaining 2615 jobs. Completed 915  jobs.
Currently at Page 63  of job DA for ENTRY_LEVEL. Fetched 26.35% jobs in this category. Remaining 2600 jobs. Completed 930  jobs.
Currently at Page 64  of job DA for ENTRY_LEVEL. Fetched 26.77% jobs in this category. Remaining 2585 jobs. Completed 945  jobs.
Currently at Page 65  of job DA for ENTRY_LEVEL. Fetched 27.20% jobs in this category. Remaining 2570 jobs. Completed 960  jobs.
Currently at Page 66  of job DA for ENTRY_LEVEL. Fetched 27.62% jobs in this category. Remaining 2555 jobs. Completed 975  jobs.


The time taken to run this job is 7.72
