Currently at Page 1   of job DA for MID_LEVEL. Fetched 0.00% jobs in this category. Remaining 6877 jobs. Completed 0    jobs.
Currently at Page 2   of job DA for MID_LEVEL. Fetched 0.22% jobs in this category. Remaining 6862 jobs. Completed 15   jobs.
Currently at Page 3   of job DA for MID_LEVEL. Fetched 0.44% jobs in this category. Remaining 6847 jobs. Completed 30   jobs.
Currently at Page 4   of job DA for MID_LEVEL. Fetched 0.65% jobs in this category. Remaining 6832 jobs. Completed 45   jobs.
Currently at Page 5   of job DA for MID_LEVEL. Fetched 0.87% jobs in this category. Remaining 6817 jobs. Completed 60   jobs.
Currently at Page 6   of job DA for MID_LEVEL. Fetched 1.09% jobs in this category. Remaining 6802 jobs. Completed 75   jobs.
Currently at Page 7   of job DA for MID_LEVEL. Fetched 1.31% jobs in this category. Remaining 6787 jobs. Completed 90   jobs.
Currently at Page 8   of job DA for MID_LEVEL. Fetched 1.53% jobs in this category. Remaining 6772 jobs. Completed 105  jobs.
Currently at Page 9   of job DA for MID_LEVEL. Fetched 1.74% jobs in this category. Remaining 6757 jobs. Completed 120  jobs.
Currently at Page 10  of job DA for MID_LEVEL. Fetched 1.96% jobs in this category. Remaining 6742 jobs. Completed 135  jobs.
Currently at Page 11  of job DA for MID_LEVEL. Fetched 2.18% jobs in this category. Remaining 6727 jobs. Completed 150  jobs.
Currently at Page 12  of job DA for MID_LEVEL. Fetched 2.40% jobs in this category. Remaining 6712 jobs. Completed 165  jobs.
Currently at Page 13  of job DA for MID_LEVEL. Fetched 2.62% jobs in this category. Remaining 6697 jobs. Completed 180  jobs.
Currently at Page 14  of job DA for MID_LEVEL. Fetched 2.84% jobs in this category. Remaining 6682 jobs. Completed 195  jobs.
Currently at Page 15  of job DA for MID_LEVEL. Fetched 3.05% jobs in this category. Remaining 6667 jobs. Completed 210  jobs.
Currently at Page 16  of job DA for MID_LEVEL. Fetched 3.27% jobs in this category. Remaining 6652 jobs. Completed 225  jobs.
Currently at Page 17  of job DA for MID_LEVEL. Fetched 3.49% jobs in this category. Remaining 6637 jobs. Completed 240  jobs.
Currently at Page 18  of job DA for MID_LEVEL. Fetched 3.71% jobs in this category. Remaining 6622 jobs. Completed 255  jobs.
Currently at Page 19  of job DA for MID_LEVEL. Fetched 3.93% jobs in this category. Remaining 6607 jobs. Completed 270  jobs.
Currently at Page 20  of job DA for MID_LEVEL. Fetched 4.14% jobs in this category. Remaining 6592 jobs. Completed 285  jobs.
Currently at Page 21  of job DA for MID_LEVEL. Fetched 4.36% jobs in this category. Remaining 6577 jobs. Completed 300  jobs.
Currently at Page 22  of job DA for MID_LEVEL. Fetched 4.58% jobs in this category. Remaining 6562 jobs. Completed 315  jobs.
Currently at Page 23  of job DA for MID_LEVEL. Fetched 4.80% jobs in this category. Remaining 6547 jobs. Completed 330  jobs.
Currently at Page 24  of job DA for MID_LEVEL. Fetched 5.02% jobs in this category. Remaining 6532 jobs. Completed 345  jobs.
Currently at Page 25  of job DA for MID_LEVEL. Fetched 5.23% jobs in this category. Remaining 6517 jobs. Completed 360  jobs.
Currently at Page 26  of job DA for MID_LEVEL. Fetched 5.45% jobs in this category. Remaining 6502 jobs. Completed 375  jobs.
Currently at Page 27  of job DA for MID_LEVEL. Fetched 5.67% jobs in this category. Remaining 6487 jobs. Completed 390  jobs.
Currently at Page 28  of job DA for MID_LEVEL. Fetched 5.89% jobs in this category. Remaining 6472 jobs. Completed 405  jobs.
Currently at Page 29  of job DA for MID_LEVEL. Fetched 6.11% jobs in this category. Remaining 6457 jobs. Completed 420  jobs.
Currently at Page 30  of job DA for MID_LEVEL. Fetched 6.33% jobs in this category. Remaining 6442 jobs. Completed 435  jobs.
Currently at Page 31  of job DA for MID_LEVEL. Fetched 6.54% jobs in this category. Remaining 6427 jobs. Completed 450  jobs.
Currently at Page 32  of job DA for MID_LEVEL. Fetched 6.76% jobs in this category. Remaining 6412 jobs. Completed 465  jobs.
Currently at Page 33  of job DA for MID_LEVEL. Fetched 6.98% jobs in this category. Remaining 6397 jobs. Completed 480  jobs.
Currently at Page 34  of job DA for MID_LEVEL. Fetched 7.20% jobs in this category. Remaining 6382 jobs. Completed 495  jobs.
Currently at Page 35  of job DA for MID_LEVEL. Fetched 7.42% jobs in this category. Remaining 6367 jobs. Completed 510  jobs.
Currently at Page 36  of job DA for MID_LEVEL. Fetched 7.63% jobs in this category. Remaining 6352 jobs. Completed 525  jobs.
Currently at Page 37  of job DA for MID_LEVEL. Fetched 7.85% jobs in this category. Remaining 6337 jobs. Completed 540  jobs.
Currently at Page 38  of job DA for MID_LEVEL. Fetched 8.07% jobs in this category. Remaining 6322 jobs. Completed 555  jobs.
Currently at Page 39  of job DA for MID_LEVEL. Fetched 8.29% jobs in this category. Remaining 6307 jobs. Completed 570  jobs.
Currently at Page 40  of job DA for MID_LEVEL. Fetched 8.51% jobs in this category. Remaining 6292 jobs. Completed 585  jobs.
Currently at Page 41  of job DA for MID_LEVEL. Fetched 8.72% jobs in this category. Remaining 6277 jobs. Completed 600  jobs.
Currently at Page 42  of job DA for MID_LEVEL. Fetched 8.94% jobs in this category. Remaining 6262 jobs. Completed 615  jobs.
Currently at Page 43  of job DA for MID_LEVEL. Fetched 9.16% jobs in this category. Remaining 6247 jobs. Completed 630  jobs.
Currently at Page 44  of job DA for MID_LEVEL. Fetched 9.38% jobs in this category. Remaining 6232 jobs. Completed 645  jobs.
Currently at Page 45  of job DA for MID_LEVEL. Fetched 9.60% jobs in this category. Remaining 6217 jobs. Completed 660  jobs.
Currently at Page 46  of job DA for MID_LEVEL. Fetched 9.82% jobs in this category. Remaining 6202 jobs. Completed 675  jobs.
Currently at Page 47  of job DA for MID_LEVEL. Fetched 10.03% jobs in this category. Remaining 6187 jobs. Completed 690  jobs.
Currently at Page 48  of job DA for MID_LEVEL. Fetched 10.25% jobs in this category. Remaining 6172 jobs. Completed 705  jobs.
Currently at Page 49  of job DA for MID_LEVEL. Fetched 10.47% jobs in this category. Remaining 6157 jobs. Completed 720  jobs.
Currently at Page 50  of job DA for MID_LEVEL. Fetched 10.69% jobs in this category. Remaining 6142 jobs. Completed 735  jobs.
Currently at Page 51  of job DA for MID_LEVEL. Fetched 10.91% jobs in this category. Remaining 6127 jobs. Completed 750  jobs.
Currently at Page 52  of job DA for MID_LEVEL. Fetched 11.12% jobs in this category. Remaining 6112 jobs. Completed 765  jobs.
Currently at Page 53  of job DA for MID_LEVEL. Fetched 11.34% jobs in this category. Remaining 6097 jobs. Completed 780  jobs.
Currently at Page 54  of job DA for MID_LEVEL. Fetched 11.56% jobs in this category. Remaining 6082 jobs. Completed 795  jobs.
Currently at Page 55  of job DA for MID_LEVEL. Fetched 11.78% jobs in this category. Remaining 6067 jobs. Completed 810  jobs.
Currently at Page 56  of job DA for MID_LEVEL. Fetched 12.00% jobs in this category. Remaining 6052 jobs. Completed 825  jobs.
Currently at Page 57  of job DA for MID_LEVEL. Fetched 12.21% jobs in this category. Remaining 6037 jobs. Completed 840  jobs.
Currently at Page 58  of job DA for MID_LEVEL. Fetched 12.43% jobs in this category. Remaining 6022 jobs. Completed 855  jobs.
Currently at Page 59  of job DA for MID_LEVEL. Fetched 12.65% jobs in this category. Remaining 6007 jobs. Completed 870  jobs.
Currently at Page 60  of job DA for MID_LEVEL. Fetched 12.87% jobs in this category. Remaining 5992 jobs. Completed 885  jobs.
Currently at Page 61  of job DA for MID_LEVEL. Fetched 13.09% jobs in this category. Remaining 5977 jobs. Completed 900  jobs.
Currently at Page 62  of job DA for MID_LEVEL. Fetched 13.31% jobs in this category. Remaining 5962 jobs. Completed 915  jobs.
Currently at Page 63  of job DA for MID_LEVEL. Fetched 13.52% jobs in this category. Remaining 5947 jobs. Completed 930  jobs.
Currently at Page 64  of job DA for MID_LEVEL. Fetched 13.74% jobs in this category. Remaining 5932 jobs. Completed 945  jobs.
Currently at Page 65  of job DA for MID_LEVEL. Fetched 13.96% jobs in this category. Remaining 5917 jobs. Completed 960  jobs.
Currently at Page 66  of job DA for MID_LEVEL. Fetched 14.18% jobs in this category. Remaining 5902 jobs. Completed 975  jobs.


The time taken to run this job is 7.78
