Currently at Page 1   of job DA for SENIOR_LEVEL. Fetched 0.00% jobs in this category. Remaining 1931 jobs. Completed 0    jobs.
Currently at Page 2   of job DA for SENIOR_LEVEL. Fetched 0.78% jobs in this category. Remaining 1916 jobs. Completed 15   jobs.
Currently at Page 3   of job DA for SENIOR_LEVEL. Fetched 1.55% jobs in this category. Remaining 1901 jobs. Completed 30   jobs.
Currently at Page 4   of job DA for SENIOR_LEVEL. Fetched 2.33% jobs in this category. Remaining 1886 jobs. Completed 45   jobs.
Currently at Page 5   of job DA for SENIOR_LEVEL. Fetched 3.11% jobs in this category. Remaining 1871 jobs. Completed 60   jobs.
Currently at Page 6   of job DA for SENIOR_LEVEL. Fetched 3.88% jobs in this category. Remaining 1856 jobs. Completed 75   jobs.
Currently at Page 7   of job DA for SENIOR_LEVEL. Fetched 4.66% jobs in this category. Remaining 1841 jobs. Completed 90   jobs.
Currently at Page 8   of job DA for SENIOR_LEVEL. Fetched 5.44% jobs in this category. Remaining 1826 jobs. Completed 105  jobs.
Currently at Page 9   of job DA for SENIOR_LEVEL. Fetched 6.21% jobs in this category. Remaining 1811 jobs. Completed 120  jobs.
Currently at Page 10  of job DA for SENIOR_LEVEL. Fetched 6.99% jobs in this category. Remaining 1796 jobs. Completed 135  jobs.
Currently at Page 11  of job DA for SENIOR_LEVEL. Fetched 7.77% jobs in this category. Remaining 1781 jobs. Completed 150  jobs.
Currently at Page 12  of job DA for SENIOR_LEVEL. Fetched 8.54% jobs in this category. Remaining 1766 jobs. Completed 165  jobs.
Currently at Page 13  of job DA for SENIOR_LEVEL. Fetched 9.32% jobs in this category. Remaining 1751 jobs. Completed 180  jobs.
Currently at Page 14  of job DA for SENIOR_LEVEL. Fetched 10.10% jobs in this category. Remaining 1736 jobs. Completed 195  jobs.
Currently at Page 15  of job DA for SENIOR_LEVEL. Fetched 10.88% jobs in this category. Remaining 1721 jobs. Completed 210  jobs.
Currently at Page 16  of job DA for SENIOR_LEVEL. Fetched 11.65% jobs in this category. Remaining 1706 jobs. Completed 225  jobs.
Currently at Page 17  of job DA for SENIOR_LEVEL. Fetched 12.43% jobs in this category. Remaining 1691 jobs. Completed 240  jobs.
Currently at Page 18  of job DA for SENIOR_LEVEL. Fetched 13.21% jobs in this category. Remaining 1676 jobs. Completed 255  jobs.
Currently at Page 19  of job DA for SENIOR_LEVEL. Fetched 13.98% jobs in this category. Remaining 1661 jobs. Completed 270  jobs.
Currently at Page 20  of job DA for SENIOR_LEVEL. Fetched 14.76% jobs in this category. Remaining 1646 jobs. Completed 285  jobs.
Currently at Page 21  of job DA for SENIOR_LEVEL. Fetched 15.54% jobs in this category. Remaining 1631 jobs. Completed 300  jobs.
Currently at Page 22  of job DA for SENIOR_LEVEL. Fetched 16.31% jobs in this category. Remaining 1616 jobs. Completed 315  jobs.
Currently at Page 23  of job DA for SENIOR_LEVEL. Fetched 17.09% jobs in this category. Remaining 1601 jobs. Completed 330  jobs.
Currently at Page 24  of job DA for SENIOR_LEVEL. Fetched 17.87% jobs in this category. Remaining 1586 jobs. Completed 345  jobs.
Currently at Page 25  of job DA for SENIOR_LEVEL. Fetched 18.64% jobs in this category. Remaining 1571 jobs. Completed 360  jobs.
Currently at Page 26  of job DA for SENIOR_LEVEL. Fetched 19.42% jobs in this category. Remaining 1556 jobs. Completed 375  jobs.
Currently at Page 27  of job DA for SENIOR_LEVEL. Fetched 20.20% jobs in this category. Remaining 1541 jobs. Completed 390  jobs.
Currently at Page 28  of job DA for SENIOR_LEVEL. Fetched 20.97% jobs in this category. Remaining 1526 jobs. Completed 405  jobs.
Currently at Page 29  of job DA for SENIOR_LEVEL. Fetched 21.75% jobs in this category. Remaining 1511 jobs. Completed 420  jobs.
Currently at Page 30  of job DA for SENIOR_LEVEL. Fetched 22.53% jobs in this category. Remaining 1496 jobs. Completed 435  jobs.
Currently at Page 31  of job DA for SENIOR_LEVEL. Fetched 23.30% jobs in this category. Remaining 1481 jobs. Completed 450  jobs.
Currently at Page 32  of job DA for SENIOR_LEVEL. Fetched 24.08% jobs in this category. Remaining 1466 jobs. Completed 465  jobs.
Currently at Page 33  of job DA for SENIOR_LEVEL. Fetched 24.86% jobs in this category. Remaining 1451 jobs. Completed 480  jobs.
Currently at Page 34  of job DA for SENIOR_LEVEL. Fetched 25.63% jobs in this category. Remaining 1436 jobs. Completed 495  jobs.
Currently at Page 35  of job DA for SENIOR_LEVEL. Fetched 26.41% jobs in this category. Remaining 1421 jobs. Completed 510  jobs.
Currently at Page 36  of job DA for SENIOR_LEVEL. Fetched 27.19% jobs in this category. Remaining 1406 jobs. Completed 525  jobs.
Currently at Page 37  of job DA for SENIOR_LEVEL. Fetched 27.96% jobs in this category. Remaining 1391 jobs. Completed 540  jobs.
Currently at Page 38  of job DA for SENIOR_LEVEL. Fetched 28.74% jobs in this category. Remaining 1376 jobs. Completed 555  jobs.
Currently at Page 39  of job DA for SENIOR_LEVEL. Fetched 29.52% jobs in this category. Remaining 1361 jobs. Completed 570  jobs.
Currently at Page 40  of job DA for SENIOR_LEVEL. Fetched 30.30% jobs in this category. Remaining 1346 jobs. Completed 585  jobs.
Currently at Page 41  of job DA for SENIOR_LEVEL. Fetched 31.07% jobs in this category. Remaining 1331 jobs. Completed 600  jobs.
Currently at Page 42  of job DA for SENIOR_LEVEL. Fetched 31.85% jobs in this category. Remaining 1316 jobs. Completed 615  jobs.
Currently at Page 43  of job DA for SENIOR_LEVEL. Fetched 32.63% jobs in this category. Remaining 1301 jobs. Completed 630  jobs.
Currently at Page 44  of job DA for SENIOR_LEVEL. Fetched 33.40% jobs in this category. Remaining 1286 jobs. Completed 645  jobs.
Currently at Page 45  of job DA for SENIOR_LEVEL. Fetched 34.18% jobs in this category. Remaining 1271 jobs. Completed 660  jobs.
Currently at Page 46  of job DA for SENIOR_LEVEL. Fetched 34.96% jobs in this category. Remaining 1256 jobs. Completed 675  jobs.
Currently at Page 47  of job DA for SENIOR_LEVEL. Fetched 35.73% jobs in this category. Remaining 1241 jobs. Completed 690  jobs.
Currently at Page 48  of job DA for SENIOR_LEVEL. Fetched 36.51% jobs in this category. Remaining 1226 jobs. Completed 705  jobs.
Currently at Page 49  of job DA for SENIOR_LEVEL. Fetched 37.29% jobs in this category. Remaining 1211 jobs. Completed 720  jobs.
Currently at Page 50  of job DA for SENIOR_LEVEL. Fetched 38.06% jobs in this category. Remaining 1196 jobs. Completed 735  jobs.
Currently at Page 51  of job DA for SENIOR_LEVEL. Fetched 38.84% jobs in this category. Remaining 1181 jobs. Completed 750  jobs.
Currently at Page 52  of job DA for SENIOR_LEVEL. Fetched 39.62% jobs in this category. Remaining 1166 jobs. Completed 765  jobs.
Currently at Page 53  of job DA for SENIOR_LEVEL. Fetched 40.39% jobs in this category. Remaining 1151 jobs. Completed 780  jobs.
Currently at Page 54  of job DA for SENIOR_LEVEL. Fetched 41.17% jobs in this category. Remaining 1136 jobs. Completed 795  jobs.
Currently at Page 55  of job DA for SENIOR_LEVEL. Fetched 41.95% jobs in this category. Remaining 1121 jobs. Completed 810  jobs.
Currently at Page 56  of job DA for SENIOR_LEVEL. Fetched 42.72% jobs in this category. Remaining 1106 jobs. Completed 825  jobs.
Currently at Page 57  of job DA for SENIOR_LEVEL. Fetched 43.50% jobs in this category. Remaining 1091 jobs. Completed 840  jobs.
Currently at Page 58  of job DA for SENIOR_LEVEL. Fetched 44.28% jobs in this category. Remaining 1076 jobs. Completed 855  jobs.
Currently at Page 59  of job DA for SENIOR_LEVEL. Fetched 45.05% jobs in this category. Remaining 1061 jobs. Completed 870  jobs.
Currently at Page 60  of job DA for SENIOR_LEVEL. Fetched 45.83% jobs in this category. Remaining 1046 jobs. Completed 885  jobs.
Currently at Page 61  of job DA for SENIOR_LEVEL. Fetched 46.61% jobs in this category. Remaining 1031 jobs. Completed 900  jobs.
Currently at Page 62  of job DA for SENIOR_LEVEL. Fetched 47.38% jobs in this category. Remaining 1016 jobs. Completed 915  jobs.
Currently at Page 63  of job DA for SENIOR_LEVEL. Fetched 48.16% jobs in this category. Remaining 1001 jobs. Completed 930  jobs.
Currently at Page 64  of job DA for SENIOR_LEVEL. Fetched 48.94% jobs in this category. Remaining 986  jobs. Completed 945  jobs.
Currently at Page 65  of job DA for SENIOR_LEVEL. Fetched 49.72% jobs in this category. Remaining 971  jobs. Completed 960  jobs.
Currently at Page 66  of job DA for SENIOR_LEVEL. Fetched 50.49% jobs in this category. Remaining 956  jobs. Completed 975  jobs.
Currently at Page 67  of job DA for SENIOR_LEVEL. Fetched 51.27% jobs in this category. Remaining 941  jobs. Completed 990  jobs.


The time taken to run this job is 7.84
