Currently at Page 1   of job DE for ENTRY_LEVEL. Fetched 0.00% jobs in this category. Remaining 582 jobs. Completed 0   jobs.
Currently at Page 2   of job DE for ENTRY_LEVEL. Fetched 2.58% jobs in this category. Remaining 567 jobs. Completed 15  jobs.
Currently at Page 3   of job DE for ENTRY_LEVEL. Fetched 5.15% jobs in this category. Remaining 552 jobs. Completed 30  jobs.
Currently at Page 4   of job DE for ENTRY_LEVEL. Fetched 7.73% jobs in this category. Remaining 537 jobs. Completed 45  jobs.
Currently at Page 5   of job DE for ENTRY_LEVEL. Fetched 10.31% jobs in this category. Remaining 522 jobs. Completed 60  jobs.
Currently at Page 6   of job DE for ENTRY_LEVEL. Fetched 12.89% jobs in this category. Remaining 507 jobs. Completed 75  jobs.
Currently at Page 7   of job DE for ENTRY_LEVEL. Fetched 15.46% jobs in this category. Remaining 492 jobs. Completed 90  jobs.
Currently at Page 8   of job DE for ENTRY_LEVEL. Fetched 18.04% jobs in this category. Remaining 477 jobs. Completed 105 jobs.
Currently at Page 9   of job DE for ENTRY_LEVEL. Fetched 20.62% jobs in this category. Remaining 462 jobs. Completed 120 jobs.
Currently at Page 10  of job DE for ENTRY_LEVEL. Fetched 23.20% jobs in this category. Remaining 447 jobs. Completed 135 jobs.
Currently at Page 11  of job DE for ENTRY_LEVEL. Fetched 25.77% jobs in this category. Remaining 432 jobs. Completed 150 jobs.
Currently at Page 12  of job DE for ENTRY_LEVEL. Fetched 28.35% jobs in this category. Remaining 417 jobs. Completed 165 jobs.
Currently at Page 13  of job DE for ENTRY_LEVEL. Fetched 30.93% jobs in this category. Remaining 402 jobs. Completed 180 jobs.
Currently at Page 14  of job DE for ENTRY_LEVEL. Fetched 33.51% jobs in this category. Remaining 387 jobs. Completed 195 jobs.
Currently at Page 15  of job DE for ENTRY_LEVEL. Fetched 36.08% jobs in this category. Remaining 372 jobs. Completed 210 jobs.
Currently at Page 16  of job DE for ENTRY_LEVEL. Fetched 38.66% jobs in this category. Remaining 357 jobs. Completed 225 jobs.
Currently at Page 17  of job DE for ENTRY_LEVEL. Fetched 41.24% jobs in this category. Remaining 342 jobs. Completed 240 jobs.
Currently at Page 18  of job DE for ENTRY_LEVEL. Fetched 43.81% jobs in this category. Remaining 327 jobs. Completed 255 jobs.
Currently at Page 19  of job DE for ENTRY_LEVEL. Fetched 46.39% jobs in this category. Remaining 312 jobs. Completed 270 jobs.
Currently at Page 20  of job DE for ENTRY_LEVEL. Fetched 48.97% jobs in this category. Remaining 297 jobs. Completed 285 jobs.
Currently at Page 21  of job DE for ENTRY_LEVEL. Fetched 51.55% jobs in this category. Remaining 282 jobs. Completed 300 jobs.
Currently at Page 22  of job DE for ENTRY_LEVEL. Fetched 54.12% jobs in this category. Remaining 267 jobs. Completed 315 jobs.
Currently at Page 23  of job DE for ENTRY_LEVEL. Fetched 56.70% jobs in this category. Remaining 252 jobs. Completed 330 jobs.
Currently at Page 24  of job DE for ENTRY_LEVEL. Fetched 59.28% jobs in this category. Remaining 237 jobs. Completed 345 jobs.
Currently at Page 25  of job DE for ENTRY_LEVEL. Fetched 61.86% jobs in this category. Remaining 222 jobs. Completed 360 jobs.
Currently at Page 26  of job DE for ENTRY_LEVEL. Fetched 64.43% jobs in this category. Remaining 207 jobs. Completed 375 jobs.
Currently at Page 27  of job DE for ENTRY_LEVEL. Fetched 67.01% jobs in this category. Remaining 192 jobs. Completed 390 jobs.
Currently at Page 28  of job DE for ENTRY_LEVEL. Fetched 69.59% jobs in this category. Remaining 177 jobs. Completed 405 jobs.
Currently at Page 29  of job DE for ENTRY_LEVEL. Fetched 72.16% jobs in this category. Remaining 162 jobs. Completed 420 jobs.
Currently at Page 30  of job DE for ENTRY_LEVEL. Fetched 74.74% jobs in this category. Remaining 147 jobs. Completed 435 jobs.
Currently at Page 31  of job DE for ENTRY_LEVEL. Fetched 77.32% jobs in this category. Remaining 132 jobs. Completed 450 jobs.
Currently at Page 32  of job DE for ENTRY_LEVEL. Fetched 79.90% jobs in this category. Remaining 117 jobs. Completed 465 jobs.
Currently at Page 33  of job DE for ENTRY_LEVEL. Fetched 82.47% jobs in this category. Remaining 102 jobs. Completed 480 jobs.
Currently at Page 34  of job DE for ENTRY_LEVEL. Fetched 85.05% jobs in this category. Remaining 87  jobs. Completed 495 jobs.
Currently at Page 35  of job DE for ENTRY_LEVEL. Fetched 87.63% jobs in this category. Remaining 72  jobs. Completed 510 jobs.
Currently at Page 36  of job DE for ENTRY_LEVEL. Fetched 90.21% jobs in this category. Remaining 57  jobs. Completed 525 jobs.
Currently at Page 37  of job DE for ENTRY_LEVEL. Fetched 92.78% jobs in this category. Remaining 42  jobs. Completed 540 jobs.
Currently at Page 38  of job DE for ENTRY_LEVEL. Fetched 95.36% jobs in this category. Remaining 27  jobs. Completed 555 jobs.
Currently at Page 39  of job DE for ENTRY_LEVEL. Fetched 97.94% jobs in this category. Remaining 12  jobs. Completed 570 jobs.


The time taken to run this job is 4.55
