Currently at Page 1   of job DE for MID_LEVEL. Fetched 0.00% jobs in this category. Remaining 2505 jobs. Completed 0    jobs.
Currently at Page 2   of job DE for MID_LEVEL. Fetched 0.60% jobs in this category. Remaining 2490 jobs. Completed 15   jobs.
Currently at Page 3   of job DE for MID_LEVEL. Fetched 1.20% jobs in this category. Remaining 2475 jobs. Completed 30   jobs.
Currently at Page 4   of job DE for MID_LEVEL. Fetched 1.80% jobs in this category. Remaining 2460 jobs. Completed 45   jobs.
Currently at Page 5   of job DE for MID_LEVEL. Fetched 2.40% jobs in this category. Remaining 2445 jobs. Completed 60   jobs.
Currently at Page 6   of job DE for MID_LEVEL. Fetched 2.99% jobs in this category. Remaining 2430 jobs. Completed 75   jobs.
Currently at Page 7   of job DE for MID_LEVEL. Fetched 3.59% jobs in this category. Remaining 2415 jobs. Completed 90   jobs.
Currently at Page 8   of job DE for MID_LEVEL. Fetched 4.19% jobs in this category. Remaining 2400 jobs. Completed 105  jobs.
Currently at Page 9   of job DE for MID_LEVEL. Fetched 4.79% jobs in this category. Remaining 2385 jobs. Completed 120  jobs.
Currently at Page 10  of job DE for MID_LEVEL. Fetched 5.39% jobs in this category. Remaining 2370 jobs. Completed 135  jobs.
Currently at Page 11  of job DE for MID_LEVEL. Fetched 5.99% jobs in this category. Remaining 2355 jobs. Completed 150  jobs.
Currently at Page 12  of job DE for MID_LEVEL. Fetched 6.59% jobs in this category. Remaining 2340 jobs. Completed 165  jobs.
Currently at Page 13  of job DE for MID_LEVEL. Fetched 7.19% jobs in this category. Remaining 2325 jobs. Completed 180  jobs.
Currently at Page 14  of job DE for MID_LEVEL. Fetched 7.78% jobs in this category. Remaining 2310 jobs. Completed 195  jobs.
Currently at Page 15  of job DE for MID_LEVEL. Fetched 8.38% jobs in this category. Remaining 2295 jobs. Completed 210  jobs.
Currently at Page 16  of job DE for MID_LEVEL. Fetched 8.98% jobs in this category. Remaining 2280 jobs. Completed 225  jobs.
Currently at Page 17  of job DE for MID_LEVEL. Fetched 9.58% jobs in this category. Remaining 2265 jobs. Completed 240  jobs.
Currently at Page 18  of job DE for MID_LEVEL. Fetched 10.18% jobs in this category. Remaining 2250 jobs. Completed 255  jobs.
Currently at Page 19  of job DE for MID_LEVEL. Fetched 10.78% jobs in this category. Remaining 2235 jobs. Completed 270  jobs.
Currently at Page 20  of job DE for MID_LEVEL. Fetched 11.38% jobs in this category. Remaining 2220 jobs. Completed 285  jobs.
Currently at Page 21  of job DE for MID_LEVEL. Fetched 11.98% jobs in this category. Remaining 2205 jobs. Completed 300  jobs.
Currently at Page 22  of job DE for MID_LEVEL. Fetched 12.57% jobs in this category. Remaining 2190 jobs. Completed 315  jobs.
Currently at Page 23  of job DE for MID_LEVEL. Fetched 13.17% jobs in this category. Remaining 2175 jobs. Completed 330  jobs.
Currently at Page 24  of job DE for MID_LEVEL. Fetched 13.77% jobs in this category. Remaining 2160 jobs. Completed 345  jobs.
Currently at Page 25  of job DE for MID_LEVEL. Fetched 14.37% jobs in this category. Remaining 2145 jobs. Completed 360  jobs.
Currently at Page 26  of job DE for MID_LEVEL. Fetched 14.97% jobs in this category. Remaining 2130 jobs. Completed 375  jobs.
Currently at Page 27  of job DE for MID_LEVEL. Fetched 15.57% jobs in this category. Remaining 2115 jobs. Completed 390  jobs.
Currently at Page 28  of job DE for MID_LEVEL. Fetched 16.17% jobs in this category. Remaining 2100 jobs. Completed 405  jobs.
Currently at Page 29  of job DE for MID_LEVEL. Fetched 16.77% jobs in this category. Remaining 2085 jobs. Completed 420  jobs.
Currently at Page 30  of job DE for MID_LEVEL. Fetched 17.37% jobs in this category. Remaining 2070 jobs. Completed 435  jobs.
Currently at Page 31  of job DE for MID_LEVEL. Fetched 17.96% jobs in this category. Remaining 2055 jobs. Completed 450  jobs.
Currently at Page 32  of job DE for MID_LEVEL. Fetched 18.56% jobs in this category. Remaining 2040 jobs. Completed 465  jobs.
Currently at Page 33  of job DE for MID_LEVEL. Fetched 19.16% jobs in this category. Remaining 2025 jobs. Completed 480  jobs.
Currently at Page 34  of job DE for MID_LEVEL. Fetched 19.76% jobs in this category. Remaining 2010 jobs. Completed 495  jobs.
Currently at Page 35  of job DE for MID_LEVEL. Fetched 20.36% jobs in this category. Remaining 1995 jobs. Completed 510  jobs.
Currently at Page 36  of job DE for MID_LEVEL. Fetched 20.96% jobs in this category. Remaining 1980 jobs. Completed 525  jobs.
Currently at Page 37  of job DE for MID_LEVEL. Fetched 21.56% jobs in this category. Remaining 1965 jobs. Completed 540  jobs.
Currently at Page 38  of job DE for MID_LEVEL. Fetched 22.16% jobs in this category. Remaining 1950 jobs. Completed 555  jobs.
Currently at Page 39  of job DE for MID_LEVEL. Fetched 22.75% jobs in this category. Remaining 1935 jobs. Completed 570  jobs.
Currently at Page 40  of job DE for MID_LEVEL. Fetched 23.35% jobs in this category. Remaining 1920 jobs. Completed 585  jobs.
Currently at Page 41  of job DE for MID_LEVEL. Fetched 23.95% jobs in this category. Remaining 1905 jobs. Completed 600  jobs.
Currently at Page 42  of job DE for MID_LEVEL. Fetched 24.55% jobs in this category. Remaining 1890 jobs. Completed 615  jobs.
Currently at Page 43  of job DE for MID_LEVEL. Fetched 25.15% jobs in this category. Remaining 1875 jobs. Completed 630  jobs.
Currently at Page 44  of job DE for MID_LEVEL. Fetched 25.75% jobs in this category. Remaining 1860 jobs. Completed 645  jobs.
Currently at Page 45  of job DE for MID_LEVEL. Fetched 26.35% jobs in this category. Remaining 1845 jobs. Completed 660  jobs.
Currently at Page 46  of job DE for MID_LEVEL. Fetched 26.95% jobs in this category. Remaining 1830 jobs. Completed 675  jobs.
Currently at Page 47  of job DE for MID_LEVEL. Fetched 27.54% jobs in this category. Remaining 1815 jobs. Completed 690  jobs.
Currently at Page 48  of job DE for MID_LEVEL. Fetched 28.14% jobs in this category. Remaining 1800 jobs. Completed 705  jobs.
Currently at Page 49  of job DE for MID_LEVEL. Fetched 28.74% jobs in this category. Remaining 1785 jobs. Completed 720  jobs.
Currently at Page 50  of job DE for MID_LEVEL. Fetched 29.34% jobs in this category. Remaining 1770 jobs. Completed 735  jobs.
Currently at Page 51  of job DE for MID_LEVEL. Fetched 29.94% jobs in this category. Remaining 1755 jobs. Completed 750  jobs.
Currently at Page 52  of job DE for MID_LEVEL. Fetched 30.54% jobs in this category. Remaining 1740 jobs. Completed 765  jobs.
Currently at Page 53  of job DE for MID_LEVEL. Fetched 31.14% jobs in this category. Remaining 1725 jobs. Completed 780  jobs.
Currently at Page 54  of job DE for MID_LEVEL. Fetched 31.74% jobs in this category. Remaining 1710 jobs. Completed 795  jobs.
Currently at Page 55  of job DE for MID_LEVEL. Fetched 32.34% jobs in this category. Remaining 1695 jobs. Completed 810  jobs.
Currently at Page 56  of job DE for MID_LEVEL. Fetched 32.93% jobs in this category. Remaining 1680 jobs. Completed 825  jobs.
Currently at Page 57  of job DE for MID_LEVEL. Fetched 33.53% jobs in this category. Remaining 1665 jobs. Completed 840  jobs.
Currently at Page 58  of job DE for MID_LEVEL. Fetched 34.13% jobs in this category. Remaining 1650 jobs. Completed 855  jobs.
Currently at Page 59  of job DE for MID_LEVEL. Fetched 34.73% jobs in this category. Remaining 1635 jobs. Completed 870  jobs.
Currently at Page 60  of job DE for MID_LEVEL. Fetched 35.33% jobs in this category. Remaining 1620 jobs. Completed 885  jobs.
Currently at Page 61  of job DE for MID_LEVEL. Fetched 35.93% jobs in this category. Remaining 1605 jobs. Completed 900  jobs.
Currently at Page 62  of job DE for MID_LEVEL. Fetched 36.53% jobs in this category. Remaining 1590 jobs. Completed 915  jobs.
Currently at Page 63  of job DE for MID_LEVEL. Fetched 37.13% jobs in this category. Remaining 1575 jobs. Completed 930  jobs.
Currently at Page 64  of job DE for MID_LEVEL. Fetched 37.72% jobs in this category. Remaining 1560 jobs. Completed 945  jobs.
Currently at Page 65  of job DE for MID_LEVEL. Fetched 38.32% jobs in this category. Remaining 1545 jobs. Completed 960  jobs.
Currently at Page 66  of job DE for MID_LEVEL. Fetched 38.92% jobs in this category. Remaining 1530 jobs. Completed 975  jobs.
Currently at Page 67  of job DE for MID_LEVEL. Fetched 39.52% jobs in this category. Remaining 1515 jobs. Completed 990  jobs.
Currently at Page 68  of job DE for MID_LEVEL. Fetched 40.12% jobs in this category. Remaining 1500 jobs. Completed 1005 jobs.


The time taken to run this job is 7.84
