Currently at Page 1   of job DE for SENIOR_LEVEL. Fetched 0.00% jobs in this category. Remaining 1284 jobs. Completed 0    jobs.
Currently at Page 2   of job DE for SENIOR_LEVEL. Fetched 1.17% jobs in this category. Remaining 1269 jobs. Completed 15   jobs.
Currently at Page 3   of job DE for SENIOR_LEVEL. Fetched 2.34% jobs in this category. Remaining 1254 jobs. Completed 30   jobs.
Currently at Page 4   of job DE for SENIOR_LEVEL. Fetched 3.50% jobs in this category. Remaining 1239 jobs. Completed 45   jobs.
Currently at Page 5   of job DE for SENIOR_LEVEL. Fetched 4.67% jobs in this category. Remaining 1224 jobs. Completed 60   jobs.
Currently at Page 6   of job DE for SENIOR_LEVEL. Fetched 5.84% jobs in this category. Remaining 1209 jobs. Completed 75   jobs.
Currently at Page 7   of job DE for SENIOR_LEVEL. Fetched 7.01% jobs in this category. Remaining 1194 jobs. Completed 90   jobs.
Currently at Page 8   of job DE for SENIOR_LEVEL. Fetched 8.18% jobs in this category. Remaining 1179 jobs. Completed 105  jobs.
Currently at Page 9   of job DE for SENIOR_LEVEL. Fetched 9.35% jobs in this category. Remaining 1164 jobs. Completed 120  jobs.
Currently at Page 10  of job DE for SENIOR_LEVEL. Fetched 10.51% jobs in this category. Remaining 1149 jobs. Completed 135  jobs.
Currently at Page 11  of job DE for SENIOR_LEVEL. Fetched 11.68% jobs in this category. Remaining 1134 jobs. Completed 150  jobs.
Currently at Page 12  of job DE for SENIOR_LEVEL. Fetched 12.85% jobs in this category. Remaining 1119 jobs. Completed 165  jobs.
Currently at Page 13  of job DE for SENIOR_LEVEL. Fetched 14.02% jobs in this category. Remaining 1104 jobs. Completed 180  jobs.
Currently at Page 14  of job DE for SENIOR_LEVEL. Fetched 15.19% jobs in this category. Remaining 1089 jobs. Completed 195  jobs.
Currently at Page 15  of job DE for SENIOR_LEVEL. Fetched 16.36% jobs in this category. Remaining 1074 jobs. Completed 210  jobs.
Currently at Page 16  of job DE for SENIOR_LEVEL. Fetched 17.52% jobs in this category. Remaining 1059 jobs. Completed 225  jobs.
Currently at Page 17  of job DE for SENIOR_LEVEL. Fetched 18.69% jobs in this category. Remaining 1044 jobs. Completed 240  jobs.
Currently at Page 18  of job DE for SENIOR_LEVEL. Fetched 19.86% jobs in this category. Remaining 1029 jobs. Completed 255  jobs.
Currently at Page 19  of job DE for SENIOR_LEVEL. Fetched 21.03% jobs in this category. Remaining 1014 jobs. Completed 270  jobs.
Currently at Page 20  of job DE for SENIOR_LEVEL. Fetched 22.20% jobs in this category. Remaining 999  jobs. Completed 285  jobs.
Currently at Page 21  of job DE for SENIOR_LEVEL. Fetched 23.36% jobs in this category. Remaining 984  jobs. Completed 300  jobs.
Currently at Page 22  of job DE for SENIOR_LEVEL. Fetched 24.53% jobs in this category. Remaining 969  jobs. Completed 315  jobs.
Currently at Page 23  of job DE for SENIOR_LEVEL. Fetched 25.70% jobs in this category. Remaining 954  jobs. Completed 330  jobs.
Currently at Page 24  of job DE for SENIOR_LEVEL. Fetched 26.87% jobs in this category. Remaining 939  jobs. Completed 345  jobs.
Currently at Page 25  of job DE for SENIOR_LEVEL. Fetched 28.04% jobs in this category. Remaining 924  jobs. Completed 360  jobs.
Currently at Page 26  of job DE for SENIOR_LEVEL. Fetched 29.21% jobs in this category. Remaining 909  jobs. Completed 375  jobs.
Currently at Page 27  of job DE for SENIOR_LEVEL. Fetched 30.37% jobs in this category. Remaining 894  jobs. Completed 390  jobs.
Currently at Page 28  of job DE for SENIOR_LEVEL. Fetched 31.54% jobs in this category. Remaining 879  jobs. Completed 405  jobs.
Currently at Page 29  of job DE for SENIOR_LEVEL. Fetched 32.71% jobs in this category. Remaining 864  jobs. Completed 420  jobs.
Currently at Page 30  of job DE for SENIOR_LEVEL. Fetched 33.88% jobs in this category. Remaining 849  jobs. Completed 435  jobs.
Currently at Page 31  of job DE for SENIOR_LEVEL. Fetched 35.05% jobs in this category. Remaining 834  jobs. Completed 450  jobs.
Currently at Page 32  of job DE for SENIOR_LEVEL. Fetched 36.21% jobs in this category. Remaining 819  jobs. Completed 465  jobs.
Currently at Page 33  of job DE for SENIOR_LEVEL. Fetched 37.38% jobs in this category. Remaining 804  jobs. Completed 480  jobs.
Currently at Page 34  of job DE for SENIOR_LEVEL. Fetched 38.55% jobs in this category. Remaining 789  jobs. Completed 495  jobs.
Currently at Page 35  of job DE for SENIOR_LEVEL. Fetched 39.72% jobs in this category. Remaining 774  jobs. Completed 510  jobs.
Currently at Page 36  of job DE for SENIOR_LEVEL. Fetched 40.89% jobs in this category. Remaining 759  jobs. Completed 525  jobs.
Currently at Page 37  of job DE for SENIOR_LEVEL. Fetched 42.06% jobs in this category. Remaining 744  jobs. Completed 540  jobs.
Currently at Page 38  of job DE for SENIOR_LEVEL. Fetched 43.22% jobs in this category. Remaining 729  jobs. Completed 555  jobs.
Currently at Page 39  of job DE for SENIOR_LEVEL. Fetched 44.39% jobs in this category. Remaining 714  jobs. Completed 570  jobs.
Currently at Page 40  of job DE for SENIOR_LEVEL. Fetched 45.56% jobs in this category. Remaining 699  jobs. Completed 585  jobs.
Currently at Page 41  of job DE for SENIOR_LEVEL. Fetched 46.73% jobs in this category. Remaining 684  jobs. Completed 600  jobs.
Currently at Page 42  of job DE for SENIOR_LEVEL. Fetched 47.90% jobs in this category. Remaining 669  jobs. Completed 615  jobs.
Currently at Page 43  of job DE for SENIOR_LEVEL. Fetched 49.07% jobs in this category. Remaining 654  jobs. Completed 630  jobs.
Currently at Page 44  of job DE for SENIOR_LEVEL. Fetched 50.23% jobs in this category. Remaining 639  jobs. Completed 645  jobs.
Currently at Page 45  of job DE for SENIOR_LEVEL. Fetched 51.40% jobs in this category. Remaining 624  jobs. Completed 660  jobs.
Currently at Page 46  of job DE for SENIOR_LEVEL. Fetched 52.57% jobs in this category. Remaining 609  jobs. Completed 675  jobs.
Currently at Page 47  of job DE for SENIOR_LEVEL. Fetched 53.74% jobs in this category. Remaining 594  jobs. Completed 690  jobs.
Currently at Page 48  of job DE for SENIOR_LEVEL. Fetched 54.91% jobs in this category. Remaining 579  jobs. Completed 705  jobs.
Currently at Page 49  of job DE for SENIOR_LEVEL. Fetched 56.07% jobs in this category. Remaining 564  jobs. Completed 720  jobs.
Currently at Page 50  of job DE for SENIOR_LEVEL. Fetched 57.24% jobs in this category. Remaining 549  jobs. Completed 735  jobs.
Currently at Page 51  of job DE for SENIOR_LEVEL. Fetched 58.41% jobs in this category. Remaining 534  jobs. Completed 750  jobs.
Currently at Page 52  of job DE for SENIOR_LEVEL. Fetched 59.58% jobs in this category. Remaining 519  jobs. Completed 765  jobs.
Currently at Page 53  of job DE for SENIOR_LEVEL. Fetched 60.75% jobs in this category. Remaining 504  jobs. Completed 780  jobs.
Currently at Page 54  of job DE for SENIOR_LEVEL. Fetched 61.92% jobs in this category. Remaining 489  jobs. Completed 795  jobs.
Currently at Page 55  of job DE for SENIOR_LEVEL. Fetched 63.08% jobs in this category. Remaining 474  jobs. Completed 810  jobs.
Currently at Page 56  of job DE for SENIOR_LEVEL. Fetched 64.25% jobs in this category. Remaining 459  jobs. Completed 825  jobs.
Currently at Page 57  of job DE for SENIOR_LEVEL. Fetched 65.42% jobs in this category. Remaining 444  jobs. Completed 840  jobs.
Currently at Page 58  of job DE for SENIOR_LEVEL. Fetched 66.59% jobs in this category. Remaining 429  jobs. Completed 855  jobs.
Currently at Page 59  of job DE for SENIOR_LEVEL. Fetched 67.76% jobs in this category. Remaining 414  jobs. Completed 870  jobs.
Currently at Page 60  of job DE for SENIOR_LEVEL. Fetched 68.93% jobs in this category. Remaining 399  jobs. Completed 885  jobs.
Currently at Page 61  of job DE for SENIOR_LEVEL. Fetched 70.09% jobs in this category. Remaining 384  jobs. Completed 900  jobs.
Currently at Page 62  of job DE for SENIOR_LEVEL. Fetched 71.26% jobs in this category. Remaining 369  jobs. Completed 915  jobs.
Currently at Page 63  of job DE for SENIOR_LEVEL. Fetched 72.43% jobs in this category. Remaining 354  jobs. Completed 930  jobs.
Currently at Page 64  of job DE for SENIOR_LEVEL. Fetched 73.60% jobs in this category. Remaining 339  jobs. Completed 945  jobs.
Currently at Page 65  of job DE for SENIOR_LEVEL. Fetched 74.77% jobs in this category. Remaining 324  jobs. Completed 960  jobs.
Currently at Page 66  of job DE for SENIOR_LEVEL. Fetched 75.93% jobs in this category. Remaining 309  jobs. Completed 975  jobs.
Currently at Page 67  of job DE for SENIOR_LEVEL. Fetched 77.10% jobs in this category. Remaining 294  jobs. Completed 990  jobs.


The time taken to run this job is 7.75
