Currently at Page 1   of job ME for ENTRY_LEVEL. Fetched 0.00% jobs in this category. Remaining 2751 jobs. Completed 0    jobs.
Currently at Page 2   of job ME for ENTRY_LEVEL. Fetched 0.55% jobs in this category. Remaining 2736 jobs. Completed 15   jobs.
Currently at Page 3   of job ME for ENTRY_LEVEL. Fetched 1.09% jobs in this category. Remaining 2721 jobs. Completed 30   jobs.
Currently at Page 4   of job ME for ENTRY_LEVEL. Fetched 1.64% jobs in this category. Remaining 2706 jobs. Completed 45   jobs.
Currently at Page 5   of job ME for ENTRY_LEVEL. Fetched 2.18% jobs in this category. Remaining 2691 jobs. Completed 60   jobs.
Currently at Page 6   of job ME for ENTRY_LEVEL. Fetched 2.73% jobs in this category. Remaining 2676 jobs. Completed 75   jobs.
Currently at Page 7   of job ME for ENTRY_LEVEL. Fetched 3.27% jobs in this category. Remaining 2661 jobs. Completed 90   jobs.
Currently at Page 8   of job ME for ENTRY_LEVEL. Fetched 3.82% jobs in this category. Remaining 2646 jobs. Completed 105  jobs.
Currently at Page 9   of job ME for ENTRY_LEVEL. Fetched 4.36% jobs in this category. Remaining 2631 jobs. Completed 120  jobs.
Currently at Page 10  of job ME for ENTRY_LEVEL. Fetched 4.91% jobs in this category. Remaining 2616 jobs. Completed 135  jobs.
Currently at Page 11  of job ME for ENTRY_LEVEL. Fetched 5.45% jobs in this category. Remaining 2601 jobs. Completed 150  jobs.
Currently at Page 12  of job ME for ENTRY_LEVEL. Fetched 6.00% jobs in this category. Remaining 2586 jobs. Completed 165  jobs.
Currently at Page 13  of job ME for ENTRY_LEVEL. Fetched 6.54% jobs in this category. Remaining 2571 jobs. Completed 180  jobs.
Currently at Page 14  of job ME for ENTRY_LEVEL. Fetched 7.09% jobs in this category. Remaining 2556 jobs. Completed 195  jobs.
Currently at Page 15  of job ME for ENTRY_LEVEL. Fetched 7.63% jobs in this category. Remaining 2541 jobs. Completed 210  jobs.
Currently at Page 16  of job ME for ENTRY_LEVEL. Fetched 8.18% jobs in this category. Remaining 2526 jobs. Completed 225  jobs.
Currently at Page 17  of job ME for ENTRY_LEVEL. Fetched 8.72% jobs in this category. Remaining 2511 jobs. Completed 240  jobs.
Currently at Page 18  of job ME for ENTRY_LEVEL. Fetched 9.27% jobs in this category. Remaining 2496 jobs. Completed 255  jobs.
Currently at Page 19  of job ME for ENTRY_LEVEL. Fetched 9.81% jobs in this category. Remaining 2481 jobs. Completed 270  jobs.
Currently at Page 20  of job ME for ENTRY_LEVEL. Fetched 10.36% jobs in this category. Remaining 2466 jobs. Completed 285  jobs.
Currently at Page 21  of job ME for ENTRY_LEVEL. Fetched 10.91% jobs in this category. Remaining 2451 jobs. Completed 300  jobs.
Currently at Page 22  of job ME for ENTRY_LEVEL. Fetched 11.45% jobs in this category. Remaining 2436 jobs. Completed 315  jobs.
Currently at Page 23  of job ME for ENTRY_LEVEL. Fetched 12.00% jobs in this category. Remaining 2421 jobs. Completed 330  jobs.
Currently at Page 24  of job ME for ENTRY_LEVEL. Fetched 12.54% jobs in this category. Remaining 2406 jobs. Completed 345  jobs.
Currently at Page 25  of job ME for ENTRY_LEVEL. Fetched 13.09% jobs in this category. Remaining 2391 jobs. Completed 360  jobs.
Currently at Page 26  of job ME for ENTRY_LEVEL. Fetched 13.63% jobs in this category. Remaining 2376 jobs. Completed 375  jobs.
Currently at Page 27  of job ME for ENTRY_LEVEL. Fetched 14.18% jobs in this category. Remaining 2361 jobs. Completed 390  jobs.
Currently at Page 28  of job ME for ENTRY_LEVEL. Fetched 14.72% jobs in this category. Remaining 2346 jobs. Completed 405  jobs.
Currently at Page 29  of job ME for ENTRY_LEVEL. Fetched 15.27% jobs in this category. Remaining 2331 jobs. Completed 420  jobs.
Currently at Page 30  of job ME for ENTRY_LEVEL. Fetched 15.81% jobs in this category. Remaining 2316 jobs. Completed 435  jobs.
Currently at Page 31  of job ME for ENTRY_LEVEL. Fetched 16.36% jobs in this category. Remaining 2301 jobs. Completed 450  jobs.
Currently at Page 32  of job ME for ENTRY_LEVEL. Fetched 16.90% jobs in this category. Remaining 2286 jobs. Completed 465  jobs.
Currently at Page 33  of job ME for ENTRY_LEVEL. Fetched 17.45% jobs in this category. Remaining 2271 jobs. Completed 480  jobs.
Currently at Page 34  of job ME for ENTRY_LEVEL. Fetched 17.99% jobs in this category. Remaining 2256 jobs. Completed 495  jobs.
Currently at Page 35  of job ME for ENTRY_LEVEL. Fetched 18.54% jobs in this category. Remaining 2241 jobs. Completed 510  jobs.
Currently at Page 36  of job ME for ENTRY_LEVEL. Fetched 19.08% jobs in this category. Remaining 2226 jobs. Completed 525  jobs.
Currently at Page 37  of job ME for ENTRY_LEVEL. Fetched 19.63% jobs in this category. Remaining 2211 jobs. Completed 540  jobs.
Currently at Page 38  of job ME for ENTRY_LEVEL. Fetched 20.17% jobs in this category. Remaining 2196 jobs. Completed 555  jobs.
Currently at Page 39  of job ME for ENTRY_LEVEL. Fetched 20.72% jobs in this category. Remaining 2181 jobs. Completed 570  jobs.
Currently at Page 40  of job ME for ENTRY_LEVEL. Fetched 21.26% jobs in this category. Remaining 2166 jobs. Completed 585  jobs.
Currently at Page 41  of job ME for ENTRY_LEVEL. Fetched 21.81% jobs in this category. Remaining 2151 jobs. Completed 600  jobs.
Currently at Page 42  of job ME for ENTRY_LEVEL. Fetched 22.36% jobs in this category. Remaining 2136 jobs. Completed 615  jobs.
Currently at Page 43  of job ME for ENTRY_LEVEL. Fetched 22.90% jobs in this category. Remaining 2121 jobs. Completed 630  jobs.
Currently at Page 44  of job ME for ENTRY_LEVEL. Fetched 23.45% jobs in this category. Remaining 2106 jobs. Completed 645  jobs.
Currently at Page 45  of job ME for ENTRY_LEVEL. Fetched 23.99% jobs in this category. Remaining 2091 jobs. Completed 660  jobs.
Currently at Page 46  of job ME for ENTRY_LEVEL. Fetched 24.54% jobs in this category. Remaining 2076 jobs. Completed 675  jobs.
Currently at Page 47  of job ME for ENTRY_LEVEL. Fetched 25.08% jobs in this category. Remaining 2061 jobs. Completed 690  jobs.
Currently at Page 48  of job ME for ENTRY_LEVEL. Fetched 25.63% jobs in this category. Remaining 2046 jobs. Completed 705  jobs.
Currently at Page 49  of job ME for ENTRY_LEVEL. Fetched 26.17% jobs in this category. Remaining 2031 jobs. Completed 720  jobs.
Currently at Page 50  of job ME for ENTRY_LEVEL. Fetched 26.72% jobs in this category. Remaining 2016 jobs. Completed 735  jobs.
Currently at Page 51  of job ME for ENTRY_LEVEL. Fetched 27.26% jobs in this category. Remaining 2001 jobs. Completed 750  jobs.
Currently at Page 52  of job ME for ENTRY_LEVEL. Fetched 27.81% jobs in this category. Remaining 1986 jobs. Completed 765  jobs.
Currently at Page 53  of job ME for ENTRY_LEVEL. Fetched 28.35% jobs in this category. Remaining 1971 jobs. Completed 780  jobs.
Currently at Page 54  of job ME for ENTRY_LEVEL. Fetched 28.90% jobs in this category. Remaining 1956 jobs. Completed 795  jobs.
Currently at Page 55  of job ME for ENTRY_LEVEL. Fetched 29.44% jobs in this category. Remaining 1941 jobs. Completed 810  jobs.
Currently at Page 56  of job ME for ENTRY_LEVEL. Fetched 29.99% jobs in this category. Remaining 1926 jobs. Completed 825  jobs.
Currently at Page 57  of job ME for ENTRY_LEVEL. Fetched 30.53% jobs in this category. Remaining 1911 jobs. Completed 840  jobs.
Currently at Page 58  of job ME for ENTRY_LEVEL. Fetched 31.08% jobs in this category. Remaining 1896 jobs. Completed 855  jobs.
Currently at Page 59  of job ME for ENTRY_LEVEL. Fetched 31.62% jobs in this category. Remaining 1881 jobs. Completed 870  jobs.
Currently at Page 60  of job ME for ENTRY_LEVEL. Fetched 32.17% jobs in this category. Remaining 1866 jobs. Completed 885  jobs.
Currently at Page 61  of job ME for ENTRY_LEVEL. Fetched 32.72% jobs in this category. Remaining 1851 jobs. Completed 900  jobs.
Currently at Page 62  of job ME for ENTRY_LEVEL. Fetched 33.26% jobs in this category. Remaining 1836 jobs. Completed 915  jobs.
Currently at Page 63  of job ME for ENTRY_LEVEL. Fetched 33.81% jobs in this category. Remaining 1821 jobs. Completed 930  jobs.
Currently at Page 64  of job ME for ENTRY_LEVEL. Fetched 34.35% jobs in this category. Remaining 1806 jobs. Completed 945  jobs.
Currently at Page 65  of job ME for ENTRY_LEVEL. Fetched 34.90% jobs in this category. Remaining 1791 jobs. Completed 960  jobs.
Currently at Page 66  of job ME for ENTRY_LEVEL. Fetched 35.22% jobs in this category. Remaining 1782 jobs. Completed 969  jobs.
Currently at Page 67  of job ME for ENTRY_LEVEL. Fetched 35.77% jobs in this category. Remaining 1767 jobs. Completed 984  jobs.
Currently at Page 68  of job ME for ENTRY_LEVEL. Fetched 36.31% jobs in this category. Remaining 1752 jobs. Completed 999  jobs.
Currently at Page 69  of job ME for ENTRY_LEVEL. Fetched 36.86% jobs in this category. Remaining 1737 jobs. Completed 1014 jobs.
Currently at Page 70  of job ME for ENTRY_LEVEL. Fetched 37.40% jobs in this category. Remaining 1722 jobs. Completed 1029 jobs.
Currently at Page 71  of job ME for ENTRY_LEVEL. Fetched 37.95% jobs in this category. Remaining 1707 jobs. Completed 1044 jobs.
Currently at Page 72  of job ME for ENTRY_LEVEL. Fetched 38.50% jobs in this category. Remaining 1692 jobs. Completed 1059 jobs.
Currently at Page 73  of job ME for ENTRY_LEVEL. Fetched 39.04% jobs in this category. Remaining 1677 jobs. Completed 1074 jobs.
Currently at Page 74  of job ME for ENTRY_LEVEL. Fetched 39.59% jobs in this category. Remaining 1662 jobs. Completed 1089 jobs.
Currently at Page 75  of job ME for ENTRY_LEVEL. Fetched 40.13% jobs in this category. Remaining 1647 jobs. Completed 1104 jobs.
Currently at Page 76  of job ME for ENTRY_LEVEL. Fetched 40.68% jobs in this category. Remaining 1632 jobs. Completed 1119 jobs.
Currently at Page 77  of job ME for ENTRY_LEVEL. Fetched 41.22% jobs in this category. Remaining 1617 jobs. Completed 1134 jobs.
Currently at Page 78  of job ME for ENTRY_LEVEL. Fetched 41.77% jobs in this category. Remaining 1602 jobs. Completed 1149 jobs.
Currently at Page 79  of job ME for ENTRY_LEVEL. Fetched 42.31% jobs in this category. Remaining 1587 jobs. Completed 1164 jobs.
Currently at Page 80  of job ME for ENTRY_LEVEL. Fetched 42.86% jobs in this category. Remaining 1572 jobs. Completed 1179 jobs.
Currently at Page 81  of job ME for ENTRY_LEVEL. Fetched 43.40% jobs in this category. Remaining 1557 jobs. Completed 1194 jobs.
Currently at Page 82  of job ME for ENTRY_LEVEL. Fetched 43.95% jobs in this category. Remaining 1542 jobs. Completed 1209 jobs.
Currently at Page 83  of job ME for ENTRY_LEVEL. Fetched 44.49% jobs in this category. Remaining 1527 jobs. Completed 1224 jobs.
Currently at Page 84  of job ME for ENTRY_LEVEL. Fetched 45.04% jobs in this category. Remaining 1512 jobs. Completed 1239 jobs.
Currently at Page 85  of job ME for ENTRY_LEVEL. Fetched 45.58% jobs in this category. Remaining 1497 jobs. Completed 1254 jobs.
Currently at Page 86  of job ME for ENTRY_LEVEL. Fetched 46.13% jobs in this category. Remaining 1482 jobs. Completed 1269 jobs.
Currently at Page 87  of job ME for ENTRY_LEVEL. Fetched 46.67% jobs in this category. Remaining 1467 jobs. Completed 1284 jobs.
Currently at Page 88  of job ME for ENTRY_LEVEL. Fetched 47.22% jobs in this category. Remaining 1452 jobs. Completed 1299 jobs.
Currently at Page 89  of job ME for ENTRY_LEVEL. Fetched 47.76% jobs in this category. Remaining 1437 jobs. Completed 1314 jobs.
Currently at Page 90  of job ME for ENTRY_LEVEL. Fetched 48.31% jobs in this category. Remaining 1422 jobs. Completed 1329 jobs.
Currently at Page 91  of job ME for ENTRY_LEVEL. Fetched 48.85% jobs in this category. Remaining 1407 jobs. Completed 1344 jobs.
Currently at Page 92  of job ME for ENTRY_LEVEL. Fetched 49.40% jobs in this category. Remaining 1392 jobs. Completed 1359 jobs.
Currently at Page 93  of job ME for ENTRY_LEVEL. Fetched 49.95% jobs in this category. Remaining 1377 jobs. Completed 1374 jobs.
Currently at Page 94  of job ME for ENTRY_LEVEL. Fetched 50.49% jobs in this category. Remaining 1362 jobs. Completed 1389 jobs.
Currently at Page 95  of job ME for ENTRY_LEVEL. Fetched 51.04% jobs in this category. Remaining 1347 jobs. Completed 1404 jobs.
Currently at Page 96  of job ME for ENTRY_LEVEL. Fetched 51.58% jobs in this category. Remaining 1332 jobs. Completed 1419 jobs.
Currently at Page 97  of job ME for ENTRY_LEVEL. Fetched 52.13% jobs in this category. Remaining 1317 jobs. Completed 1434 jobs.
Currently at Page 98  of job ME for ENTRY_LEVEL. Fetched 52.67% jobs in this category. Remaining 1302 jobs. Completed 1449 jobs.
Currently at Page 99  of job ME for ENTRY_LEVEL. Fetched 53.22% jobs in this category. Remaining 1287 jobs. Completed 1464 jobs.
Currently at Page 100 of job ME for ENTRY_LEVEL. Fetched 53.76% jobs in this category. Remaining 1272 jobs. Completed 1479 jobs.
Currently at Page 101 of job ME for ENTRY_LEVEL. Fetched 54.31% jobs in this category. Remaining 1257 jobs. Completed 1494 jobs.
Currently at Page 102 of job ME for ENTRY_LEVEL. Fetched 54.85% jobs in this category. Remaining 1242 jobs. Completed 1509 jobs.
Currently at Page 103 of job ME for ENTRY_LEVEL. Fetched 55.40% jobs in this category. Remaining 1227 jobs. Completed 1524 jobs.
Currently at Page 104 of job ME for ENTRY_LEVEL. Fetched 55.94% jobs in this category. Remaining 1212 jobs. Completed 1539 jobs.
Currently at Page 105 of job ME for ENTRY_LEVEL. Fetched 56.49% jobs in this category. Remaining 1197 jobs. Completed 1554 jobs.
Currently at Page 106 of job ME for ENTRY_LEVEL. Fetched 57.03% jobs in this category. Remaining 1182 jobs. Completed 1569 jobs.
Currently at Page 107 of job ME for ENTRY_LEVEL. Fetched 57.58% jobs in this category. Remaining 1167 jobs. Completed 1584 jobs.
Currently at Page 108 of job ME for ENTRY_LEVEL. Fetched 58.12% jobs in this category. Remaining 1152 jobs. Completed 1599 jobs.
Currently at Page 109 of job ME for ENTRY_LEVEL. Fetched 58.67% jobs in this category. Remaining 1137 jobs. Completed 1614 jobs.
Currently at Page 110 of job ME for ENTRY_LEVEL. Fetched 59.21% jobs in this category. Remaining 1122 jobs. Completed 1629 jobs.
Currently at Page 111 of job ME for ENTRY_LEVEL. Fetched 59.76% jobs in this category. Remaining 1107 jobs. Completed 1644 jobs.
Currently at Page 112 of job ME for ENTRY_LEVEL. Fetched 60.31% jobs in this category. Remaining 1092 jobs. Completed 1659 jobs.
Currently at Page 113 of job ME for ENTRY_LEVEL. Fetched 60.85% jobs in this category. Remaining 1077 jobs. Completed 1674 jobs.
Currently at Page 114 of job ME for ENTRY_LEVEL. Fetched 61.40% jobs in this category. Remaining 1062 jobs. Completed 1689 jobs.
Currently at Page 115 of job ME for ENTRY_LEVEL. Fetched 61.94% jobs in this category. Remaining 1047 jobs. Completed 1704 jobs.
Currently at Page 116 of job ME for ENTRY_LEVEL. Fetched 62.49% jobs in this category. Remaining 1032 jobs. Completed 1719 jobs.
Currently at Page 117 of job ME for ENTRY_LEVEL. Fetched 63.03% jobs in this category. Remaining 1017 jobs. Completed 1734 jobs.
Currently at Page 118 of job ME for ENTRY_LEVEL. Fetched 63.58% jobs in this category. Remaining 1002 jobs. Completed 1749 jobs.
Currently at Page 119 of job ME for ENTRY_LEVEL. Fetched 64.12% jobs in this category. Remaining 987  jobs. Completed 1764 jobs.
Currently at Page 120 of job ME for ENTRY_LEVEL. Fetched 64.67% jobs in this category. Remaining 972  jobs. Completed 1779 jobs.
Currently at Page 121 of job ME for ENTRY_LEVEL. Fetched 65.21% jobs in this category. Remaining 957  jobs. Completed 1794 jobs.
Currently at Page 122 of job ME for ENTRY_LEVEL. Fetched 65.76% jobs in this category. Remaining 942  jobs. Completed 1809 jobs.
Currently at Page 123 of job ME for ENTRY_LEVEL. Fetched 66.30% jobs in this category. Remaining 927  jobs. Completed 1824 jobs.
Currently at Page 124 of job ME for ENTRY_LEVEL. Fetched 66.85% jobs in this category. Remaining 912  jobs. Completed 1839 jobs.
Currently at Page 125 of job ME for ENTRY_LEVEL. Fetched 67.39% jobs in this category. Remaining 897  jobs. Completed 1854 jobs.
Currently at Page 126 of job ME for ENTRY_LEVEL. Fetched 67.94% jobs in this category. Remaining 882  jobs. Completed 1869 jobs.
Currently at Page 127 of job ME for ENTRY_LEVEL. Fetched 68.48% jobs in this category. Remaining 867  jobs. Completed 1884 jobs.
Currently at Page 128 of job ME for ENTRY_LEVEL. Fetched 69.03% jobs in this category. Remaining 852  jobs. Completed 1899 jobs.
Currently at Page 129 of job ME for ENTRY_LEVEL. Fetched 69.57% jobs in this category. Remaining 837  jobs. Completed 1914 jobs.
Currently at Page 130 of job ME for ENTRY_LEVEL. Fetched 70.12% jobs in this category. Remaining 822  jobs. Completed 1929 jobs.
Currently at Page 131 of job ME for ENTRY_LEVEL. Fetched 70.67% jobs in this category. Remaining 807  jobs. Completed 1944 jobs.
Currently at Page 132 of job ME for ENTRY_LEVEL. Fetched 71.21% jobs in this category. Remaining 792  jobs. Completed 1959 jobs.
Currently at Page 133 of job ME for ENTRY_LEVEL. Fetched 71.76% jobs in this category. Remaining 777  jobs. Completed 1974 jobs.
Currently at Page 134 of job ME for ENTRY_LEVEL. Fetched 72.30% jobs in this category. Remaining 762  jobs. Completed 1989 jobs.
Currently at Page 135 of job ME for ENTRY_LEVEL. Fetched 72.85% jobs in this category. Remaining 747  jobs. Completed 2004 jobs.
Currently at Page 136 of job ME for ENTRY_LEVEL. Fetched 73.39% jobs in this category. Remaining 732  jobs. Completed 2019 jobs.
Currently at Page 137 of job ME for ENTRY_LEVEL. Fetched 73.94% jobs in this category. Remaining 717  jobs. Completed 2034 jobs.
Currently at Page 138 of job ME for ENTRY_LEVEL. Fetched 74.48% jobs in this category. Remaining 702  jobs. Completed 2049 jobs.
Currently at Page 139 of job ME for ENTRY_LEVEL. Fetched 75.03% jobs in this category. Remaining 687  jobs. Completed 2064 jobs.
Currently at Page 140 of job ME for ENTRY_LEVEL. Fetched 75.57% jobs in this category. Remaining 672  jobs. Completed 2079 jobs.
Currently at Page 141 of job ME for ENTRY_LEVEL. Fetched 76.12% jobs in this category. Remaining 657  jobs. Completed 2094 jobs.
Currently at Page 142 of job ME for ENTRY_LEVEL. Fetched 76.66% jobs in this category. Remaining 642  jobs. Completed 2109 jobs.
Currently at Page 143 of job ME for ENTRY_LEVEL. Fetched 77.21% jobs in this category. Remaining 627  jobs. Completed 2124 jobs.
Currently at Page 144 of job ME for ENTRY_LEVEL. Fetched 77.75% jobs in this category. Remaining 612  jobs. Completed 2139 jobs.
Currently at Page 145 of job ME for ENTRY_LEVEL. Fetched 78.30% jobs in this category. Remaining 597  jobs. Completed 2154 jobs.
Currently at Page 146 of job ME for ENTRY_LEVEL. Fetched 78.84% jobs in this category. Remaining 582  jobs. Completed 2169 jobs.
Currently at Page 147 of job ME for ENTRY_LEVEL. Fetched 79.39% jobs in this category. Remaining 567  jobs. Completed 2184 jobs.
Currently at Page 148 of job ME for ENTRY_LEVEL. Fetched 79.93% jobs in this category. Remaining 552  jobs. Completed 2199 jobs.
Currently at Page 149 of job ME for ENTRY_LEVEL. Fetched 80.48% jobs in this category. Remaining 537  jobs. Completed 2214 jobs.
Currently at Page 150 of job ME for ENTRY_LEVEL. Fetched 81.03% jobs in this category. Remaining 522  jobs. Completed 2229 jobs.
Currently at Page 151 of job ME for ENTRY_LEVEL. Fetched 81.57% jobs in this category. Remaining 507  jobs. Completed 2244 jobs.
Currently at Page 152 of job ME for ENTRY_LEVEL. Fetched 82.12% jobs in this category. Remaining 492  jobs. Completed 2259 jobs.
Currently at Page 153 of job ME for ENTRY_LEVEL. Fetched 82.66% jobs in this category. Remaining 477  jobs. Completed 2274 jobs.
Currently at Page 154 of job ME for ENTRY_LEVEL. Fetched 83.21% jobs in this category. Remaining 462  jobs. Completed 2289 jobs.
Currently at Page 155 of job ME for ENTRY_LEVEL. Fetched 83.75% jobs in this category. Remaining 447  jobs. Completed 2304 jobs.
Currently at Page 156 of job ME for ENTRY_LEVEL. Fetched 84.30% jobs in this category. Remaining 432  jobs. Completed 2319 jobs.
Currently at Page 157 of job ME for ENTRY_LEVEL. Fetched 84.84% jobs in this category. Remaining 417  jobs. Completed 2334 jobs.
Currently at Page 158 of job ME for ENTRY_LEVEL. Fetched 85.39% jobs in this category. Remaining 402  jobs. Completed 2349 jobs.
Currently at Page 159 of job ME for ENTRY_LEVEL. Fetched 85.93% jobs in this category. Remaining 387  jobs. Completed 2364 jobs.
Currently at Page 160 of job ME for ENTRY_LEVEL. Fetched 86.48% jobs in this category. Remaining 372  jobs. Completed 2379 jobs.
Currently at Page 161 of job ME for ENTRY_LEVEL. Fetched 87.02% jobs in this category. Remaining 357  jobs. Completed 2394 jobs.
Currently at Page 162 of job ME for ENTRY_LEVEL. Fetched 87.57% jobs in this category. Remaining 342  jobs. Completed 2409 jobs.
Currently at Page 163 of job ME for ENTRY_LEVEL. Fetched 88.11% jobs in this category. Remaining 327  jobs. Completed 2424 jobs.
Currently at Page 164 of job ME for ENTRY_LEVEL. Fetched 88.66% jobs in this category. Remaining 312  jobs. Completed 2439 jobs.
Currently at Page 165 of job ME for ENTRY_LEVEL. Fetched 89.20% jobs in this category. Remaining 297  jobs. Completed 2454 jobs.
Currently at Page 166 of job ME for ENTRY_LEVEL. Fetched 89.75% jobs in this category. Remaining 282  jobs. Completed 2469 jobs.
Currently at Page 167 of job ME for ENTRY_LEVEL. Fetched 90.29% jobs in this category. Remaining 267  jobs. Completed 2484 jobs.
Currently at Page 168 of job ME for ENTRY_LEVEL. Fetched 90.84% jobs in this category. Remaining 252  jobs. Completed 2499 jobs.
Currently at Page 169 of job ME for ENTRY_LEVEL. Fetched 91.38% jobs in this category. Remaining 237  jobs. Completed 2514 jobs.
Currently at Page 170 of job ME for ENTRY_LEVEL. Fetched 91.93% jobs in this category. Remaining 222  jobs. Completed 2529 jobs.
Currently at Page 171 of job ME for ENTRY_LEVEL. Fetched 92.48% jobs in this category. Remaining 207  jobs. Completed 2544 jobs.
Currently at Page 172 of job ME for ENTRY_LEVEL. Fetched 93.02% jobs in this category. Remaining 192  jobs. Completed 2559 jobs.
Currently at Page 173 of job ME for ENTRY_LEVEL. Fetched 93.57% jobs in this category. Remaining 177  jobs. Completed 2574 jobs.
Currently at Page 174 of job ME for ENTRY_LEVEL. Fetched 94.11% jobs in this category. Remaining 162  jobs. Completed 2589 jobs.
Currently at Page 175 of job ME for ENTRY_LEVEL. Fetched 94.66% jobs in this category. Remaining 147  jobs. Completed 2604 jobs.
Currently at Page 176 of job ME for ENTRY_LEVEL. Fetched 95.20% jobs in this category. Remaining 132  jobs. Completed 2619 jobs.
Currently at Page 177 of job ME for ENTRY_LEVEL. Fetched 95.75% jobs in this category. Remaining 117  jobs. Completed 2634 jobs.
Currently at Page 178 of job ME for ENTRY_LEVEL. Fetched 96.29% jobs in this category. Remaining 102  jobs. Completed 2649 jobs.
Currently at Page 179 of job ME for ENTRY_LEVEL. Fetched 96.84% jobs in this category. Remaining 87   jobs. Completed 2664 jobs.
Currently at Page 180 of job ME for ENTRY_LEVEL. Fetched 97.38% jobs in this category. Remaining 72   jobs. Completed 2679 jobs.
Currently at Page 181 of job ME for ENTRY_LEVEL. Fetched 97.93% jobs in this category. Remaining 57   jobs. Completed 2694 jobs.
Currently at Page 182 of job ME for ENTRY_LEVEL. Fetched 98.47% jobs in this category. Remaining 42   jobs. Completed 2709 jobs.
Currently at Page 183 of job ME for ENTRY_LEVEL. Fetched 99.02% jobs in this category. Remaining 27   jobs. Completed 2724 jobs.
Currently at Page 184 of job ME for ENTRY_LEVEL. Fetched 99.56% jobs in this category. Remaining 12   jobs. Completed 2739 jobs.


The time taken to run this job is 21.47
