Currently at Page 1   of job ME for MID_LEVEL. Fetched 0.00% jobs in this category. Remaining 8363 jobs. Completed 0    jobs.
Currently at Page 2   of job ME for MID_LEVEL. Fetched 0.18% jobs in this category. Remaining 8348 jobs. Completed 15   jobs.
Currently at Page 3   of job ME for MID_LEVEL. Fetched 0.36% jobs in this category. Remaining 8333 jobs. Completed 30   jobs.
Currently at Page 4   of job ME for MID_LEVEL. Fetched 0.54% jobs in this category. Remaining 8318 jobs. Completed 45   jobs.
Currently at Page 5   of job ME for MID_LEVEL. Fetched 0.72% jobs in this category. Remaining 8303 jobs. Completed 60   jobs.
Currently at Page 6   of job ME for MID_LEVEL. Fetched 0.90% jobs in this category. Remaining 8288 jobs. Completed 75   jobs.
Currently at Page 7   of job ME for MID_LEVEL. Fetched 1.08% jobs in this category. Remaining 8273 jobs. Completed 90   jobs.
Currently at Page 8   of job ME for MID_LEVEL. Fetched 1.26% jobs in this category. Remaining 8258 jobs. Completed 105  jobs.
Currently at Page 9   of job ME for MID_LEVEL. Fetched 1.43% jobs in this category. Remaining 8243 jobs. Completed 120  jobs.
Currently at Page 10  of job ME for MID_LEVEL. Fetched 1.61% jobs in this category. Remaining 8228 jobs. Completed 135  jobs.
Currently at Page 11  of job ME for MID_LEVEL. Fetched 1.79% jobs in this category. Remaining 8213 jobs. Completed 150  jobs.
Currently at Page 12  of job ME for MID_LEVEL. Fetched 1.97% jobs in this category. Remaining 8198 jobs. Completed 165  jobs.
Currently at Page 13  of job ME for MID_LEVEL. Fetched 2.15% jobs in this category. Remaining 8183 jobs. Completed 180  jobs.
Currently at Page 14  of job ME for MID_LEVEL. Fetched 2.33% jobs in this category. Remaining 8168 jobs. Completed 195  jobs.
Currently at Page 15  of job ME for MID_LEVEL. Fetched 2.51% jobs in this category. Remaining 8153 jobs. Completed 210  jobs.
Currently at Page 16  of job ME for MID_LEVEL. Fetched 2.69% jobs in this category. Remaining 8138 jobs. Completed 225  jobs.
Currently at Page 17  of job ME for MID_LEVEL. Fetched 2.87% jobs in this category. Remaining 8123 jobs. Completed 240  jobs.
Currently at Page 18  of job ME for MID_LEVEL. Fetched 3.05% jobs in this category. Remaining 8108 jobs. Completed 255  jobs.
Currently at Page 19  of job ME for MID_LEVEL. Fetched 3.23% jobs in this category. Remaining 8093 jobs. Completed 270  jobs.
Currently at Page 20  of job ME for MID_LEVEL. Fetched 3.41% jobs in this category. Remaining 8078 jobs. Completed 285  jobs.
Currently at Page 21  of job ME for MID_LEVEL. Fetched 3.59% jobs in this category. Remaining 8063 jobs. Completed 300  jobs.
Currently at Page 22  of job ME for MID_LEVEL. Fetched 3.77% jobs in this category. Remaining 8048 jobs. Completed 315  jobs.
Currently at Page 23  of job ME for MID_LEVEL. Fetched 3.95% jobs in this category. Remaining 8033 jobs. Completed 330  jobs.
Currently at Page 24  of job ME for MID_LEVEL. Fetched 4.13% jobs in this category. Remaining 8018 jobs. Completed 345  jobs.
Currently at Page 25  of job ME for MID_LEVEL. Fetched 4.30% jobs in this category. Remaining 8003 jobs. Completed 360  jobs.
Currently at Page 26  of job ME for MID_LEVEL. Fetched 4.48% jobs in this category. Remaining 7988 jobs. Completed 375  jobs.
Currently at Page 27  of job ME for MID_LEVEL. Fetched 4.66% jobs in this category. Remaining 7973 jobs. Completed 390  jobs.
Currently at Page 28  of job ME for MID_LEVEL. Fetched 4.84% jobs in this category. Remaining 7958 jobs. Completed 405  jobs.
Currently at Page 29  of job ME for MID_LEVEL. Fetched 5.02% jobs in this category. Remaining 7943 jobs. Completed 420  jobs.
Currently at Page 30  of job ME for MID_LEVEL. Fetched 5.20% jobs in this category. Remaining 7928 jobs. Completed 435  jobs.
Currently at Page 31  of job ME for MID_LEVEL. Fetched 5.38% jobs in this category. Remaining 7913 jobs. Completed 450  jobs.
Currently at Page 32  of job ME for MID_LEVEL. Fetched 5.56% jobs in this category. Remaining 7898 jobs. Completed 465  jobs.
Currently at Page 33  of job ME for MID_LEVEL. Fetched 5.74% jobs in this category. Remaining 7883 jobs. Completed 480  jobs.
Currently at Page 34  of job ME for MID_LEVEL. Fetched 5.92% jobs in this category. Remaining 7868 jobs. Completed 495  jobs.
Currently at Page 35  of job ME for MID_LEVEL. Fetched 6.10% jobs in this category. Remaining 7853 jobs. Completed 510  jobs.
Currently at Page 36  of job ME for MID_LEVEL. Fetched 6.28% jobs in this category. Remaining 7838 jobs. Completed 525  jobs.
Currently at Page 37  of job ME for MID_LEVEL. Fetched 6.46% jobs in this category. Remaining 7823 jobs. Completed 540  jobs.
Currently at Page 38  of job ME for MID_LEVEL. Fetched 6.64% jobs in this category. Remaining 7808 jobs. Completed 555  jobs.
Currently at Page 39  of job ME for MID_LEVEL. Fetched 6.82% jobs in this category. Remaining 7793 jobs. Completed 570  jobs.
Currently at Page 40  of job ME for MID_LEVEL. Fetched 7.00% jobs in this category. Remaining 7778 jobs. Completed 585  jobs.
Currently at Page 41  of job ME for MID_LEVEL. Fetched 7.17% jobs in this category. Remaining 7763 jobs. Completed 600  jobs.
Currently at Page 42  of job ME for MID_LEVEL. Fetched 7.35% jobs in this category. Remaining 7748 jobs. Completed 615  jobs.
Currently at Page 43  of job ME for MID_LEVEL. Fetched 7.53% jobs in this category. Remaining 7733 jobs. Completed 630  jobs.
Currently at Page 44  of job ME for MID_LEVEL. Fetched 7.71% jobs in this category. Remaining 7718 jobs. Completed 645  jobs.
Currently at Page 45  of job ME for MID_LEVEL. Fetched 7.89% jobs in this category. Remaining 7703 jobs. Completed 660  jobs.
Currently at Page 46  of job ME for MID_LEVEL. Fetched 8.07% jobs in this category. Remaining 7688 jobs. Completed 675  jobs.
Currently at Page 47  of job ME for MID_LEVEL. Fetched 8.25% jobs in this category. Remaining 7673 jobs. Completed 690  jobs.
Currently at Page 48  of job ME for MID_LEVEL. Fetched 8.43% jobs in this category. Remaining 7658 jobs. Completed 705  jobs.
Currently at Page 49  of job ME for MID_LEVEL. Fetched 8.61% jobs in this category. Remaining 7643 jobs. Completed 720  jobs.
Currently at Page 50  of job ME for MID_LEVEL. Fetched 8.79% jobs in this category. Remaining 7628 jobs. Completed 735  jobs.
Currently at Page 51  of job ME for MID_LEVEL. Fetched 8.97% jobs in this category. Remaining 7613 jobs. Completed 750  jobs.
Currently at Page 52  of job ME for MID_LEVEL. Fetched 9.15% jobs in this category. Remaining 7598 jobs. Completed 765  jobs.
Currently at Page 53  of job ME for MID_LEVEL. Fetched 9.33% jobs in this category. Remaining 7583 jobs. Completed 780  jobs.
Currently at Page 54  of job ME for MID_LEVEL. Fetched 9.51% jobs in this category. Remaining 7568 jobs. Completed 795  jobs.
Currently at Page 55  of job ME for MID_LEVEL. Fetched 9.69% jobs in this category. Remaining 7553 jobs. Completed 810  jobs.
Currently at Page 56  of job ME for MID_LEVEL. Fetched 9.86% jobs in this category. Remaining 7538 jobs. Completed 825  jobs.
Currently at Page 57  of job ME for MID_LEVEL. Fetched 10.04% jobs in this category. Remaining 7523 jobs. Completed 840  jobs.
Currently at Page 58  of job ME for MID_LEVEL. Fetched 10.22% jobs in this category. Remaining 7508 jobs. Completed 855  jobs.
Currently at Page 59  of job ME for MID_LEVEL. Fetched 10.40% jobs in this category. Remaining 7493 jobs. Completed 870  jobs.
Currently at Page 60  of job ME for MID_LEVEL. Fetched 10.58% jobs in this category. Remaining 7478 jobs. Completed 885  jobs.
Currently at Page 61  of job ME for MID_LEVEL. Fetched 10.76% jobs in this category. Remaining 7463 jobs. Completed 900  jobs.
Currently at Page 62  of job ME for MID_LEVEL. Fetched 10.94% jobs in this category. Remaining 7448 jobs. Completed 915  jobs.
Currently at Page 63  of job ME for MID_LEVEL. Fetched 11.12% jobs in this category. Remaining 7433 jobs. Completed 930  jobs.
Currently at Page 64  of job ME for MID_LEVEL. Fetched 11.30% jobs in this category. Remaining 7418 jobs. Completed 945  jobs.
Currently at Page 65  of job ME for MID_LEVEL. Fetched 11.48% jobs in this category. Remaining 7403 jobs. Completed 960  jobs.
Currently at Page 66  of job ME for MID_LEVEL. Fetched 11.63% jobs in this category. Remaining 7390 jobs. Completed 973  jobs.
Currently at Page 67  of job ME for MID_LEVEL. Fetched 11.81% jobs in this category. Remaining 7375 jobs. Completed 988  jobs.
Currently at Page 68  of job ME for MID_LEVEL. Fetched 11.99% jobs in this category. Remaining 7360 jobs. Completed 1003 jobs.
Currently at Page 69  of job ME for MID_LEVEL. Fetched 12.17% jobs in this category. Remaining 7345 jobs. Completed 1018 jobs.
Currently at Page 70  of job ME for MID_LEVEL. Fetched 12.35% jobs in this category. Remaining 7330 jobs. Completed 1033 jobs.
Currently at Page 71  of job ME for MID_LEVEL. Fetched 12.53% jobs in this category. Remaining 7315 jobs. Completed 1048 jobs.
Currently at Page 72  of job ME for MID_LEVEL. Fetched 12.71% jobs in this category. Remaining 7300 jobs. Completed 1063 jobs.
Currently at Page 73  of job ME for MID_LEVEL. Fetched 12.89% jobs in this category. Remaining 7285 jobs. Completed 1078 jobs.
Currently at Page 74  of job ME for MID_LEVEL. Fetched 13.07% jobs in this category. Remaining 7270 jobs. Completed 1093 jobs.
Currently at Page 75  of job ME for MID_LEVEL. Fetched 13.25% jobs in this category. Remaining 7255 jobs. Completed 1108 jobs.
Currently at Page 76  of job ME for MID_LEVEL. Fetched 13.43% jobs in this category. Remaining 7240 jobs. Completed 1123 jobs.
Currently at Page 77  of job ME for MID_LEVEL. Fetched 13.61% jobs in this category. Remaining 7225 jobs. Completed 1138 jobs.
Currently at Page 78  of job ME for MID_LEVEL. Fetched 13.79% jobs in this category. Remaining 7210 jobs. Completed 1153 jobs.
Currently at Page 79  of job ME for MID_LEVEL. Fetched 13.97% jobs in this category. Remaining 7195 jobs. Completed 1168 jobs.
Currently at Page 80  of job ME for MID_LEVEL. Fetched 14.15% jobs in this category. Remaining 7180 jobs. Completed 1183 jobs.
Currently at Page 81  of job ME for MID_LEVEL. Fetched 14.33% jobs in this category. Remaining 7165 jobs. Completed 1198 jobs.
Currently at Page 82  of job ME for MID_LEVEL. Fetched 14.50% jobs in this category. Remaining 7150 jobs. Completed 1213 jobs.
Currently at Page 83  of job ME for MID_LEVEL. Fetched 14.68% jobs in this category. Remaining 7135 jobs. Completed 1228 jobs.
Currently at Page 84  of job ME for MID_LEVEL. Fetched 14.86% jobs in this category. Remaining 7120 jobs. Completed 1243 jobs.
Currently at Page 85  of job ME for MID_LEVEL. Fetched 15.04% jobs in this category. Remaining 7105 jobs. Completed 1258 jobs.
Currently at Page 86  of job ME for MID_LEVEL. Fetched 15.22% jobs in this category. Remaining 7090 jobs. Completed 1273 jobs.
Currently at Page 87  of job ME for MID_LEVEL. Fetched 15.40% jobs in this category. Remaining 7075 jobs. Completed 1288 jobs.
Currently at Page 88  of job ME for MID_LEVEL. Fetched 15.58% jobs in this category. Remaining 7060 jobs. Completed 1303 jobs.
Currently at Page 89  of job ME for MID_LEVEL. Fetched 15.76% jobs in this category. Remaining 7045 jobs. Completed 1318 jobs.
Currently at Page 90  of job ME for MID_LEVEL. Fetched 15.94% jobs in this category. Remaining 7030 jobs. Completed 1333 jobs.
Currently at Page 91  of job ME for MID_LEVEL. Fetched 16.12% jobs in this category. Remaining 7015 jobs. Completed 1348 jobs.
Currently at Page 92  of job ME for MID_LEVEL. Fetched 16.30% jobs in this category. Remaining 7000 jobs. Completed 1363 jobs.
Currently at Page 93  of job ME for MID_LEVEL. Fetched 16.48% jobs in this category. Remaining 6985 jobs. Completed 1378 jobs.
Currently at Page 94  of job ME for MID_LEVEL. Fetched 16.66% jobs in this category. Remaining 6970 jobs. Completed 1393 jobs.
Currently at Page 95  of job ME for MID_LEVEL. Fetched 16.84% jobs in this category. Remaining 6955 jobs. Completed 1408 jobs.
Currently at Page 96  of job ME for MID_LEVEL. Fetched 17.02% jobs in this category. Remaining 6940 jobs. Completed 1423 jobs.
Currently at Page 97  of job ME for MID_LEVEL. Fetched 17.19% jobs in this category. Remaining 6925 jobs. Completed 1438 jobs.
Currently at Page 98  of job ME for MID_LEVEL. Fetched 17.37% jobs in this category. Remaining 6910 jobs. Completed 1453 jobs.
Currently at Page 99  of job ME for MID_LEVEL. Fetched 17.55% jobs in this category. Remaining 6895 jobs. Completed 1468 jobs.
Currently at Page 100 of job ME for MID_LEVEL. Fetched 17.73% jobs in this category. Remaining 6880 jobs. Completed 1483 jobs.
Currently at Page 101 of job ME for MID_LEVEL. Fetched 17.91% jobs in this category. Remaining 6865 jobs. Completed 1498 jobs.
Currently at Page 102 of job ME for MID_LEVEL. Fetched 18.09% jobs in this category. Remaining 6850 jobs. Completed 1513 jobs.
Currently at Page 103 of job ME for MID_LEVEL. Fetched 18.27% jobs in this category. Remaining 6835 jobs. Completed 1528 jobs.
Currently at Page 104 of job ME for MID_LEVEL. Fetched 18.45% jobs in this category. Remaining 6820 jobs. Completed 1543 jobs.
Currently at Page 105 of job ME for MID_LEVEL. Fetched 18.63% jobs in this category. Remaining 6805 jobs. Completed 1558 jobs.
Currently at Page 106 of job ME for MID_LEVEL. Fetched 18.81% jobs in this category. Remaining 6790 jobs. Completed 1573 jobs.
Currently at Page 107 of job ME for MID_LEVEL. Fetched 18.99% jobs in this category. Remaining 6775 jobs. Completed 1588 jobs.
Currently at Page 108 of job ME for MID_LEVEL. Fetched 19.17% jobs in this category. Remaining 6760 jobs. Completed 1603 jobs.
Currently at Page 109 of job ME for MID_LEVEL. Fetched 19.35% jobs in this category. Remaining 6745 jobs. Completed 1618 jobs.
Currently at Page 110 of job ME for MID_LEVEL. Fetched 19.53% jobs in this category. Remaining 6730 jobs. Completed 1633 jobs.
Currently at Page 111 of job ME for MID_LEVEL. Fetched 19.71% jobs in this category. Remaining 6715 jobs. Completed 1648 jobs.
Currently at Page 112 of job ME for MID_LEVEL. Fetched 19.89% jobs in this category. Remaining 6700 jobs. Completed 1663 jobs.
Currently at Page 113 of job ME for MID_LEVEL. Fetched 20.06% jobs in this category. Remaining 6685 jobs. Completed 1678 jobs.
Currently at Page 114 of job ME for MID_LEVEL. Fetched 20.24% jobs in this category. Remaining 6670 jobs. Completed 1693 jobs.
Currently at Page 115 of job ME for MID_LEVEL. Fetched 20.42% jobs in this category. Remaining 6655 jobs. Completed 1708 jobs.
Currently at Page 116 of job ME for MID_LEVEL. Fetched 20.60% jobs in this category. Remaining 6640 jobs. Completed 1723 jobs.
Currently at Page 117 of job ME for MID_LEVEL. Fetched 20.78% jobs in this category. Remaining 6625 jobs. Completed 1738 jobs.
Currently at Page 118 of job ME for MID_LEVEL. Fetched 20.96% jobs in this category. Remaining 6610 jobs. Completed 1753 jobs.
Currently at Page 119 of job ME for MID_LEVEL. Fetched 21.14% jobs in this category. Remaining 6595 jobs. Completed 1768 jobs.
Currently at Page 120 of job ME for MID_LEVEL. Fetched 21.32% jobs in this category. Remaining 6580 jobs. Completed 1783 jobs.
Currently at Page 121 of job ME for MID_LEVEL. Fetched 21.50% jobs in this category. Remaining 6565 jobs. Completed 1798 jobs.
Currently at Page 122 of job ME for MID_LEVEL. Fetched 21.68% jobs in this category. Remaining 6550 jobs. Completed 1813 jobs.
Currently at Page 123 of job ME for MID_LEVEL. Fetched 21.86% jobs in this category. Remaining 6535 jobs. Completed 1828 jobs.
Currently at Page 124 of job ME for MID_LEVEL. Fetched 22.04% jobs in this category. Remaining 6520 jobs. Completed 1843 jobs.
Currently at Page 125 of job ME for MID_LEVEL. Fetched 22.22% jobs in this category. Remaining 6505 jobs. Completed 1858 jobs.
Currently at Page 126 of job ME for MID_LEVEL. Fetched 22.40% jobs in this category. Remaining 6490 jobs. Completed 1873 jobs.
Currently at Page 127 of job ME for MID_LEVEL. Fetched 22.58% jobs in this category. Remaining 6475 jobs. Completed 1888 jobs.
Currently at Page 128 of job ME for MID_LEVEL. Fetched 22.75% jobs in this category. Remaining 6460 jobs. Completed 1903 jobs.
Currently at Page 129 of job ME for MID_LEVEL. Fetched 22.93% jobs in this category. Remaining 6445 jobs. Completed 1918 jobs.
Currently at Page 130 of job ME for MID_LEVEL. Fetched 23.11% jobs in this category. Remaining 6430 jobs. Completed 1933 jobs.
Currently at Page 131 of job ME for MID_LEVEL. Fetched 23.29% jobs in this category. Remaining 6415 jobs. Completed 1948 jobs.
Currently at Page 132 of job ME for MID_LEVEL. Fetched 23.47% jobs in this category. Remaining 6400 jobs. Completed 1963 jobs.
Currently at Page 133 of job ME for MID_LEVEL. Fetched 23.65% jobs in this category. Remaining 6385 jobs. Completed 1978 jobs.
Currently at Page 134 of job ME for MID_LEVEL. Fetched 23.83% jobs in this category. Remaining 6370 jobs. Completed 1993 jobs.
Currently at Page 135 of job ME for MID_LEVEL. Fetched 24.01% jobs in this category. Remaining 6355 jobs. Completed 2008 jobs.
Currently at Page 136 of job ME for MID_LEVEL. Fetched 24.19% jobs in this category. Remaining 6340 jobs. Completed 2023 jobs.
Currently at Page 137 of job ME for MID_LEVEL. Fetched 24.37% jobs in this category. Remaining 6325 jobs. Completed 2038 jobs.
Currently at Page 138 of job ME for MID_LEVEL. Fetched 24.55% jobs in this category. Remaining 6310 jobs. Completed 2053 jobs.
Currently at Page 139 of job ME for MID_LEVEL. Fetched 24.73% jobs in this category. Remaining 6295 jobs. Completed 2068 jobs.
Currently at Page 140 of job ME for MID_LEVEL. Fetched 24.91% jobs in this category. Remaining 6280 jobs. Completed 2083 jobs.
Currently at Page 141 of job ME for MID_LEVEL. Fetched 25.09% jobs in this category. Remaining 6265 jobs. Completed 2098 jobs.
Currently at Page 142 of job ME for MID_LEVEL. Fetched 25.27% jobs in this category. Remaining 6250 jobs. Completed 2113 jobs.
Currently at Page 143 of job ME for MID_LEVEL. Fetched 25.45% jobs in this category. Remaining 6235 jobs. Completed 2128 jobs.
Currently at Page 144 of job ME for MID_LEVEL. Fetched 25.62% jobs in this category. Remaining 6220 jobs. Completed 2143 jobs.
Currently at Page 145 of job ME for MID_LEVEL. Fetched 25.80% jobs in this category. Remaining 6205 jobs. Completed 2158 jobs.
Currently at Page 146 of job ME for MID_LEVEL. Fetched 25.98% jobs in this category. Remaining 6190 jobs. Completed 2173 jobs.
Currently at Page 147 of job ME for MID_LEVEL. Fetched 26.16% jobs in this category. Remaining 6175 jobs. Completed 2188 jobs.
Currently at Page 148 of job ME for MID_LEVEL. Fetched 26.34% jobs in this category. Remaining 6160 jobs. Completed 2203 jobs.
Currently at Page 149 of job ME for MID_LEVEL. Fetched 26.52% jobs in this category. Remaining 6145 jobs. Completed 2218 jobs.
Currently at Page 150 of job ME for MID_LEVEL. Fetched 26.70% jobs in this category. Remaining 6130 jobs. Completed 2233 jobs.
Currently at Page 151 of job ME for MID_LEVEL. Fetched 26.88% jobs in this category. Remaining 6115 jobs. Completed 2248 jobs.
Currently at Page 152 of job ME for MID_LEVEL. Fetched 27.06% jobs in this category. Remaining 6100 jobs. Completed 2263 jobs.
Currently at Page 153 of job ME for MID_LEVEL. Fetched 27.24% jobs in this category. Remaining 6085 jobs. Completed 2278 jobs.
Currently at Page 154 of job ME for MID_LEVEL. Fetched 27.42% jobs in this category. Remaining 6070 jobs. Completed 2293 jobs.
Currently at Page 155 of job ME for MID_LEVEL. Fetched 27.60% jobs in this category. Remaining 6055 jobs. Completed 2308 jobs.
Currently at Page 156 of job ME for MID_LEVEL. Fetched 27.78% jobs in this category. Remaining 6040 jobs. Completed 2323 jobs.
Currently at Page 157 of job ME for MID_LEVEL. Fetched 27.96% jobs in this category. Remaining 6025 jobs. Completed 2338 jobs.
Currently at Page 158 of job ME for MID_LEVEL. Fetched 28.14% jobs in this category. Remaining 6010 jobs. Completed 2353 jobs.
Currently at Page 159 of job ME for MID_LEVEL. Fetched 28.32% jobs in this category. Remaining 5995 jobs. Completed 2368 jobs.
Currently at Page 160 of job ME for MID_LEVEL. Fetched 28.49% jobs in this category. Remaining 5980 jobs. Completed 2383 jobs.
Currently at Page 161 of job ME for MID_LEVEL. Fetched 28.67% jobs in this category. Remaining 5965 jobs. Completed 2398 jobs.
Currently at Page 162 of job ME for MID_LEVEL. Fetched 28.85% jobs in this category. Remaining 5950 jobs. Completed 2413 jobs.
Currently at Page 163 of job ME for MID_LEVEL. Fetched 29.03% jobs in this category. Remaining 5935 jobs. Completed 2428 jobs.
Currently at Page 164 of job ME for MID_LEVEL. Fetched 29.21% jobs in this category. Remaining 5920 jobs. Completed 2443 jobs.
Currently at Page 165 of job ME for MID_LEVEL. Fetched 29.39% jobs in this category. Remaining 5905 jobs. Completed 2458 jobs.
Currently at Page 166 of job ME for MID_LEVEL. Fetched 29.57% jobs in this category. Remaining 5890 jobs. Completed 2473 jobs.
Currently at Page 167 of job ME for MID_LEVEL. Fetched 29.75% jobs in this category. Remaining 5875 jobs. Completed 2488 jobs.
Currently at Page 168 of job ME for MID_LEVEL. Fetched 29.93% jobs in this category. Remaining 5860 jobs. Completed 2503 jobs.
Currently at Page 169 of job ME for MID_LEVEL. Fetched 30.11% jobs in this category. Remaining 5845 jobs. Completed 2518 jobs.
Currently at Page 170 of job ME for MID_LEVEL. Fetched 30.29% jobs in this category. Remaining 5830 jobs. Completed 2533 jobs.
Currently at Page 171 of job ME for MID_LEVEL. Fetched 30.47% jobs in this category. Remaining 5815 jobs. Completed 2548 jobs.
Currently at Page 172 of job ME for MID_LEVEL. Fetched 30.65% jobs in this category. Remaining 5800 jobs. Completed 2563 jobs.
Currently at Page 173 of job ME for MID_LEVEL. Fetched 30.83% jobs in this category. Remaining 5785 jobs. Completed 2578 jobs.
Currently at Page 174 of job ME for MID_LEVEL. Fetched 31.01% jobs in this category. Remaining 5770 jobs. Completed 2593 jobs.
Currently at Page 175 of job ME for MID_LEVEL. Fetched 31.18% jobs in this category. Remaining 5755 jobs. Completed 2608 jobs.
Currently at Page 176 of job ME for MID_LEVEL. Fetched 31.36% jobs in this category. Remaining 5740 jobs. Completed 2623 jobs.
Currently at Page 177 of job ME for MID_LEVEL. Fetched 31.54% jobs in this category. Remaining 5725 jobs. Completed 2638 jobs.
Currently at Page 178 of job ME for MID_LEVEL. Fetched 31.72% jobs in this category. Remaining 5710 jobs. Completed 2653 jobs.
Currently at Page 179 of job ME for MID_LEVEL. Fetched 31.90% jobs in this category. Remaining 5695 jobs. Completed 2668 jobs.
Currently at Page 180 of job ME for MID_LEVEL. Fetched 32.08% jobs in this category. Remaining 5680 jobs. Completed 2683 jobs.
Currently at Page 181 of job ME for MID_LEVEL. Fetched 32.26% jobs in this category. Remaining 5665 jobs. Completed 2698 jobs.
Currently at Page 182 of job ME for MID_LEVEL. Fetched 32.44% jobs in this category. Remaining 5650 jobs. Completed 2713 jobs.
Currently at Page 183 of job ME for MID_LEVEL. Fetched 32.62% jobs in this category. Remaining 5635 jobs. Completed 2728 jobs.
Currently at Page 184 of job ME for MID_LEVEL. Fetched 32.80% jobs in this category. Remaining 5620 jobs. Completed 2743 jobs.
Currently at Page 185 of job ME for MID_LEVEL. Fetched 32.98% jobs in this category. Remaining 5605 jobs. Completed 2758 jobs.
Currently at Page 186 of job ME for MID_LEVEL. Fetched 33.16% jobs in this category. Remaining 5590 jobs. Completed 2773 jobs.
Currently at Page 187 of job ME for MID_LEVEL. Fetched 33.34% jobs in this category. Remaining 5575 jobs. Completed 2788 jobs.
Currently at Page 188 of job ME for MID_LEVEL. Fetched 33.52% jobs in this category. Remaining 5560 jobs. Completed 2803 jobs.
Currently at Page 189 of job ME for MID_LEVEL. Fetched 33.70% jobs in this category. Remaining 5545 jobs. Completed 2818 jobs.
Currently at Page 190 of job ME for MID_LEVEL. Fetched 33.88% jobs in this category. Remaining 5530 jobs. Completed 2833 jobs.
Currently at Page 191 of job ME for MID_LEVEL. Fetched 34.05% jobs in this category. Remaining 5515 jobs. Completed 2848 jobs.
Currently at Page 192 of job ME for MID_LEVEL. Fetched 34.23% jobs in this category. Remaining 5500 jobs. Completed 2863 jobs.
Currently at Page 193 of job ME for MID_LEVEL. Fetched 34.41% jobs in this category. Remaining 5485 jobs. Completed 2878 jobs.
Currently at Page 194 of job ME for MID_LEVEL. Fetched 34.59% jobs in this category. Remaining 5470 jobs. Completed 2893 jobs.
Currently at Page 195 of job ME for MID_LEVEL. Fetched 34.77% jobs in this category. Remaining 5455 jobs. Completed 2908 jobs.
Currently at Page 196 of job ME for MID_LEVEL. Fetched 34.95% jobs in this category. Remaining 5440 jobs. Completed 2923 jobs.
Currently at Page 197 of job ME for MID_LEVEL. Fetched 35.13% jobs in this category. Remaining 5425 jobs. Completed 2938 jobs.
Currently at Page 198 of job ME for MID_LEVEL. Fetched 35.31% jobs in this category. Remaining 5410 jobs. Completed 2953 jobs.
Currently at Page 199 of job ME for MID_LEVEL. Fetched 35.49% jobs in this category. Remaining 5395 jobs. Completed 2968 jobs.
Currently at Page 200 of job ME for MID_LEVEL. Fetched 35.67% jobs in this category. Remaining 5380 jobs. Completed 2983 jobs.
Currently at Page 201 of job ME for MID_LEVEL. Fetched 35.85% jobs in this category. Remaining 5365 jobs. Completed 2998 jobs.
Currently at Page 202 of job ME for MID_LEVEL. Fetched 36.03% jobs in this category. Remaining 5350 jobs. Completed 3013 jobs.
Currently at Page 203 of job ME for MID_LEVEL. Fetched 36.21% jobs in this category. Remaining 5335 jobs. Completed 3028 jobs.
Currently at Page 204 of job ME for MID_LEVEL. Fetched 36.39% jobs in this category. Remaining 5320 jobs. Completed 3043 jobs.
Currently at Page 205 of job ME for MID_LEVEL. Fetched 36.57% jobs in this category. Remaining 5305 jobs. Completed 3058 jobs.
Currently at Page 206 of job ME for MID_LEVEL. Fetched 36.75% jobs in this category. Remaining 5290 jobs. Completed 3073 jobs.
Currently at Page 207 of job ME for MID_LEVEL. Fetched 36.92% jobs in this category. Remaining 5275 jobs. Completed 3088 jobs.
Currently at Page 208 of job ME for MID_LEVEL. Fetched 37.10% jobs in this category. Remaining 5260 jobs. Completed 3103 jobs.
Currently at Page 209 of job ME for MID_LEVEL. Fetched 37.28% jobs in this category. Remaining 5245 jobs. Completed 3118 jobs.
Currently at Page 210 of job ME for MID_LEVEL. Fetched 37.46% jobs in this category. Remaining 5230 jobs. Completed 3133 jobs.
Currently at Page 211 of job ME for MID_LEVEL. Fetched 37.64% jobs in this category. Remaining 5215 jobs. Completed 3148 jobs.
Currently at Page 212 of job ME for MID_LEVEL. Fetched 37.82% jobs in this category. Remaining 5200 jobs. Completed 3163 jobs.
Currently at Page 213 of job ME for MID_LEVEL. Fetched 38.00% jobs in this category. Remaining 5185 jobs. Completed 3178 jobs.
Currently at Page 214 of job ME for MID_LEVEL. Fetched 38.18% jobs in this category. Remaining 5170 jobs. Completed 3193 jobs.
Currently at Page 215 of job ME for MID_LEVEL. Fetched 38.36% jobs in this category. Remaining 5155 jobs. Completed 3208 jobs.
Currently at Page 216 of job ME for MID_LEVEL. Fetched 38.54% jobs in this category. Remaining 5140 jobs. Completed 3223 jobs.
Currently at Page 217 of job ME for MID_LEVEL. Fetched 38.72% jobs in this category. Remaining 5125 jobs. Completed 3238 jobs.
Currently at Page 218 of job ME for MID_LEVEL. Fetched 38.90% jobs in this category. Remaining 5110 jobs. Completed 3253 jobs.
Currently at Page 219 of job ME for MID_LEVEL. Fetched 39.08% jobs in this category. Remaining 5095 jobs. Completed 3268 jobs.
Currently at Page 220 of job ME for MID_LEVEL. Fetched 39.26% jobs in this category. Remaining 5080 jobs. Completed 3283 jobs.
Currently at Page 221 of job ME for MID_LEVEL. Fetched 39.44% jobs in this category. Remaining 5065 jobs. Completed 3298 jobs.
Currently at Page 222 of job ME for MID_LEVEL. Fetched 39.61% jobs in this category. Remaining 5050 jobs. Completed 3313 jobs.
Currently at Page 223 of job ME for MID_LEVEL. Fetched 39.79% jobs in this category. Remaining 5035 jobs. Completed 3328 jobs.
Currently at Page 224 of job ME for MID_LEVEL. Fetched 39.97% jobs in this category. Remaining 5020 jobs. Completed 3343 jobs.
Currently at Page 225 of job ME for MID_LEVEL. Fetched 40.15% jobs in this category. Remaining 5005 jobs. Completed 3358 jobs.
Currently at Page 226 of job ME for MID_LEVEL. Fetched 40.33% jobs in this category. Remaining 4990 jobs. Completed 3373 jobs.
Currently at Page 227 of job ME for MID_LEVEL. Fetched 40.51% jobs in this category. Remaining 4975 jobs. Completed 3388 jobs.
Currently at Page 228 of job ME for MID_LEVEL. Fetched 40.69% jobs in this category. Remaining 4960 jobs. Completed 3403 jobs.
Currently at Page 229 of job ME for MID_LEVEL. Fetched 40.87% jobs in this category. Remaining 4945 jobs. Completed 3418 jobs.
Currently at Page 230 of job ME for MID_LEVEL. Fetched 41.05% jobs in this category. Remaining 4930 jobs. Completed 3433 jobs.
Currently at Page 231 of job ME for MID_LEVEL. Fetched 41.23% jobs in this category. Remaining 4915 jobs. Completed 3448 jobs.
Currently at Page 232 of job ME for MID_LEVEL. Fetched 41.41% jobs in this category. Remaining 4900 jobs. Completed 3463 jobs.
Currently at Page 233 of job ME for MID_LEVEL. Fetched 41.59% jobs in this category. Remaining 4885 jobs. Completed 3478 jobs.
Currently at Page 234 of job ME for MID_LEVEL. Fetched 41.77% jobs in this category. Remaining 4870 jobs. Completed 3493 jobs.
Currently at Page 235 of job ME for MID_LEVEL. Fetched 41.95% jobs in this category. Remaining 4855 jobs. Completed 3508 jobs.
Currently at Page 236 of job ME for MID_LEVEL. Fetched 42.13% jobs in this category. Remaining 4840 jobs. Completed 3523 jobs.
Currently at Page 237 of job ME for MID_LEVEL. Fetched 42.31% jobs in this category. Remaining 4825 jobs. Completed 3538 jobs.
Currently at Page 238 of job ME for MID_LEVEL. Fetched 42.48% jobs in this category. Remaining 4810 jobs. Completed 3553 jobs.
Currently at Page 239 of job ME for MID_LEVEL. Fetched 42.66% jobs in this category. Remaining 4795 jobs. Completed 3568 jobs.
Currently at Page 240 of job ME for MID_LEVEL. Fetched 42.84% jobs in this category. Remaining 4780 jobs. Completed 3583 jobs.
Currently at Page 241 of job ME for MID_LEVEL. Fetched 43.02% jobs in this category. Remaining 4765 jobs. Completed 3598 jobs.
Currently at Page 242 of job ME for MID_LEVEL. Fetched 43.20% jobs in this category. Remaining 4750 jobs. Completed 3613 jobs.
Currently at Page 243 of job ME for MID_LEVEL. Fetched 43.38% jobs in this category. Remaining 4735 jobs. Completed 3628 jobs.
Currently at Page 244 of job ME for MID_LEVEL. Fetched 43.56% jobs in this category. Remaining 4720 jobs. Completed 3643 jobs.
Currently at Page 245 of job ME for MID_LEVEL. Fetched 43.74% jobs in this category. Remaining 4705 jobs. Completed 3658 jobs.
Currently at Page 246 of job ME for MID_LEVEL. Fetched 43.92% jobs in this category. Remaining 4690 jobs. Completed 3673 jobs.
Currently at Page 247 of job ME for MID_LEVEL. Fetched 44.10% jobs in this category. Remaining 4675 jobs. Completed 3688 jobs.
Currently at Page 248 of job ME for MID_LEVEL. Fetched 44.28% jobs in this category. Remaining 4660 jobs. Completed 3703 jobs.
Currently at Page 249 of job ME for MID_LEVEL. Fetched 44.46% jobs in this category. Remaining 4645 jobs. Completed 3718 jobs.
Currently at Page 250 of job ME for MID_LEVEL. Fetched 44.64% jobs in this category. Remaining 4630 jobs. Completed 3733 jobs.
Currently at Page 251 of job ME for MID_LEVEL. Fetched 44.82% jobs in this category. Remaining 4615 jobs. Completed 3748 jobs.
Currently at Page 252 of job ME for MID_LEVEL. Fetched 45.00% jobs in this category. Remaining 4600 jobs. Completed 3763 jobs.
Currently at Page 253 of job ME for MID_LEVEL. Fetched 45.18% jobs in this category. Remaining 4585 jobs. Completed 3778 jobs.
Currently at Page 254 of job ME for MID_LEVEL. Fetched 45.35% jobs in this category. Remaining 4570 jobs. Completed 3793 jobs.
Currently at Page 255 of job ME for MID_LEVEL. Fetched 45.53% jobs in this category. Remaining 4555 jobs. Completed 3808 jobs.
Currently at Page 256 of job ME for MID_LEVEL. Fetched 45.71% jobs in this category. Remaining 4540 jobs. Completed 3823 jobs.
Currently at Page 257 of job ME for MID_LEVEL. Fetched 45.89% jobs in this category. Remaining 4525 jobs. Completed 3838 jobs.
Currently at Page 258 of job ME for MID_LEVEL. Fetched 46.07% jobs in this category. Remaining 4510 jobs. Completed 3853 jobs.
Currently at Page 259 of job ME for MID_LEVEL. Fetched 46.25% jobs in this category. Remaining 4495 jobs. Completed 3868 jobs.
Currently at Page 260 of job ME for MID_LEVEL. Fetched 46.43% jobs in this category. Remaining 4480 jobs. Completed 3883 jobs.
Currently at Page 261 of job ME for MID_LEVEL. Fetched 46.61% jobs in this category. Remaining 4465 jobs. Completed 3898 jobs.
Currently at Page 262 of job ME for MID_LEVEL. Fetched 46.79% jobs in this category. Remaining 4450 jobs. Completed 3913 jobs.
Currently at Page 263 of job ME for MID_LEVEL. Fetched 46.97% jobs in this category. Remaining 4435 jobs. Completed 3928 jobs.
Currently at Page 264 of job ME for MID_LEVEL. Fetched 47.15% jobs in this category. Remaining 4420 jobs. Completed 3943 jobs.
Currently at Page 265 of job ME for MID_LEVEL. Fetched 47.33% jobs in this category. Remaining 4405 jobs. Completed 3958 jobs.
Currently at Page 266 of job ME for MID_LEVEL. Fetched 47.51% jobs in this category. Remaining 4390 jobs. Completed 3973 jobs.
Currently at Page 267 of job ME for MID_LEVEL. Fetched 47.69% jobs in this category. Remaining 4375 jobs. Completed 3988 jobs.
Currently at Page 268 of job ME for MID_LEVEL. Fetched 47.87% jobs in this category. Remaining 4360 jobs. Completed 4003 jobs.
Currently at Page 269 of job ME for MID_LEVEL. Fetched 48.04% jobs in this category. Remaining 4345 jobs. Completed 4018 jobs.
Currently at Page 270 of job ME for MID_LEVEL. Fetched 48.22% jobs in this category. Remaining 4330 jobs. Completed 4033 jobs.
Currently at Page 271 of job ME for MID_LEVEL. Fetched 48.40% jobs in this category. Remaining 4315 jobs. Completed 4048 jobs.
Currently at Page 272 of job ME for MID_LEVEL. Fetched 48.58% jobs in this category. Remaining 4300 jobs. Completed 4063 jobs.
Currently at Page 273 of job ME for MID_LEVEL. Fetched 48.76% jobs in this category. Remaining 4285 jobs. Completed 4078 jobs.
Currently at Page 274 of job ME for MID_LEVEL. Fetched 48.94% jobs in this category. Remaining 4270 jobs. Completed 4093 jobs.
Currently at Page 275 of job ME for MID_LEVEL. Fetched 49.12% jobs in this category. Remaining 4255 jobs. Completed 4108 jobs.
Currently at Page 276 of job ME for MID_LEVEL. Fetched 49.30% jobs in this category. Remaining 4240 jobs. Completed 4123 jobs.
Currently at Page 277 of job ME for MID_LEVEL. Fetched 49.48% jobs in this category. Remaining 4225 jobs. Completed 4138 jobs.
Currently at Page 278 of job ME for MID_LEVEL. Fetched 49.66% jobs in this category. Remaining 4210 jobs. Completed 4153 jobs.
Currently at Page 279 of job ME for MID_LEVEL. Fetched 49.84% jobs in this category. Remaining 4195 jobs. Completed 4168 jobs.
Currently at Page 280 of job ME for MID_LEVEL. Fetched 50.02% jobs in this category. Remaining 4180 jobs. Completed 4183 jobs.
Currently at Page 281 of job ME for MID_LEVEL. Fetched 50.20% jobs in this category. Remaining 4165 jobs. Completed 4198 jobs.
Currently at Page 282 of job ME for MID_LEVEL. Fetched 50.38% jobs in this category. Remaining 4150 jobs. Completed 4213 jobs.
Currently at Page 283 of job ME for MID_LEVEL. Fetched 50.56% jobs in this category. Remaining 4135 jobs. Completed 4228 jobs.
Currently at Page 284 of job ME for MID_LEVEL. Fetched 50.74% jobs in this category. Remaining 4120 jobs. Completed 4243 jobs.
Currently at Page 285 of job ME for MID_LEVEL. Fetched 50.91% jobs in this category. Remaining 4105 jobs. Completed 4258 jobs.
Currently at Page 286 of job ME for MID_LEVEL. Fetched 51.09% jobs in this category. Remaining 4090 jobs. Completed 4273 jobs.
Currently at Page 287 of job ME for MID_LEVEL. Fetched 51.27% jobs in this category. Remaining 4075 jobs. Completed 4288 jobs.
Currently at Page 288 of job ME for MID_LEVEL. Fetched 51.45% jobs in this category. Remaining 4060 jobs. Completed 4303 jobs.
Currently at Page 289 of job ME for MID_LEVEL. Fetched 51.63% jobs in this category. Remaining 4045 jobs. Completed 4318 jobs.
Currently at Page 290 of job ME for MID_LEVEL. Fetched 51.81% jobs in this category. Remaining 4030 jobs. Completed 4333 jobs.
Currently at Page 291 of job ME for MID_LEVEL. Fetched 51.99% jobs in this category. Remaining 4015 jobs. Completed 4348 jobs.
Currently at Page 292 of job ME for MID_LEVEL. Fetched 52.17% jobs in this category. Remaining 4000 jobs. Completed 4363 jobs.
Currently at Page 293 of job ME for MID_LEVEL. Fetched 52.35% jobs in this category. Remaining 3985 jobs. Completed 4378 jobs.
Currently at Page 294 of job ME for MID_LEVEL. Fetched 52.53% jobs in this category. Remaining 3970 jobs. Completed 4393 jobs.
Currently at Page 295 of job ME for MID_LEVEL. Fetched 52.71% jobs in this category. Remaining 3955 jobs. Completed 4408 jobs.
Currently at Page 296 of job ME for MID_LEVEL. Fetched 52.89% jobs in this category. Remaining 3940 jobs. Completed 4423 jobs.
Currently at Page 297 of job ME for MID_LEVEL. Fetched 53.07% jobs in this category. Remaining 3925 jobs. Completed 4438 jobs.
Currently at Page 298 of job ME for MID_LEVEL. Fetched 53.25% jobs in this category. Remaining 3910 jobs. Completed 4453 jobs.
Currently at Page 299 of job ME for MID_LEVEL. Fetched 53.43% jobs in this category. Remaining 3895 jobs. Completed 4468 jobs.
Currently at Page 300 of job ME for MID_LEVEL. Fetched 53.61% jobs in this category. Remaining 3880 jobs. Completed 4483 jobs.
Currently at Page 301 of job ME for MID_LEVEL. Fetched 53.78% jobs in this category. Remaining 3865 jobs. Completed 4498 jobs.
Currently at Page 302 of job ME for MID_LEVEL. Fetched 53.96% jobs in this category. Remaining 3850 jobs. Completed 4513 jobs.
Currently at Page 303 of job ME for MID_LEVEL. Fetched 54.14% jobs in this category. Remaining 3835 jobs. Completed 4528 jobs.
Currently at Page 304 of job ME for MID_LEVEL. Fetched 54.32% jobs in this category. Remaining 3820 jobs. Completed 4543 jobs.
Currently at Page 305 of job ME for MID_LEVEL. Fetched 54.50% jobs in this category. Remaining 3805 jobs. Completed 4558 jobs.
Currently at Page 306 of job ME for MID_LEVEL. Fetched 54.68% jobs in this category. Remaining 3790 jobs. Completed 4573 jobs.
Currently at Page 307 of job ME for MID_LEVEL. Fetched 54.86% jobs in this category. Remaining 3775 jobs. Completed 4588 jobs.
Currently at Page 308 of job ME for MID_LEVEL. Fetched 55.04% jobs in this category. Remaining 3760 jobs. Completed 4603 jobs.
Currently at Page 309 of job ME for MID_LEVEL. Fetched 55.22% jobs in this category. Remaining 3745 jobs. Completed 4618 jobs.
Currently at Page 310 of job ME for MID_LEVEL. Fetched 55.40% jobs in this category. Remaining 3730 jobs. Completed 4633 jobs.
Currently at Page 311 of job ME for MID_LEVEL. Fetched 55.58% jobs in this category. Remaining 3715 jobs. Completed 4648 jobs.
Currently at Page 312 of job ME for MID_LEVEL. Fetched 55.76% jobs in this category. Remaining 3700 jobs. Completed 4663 jobs.
Currently at Page 313 of job ME for MID_LEVEL. Fetched 55.94% jobs in this category. Remaining 3685 jobs. Completed 4678 jobs.
Currently at Page 314 of job ME for MID_LEVEL. Fetched 56.12% jobs in this category. Remaining 3670 jobs. Completed 4693 jobs.
Currently at Page 315 of job ME for MID_LEVEL. Fetched 56.30% jobs in this category. Remaining 3655 jobs. Completed 4708 jobs.
Currently at Page 316 of job ME for MID_LEVEL. Fetched 56.47% jobs in this category. Remaining 3640 jobs. Completed 4723 jobs.
Currently at Page 317 of job ME for MID_LEVEL. Fetched 56.65% jobs in this category. Remaining 3625 jobs. Completed 4738 jobs.
Currently at Page 318 of job ME for MID_LEVEL. Fetched 56.83% jobs in this category. Remaining 3610 jobs. Completed 4753 jobs.
Currently at Page 319 of job ME for MID_LEVEL. Fetched 57.01% jobs in this category. Remaining 3595 jobs. Completed 4768 jobs.
Currently at Page 320 of job ME for MID_LEVEL. Fetched 57.19% jobs in this category. Remaining 3580 jobs. Completed 4783 jobs.
Currently at Page 321 of job ME for MID_LEVEL. Fetched 57.37% jobs in this category. Remaining 3565 jobs. Completed 4798 jobs.
Currently at Page 322 of job ME for MID_LEVEL. Fetched 57.55% jobs in this category. Remaining 3550 jobs. Completed 4813 jobs.
Currently at Page 323 of job ME for MID_LEVEL. Fetched 57.73% jobs in this category. Remaining 3535 jobs. Completed 4828 jobs.
Currently at Page 324 of job ME for MID_LEVEL. Fetched 57.91% jobs in this category. Remaining 3520 jobs. Completed 4843 jobs.
Currently at Page 325 of job ME for MID_LEVEL. Fetched 58.09% jobs in this category. Remaining 3505 jobs. Completed 4858 jobs.
Currently at Page 326 of job ME for MID_LEVEL. Fetched 58.27% jobs in this category. Remaining 3490 jobs. Completed 4873 jobs.
Currently at Page 327 of job ME for MID_LEVEL. Fetched 58.45% jobs in this category. Remaining 3475 jobs. Completed 4888 jobs.
Currently at Page 328 of job ME for MID_LEVEL. Fetched 58.63% jobs in this category. Remaining 3460 jobs. Completed 4903 jobs.
Currently at Page 329 of job ME for MID_LEVEL. Fetched 58.81% jobs in this category. Remaining 3445 jobs. Completed 4918 jobs.
Currently at Page 330 of job ME for MID_LEVEL. Fetched 58.99% jobs in this category. Remaining 3430 jobs. Completed 4933 jobs.
Currently at Page 331 of job ME for MID_LEVEL. Fetched 59.17% jobs in this category. Remaining 3415 jobs. Completed 4948 jobs.
Currently at Page 332 of job ME for MID_LEVEL. Fetched 59.34% jobs in this category. Remaining 3400 jobs. Completed 4963 jobs.
Currently at Page 333 of job ME for MID_LEVEL. Fetched 59.52% jobs in this category. Remaining 3385 jobs. Completed 4978 jobs.
Currently at Page 334 of job ME for MID_LEVEL. Fetched 59.70% jobs in this category. Remaining 3370 jobs. Completed 4993 jobs.
Currently at Page 335 of job ME for MID_LEVEL. Fetched 59.88% jobs in this category. Remaining 3355 jobs. Completed 5008 jobs.
Currently at Page 336 of job ME for MID_LEVEL. Fetched 60.06% jobs in this category. Remaining 3340 jobs. Completed 5023 jobs.
Currently at Page 337 of job ME for MID_LEVEL. Fetched 60.24% jobs in this category. Remaining 3325 jobs. Completed 5038 jobs.
Currently at Page 338 of job ME for MID_LEVEL. Fetched 60.42% jobs in this category. Remaining 3310 jobs. Completed 5053 jobs.
Currently at Page 339 of job ME for MID_LEVEL. Fetched 60.60% jobs in this category. Remaining 3295 jobs. Completed 5068 jobs.
Currently at Page 340 of job ME for MID_LEVEL. Fetched 60.78% jobs in this category. Remaining 3280 jobs. Completed 5083 jobs.
Currently at Page 341 of job ME for MID_LEVEL. Fetched 60.96% jobs in this category. Remaining 3265 jobs. Completed 5098 jobs.
Currently at Page 342 of job ME for MID_LEVEL. Fetched 61.14% jobs in this category. Remaining 3250 jobs. Completed 5113 jobs.
Currently at Page 343 of job ME for MID_LEVEL. Fetched 61.32% jobs in this category. Remaining 3235 jobs. Completed 5128 jobs.
Currently at Page 344 of job ME for MID_LEVEL. Fetched 61.50% jobs in this category. Remaining 3220 jobs. Completed 5143 jobs.
Currently at Page 345 of job ME for MID_LEVEL. Fetched 61.50% jobs in this category. Remaining 3220 jobs. Completed 5143 jobs.
Currently at Page 346 of job ME for MID_LEVEL. Fetched 61.68% jobs in this category. Remaining 3205 jobs. Completed 5158 jobs.
Currently at Page 347 of job ME for MID_LEVEL. Fetched 61.86% jobs in this category. Remaining 3190 jobs. Completed 5173 jobs.
Currently at Page 348 of job ME for MID_LEVEL. Fetched 62.04% jobs in this category. Remaining 3175 jobs. Completed 5188 jobs.
Currently at Page 349 of job ME for MID_LEVEL. Fetched 62.21% jobs in this category. Remaining 3160 jobs. Completed 5203 jobs.
Currently at Page 350 of job ME for MID_LEVEL. Fetched 62.39% jobs in this category. Remaining 3145 jobs. Completed 5218 jobs.
Currently at Page 351 of job ME for MID_LEVEL. Fetched 62.57% jobs in this category. Remaining 3130 jobs. Completed 5233 jobs.
Currently at Page 352 of job ME for MID_LEVEL. Fetched 62.75% jobs in this category. Remaining 3115 jobs. Completed 5248 jobs.
Currently at Page 353 of job ME for MID_LEVEL. Fetched 62.93% jobs in this category. Remaining 3100 jobs. Completed 5263 jobs.
Currently at Page 354 of job ME for MID_LEVEL. Fetched 63.11% jobs in this category. Remaining 3085 jobs. Completed 5278 jobs.
Currently at Page 355 of job ME for MID_LEVEL. Fetched 63.29% jobs in this category. Remaining 3070 jobs. Completed 5293 jobs.
Currently at Page 356 of job ME for MID_LEVEL. Fetched 63.47% jobs in this category. Remaining 3055 jobs. Completed 5308 jobs.
Currently at Page 357 of job ME for MID_LEVEL. Fetched 63.65% jobs in this category. Remaining 3040 jobs. Completed 5323 jobs.
Currently at Page 358 of job ME for MID_LEVEL. Fetched 63.83% jobs in this category. Remaining 3025 jobs. Completed 5338 jobs.
Currently at Page 359 of job ME for MID_LEVEL. Fetched 64.01% jobs in this category. Remaining 3010 jobs. Completed 5353 jobs.
Currently at Page 360 of job ME for MID_LEVEL. Fetched 64.19% jobs in this category. Remaining 2995 jobs. Completed 5368 jobs.
Currently at Page 361 of job ME for MID_LEVEL. Fetched 64.37% jobs in this category. Remaining 2980 jobs. Completed 5383 jobs.
Currently at Page 362 of job ME for MID_LEVEL. Fetched 64.55% jobs in this category. Remaining 2965 jobs. Completed 5398 jobs.
Currently at Page 363 of job ME for MID_LEVEL. Fetched 64.73% jobs in this category. Remaining 2950 jobs. Completed 5413 jobs.
Currently at Page 364 of job ME for MID_LEVEL. Fetched 64.90% jobs in this category. Remaining 2935 jobs. Completed 5428 jobs.
Currently at Page 365 of job ME for MID_LEVEL. Fetched 65.08% jobs in this category. Remaining 2920 jobs. Completed 5443 jobs.
Currently at Page 366 of job ME for MID_LEVEL. Fetched 65.26% jobs in this category. Remaining 2905 jobs. Completed 5458 jobs.
Currently at Page 367 of job ME for MID_LEVEL. Fetched 65.44% jobs in this category. Remaining 2890 jobs. Completed 5473 jobs.
Currently at Page 368 of job ME for MID_LEVEL. Fetched 65.62% jobs in this category. Remaining 2875 jobs. Completed 5488 jobs.
Currently at Page 369 of job ME for MID_LEVEL. Fetched 65.80% jobs in this category. Remaining 2860 jobs. Completed 5503 jobs.
Currently at Page 370 of job ME for MID_LEVEL. Fetched 65.98% jobs in this category. Remaining 2845 jobs. Completed 5518 jobs.
Currently at Page 371 of job ME for MID_LEVEL. Fetched 66.16% jobs in this category. Remaining 2830 jobs. Completed 5533 jobs.
Currently at Page 372 of job ME for MID_LEVEL. Fetched 66.34% jobs in this category. Remaining 2815 jobs. Completed 5548 jobs.
Currently at Page 373 of job ME for MID_LEVEL. Fetched 66.52% jobs in this category. Remaining 2800 jobs. Completed 5563 jobs.
Currently at Page 374 of job ME for MID_LEVEL. Fetched 66.70% jobs in this category. Remaining 2785 jobs. Completed 5578 jobs.
Currently at Page 375 of job ME for MID_LEVEL. Fetched 66.88% jobs in this category. Remaining 2770 jobs. Completed 5593 jobs.
Currently at Page 376 of job ME for MID_LEVEL. Fetched 67.06% jobs in this category. Remaining 2755 jobs. Completed 5608 jobs.
Currently at Page 377 of job ME for MID_LEVEL. Fetched 67.24% jobs in this category. Remaining 2740 jobs. Completed 5623 jobs.
Currently at Page 378 of job ME for MID_LEVEL. Fetched 67.42% jobs in this category. Remaining 2725 jobs. Completed 5638 jobs.
Currently at Page 379 of job ME for MID_LEVEL. Fetched 67.60% jobs in this category. Remaining 2710 jobs. Completed 5653 jobs.
Currently at Page 380 of job ME for MID_LEVEL. Fetched 67.77% jobs in this category. Remaining 2695 jobs. Completed 5668 jobs.
Currently at Page 381 of job ME for MID_LEVEL. Fetched 67.95% jobs in this category. Remaining 2680 jobs. Completed 5683 jobs.
Currently at Page 382 of job ME for MID_LEVEL. Fetched 68.13% jobs in this category. Remaining 2665 jobs. Completed 5698 jobs.
Currently at Page 383 of job ME for MID_LEVEL. Fetched 68.31% jobs in this category. Remaining 2650 jobs. Completed 5713 jobs.
Currently at Page 384 of job ME for MID_LEVEL. Fetched 68.49% jobs in this category. Remaining 2635 jobs. Completed 5728 jobs.
Currently at Page 385 of job ME for MID_LEVEL. Fetched 68.67% jobs in this category. Remaining 2620 jobs. Completed 5743 jobs.
Currently at Page 386 of job ME for MID_LEVEL. Fetched 68.85% jobs in this category. Remaining 2605 jobs. Completed 5758 jobs.
Currently at Page 387 of job ME for MID_LEVEL. Fetched 69.03% jobs in this category. Remaining 2590 jobs. Completed 5773 jobs.
Currently at Page 388 of job ME for MID_LEVEL. Fetched 69.21% jobs in this category. Remaining 2575 jobs. Completed 5788 jobs.
Currently at Page 389 of job ME for MID_LEVEL. Fetched 69.39% jobs in this category. Remaining 2560 jobs. Completed 5803 jobs.
Currently at Page 390 of job ME for MID_LEVEL. Fetched 69.57% jobs in this category. Remaining 2545 jobs. Completed 5818 jobs.
Currently at Page 391 of job ME for MID_LEVEL. Fetched 69.75% jobs in this category. Remaining 2530 jobs. Completed 5833 jobs.
Currently at Page 392 of job ME for MID_LEVEL. Fetched 69.93% jobs in this category. Remaining 2515 jobs. Completed 5848 jobs.
Currently at Page 393 of job ME for MID_LEVEL. Fetched 70.11% jobs in this category. Remaining 2500 jobs. Completed 5863 jobs.
Currently at Page 394 of job ME for MID_LEVEL. Fetched 70.29% jobs in this category. Remaining 2485 jobs. Completed 5878 jobs.
Currently at Page 395 of job ME for MID_LEVEL. Fetched 70.47% jobs in this category. Remaining 2470 jobs. Completed 5893 jobs.
Currently at Page 396 of job ME for MID_LEVEL. Fetched 70.64% jobs in this category. Remaining 2455 jobs. Completed 5908 jobs.
Currently at Page 397 of job ME for MID_LEVEL. Fetched 70.82% jobs in this category. Remaining 2440 jobs. Completed 5923 jobs.
Currently at Page 398 of job ME for MID_LEVEL. Fetched 71.00% jobs in this category. Remaining 2425 jobs. Completed 5938 jobs.
Currently at Page 399 of job ME for MID_LEVEL. Fetched 71.18% jobs in this category. Remaining 2410 jobs. Completed 5953 jobs.
Currently at Page 400 of job ME for MID_LEVEL. Fetched 71.36% jobs in this category. Remaining 2395 jobs. Completed 5968 jobs.
Currently at Page 401 of job ME for MID_LEVEL. Fetched 71.54% jobs in this category. Remaining 2380 jobs. Completed 5983 jobs.
Currently at Page 402 of job ME for MID_LEVEL. Fetched 71.72% jobs in this category. Remaining 2365 jobs. Completed 5998 jobs.
Currently at Page 403 of job ME for MID_LEVEL. Fetched 71.90% jobs in this category. Remaining 2350 jobs. Completed 6013 jobs.
Currently at Page 404 of job ME for MID_LEVEL. Fetched 72.08% jobs in this category. Remaining 2335 jobs. Completed 6028 jobs.
Currently at Page 405 of job ME for MID_LEVEL. Fetched 72.26% jobs in this category. Remaining 2320 jobs. Completed 6043 jobs.
Currently at Page 406 of job ME for MID_LEVEL. Fetched 72.44% jobs in this category. Remaining 2305 jobs. Completed 6058 jobs.
Currently at Page 407 of job ME for MID_LEVEL. Fetched 72.62% jobs in this category. Remaining 2290 jobs. Completed 6073 jobs.
Currently at Page 408 of job ME for MID_LEVEL. Fetched 72.80% jobs in this category. Remaining 2275 jobs. Completed 6088 jobs.
Currently at Page 409 of job ME for MID_LEVEL. Fetched 72.98% jobs in this category. Remaining 2260 jobs. Completed 6103 jobs.
Currently at Page 410 of job ME for MID_LEVEL. Fetched 73.16% jobs in this category. Remaining 2245 jobs. Completed 6118 jobs.
Currently at Page 411 of job ME for MID_LEVEL. Fetched 73.33% jobs in this category. Remaining 2230 jobs. Completed 6133 jobs.
Currently at Page 412 of job ME for MID_LEVEL. Fetched 73.51% jobs in this category. Remaining 2215 jobs. Completed 6148 jobs.
Currently at Page 413 of job ME for MID_LEVEL. Fetched 73.69% jobs in this category. Remaining 2200 jobs. Completed 6163 jobs.
Currently at Page 414 of job ME for MID_LEVEL. Fetched 73.87% jobs in this category. Remaining 2185 jobs. Completed 6178 jobs.
Currently at Page 415 of job ME for MID_LEVEL. Fetched 74.05% jobs in this category. Remaining 2170 jobs. Completed 6193 jobs.
Currently at Page 416 of job ME for MID_LEVEL. Fetched 74.23% jobs in this category. Remaining 2155 jobs. Completed 6208 jobs.
Currently at Page 417 of job ME for MID_LEVEL. Fetched 74.41% jobs in this category. Remaining 2140 jobs. Completed 6223 jobs.
Currently at Page 418 of job ME for MID_LEVEL. Fetched 74.59% jobs in this category. Remaining 2125 jobs. Completed 6238 jobs.
Currently at Page 419 of job ME for MID_LEVEL. Fetched 74.77% jobs in this category. Remaining 2110 jobs. Completed 6253 jobs.
Currently at Page 420 of job ME for MID_LEVEL. Fetched 74.95% jobs in this category. Remaining 2095 jobs. Completed 6268 jobs.
Currently at Page 421 of job ME for MID_LEVEL. Fetched 75.13% jobs in this category. Remaining 2080 jobs. Completed 6283 jobs.
Currently at Page 422 of job ME for MID_LEVEL. Fetched 75.31% jobs in this category. Remaining 2065 jobs. Completed 6298 jobs.
Currently at Page 423 of job ME for MID_LEVEL. Fetched 75.49% jobs in this category. Remaining 2050 jobs. Completed 6313 jobs.
Currently at Page 424 of job ME for MID_LEVEL. Fetched 75.67% jobs in this category. Remaining 2035 jobs. Completed 6328 jobs.
Currently at Page 425 of job ME for MID_LEVEL. Fetched 75.85% jobs in this category. Remaining 2020 jobs. Completed 6343 jobs.
Currently at Page 426 of job ME for MID_LEVEL. Fetched 76.03% jobs in this category. Remaining 2005 jobs. Completed 6358 jobs.
Currently at Page 427 of job ME for MID_LEVEL. Fetched 76.20% jobs in this category. Remaining 1990 jobs. Completed 6373 jobs.
Currently at Page 428 of job ME for MID_LEVEL. Fetched 76.38% jobs in this category. Remaining 1975 jobs. Completed 6388 jobs.
Currently at Page 429 of job ME for MID_LEVEL. Fetched 76.56% jobs in this category. Remaining 1960 jobs. Completed 6403 jobs.
Currently at Page 430 of job ME for MID_LEVEL. Fetched 76.74% jobs in this category. Remaining 1945 jobs. Completed 6418 jobs.
Currently at Page 431 of job ME for MID_LEVEL. Fetched 76.92% jobs in this category. Remaining 1930 jobs. Completed 6433 jobs.
Currently at Page 432 of job ME for MID_LEVEL. Fetched 77.10% jobs in this category. Remaining 1915 jobs. Completed 6448 jobs.
Currently at Page 433 of job ME for MID_LEVEL. Fetched 77.28% jobs in this category. Remaining 1900 jobs. Completed 6463 jobs.
Currently at Page 434 of job ME for MID_LEVEL. Fetched 77.46% jobs in this category. Remaining 1885 jobs. Completed 6478 jobs.
Currently at Page 435 of job ME for MID_LEVEL. Fetched 77.64% jobs in this category. Remaining 1870 jobs. Completed 6493 jobs.
Currently at Page 436 of job ME for MID_LEVEL. Fetched 77.82% jobs in this category. Remaining 1855 jobs. Completed 6508 jobs.
Currently at Page 437 of job ME for MID_LEVEL. Fetched 78.00% jobs in this category. Remaining 1840 jobs. Completed 6523 jobs.
Currently at Page 438 of job ME for MID_LEVEL. Fetched 78.18% jobs in this category. Remaining 1825 jobs. Completed 6538 jobs.
Currently at Page 439 of job ME for MID_LEVEL. Fetched 78.36% jobs in this category. Remaining 1810 jobs. Completed 6553 jobs.
Currently at Page 440 of job ME for MID_LEVEL. Fetched 78.54% jobs in this category. Remaining 1795 jobs. Completed 6568 jobs.
Currently at Page 441 of job ME for MID_LEVEL. Fetched 78.72% jobs in this category. Remaining 1780 jobs. Completed 6583 jobs.
Currently at Page 442 of job ME for MID_LEVEL. Fetched 78.90% jobs in this category. Remaining 1765 jobs. Completed 6598 jobs.
Currently at Page 443 of job ME for MID_LEVEL. Fetched 79.07% jobs in this category. Remaining 1750 jobs. Completed 6613 jobs.
Currently at Page 444 of job ME for MID_LEVEL. Fetched 79.25% jobs in this category. Remaining 1735 jobs. Completed 6628 jobs.
Currently at Page 445 of job ME for MID_LEVEL. Fetched 79.43% jobs in this category. Remaining 1720 jobs. Completed 6643 jobs.
Currently at Page 446 of job ME for MID_LEVEL. Fetched 79.61% jobs in this category. Remaining 1705 jobs. Completed 6658 jobs.
Currently at Page 447 of job ME for MID_LEVEL. Fetched 79.79% jobs in this category. Remaining 1690 jobs. Completed 6673 jobs.
Currently at Page 448 of job ME for MID_LEVEL. Fetched 79.97% jobs in this category. Remaining 1675 jobs. Completed 6688 jobs.
Currently at Page 449 of job ME for MID_LEVEL. Fetched 80.15% jobs in this category. Remaining 1660 jobs. Completed 6703 jobs.
Currently at Page 450 of job ME for MID_LEVEL. Fetched 80.33% jobs in this category. Remaining 1645 jobs. Completed 6718 jobs.
Currently at Page 451 of job ME for MID_LEVEL. Fetched 80.51% jobs in this category. Remaining 1630 jobs. Completed 6733 jobs.
Currently at Page 452 of job ME for MID_LEVEL. Fetched 80.69% jobs in this category. Remaining 1615 jobs. Completed 6748 jobs.
Currently at Page 453 of job ME for MID_LEVEL. Fetched 80.87% jobs in this category. Remaining 1600 jobs. Completed 6763 jobs.
Currently at Page 454 of job ME for MID_LEVEL. Fetched 81.05% jobs in this category. Remaining 1585 jobs. Completed 6778 jobs.
Currently at Page 455 of job ME for MID_LEVEL. Fetched 81.23% jobs in this category. Remaining 1570 jobs. Completed 6793 jobs.
Currently at Page 456 of job ME for MID_LEVEL. Fetched 81.41% jobs in this category. Remaining 1555 jobs. Completed 6808 jobs.
Currently at Page 457 of job ME for MID_LEVEL. Fetched 81.59% jobs in this category. Remaining 1540 jobs. Completed 6823 jobs.
Currently at Page 458 of job ME for MID_LEVEL. Fetched 81.76% jobs in this category. Remaining 1525 jobs. Completed 6838 jobs.
Currently at Page 459 of job ME for MID_LEVEL. Fetched 81.94% jobs in this category. Remaining 1510 jobs. Completed 6853 jobs.
Currently at Page 460 of job ME for MID_LEVEL. Fetched 82.12% jobs in this category. Remaining 1495 jobs. Completed 6868 jobs.
Currently at Page 461 of job ME for MID_LEVEL. Fetched 82.30% jobs in this category. Remaining 1480 jobs. Completed 6883 jobs.
Currently at Page 462 of job ME for MID_LEVEL. Fetched 82.48% jobs in this category. Remaining 1465 jobs. Completed 6898 jobs.
Currently at Page 463 of job ME for MID_LEVEL. Fetched 82.66% jobs in this category. Remaining 1450 jobs. Completed 6913 jobs.
Currently at Page 464 of job ME for MID_LEVEL. Fetched 82.84% jobs in this category. Remaining 1435 jobs. Completed 6928 jobs.
Currently at Page 465 of job ME for MID_LEVEL. Fetched 83.02% jobs in this category. Remaining 1420 jobs. Completed 6943 jobs.
Currently at Page 466 of job ME for MID_LEVEL. Fetched 83.20% jobs in this category. Remaining 1405 jobs. Completed 6958 jobs.
Currently at Page 467 of job ME for MID_LEVEL. Fetched 83.38% jobs in this category. Remaining 1390 jobs. Completed 6973 jobs.
Currently at Page 468 of job ME for MID_LEVEL. Fetched 83.56% jobs in this category. Remaining 1375 jobs. Completed 6988 jobs.
Currently at Page 469 of job ME for MID_LEVEL. Fetched 83.74% jobs in this category. Remaining 1360 jobs. Completed 7003 jobs.
Currently at Page 470 of job ME for MID_LEVEL. Fetched 83.92% jobs in this category. Remaining 1345 jobs. Completed 7018 jobs.
Currently at Page 471 of job ME for MID_LEVEL. Fetched 84.10% jobs in this category. Remaining 1330 jobs. Completed 7033 jobs.
Currently at Page 472 of job ME for MID_LEVEL. Fetched 84.28% jobs in this category. Remaining 1315 jobs. Completed 7048 jobs.
Currently at Page 473 of job ME for MID_LEVEL. Fetched 84.46% jobs in this category. Remaining 1300 jobs. Completed 7063 jobs.
Currently at Page 474 of job ME for MID_LEVEL. Fetched 84.63% jobs in this category. Remaining 1285 jobs. Completed 7078 jobs.
Currently at Page 475 of job ME for MID_LEVEL. Fetched 84.81% jobs in this category. Remaining 1270 jobs. Completed 7093 jobs.
Currently at Page 476 of job ME for MID_LEVEL. Fetched 84.99% jobs in this category. Remaining 1255 jobs. Completed 7108 jobs.
Currently at Page 477 of job ME for MID_LEVEL. Fetched 85.17% jobs in this category. Remaining 1240 jobs. Completed 7123 jobs.
Currently at Page 478 of job ME for MID_LEVEL. Fetched 85.35% jobs in this category. Remaining 1225 jobs. Completed 7138 jobs.
Currently at Page 479 of job ME for MID_LEVEL. Fetched 85.53% jobs in this category. Remaining 1210 jobs. Completed 7153 jobs.
Currently at Page 480 of job ME for MID_LEVEL. Fetched 85.71% jobs in this category. Remaining 1195 jobs. Completed 7168 jobs.
Currently at Page 481 of job ME for MID_LEVEL. Fetched 85.89% jobs in this category. Remaining 1180 jobs. Completed 7183 jobs.
Currently at Page 482 of job ME for MID_LEVEL. Fetched 86.07% jobs in this category. Remaining 1165 jobs. Completed 7198 jobs.
Currently at Page 483 of job ME for MID_LEVEL. Fetched 86.25% jobs in this category. Remaining 1150 jobs. Completed 7213 jobs.
Currently at Page 484 of job ME for MID_LEVEL. Fetched 86.43% jobs in this category. Remaining 1135 jobs. Completed 7228 jobs.
Currently at Page 485 of job ME for MID_LEVEL. Fetched 86.61% jobs in this category. Remaining 1120 jobs. Completed 7243 jobs.
Currently at Page 486 of job ME for MID_LEVEL. Fetched 86.79% jobs in this category. Remaining 1105 jobs. Completed 7258 jobs.
Currently at Page 487 of job ME for MID_LEVEL. Fetched 86.97% jobs in this category. Remaining 1090 jobs. Completed 7273 jobs.
Currently at Page 488 of job ME for MID_LEVEL. Fetched 87.15% jobs in this category. Remaining 1075 jobs. Completed 7288 jobs.
Currently at Page 489 of job ME for MID_LEVEL. Fetched 87.33% jobs in this category. Remaining 1060 jobs. Completed 7303 jobs.
Currently at Page 490 of job ME for MID_LEVEL. Fetched 87.50% jobs in this category. Remaining 1045 jobs. Completed 7318 jobs.
Currently at Page 491 of job ME for MID_LEVEL. Fetched 87.68% jobs in this category. Remaining 1030 jobs. Completed 7333 jobs.
Currently at Page 492 of job ME for MID_LEVEL. Fetched 87.86% jobs in this category. Remaining 1015 jobs. Completed 7348 jobs.
Currently at Page 493 of job ME for MID_LEVEL. Fetched 88.04% jobs in this category. Remaining 1000 jobs. Completed 7363 jobs.
Currently at Page 494 of job ME for MID_LEVEL. Fetched 88.22% jobs in this category. Remaining 985  jobs. Completed 7378 jobs.
Currently at Page 495 of job ME for MID_LEVEL. Fetched 88.40% jobs in this category. Remaining 970  jobs. Completed 7393 jobs.
Currently at Page 496 of job ME for MID_LEVEL. Fetched 88.58% jobs in this category. Remaining 955  jobs. Completed 7408 jobs.
Currently at Page 497 of job ME for MID_LEVEL. Fetched 88.76% jobs in this category. Remaining 940  jobs. Completed 7423 jobs.
Currently at Page 498 of job ME for MID_LEVEL. Fetched 88.94% jobs in this category. Remaining 925  jobs. Completed 7438 jobs.
Currently at Page 499 of job ME for MID_LEVEL. Fetched 89.12% jobs in this category. Remaining 910  jobs. Completed 7453 jobs.
Currently at Page 500 of job ME for MID_LEVEL. Fetched 89.30% jobs in this category. Remaining 895  jobs. Completed 7468 jobs.
Currently at Page 501 of job ME for MID_LEVEL. Fetched 89.48% jobs in this category. Remaining 880  jobs. Completed 7483 jobs.
Currently at Page 502 of job ME for MID_LEVEL. Fetched 89.66% jobs in this category. Remaining 865  jobs. Completed 7498 jobs.
Currently at Page 503 of job ME for MID_LEVEL. Fetched 89.84% jobs in this category. Remaining 850  jobs. Completed 7513 jobs.
Currently at Page 504 of job ME for MID_LEVEL. Fetched 90.02% jobs in this category. Remaining 835  jobs. Completed 7528 jobs.
Currently at Page 505 of job ME for MID_LEVEL. Fetched 90.19% jobs in this category. Remaining 820  jobs. Completed 7543 jobs.
Currently at Page 506 of job ME for MID_LEVEL. Fetched 90.37% jobs in this category. Remaining 805  jobs. Completed 7558 jobs.
Currently at Page 507 of job ME for MID_LEVEL. Fetched 90.55% jobs in this category. Remaining 790  jobs. Completed 7573 jobs.
Currently at Page 508 of job ME for MID_LEVEL. Fetched 90.73% jobs in this category. Remaining 775  jobs. Completed 7588 jobs.
Currently at Page 509 of job ME for MID_LEVEL. Fetched 90.91% jobs in this category. Remaining 760  jobs. Completed 7603 jobs.
Currently at Page 510 of job ME for MID_LEVEL. Fetched 91.09% jobs in this category. Remaining 745  jobs. Completed 7618 jobs.
Currently at Page 511 of job ME for MID_LEVEL. Fetched 91.27% jobs in this category. Remaining 730  jobs. Completed 7633 jobs.
Currently at Page 512 of job ME for MID_LEVEL. Fetched 91.45% jobs in this category. Remaining 715  jobs. Completed 7648 jobs.
Currently at Page 513 of job ME for MID_LEVEL. Fetched 91.63% jobs in this category. Remaining 700  jobs. Completed 7663 jobs.
Currently at Page 514 of job ME for MID_LEVEL. Fetched 91.81% jobs in this category. Remaining 685  jobs. Completed 7678 jobs.
Currently at Page 515 of job ME for MID_LEVEL. Fetched 91.99% jobs in this category. Remaining 670  jobs. Completed 7693 jobs.
Currently at Page 516 of job ME for MID_LEVEL. Fetched 92.17% jobs in this category. Remaining 655  jobs. Completed 7708 jobs.
Currently at Page 517 of job ME for MID_LEVEL. Fetched 92.35% jobs in this category. Remaining 640  jobs. Completed 7723 jobs.
Currently at Page 518 of job ME for MID_LEVEL. Fetched 92.53% jobs in this category. Remaining 625  jobs. Completed 7738 jobs.
Currently at Page 519 of job ME for MID_LEVEL. Fetched 92.71% jobs in this category. Remaining 610  jobs. Completed 7753 jobs.
Currently at Page 520 of job ME for MID_LEVEL. Fetched 92.89% jobs in this category. Remaining 595  jobs. Completed 7768 jobs.
Currently at Page 521 of job ME for MID_LEVEL. Fetched 93.06% jobs in this category. Remaining 580  jobs. Completed 7783 jobs.
Currently at Page 522 of job ME for MID_LEVEL. Fetched 93.24% jobs in this category. Remaining 565  jobs. Completed 7798 jobs.
Currently at Page 523 of job ME for MID_LEVEL. Fetched 93.42% jobs in this category. Remaining 550  jobs. Completed 7813 jobs.
Currently at Page 524 of job ME for MID_LEVEL. Fetched 93.60% jobs in this category. Remaining 535  jobs. Completed 7828 jobs.
Currently at Page 525 of job ME for MID_LEVEL. Fetched 93.78% jobs in this category. Remaining 520  jobs. Completed 7843 jobs.
Currently at Page 526 of job ME for MID_LEVEL. Fetched 93.96% jobs in this category. Remaining 505  jobs. Completed 7858 jobs.
Currently at Page 527 of job ME for MID_LEVEL. Fetched 94.14% jobs in this category. Remaining 490  jobs. Completed 7873 jobs.
Currently at Page 528 of job ME for MID_LEVEL. Fetched 94.32% jobs in this category. Remaining 475  jobs. Completed 7888 jobs.
Currently at Page 529 of job ME for MID_LEVEL. Fetched 94.50% jobs in this category. Remaining 460  jobs. Completed 7903 jobs.
Currently at Page 530 of job ME for MID_LEVEL. Fetched 94.68% jobs in this category. Remaining 445  jobs. Completed 7918 jobs.
Currently at Page 531 of job ME for MID_LEVEL. Fetched 94.86% jobs in this category. Remaining 430  jobs. Completed 7933 jobs.
Currently at Page 532 of job ME for MID_LEVEL. Fetched 95.04% jobs in this category. Remaining 415  jobs. Completed 7948 jobs.
Currently at Page 533 of job ME for MID_LEVEL. Fetched 95.22% jobs in this category. Remaining 400  jobs. Completed 7963 jobs.
Currently at Page 534 of job ME for MID_LEVEL. Fetched 95.40% jobs in this category. Remaining 385  jobs. Completed 7978 jobs.
Currently at Page 535 of job ME for MID_LEVEL. Fetched 95.58% jobs in this category. Remaining 370  jobs. Completed 7993 jobs.
Currently at Page 536 of job ME for MID_LEVEL. Fetched 95.76% jobs in this category. Remaining 355  jobs. Completed 8008 jobs.
Currently at Page 537 of job ME for MID_LEVEL. Fetched 95.93% jobs in this category. Remaining 340  jobs. Completed 8023 jobs.
Currently at Page 538 of job ME for MID_LEVEL. Fetched 96.11% jobs in this category. Remaining 325  jobs. Completed 8038 jobs.
Currently at Page 539 of job ME for MID_LEVEL. Fetched 96.29% jobs in this category. Remaining 310  jobs. Completed 8053 jobs.
Currently at Page 540 of job ME for MID_LEVEL. Fetched 96.47% jobs in this category. Remaining 295  jobs. Completed 8068 jobs.
Currently at Page 541 of job ME for MID_LEVEL. Fetched 96.65% jobs in this category. Remaining 280  jobs. Completed 8083 jobs.
Currently at Page 542 of job ME for MID_LEVEL. Fetched 96.83% jobs in this category. Remaining 265  jobs. Completed 8098 jobs.
Currently at Page 543 of job ME for MID_LEVEL. Fetched 97.01% jobs in this category. Remaining 250  jobs. Completed 8113 jobs.
Currently at Page 544 of job ME for MID_LEVEL. Fetched 97.19% jobs in this category. Remaining 235  jobs. Completed 8128 jobs.
Currently at Page 545 of job ME for MID_LEVEL. Fetched 97.37% jobs in this category. Remaining 220  jobs. Completed 8143 jobs.
Currently at Page 546 of job ME for MID_LEVEL. Fetched 97.55% jobs in this category. Remaining 205  jobs. Completed 8158 jobs.
Currently at Page 547 of job ME for MID_LEVEL. Fetched 97.73% jobs in this category. Remaining 190  jobs. Completed 8173 jobs.
Currently at Page 548 of job ME for MID_LEVEL. Fetched 97.91% jobs in this category. Remaining 175  jobs. Completed 8188 jobs.
Currently at Page 549 of job ME for MID_LEVEL. Fetched 98.09% jobs in this category. Remaining 160  jobs. Completed 8203 jobs.
Currently at Page 550 of job ME for MID_LEVEL. Fetched 98.27% jobs in this category. Remaining 145  jobs. Completed 8218 jobs.
Currently at Page 551 of job ME for MID_LEVEL. Fetched 98.45% jobs in this category. Remaining 130  jobs. Completed 8233 jobs.
Currently at Page 552 of job ME for MID_LEVEL. Fetched 98.62% jobs in this category. Remaining 115  jobs. Completed 8248 jobs.
Currently at Page 553 of job ME for MID_LEVEL. Fetched 98.80% jobs in this category. Remaining 100  jobs. Completed 8263 jobs.
Currently at Page 554 of job ME for MID_LEVEL. Fetched 98.98% jobs in this category. Remaining 85   jobs. Completed 8278 jobs.
Currently at Page 555 of job ME for MID_LEVEL. Fetched 99.16% jobs in this category. Remaining 70   jobs. Completed 8293 jobs.
Currently at Page 556 of job ME for MID_LEVEL. Fetched 99.34% jobs in this category. Remaining 55   jobs. Completed 8308 jobs.
Currently at Page 557 of job ME for MID_LEVEL. Fetched 99.52% jobs in this category. Remaining 40   jobs. Completed 8323 jobs.
Currently at Page 558 of job ME for MID_LEVEL. Fetched 99.70% jobs in this category. Remaining 25   jobs. Completed 8338 jobs.
Currently at Page 559 of job ME for MID_LEVEL. Fetched 99.88% jobs in this category. Remaining 10   jobs. Completed 8353 jobs.


The time taken to run this job is 69.64
