Currently at Page 1   of job ME for SENIOR_LEVEL. Fetched 0.00% jobs in this category. Remaining 3566 jobs. Completed 0    jobs.
Currently at Page 2   of job ME for SENIOR_LEVEL. Fetched 0.42% jobs in this category. Remaining 3551 jobs. Completed 15   jobs.
Currently at Page 3   of job ME for SENIOR_LEVEL. Fetched 0.84% jobs in this category. Remaining 3536 jobs. Completed 30   jobs.
Currently at Page 4   of job ME for SENIOR_LEVEL. Fetched 1.26% jobs in this category. Remaining 3521 jobs. Completed 45   jobs.
Currently at Page 5   of job ME for SENIOR_LEVEL. Fetched 1.68% jobs in this category. Remaining 3506 jobs. Completed 60   jobs.
Currently at Page 6   of job ME for SENIOR_LEVEL. Fetched 2.10% jobs in this category. Remaining 3491 jobs. Completed 75   jobs.
Currently at Page 7   of job ME for SENIOR_LEVEL. Fetched 2.52% jobs in this category. Remaining 3476 jobs. Completed 90   jobs.
Currently at Page 8   of job ME for SENIOR_LEVEL. Fetched 2.94% jobs in this category. Remaining 3461 jobs. Completed 105  jobs.
Currently at Page 9   of job ME for SENIOR_LEVEL. Fetched 3.37% jobs in this category. Remaining 3446 jobs. Completed 120  jobs.
Currently at Page 10  of job ME for SENIOR_LEVEL. Fetched 3.79% jobs in this category. Remaining 3431 jobs. Completed 135  jobs.
Currently at Page 11  of job ME for SENIOR_LEVEL. Fetched 4.21% jobs in this category. Remaining 3416 jobs. Completed 150  jobs.
Currently at Page 12  of job ME for SENIOR_LEVEL. Fetched 4.63% jobs in this category. Remaining 3401 jobs. Completed 165  jobs.
Currently at Page 13  of job ME for SENIOR_LEVEL. Fetched 5.05% jobs in this category. Remaining 3386 jobs. Completed 180  jobs.
Currently at Page 14  of job ME for SENIOR_LEVEL. Fetched 5.47% jobs in this category. Remaining 3371 jobs. Completed 195  jobs.
Currently at Page 15  of job ME for SENIOR_LEVEL. Fetched 5.89% jobs in this category. Remaining 3356 jobs. Completed 210  jobs.
Currently at Page 16  of job ME for SENIOR_LEVEL. Fetched 6.31% jobs in this category. Remaining 3341 jobs. Completed 225  jobs.
Currently at Page 17  of job ME for SENIOR_LEVEL. Fetched 6.73% jobs in this category. Remaining 3326 jobs. Completed 240  jobs.
Currently at Page 18  of job ME for SENIOR_LEVEL. Fetched 7.15% jobs in this category. Remaining 3311 jobs. Completed 255  jobs.
Currently at Page 19  of job ME for SENIOR_LEVEL. Fetched 7.57% jobs in this category. Remaining 3296 jobs. Completed 270  jobs.
Currently at Page 20  of job ME for SENIOR_LEVEL. Fetched 7.99% jobs in this category. Remaining 3281 jobs. Completed 285  jobs.
Currently at Page 21  of job ME for SENIOR_LEVEL. Fetched 8.41% jobs in this category. Remaining 3266 jobs. Completed 300  jobs.
Currently at Page 22  of job ME for SENIOR_LEVEL. Fetched 8.83% jobs in this category. Remaining 3251 jobs. Completed 315  jobs.
Currently at Page 23  of job ME for SENIOR_LEVEL. Fetched 9.25% jobs in this category. Remaining 3236 jobs. Completed 330  jobs.
Currently at Page 24  of job ME for SENIOR_LEVEL. Fetched 9.67% jobs in this category. Remaining 3221 jobs. Completed 345  jobs.
Currently at Page 25  of job ME for SENIOR_LEVEL. Fetched 10.10% jobs in this category. Remaining 3206 jobs. Completed 360  jobs.
Currently at Page 26  of job ME for SENIOR_LEVEL. Fetched 10.52% jobs in this category. Remaining 3191 jobs. Completed 375  jobs.
Currently at Page 27  of job ME for SENIOR_LEVEL. Fetched 10.94% jobs in this category. Remaining 3176 jobs. Completed 390  jobs.
Currently at Page 28  of job ME for SENIOR_LEVEL. Fetched 11.36% jobs in this category. Remaining 3161 jobs. Completed 405  jobs.
Currently at Page 29  of job ME for SENIOR_LEVEL. Fetched 11.78% jobs in this category. Remaining 3146 jobs. Completed 420  jobs.
Currently at Page 30  of job ME for SENIOR_LEVEL. Fetched 12.20% jobs in this category. Remaining 3131 jobs. Completed 435  jobs.
Currently at Page 31  of job ME for SENIOR_LEVEL. Fetched 12.62% jobs in this category. Remaining 3116 jobs. Completed 450  jobs.
Currently at Page 32  of job ME for SENIOR_LEVEL. Fetched 13.04% jobs in this category. Remaining 3101 jobs. Completed 465  jobs.
Currently at Page 33  of job ME for SENIOR_LEVEL. Fetched 13.46% jobs in this category. Remaining 3086 jobs. Completed 480  jobs.
Currently at Page 34  of job ME for SENIOR_LEVEL. Fetched 13.88% jobs in this category. Remaining 3071 jobs. Completed 495  jobs.
Currently at Page 35  of job ME for SENIOR_LEVEL. Fetched 14.30% jobs in this category. Remaining 3056 jobs. Completed 510  jobs.
Currently at Page 36  of job ME for SENIOR_LEVEL. Fetched 14.72% jobs in this category. Remaining 3041 jobs. Completed 525  jobs.
Currently at Page 37  of job ME for SENIOR_LEVEL. Fetched 15.14% jobs in this category. Remaining 3026 jobs. Completed 540  jobs.
Currently at Page 38  of job ME for SENIOR_LEVEL. Fetched 15.56% jobs in this category. Remaining 3011 jobs. Completed 555  jobs.
Currently at Page 39  of job ME for SENIOR_LEVEL. Fetched 15.98% jobs in this category. Remaining 2996 jobs. Completed 570  jobs.
Currently at Page 40  of job ME for SENIOR_LEVEL. Fetched 16.40% jobs in this category. Remaining 2981 jobs. Completed 585  jobs.
Currently at Page 41  of job ME for SENIOR_LEVEL. Fetched 16.83% jobs in this category. Remaining 2966 jobs. Completed 600  jobs.
Currently at Page 42  of job ME for SENIOR_LEVEL. Fetched 17.25% jobs in this category. Remaining 2951 jobs. Completed 615  jobs.
Currently at Page 43  of job ME for SENIOR_LEVEL. Fetched 17.67% jobs in this category. Remaining 2936 jobs. Completed 630  jobs.
Currently at Page 44  of job ME for SENIOR_LEVEL. Fetched 18.09% jobs in this category. Remaining 2921 jobs. Completed 645  jobs.
Currently at Page 45  of job ME for SENIOR_LEVEL. Fetched 18.51% jobs in this category. Remaining 2906 jobs. Completed 660  jobs.
Currently at Page 46  of job ME for SENIOR_LEVEL. Fetched 18.93% jobs in this category. Remaining 2891 jobs. Completed 675  jobs.
Currently at Page 47  of job ME for SENIOR_LEVEL. Fetched 19.35% jobs in this category. Remaining 2876 jobs. Completed 690  jobs.
Currently at Page 48  of job ME for SENIOR_LEVEL. Fetched 19.77% jobs in this category. Remaining 2861 jobs. Completed 705  jobs.
Currently at Page 49  of job ME for SENIOR_LEVEL. Fetched 20.19% jobs in this category. Remaining 2846 jobs. Completed 720  jobs.
Currently at Page 50  of job ME for SENIOR_LEVEL. Fetched 20.61% jobs in this category. Remaining 2831 jobs. Completed 735  jobs.
Currently at Page 51  of job ME for SENIOR_LEVEL. Fetched 21.03% jobs in this category. Remaining 2816 jobs. Completed 750  jobs.
Currently at Page 52  of job ME for SENIOR_LEVEL. Fetched 21.03% jobs in this category. Remaining 2816 jobs. Completed 750  jobs.
Currently at Page 53  of job ME for SENIOR_LEVEL. Fetched 21.03% jobs in this category. Remaining 2816 jobs. Completed 750  jobs.
Currently at Page 54  of job ME for SENIOR_LEVEL. Fetched 21.03% jobs in this category. Remaining 2816 jobs. Completed 750  jobs.
Currently at Page 55  of job ME for SENIOR_LEVEL. Fetched 21.03% jobs in this category. Remaining 2816 jobs. Completed 750  jobs.
Currently at Page 56  of job ME for SENIOR_LEVEL. Fetched 21.03% jobs in this category. Remaining 2816 jobs. Completed 750  jobs.
Currently at Page 57  of job ME for SENIOR_LEVEL. Fetched 21.03% jobs in this category. Remaining 2816 jobs. Completed 750  jobs.
Currently at Page 58  of job ME for SENIOR_LEVEL. Fetched 21.03% jobs in this category. Remaining 2816 jobs. Completed 750  jobs.
Currently at Page 59  of job ME for SENIOR_LEVEL. Fetched 21.45% jobs in this category. Remaining 2801 jobs. Completed 765  jobs.
Currently at Page 60  of job ME for SENIOR_LEVEL. Fetched 21.87% jobs in this category. Remaining 2786 jobs. Completed 780  jobs.
Currently at Page 61  of job ME for SENIOR_LEVEL. Fetched 22.29% jobs in this category. Remaining 2771 jobs. Completed 795  jobs.
Currently at Page 62  of job ME for SENIOR_LEVEL. Fetched 22.71% jobs in this category. Remaining 2756 jobs. Completed 810  jobs.
Currently at Page 63  of job ME for SENIOR_LEVEL. Fetched 23.14% jobs in this category. Remaining 2741 jobs. Completed 825  jobs.
Currently at Page 64  of job ME for SENIOR_LEVEL. Fetched 23.56% jobs in this category. Remaining 2726 jobs. Completed 840  jobs.
Currently at Page 65  of job ME for SENIOR_LEVEL. Fetched 23.98% jobs in this category. Remaining 2711 jobs. Completed 855  jobs.
Currently at Page 66  of job ME for SENIOR_LEVEL. Fetched 24.26% jobs in this category. Remaining 2701 jobs. Completed 865  jobs.
Currently at Page 67  of job ME for SENIOR_LEVEL. Fetched 24.68% jobs in this category. Remaining 2686 jobs. Completed 880  jobs.
Currently at Page 68  of job ME for SENIOR_LEVEL. Fetched 25.10% jobs in this category. Remaining 2671 jobs. Completed 895  jobs.
Currently at Page 69  of job ME for SENIOR_LEVEL. Fetched 25.52% jobs in this category. Remaining 2656 jobs. Completed 910  jobs.
Currently at Page 70  of job ME for SENIOR_LEVEL. Fetched 25.94% jobs in this category. Remaining 2641 jobs. Completed 925  jobs.
Currently at Page 71  of job ME for SENIOR_LEVEL. Fetched 26.36% jobs in this category. Remaining 2626 jobs. Completed 940  jobs.
Currently at Page 72  of job ME for SENIOR_LEVEL. Fetched 26.78% jobs in this category. Remaining 2611 jobs. Completed 955  jobs.
Currently at Page 73  of job ME for SENIOR_LEVEL. Fetched 27.20% jobs in this category. Remaining 2596 jobs. Completed 970  jobs.
Currently at Page 74  of job ME for SENIOR_LEVEL. Fetched 27.62% jobs in this category. Remaining 2581 jobs. Completed 985  jobs.
Currently at Page 75  of job ME for SENIOR_LEVEL. Fetched 28.04% jobs in this category. Remaining 2566 jobs. Completed 1000 jobs.
Currently at Page 76  of job ME for SENIOR_LEVEL. Fetched 28.46% jobs in this category. Remaining 2551 jobs. Completed 1015 jobs.
Currently at Page 77  of job ME for SENIOR_LEVEL. Fetched 28.88% jobs in this category. Remaining 2536 jobs. Completed 1030 jobs.
Currently at Page 78  of job ME for SENIOR_LEVEL. Fetched 29.30% jobs in this category. Remaining 2521 jobs. Completed 1045 jobs.
Currently at Page 79  of job ME for SENIOR_LEVEL. Fetched 29.73% jobs in this category. Remaining 2506 jobs. Completed 1060 jobs.
Currently at Page 80  of job ME for SENIOR_LEVEL. Fetched 30.15% jobs in this category. Remaining 2491 jobs. Completed 1075 jobs.
Currently at Page 81  of job ME for SENIOR_LEVEL. Fetched 30.57% jobs in this category. Remaining 2476 jobs. Completed 1090 jobs.
Currently at Page 82  of job ME for SENIOR_LEVEL. Fetched 30.99% jobs in this category. Remaining 2461 jobs. Completed 1105 jobs.
Currently at Page 83  of job ME for SENIOR_LEVEL. Fetched 31.41% jobs in this category. Remaining 2446 jobs. Completed 1120 jobs.
Currently at Page 84  of job ME for SENIOR_LEVEL. Fetched 31.83% jobs in this category. Remaining 2431 jobs. Completed 1135 jobs.
Currently at Page 85  of job ME for SENIOR_LEVEL. Fetched 32.25% jobs in this category. Remaining 2416 jobs. Completed 1150 jobs.
Currently at Page 86  of job ME for SENIOR_LEVEL. Fetched 32.67% jobs in this category. Remaining 2401 jobs. Completed 1165 jobs.
Currently at Page 87  of job ME for SENIOR_LEVEL. Fetched 33.09% jobs in this category. Remaining 2386 jobs. Completed 1180 jobs.
Currently at Page 88  of job ME for SENIOR_LEVEL. Fetched 33.51% jobs in this category. Remaining 2371 jobs. Completed 1195 jobs.
Currently at Page 89  of job ME for SENIOR_LEVEL. Fetched 33.93% jobs in this category. Remaining 2356 jobs. Completed 1210 jobs.
Currently at Page 90  of job ME for SENIOR_LEVEL. Fetched 34.35% jobs in this category. Remaining 2341 jobs. Completed 1225 jobs.
Currently at Page 91  of job ME for SENIOR_LEVEL. Fetched 34.77% jobs in this category. Remaining 2326 jobs. Completed 1240 jobs.
Currently at Page 92  of job ME for SENIOR_LEVEL. Fetched 35.19% jobs in this category. Remaining 2311 jobs. Completed 1255 jobs.
Currently at Page 93  of job ME for SENIOR_LEVEL. Fetched 35.61% jobs in this category. Remaining 2296 jobs. Completed 1270 jobs.
Currently at Page 94  of job ME for SENIOR_LEVEL. Fetched 36.03% jobs in this category. Remaining 2281 jobs. Completed 1285 jobs.
Currently at Page 95  of job ME for SENIOR_LEVEL. Fetched 36.46% jobs in this category. Remaining 2266 jobs. Completed 1300 jobs.
Currently at Page 96  of job ME for SENIOR_LEVEL. Fetched 36.88% jobs in this category. Remaining 2251 jobs. Completed 1315 jobs.
Currently at Page 97  of job ME for SENIOR_LEVEL. Fetched 37.30% jobs in this category. Remaining 2236 jobs. Completed 1330 jobs.
Currently at Page 98  of job ME for SENIOR_LEVEL. Fetched 37.72% jobs in this category. Remaining 2221 jobs. Completed 1345 jobs.
Currently at Page 99  of job ME for SENIOR_LEVEL. Fetched 38.14% jobs in this category. Remaining 2206 jobs. Completed 1360 jobs.
Currently at Page 100 of job ME for SENIOR_LEVEL. Fetched 38.56% jobs in this category. Remaining 2191 jobs. Completed 1375 jobs.
Currently at Page 101 of job ME for SENIOR_LEVEL. Fetched 38.98% jobs in this category. Remaining 2176 jobs. Completed 1390 jobs.
Currently at Page 102 of job ME for SENIOR_LEVEL. Fetched 39.40% jobs in this category. Remaining 2161 jobs. Completed 1405 jobs.
Currently at Page 103 of job ME for SENIOR_LEVEL. Fetched 39.82% jobs in this category. Remaining 2146 jobs. Completed 1420 jobs.
Currently at Page 104 of job ME for SENIOR_LEVEL. Fetched 40.24% jobs in this category. Remaining 2131 jobs. Completed 1435 jobs.
Currently at Page 105 of job ME for SENIOR_LEVEL. Fetched 40.66% jobs in this category. Remaining 2116 jobs. Completed 1450 jobs.
Currently at Page 106 of job ME for SENIOR_LEVEL. Fetched 41.08% jobs in this category. Remaining 2101 jobs. Completed 1465 jobs.
Currently at Page 107 of job ME for SENIOR_LEVEL. Fetched 41.50% jobs in this category. Remaining 2086 jobs. Completed 1480 jobs.
Currently at Page 108 of job ME for SENIOR_LEVEL. Fetched 41.92% jobs in this category. Remaining 2071 jobs. Completed 1495 jobs.
Currently at Page 109 of job ME for SENIOR_LEVEL. Fetched 42.34% jobs in this category. Remaining 2056 jobs. Completed 1510 jobs.
Currently at Page 110 of job ME for SENIOR_LEVEL. Fetched 42.77% jobs in this category. Remaining 2041 jobs. Completed 1525 jobs.
Currently at Page 111 of job ME for SENIOR_LEVEL. Fetched 43.19% jobs in this category. Remaining 2026 jobs. Completed 1540 jobs.
Currently at Page 112 of job ME for SENIOR_LEVEL. Fetched 43.61% jobs in this category. Remaining 2011 jobs. Completed 1555 jobs.
Currently at Page 113 of job ME for SENIOR_LEVEL. Fetched 44.03% jobs in this category. Remaining 1996 jobs. Completed 1570 jobs.
Currently at Page 114 of job ME for SENIOR_LEVEL. Fetched 44.45% jobs in this category. Remaining 1981 jobs. Completed 1585 jobs.
Currently at Page 115 of job ME for SENIOR_LEVEL. Fetched 44.87% jobs in this category. Remaining 1966 jobs. Completed 1600 jobs.
Currently at Page 116 of job ME for SENIOR_LEVEL. Fetched 45.29% jobs in this category. Remaining 1951 jobs. Completed 1615 jobs.
Currently at Page 117 of job ME for SENIOR_LEVEL. Fetched 45.71% jobs in this category. Remaining 1936 jobs. Completed 1630 jobs.
Currently at Page 118 of job ME for SENIOR_LEVEL. Fetched 46.13% jobs in this category. Remaining 1921 jobs. Completed 1645 jobs.
Currently at Page 119 of job ME for SENIOR_LEVEL. Fetched 46.55% jobs in this category. Remaining 1906 jobs. Completed 1660 jobs.
Currently at Page 120 of job ME for SENIOR_LEVEL. Fetched 46.97% jobs in this category. Remaining 1891 jobs. Completed 1675 jobs.
Currently at Page 121 of job ME for SENIOR_LEVEL. Fetched 47.39% jobs in this category. Remaining 1876 jobs. Completed 1690 jobs.
Currently at Page 122 of job ME for SENIOR_LEVEL. Fetched 47.81% jobs in this category. Remaining 1861 jobs. Completed 1705 jobs.
Currently at Page 123 of job ME for SENIOR_LEVEL. Fetched 48.23% jobs in this category. Remaining 1846 jobs. Completed 1720 jobs.
Currently at Page 124 of job ME for SENIOR_LEVEL. Fetched 48.65% jobs in this category. Remaining 1831 jobs. Completed 1735 jobs.
Currently at Page 125 of job ME for SENIOR_LEVEL. Fetched 49.07% jobs in this category. Remaining 1816 jobs. Completed 1750 jobs.
Currently at Page 126 of job ME for SENIOR_LEVEL. Fetched 49.50% jobs in this category. Remaining 1801 jobs. Completed 1765 jobs.
Currently at Page 127 of job ME for SENIOR_LEVEL. Fetched 49.92% jobs in this category. Remaining 1786 jobs. Completed 1780 jobs.
Currently at Page 128 of job ME for SENIOR_LEVEL. Fetched 50.34% jobs in this category. Remaining 1771 jobs. Completed 1795 jobs.
Currently at Page 129 of job ME for SENIOR_LEVEL. Fetched 50.76% jobs in this category. Remaining 1756 jobs. Completed 1810 jobs.
Currently at Page 130 of job ME for SENIOR_LEVEL. Fetched 51.18% jobs in this category. Remaining 1741 jobs. Completed 1825 jobs.
Currently at Page 131 of job ME for SENIOR_LEVEL. Fetched 51.60% jobs in this category. Remaining 1726 jobs. Completed 1840 jobs.
Currently at Page 132 of job ME for SENIOR_LEVEL. Fetched 52.02% jobs in this category. Remaining 1711 jobs. Completed 1855 jobs.
Currently at Page 133 of job ME for SENIOR_LEVEL. Fetched 52.44% jobs in this category. Remaining 1696 jobs. Completed 1870 jobs.
Currently at Page 134 of job ME for SENIOR_LEVEL. Fetched 52.86% jobs in this category. Remaining 1681 jobs. Completed 1885 jobs.
Currently at Page 135 of job ME for SENIOR_LEVEL. Fetched 53.28% jobs in this category. Remaining 1666 jobs. Completed 1900 jobs.
Currently at Page 136 of job ME for SENIOR_LEVEL. Fetched 53.70% jobs in this category. Remaining 1651 jobs. Completed 1915 jobs.
Currently at Page 137 of job ME for SENIOR_LEVEL. Fetched 54.12% jobs in this category. Remaining 1636 jobs. Completed 1930 jobs.
Currently at Page 138 of job ME for SENIOR_LEVEL. Fetched 54.54% jobs in this category. Remaining 1621 jobs. Completed 1945 jobs.
Currently at Page 139 of job ME for SENIOR_LEVEL. Fetched 54.96% jobs in this category. Remaining 1606 jobs. Completed 1960 jobs.
Currently at Page 140 of job ME for SENIOR_LEVEL. Fetched 55.38% jobs in this category. Remaining 1591 jobs. Completed 1975 jobs.
Currently at Page 141 of job ME for SENIOR_LEVEL. Fetched 55.80% jobs in this category. Remaining 1576 jobs. Completed 1990 jobs.
Currently at Page 142 of job ME for SENIOR_LEVEL. Fetched 56.23% jobs in this category. Remaining 1561 jobs. Completed 2005 jobs.
Currently at Page 143 of job ME for SENIOR_LEVEL. Fetched 56.65% jobs in this category. Remaining 1546 jobs. Completed 2020 jobs.
Currently at Page 144 of job ME for SENIOR_LEVEL. Fetched 57.07% jobs in this category. Remaining 1531 jobs. Completed 2035 jobs.
Currently at Page 145 of job ME for SENIOR_LEVEL. Fetched 57.49% jobs in this category. Remaining 1516 jobs. Completed 2050 jobs.
Currently at Page 146 of job ME for SENIOR_LEVEL. Fetched 57.91% jobs in this category. Remaining 1501 jobs. Completed 2065 jobs.
Currently at Page 147 of job ME for SENIOR_LEVEL. Fetched 58.33% jobs in this category. Remaining 1486 jobs. Completed 2080 jobs.
Currently at Page 148 of job ME for SENIOR_LEVEL. Fetched 58.75% jobs in this category. Remaining 1471 jobs. Completed 2095 jobs.
Currently at Page 149 of job ME for SENIOR_LEVEL. Fetched 59.17% jobs in this category. Remaining 1456 jobs. Completed 2110 jobs.
Currently at Page 150 of job ME for SENIOR_LEVEL. Fetched 59.59% jobs in this category. Remaining 1441 jobs. Completed 2125 jobs.
Currently at Page 151 of job ME for SENIOR_LEVEL. Fetched 60.01% jobs in this category. Remaining 1426 jobs. Completed 2140 jobs.
Currently at Page 152 of job ME for SENIOR_LEVEL. Fetched 60.43% jobs in this category. Remaining 1411 jobs. Completed 2155 jobs.
Currently at Page 153 of job ME for SENIOR_LEVEL. Fetched 60.85% jobs in this category. Remaining 1396 jobs. Completed 2170 jobs.
Currently at Page 154 of job ME for SENIOR_LEVEL. Fetched 61.27% jobs in this category. Remaining 1381 jobs. Completed 2185 jobs.
Currently at Page 155 of job ME for SENIOR_LEVEL. Fetched 61.69% jobs in this category. Remaining 1366 jobs. Completed 2200 jobs.
Currently at Page 156 of job ME for SENIOR_LEVEL. Fetched 62.11% jobs in this category. Remaining 1351 jobs. Completed 2215 jobs.
Currently at Page 157 of job ME for SENIOR_LEVEL. Fetched 62.54% jobs in this category. Remaining 1336 jobs. Completed 2230 jobs.
Currently at Page 158 of job ME for SENIOR_LEVEL. Fetched 62.96% jobs in this category. Remaining 1321 jobs. Completed 2245 jobs.
Currently at Page 159 of job ME for SENIOR_LEVEL. Fetched 63.38% jobs in this category. Remaining 1306 jobs. Completed 2260 jobs.
Currently at Page 160 of job ME for SENIOR_LEVEL. Fetched 63.80% jobs in this category. Remaining 1291 jobs. Completed 2275 jobs.
Currently at Page 161 of job ME for SENIOR_LEVEL. Fetched 64.22% jobs in this category. Remaining 1276 jobs. Completed 2290 jobs.
Currently at Page 162 of job ME for SENIOR_LEVEL. Fetched 64.64% jobs in this category. Remaining 1261 jobs. Completed 2305 jobs.
Currently at Page 163 of job ME for SENIOR_LEVEL. Fetched 65.06% jobs in this category. Remaining 1246 jobs. Completed 2320 jobs.
Currently at Page 164 of job ME for SENIOR_LEVEL. Fetched 65.48% jobs in this category. Remaining 1231 jobs. Completed 2335 jobs.
Currently at Page 165 of job ME for SENIOR_LEVEL. Fetched 65.90% jobs in this category. Remaining 1216 jobs. Completed 2350 jobs.
Currently at Page 166 of job ME for SENIOR_LEVEL. Fetched 66.32% jobs in this category. Remaining 1201 jobs. Completed 2365 jobs.
Currently at Page 167 of job ME for SENIOR_LEVEL. Fetched 66.74% jobs in this category. Remaining 1186 jobs. Completed 2380 jobs.
Currently at Page 168 of job ME for SENIOR_LEVEL. Fetched 67.16% jobs in this category. Remaining 1171 jobs. Completed 2395 jobs.
Currently at Page 169 of job ME for SENIOR_LEVEL. Fetched 67.58% jobs in this category. Remaining 1156 jobs. Completed 2410 jobs.
Currently at Page 170 of job ME for SENIOR_LEVEL. Fetched 68.00% jobs in this category. Remaining 1141 jobs. Completed 2425 jobs.
Currently at Page 171 of job ME for SENIOR_LEVEL. Fetched 68.42% jobs in this category. Remaining 1126 jobs. Completed 2440 jobs.
Currently at Page 172 of job ME for SENIOR_LEVEL. Fetched 68.84% jobs in this category. Remaining 1111 jobs. Completed 2455 jobs.
Currently at Page 173 of job ME for SENIOR_LEVEL. Fetched 69.27% jobs in this category. Remaining 1096 jobs. Completed 2470 jobs.
Currently at Page 174 of job ME for SENIOR_LEVEL. Fetched 69.69% jobs in this category. Remaining 1081 jobs. Completed 2485 jobs.
Currently at Page 175 of job ME for SENIOR_LEVEL. Fetched 70.11% jobs in this category. Remaining 1066 jobs. Completed 2500 jobs.
Currently at Page 176 of job ME for SENIOR_LEVEL. Fetched 70.53% jobs in this category. Remaining 1051 jobs. Completed 2515 jobs.
Currently at Page 177 of job ME for SENIOR_LEVEL. Fetched 70.95% jobs in this category. Remaining 1036 jobs. Completed 2530 jobs.
Currently at Page 178 of job ME for SENIOR_LEVEL. Fetched 71.37% jobs in this category. Remaining 1021 jobs. Completed 2545 jobs.
Currently at Page 179 of job ME for SENIOR_LEVEL. Fetched 71.79% jobs in this category. Remaining 1006 jobs. Completed 2560 jobs.
Currently at Page 180 of job ME for SENIOR_LEVEL. Fetched 72.21% jobs in this category. Remaining 991  jobs. Completed 2575 jobs.
Currently at Page 181 of job ME for SENIOR_LEVEL. Fetched 72.63% jobs in this category. Remaining 976  jobs. Completed 2590 jobs.
Currently at Page 182 of job ME for SENIOR_LEVEL. Fetched 73.05% jobs in this category. Remaining 961  jobs. Completed 2605 jobs.
Currently at Page 183 of job ME for SENIOR_LEVEL. Fetched 73.47% jobs in this category. Remaining 946  jobs. Completed 2620 jobs.
Currently at Page 184 of job ME for SENIOR_LEVEL. Fetched 73.89% jobs in this category. Remaining 931  jobs. Completed 2635 jobs.
Currently at Page 185 of job ME for SENIOR_LEVEL. Fetched 74.31% jobs in this category. Remaining 916  jobs. Completed 2650 jobs.
Currently at Page 186 of job ME for SENIOR_LEVEL. Fetched 74.73% jobs in this category. Remaining 901  jobs. Completed 2665 jobs.
Currently at Page 187 of job ME for SENIOR_LEVEL. Fetched 75.15% jobs in this category. Remaining 886  jobs. Completed 2680 jobs.
Currently at Page 188 of job ME for SENIOR_LEVEL. Fetched 75.57% jobs in this category. Remaining 871  jobs. Completed 2695 jobs.
Currently at Page 189 of job ME for SENIOR_LEVEL. Fetched 76.00% jobs in this category. Remaining 856  jobs. Completed 2710 jobs.
Currently at Page 190 of job ME for SENIOR_LEVEL. Fetched 76.42% jobs in this category. Remaining 841  jobs. Completed 2725 jobs.
Currently at Page 191 of job ME for SENIOR_LEVEL. Fetched 76.84% jobs in this category. Remaining 826  jobs. Completed 2740 jobs.
Currently at Page 192 of job ME for SENIOR_LEVEL. Fetched 77.26% jobs in this category. Remaining 811  jobs. Completed 2755 jobs.
Currently at Page 193 of job ME for SENIOR_LEVEL. Fetched 77.68% jobs in this category. Remaining 796  jobs. Completed 2770 jobs.
Currently at Page 194 of job ME for SENIOR_LEVEL. Fetched 78.10% jobs in this category. Remaining 781  jobs. Completed 2785 jobs.
Currently at Page 195 of job ME for SENIOR_LEVEL. Fetched 78.52% jobs in this category. Remaining 766  jobs. Completed 2800 jobs.
Currently at Page 196 of job ME for SENIOR_LEVEL. Fetched 78.94% jobs in this category. Remaining 751  jobs. Completed 2815 jobs.
Currently at Page 197 of job ME for SENIOR_LEVEL. Fetched 79.36% jobs in this category. Remaining 736  jobs. Completed 2830 jobs.
Currently at Page 198 of job ME for SENIOR_LEVEL. Fetched 79.78% jobs in this category. Remaining 721  jobs. Completed 2845 jobs.
Currently at Page 199 of job ME for SENIOR_LEVEL. Fetched 80.20% jobs in this category. Remaining 706  jobs. Completed 2860 jobs.
Currently at Page 200 of job ME for SENIOR_LEVEL. Fetched 80.62% jobs in this category. Remaining 691  jobs. Completed 2875 jobs.
Currently at Page 201 of job ME for SENIOR_LEVEL. Fetched 81.04% jobs in this category. Remaining 676  jobs. Completed 2890 jobs.
Currently at Page 202 of job ME for SENIOR_LEVEL. Fetched 81.46% jobs in this category. Remaining 661  jobs. Completed 2905 jobs.
Currently at Page 203 of job ME for SENIOR_LEVEL. Fetched 81.88% jobs in this category. Remaining 646  jobs. Completed 2920 jobs.
Currently at Page 204 of job ME for SENIOR_LEVEL. Fetched 82.31% jobs in this category. Remaining 631  jobs. Completed 2935 jobs.
Currently at Page 205 of job ME for SENIOR_LEVEL. Fetched 82.73% jobs in this category. Remaining 616  jobs. Completed 2950 jobs.
Currently at Page 206 of job ME for SENIOR_LEVEL. Fetched 83.15% jobs in this category. Remaining 601  jobs. Completed 2965 jobs.
Currently at Page 207 of job ME for SENIOR_LEVEL. Fetched 83.57% jobs in this category. Remaining 586  jobs. Completed 2980 jobs.
Currently at Page 208 of job ME for SENIOR_LEVEL. Fetched 83.99% jobs in this category. Remaining 571  jobs. Completed 2995 jobs.
Currently at Page 209 of job ME for SENIOR_LEVEL. Fetched 84.41% jobs in this category. Remaining 556  jobs. Completed 3010 jobs.
Currently at Page 210 of job ME for SENIOR_LEVEL. Fetched 84.83% jobs in this category. Remaining 541  jobs. Completed 3025 jobs.
Currently at Page 211 of job ME for SENIOR_LEVEL. Fetched 85.25% jobs in this category. Remaining 526  jobs. Completed 3040 jobs.
Currently at Page 212 of job ME for SENIOR_LEVEL. Fetched 85.67% jobs in this category. Remaining 511  jobs. Completed 3055 jobs.
Currently at Page 213 of job ME for SENIOR_LEVEL. Fetched 86.09% jobs in this category. Remaining 496  jobs. Completed 3070 jobs.
Currently at Page 214 of job ME for SENIOR_LEVEL. Fetched 86.51% jobs in this category. Remaining 481  jobs. Completed 3085 jobs.
Currently at Page 215 of job ME for SENIOR_LEVEL. Fetched 86.93% jobs in this category. Remaining 466  jobs. Completed 3100 jobs.
Currently at Page 216 of job ME for SENIOR_LEVEL. Fetched 87.35% jobs in this category. Remaining 451  jobs. Completed 3115 jobs.
Currently at Page 217 of job ME for SENIOR_LEVEL. Fetched 87.77% jobs in this category. Remaining 436  jobs. Completed 3130 jobs.
Currently at Page 218 of job ME for SENIOR_LEVEL. Fetched 88.19% jobs in this category. Remaining 421  jobs. Completed 3145 jobs.
Currently at Page 219 of job ME for SENIOR_LEVEL. Fetched 88.61% jobs in this category. Remaining 406  jobs. Completed 3160 jobs.
Currently at Page 220 of job ME for SENIOR_LEVEL. Fetched 89.04% jobs in this category. Remaining 391  jobs. Completed 3175 jobs.
Currently at Page 221 of job ME for SENIOR_LEVEL. Fetched 89.46% jobs in this category. Remaining 376  jobs. Completed 3190 jobs.
Currently at Page 222 of job ME for SENIOR_LEVEL. Fetched 89.88% jobs in this category. Remaining 361  jobs. Completed 3205 jobs.
Currently at Page 223 of job ME for SENIOR_LEVEL. Fetched 90.30% jobs in this category. Remaining 346  jobs. Completed 3220 jobs.
Currently at Page 224 of job ME for SENIOR_LEVEL. Fetched 90.72% jobs in this category. Remaining 331  jobs. Completed 3235 jobs.
Currently at Page 225 of job ME for SENIOR_LEVEL. Fetched 91.14% jobs in this category. Remaining 316  jobs. Completed 3250 jobs.
Currently at Page 226 of job ME for SENIOR_LEVEL. Fetched 91.56% jobs in this category. Remaining 301  jobs. Completed 3265 jobs.
Currently at Page 227 of job ME for SENIOR_LEVEL. Fetched 91.98% jobs in this category. Remaining 286  jobs. Completed 3280 jobs.
Currently at Page 228 of job ME for SENIOR_LEVEL. Fetched 92.40% jobs in this category. Remaining 271  jobs. Completed 3295 jobs.
Currently at Page 229 of job ME for SENIOR_LEVEL. Fetched 92.82% jobs in this category. Remaining 256  jobs. Completed 3310 jobs.
Currently at Page 230 of job ME for SENIOR_LEVEL. Fetched 93.24% jobs in this category. Remaining 241  jobs. Completed 3325 jobs.
Currently at Page 231 of job ME for SENIOR_LEVEL. Fetched 93.66% jobs in this category. Remaining 226  jobs. Completed 3340 jobs.
Currently at Page 232 of job ME for SENIOR_LEVEL. Fetched 94.08% jobs in this category. Remaining 211  jobs. Completed 3355 jobs.
Currently at Page 233 of job ME for SENIOR_LEVEL. Fetched 94.50% jobs in this category. Remaining 196  jobs. Completed 3370 jobs.
Currently at Page 234 of job ME for SENIOR_LEVEL. Fetched 94.92% jobs in this category. Remaining 181  jobs. Completed 3385 jobs.
Currently at Page 235 of job ME for SENIOR_LEVEL. Fetched 95.34% jobs in this category. Remaining 166  jobs. Completed 3400 jobs.
Currently at Page 236 of job ME for SENIOR_LEVEL. Fetched 95.77% jobs in this category. Remaining 151  jobs. Completed 3415 jobs.
Currently at Page 237 of job ME for SENIOR_LEVEL. Fetched 96.19% jobs in this category. Remaining 136  jobs. Completed 3430 jobs.
Currently at Page 238 of job ME for SENIOR_LEVEL. Fetched 96.61% jobs in this category. Remaining 121  jobs. Completed 3445 jobs.
Currently at Page 239 of job ME for SENIOR_LEVEL. Fetched 97.03% jobs in this category. Remaining 106  jobs. Completed 3460 jobs.
Currently at Page 240 of job ME for SENIOR_LEVEL. Fetched 97.45% jobs in this category. Remaining 91   jobs. Completed 3475 jobs.
Currently at Page 241 of job ME for SENIOR_LEVEL. Fetched 97.87% jobs in this category. Remaining 76   jobs. Completed 3490 jobs.
Currently at Page 242 of job ME for SENIOR_LEVEL. Fetched 98.29% jobs in this category. Remaining 61   jobs. Completed 3505 jobs.
Currently at Page 243 of job ME for SENIOR_LEVEL. Fetched 98.71% jobs in this category. Remaining 46   jobs. Completed 3520 jobs.
Currently at Page 244 of job ME for SENIOR_LEVEL. Fetched 99.13% jobs in this category. Remaining 31   jobs. Completed 3535 jobs.
Currently at Page 245 of job ME for SENIOR_LEVEL. Fetched 99.55% jobs in this category. Remaining 16   jobs. Completed 3550 jobs.
Currently at Page 246 of job ME for SENIOR_LEVEL. Fetched 99.97% jobs in this category. Remaining 1    jobs. Completed 3565 jobs.


The time taken to run this job is 29.37
