Currently at Page 1   of job SE for SENIOR_LEVEL. Fetched 0.00% jobs in this category. Remaining 14289 jobs. Completed 0     jobs.
Currently at Page 2   of job SE for SENIOR_LEVEL. Fetched 0.10% jobs in this category. Remaining 14274 jobs. Completed 15    jobs.
Currently at Page 3   of job SE for SENIOR_LEVEL. Fetched 0.21% jobs in this category. Remaining 14259 jobs. Completed 30    jobs.
Currently at Page 4   of job SE for SENIOR_LEVEL. Fetched 0.31% jobs in this category. Remaining 14244 jobs. Completed 45    jobs.
Currently at Page 5   of job SE for SENIOR_LEVEL. Fetched 0.42% jobs in this category. Remaining 14229 jobs. Completed 60    jobs.
Currently at Page 6   of job SE for SENIOR_LEVEL. Fetched 0.52% jobs in this category. Remaining 14214 jobs. Completed 75    jobs.
Currently at Page 7   of job SE for SENIOR_LEVEL. Fetched 0.63% jobs in this category. Remaining 14199 jobs. Completed 90    jobs.
Currently at Page 8   of job SE for SENIOR_LEVEL. Fetched 0.73% jobs in this category. Remaining 14184 jobs. Completed 105   jobs.
Currently at Page 9   of job SE for SENIOR_LEVEL. Fetched 0.84% jobs in this category. Remaining 14169 jobs. Completed 120   jobs.
Currently at Page 10  of job SE for SENIOR_LEVEL. Fetched 0.94% jobs in this category. Remaining 14154 jobs. Completed 135   jobs.
Currently at Page 11  of job SE for SENIOR_LEVEL. Fetched 1.05% jobs in this category. Remaining 14139 jobs. Completed 150   jobs.
Currently at Page 12  of job SE for SENIOR_LEVEL. Fetched 1.15% jobs in this category. Remaining 14124 jobs. Completed 165   jobs.
Currently at Page 13  of job SE for SENIOR_LEVEL. Fetched 1.26% jobs in this category. Remaining 14109 jobs. Completed 180   jobs.
Currently at Page 14  of job SE for SENIOR_LEVEL. Fetched 1.36% jobs in this category. Remaining 14094 jobs. Completed 195   jobs.
Currently at Page 15  of job SE for SENIOR_LEVEL. Fetched 1.47% jobs in this category. Remaining 14079 jobs. Completed 210   jobs.
Currently at Page 16  of job SE for SENIOR_LEVEL. Fetched 1.57% jobs in this category. Remaining 14064 jobs. Completed 225   jobs.
Currently at Page 17  of job SE for SENIOR_LEVEL. Fetched 1.68% jobs in this category. Remaining 14049 jobs. Completed 240   jobs.
Currently at Page 18  of job SE for SENIOR_LEVEL. Fetched 1.78% jobs in this category. Remaining 14034 jobs. Completed 255   jobs.
Currently at Page 19  of job SE for SENIOR_LEVEL. Fetched 1.89% jobs in this category. Remaining 14019 jobs. Completed 270   jobs.
Currently at Page 20  of job SE for SENIOR_LEVEL. Fetched 1.99% jobs in this category. Remaining 14004 jobs. Completed 285   jobs.
Currently at Page 21  of job SE for SENIOR_LEVEL. Fetched 2.10% jobs in this category. Remaining 13989 jobs. Completed 300   jobs.
Currently at Page 22  of job SE for SENIOR_LEVEL. Fetched 2.20% jobs in this category. Remaining 13974 jobs. Completed 315   jobs.
Currently at Page 23  of job SE for SENIOR_LEVEL. Fetched 2.31% jobs in this category. Remaining 13959 jobs. Completed 330   jobs.
Currently at Page 24  of job SE for SENIOR_LEVEL. Fetched 2.41% jobs in this category. Remaining 13944 jobs. Completed 345   jobs.
Currently at Page 25  of job SE for SENIOR_LEVEL. Fetched 2.52% jobs in this category. Remaining 13929 jobs. Completed 360   jobs.
Currently at Page 26  of job SE for SENIOR_LEVEL. Fetched 2.62% jobs in this category. Remaining 13914 jobs. Completed 375   jobs.
Currently at Page 27  of job SE for SENIOR_LEVEL. Fetched 2.73% jobs in this category. Remaining 13899 jobs. Completed 390   jobs.
Currently at Page 28  of job SE for SENIOR_LEVEL. Fetched 2.83% jobs in this category. Remaining 13884 jobs. Completed 405   jobs.
Currently at Page 29  of job SE for SENIOR_LEVEL. Fetched 2.94% jobs in this category. Remaining 13869 jobs. Completed 420   jobs.
Currently at Page 30  of job SE for SENIOR_LEVEL. Fetched 3.04% jobs in this category. Remaining 13854 jobs. Completed 435   jobs.
Currently at Page 31  of job SE for SENIOR_LEVEL. Fetched 3.15% jobs in this category. Remaining 13839 jobs. Completed 450   jobs.
Currently at Page 32  of job SE for SENIOR_LEVEL. Fetched 3.25% jobs in this category. Remaining 13824 jobs. Completed 465   jobs.
Currently at Page 33  of job SE for SENIOR_LEVEL. Fetched 3.36% jobs in this category. Remaining 13809 jobs. Completed 480   jobs.
Currently at Page 34  of job SE for SENIOR_LEVEL. Fetched 3.46% jobs in this category. Remaining 13794 jobs. Completed 495   jobs.
Currently at Page 35  of job SE for SENIOR_LEVEL. Fetched 3.57% jobs in this category. Remaining 13779 jobs. Completed 510   jobs.
Currently at Page 36  of job SE for SENIOR_LEVEL. Fetched 3.67% jobs in this category. Remaining 13764 jobs. Completed 525   jobs.
Currently at Page 37  of job SE for SENIOR_LEVEL. Fetched 3.78% jobs in this category. Remaining 13749 jobs. Completed 540   jobs.
Currently at Page 38  of job SE for SENIOR_LEVEL. Fetched 3.88% jobs in this category. Remaining 13734 jobs. Completed 555   jobs.
Currently at Page 39  of job SE for SENIOR_LEVEL. Fetched 3.99% jobs in this category. Remaining 13719 jobs. Completed 570   jobs.
Currently at Page 40  of job SE for SENIOR_LEVEL. Fetched 4.09% jobs in this category. Remaining 13704 jobs. Completed 585   jobs.
Currently at Page 41  of job SE for SENIOR_LEVEL. Fetched 4.20% jobs in this category. Remaining 13689 jobs. Completed 600   jobs.
Currently at Page 42  of job SE for SENIOR_LEVEL. Fetched 4.30% jobs in this category. Remaining 13674 jobs. Completed 615   jobs.
Currently at Page 43  of job SE for SENIOR_LEVEL. Fetched 4.41% jobs in this category. Remaining 13659 jobs. Completed 630   jobs.
Currently at Page 44  of job SE for SENIOR_LEVEL. Fetched 4.51% jobs in this category. Remaining 13644 jobs. Completed 645   jobs.
Currently at Page 45  of job SE for SENIOR_LEVEL. Fetched 4.62% jobs in this category. Remaining 13629 jobs. Completed 660   jobs.
Currently at Page 46  of job SE for SENIOR_LEVEL. Fetched 4.72% jobs in this category. Remaining 13614 jobs. Completed 675   jobs.
Currently at Page 47  of job SE for SENIOR_LEVEL. Fetched 4.83% jobs in this category. Remaining 13599 jobs. Completed 690   jobs.
Currently at Page 48  of job SE for SENIOR_LEVEL. Fetched 4.93% jobs in this category. Remaining 13584 jobs. Completed 705   jobs.
Currently at Page 49  of job SE for SENIOR_LEVEL. Fetched 5.04% jobs in this category. Remaining 13569 jobs. Completed 720   jobs.
Currently at Page 50  of job SE for SENIOR_LEVEL. Fetched 5.14% jobs in this category. Remaining 13554 jobs. Completed 735   jobs.
Currently at Page 51  of job SE for SENIOR_LEVEL. Fetched 5.25% jobs in this category. Remaining 13539 jobs. Completed 750   jobs.
Currently at Page 52  of job SE for SENIOR_LEVEL. Fetched 5.35% jobs in this category. Remaining 13524 jobs. Completed 765   jobs.
Currently at Page 53  of job SE for SENIOR_LEVEL. Fetched 5.46% jobs in this category. Remaining 13509 jobs. Completed 780   jobs.
Currently at Page 54  of job SE for SENIOR_LEVEL. Fetched 5.56% jobs in this category. Remaining 13494 jobs. Completed 795   jobs.
Currently at Page 55  of job SE for SENIOR_LEVEL. Fetched 5.67% jobs in this category. Remaining 13479 jobs. Completed 810   jobs.
Currently at Page 56  of job SE for SENIOR_LEVEL. Fetched 5.77% jobs in this category. Remaining 13464 jobs. Completed 825   jobs.
Currently at Page 57  of job SE for SENIOR_LEVEL. Fetched 5.88% jobs in this category. Remaining 13449 jobs. Completed 840   jobs.
Currently at Page 58  of job SE for SENIOR_LEVEL. Fetched 5.98% jobs in this category. Remaining 13434 jobs. Completed 855   jobs.
Currently at Page 59  of job SE for SENIOR_LEVEL. Fetched 6.09% jobs in this category. Remaining 13419 jobs. Completed 870   jobs.
Currently at Page 60  of job SE for SENIOR_LEVEL. Fetched 6.19% jobs in this category. Remaining 13404 jobs. Completed 885   jobs.
Currently at Page 61  of job SE for SENIOR_LEVEL. Fetched 6.30% jobs in this category. Remaining 13389 jobs. Completed 900   jobs.
Currently at Page 62  of job SE for SENIOR_LEVEL. Fetched 6.40% jobs in this category. Remaining 13374 jobs. Completed 915   jobs.
Currently at Page 63  of job SE for SENIOR_LEVEL. Fetched 6.51% jobs in this category. Remaining 13359 jobs. Completed 930   jobs.
Currently at Page 64  of job SE for SENIOR_LEVEL. Fetched 6.61% jobs in this category. Remaining 13344 jobs. Completed 945   jobs.
Currently at Page 65  of job SE for SENIOR_LEVEL. Fetched 6.72% jobs in this category. Remaining 13329 jobs. Completed 960   jobs.
Currently at Page 66  of job SE for SENIOR_LEVEL. Fetched 6.82% jobs in this category. Remaining 13314 jobs. Completed 975   jobs.
Currently at Page 67  of job SE for SENIOR_LEVEL. Fetched 6.93% jobs in this category. Remaining 13299 jobs. Completed 990   jobs.


The time taken to run this job is 8.6
