Currently at Page 1   of job BA for ENTRY_LEVEL. Fetched 0.00% jobs in this category. Remaining 2740 jobs. Completed 0    jobs.
Currently at Page 2   of job BA for ENTRY_LEVEL. Fetched 0.55% jobs in this category. Remaining 2725 jobs. Completed 15   jobs.
Currently at Page 3   of job BA for ENTRY_LEVEL. Fetched 1.09% jobs in this category. Remaining 2710 jobs. Completed 30   jobs.
Currently at Page 4   of job BA for ENTRY_LEVEL. Fetched 1.64% jobs in this category. Remaining 2695 jobs. Completed 45   jobs.
Currently at Page 5   of job BA for ENTRY_LEVEL. Fetched 2.19% jobs in this category. Remaining 2680 jobs. Completed 60   jobs.
Currently at Page 6   of job BA for ENTRY_LEVEL. Fetched 2.74% jobs in this category. Remaining 2665 jobs. Completed 75   jobs.
Currently at Page 7   of job BA for ENTRY_LEVEL. Fetched 3.28% jobs in this category. Remaining 2650 jobs. Completed 90   jobs.
Currently at Page 8   of job BA for ENTRY_LEVEL. Fetched 3.83% jobs in this category. Remaining 2635 jobs. Completed 105  jobs.
Currently at Page 9   of job BA for ENTRY_LEVEL. Fetched 4.38% jobs in this category. Remaining 2620 jobs. Completed 120  jobs.
Currently at Page 10  of job BA for ENTRY_LEVEL. Fetched 4.93% jobs in this category. Remaining 2605 jobs. Completed 135  jobs.
Currently at Page 11  of job BA for ENTRY_LEVEL. Fetched 5.47% jobs in this category. Remaining 2590 jobs. Completed 150  jobs.
Currently at Page 12  of job BA for ENTRY_LEVEL. Fetched 6.02% jobs in this category. Remaining 2575 jobs. Completed 165  jobs.
Currently at Page 13  of job BA for ENTRY_LEVEL. Fetched 6.57% jobs in this category. Remaining 2560 jobs. Completed 180  jobs.
Currently at Page 14  of job BA for ENTRY_LEVEL. Fetched 7.12% jobs in this category. Remaining 2545 jobs. Completed 195  jobs.
Currently at Page 15  of job BA for ENTRY_LEVEL. Fetched 7.66% jobs in this category. Remaining 2530 jobs. Completed 210  jobs.
Currently at Page 16  of job BA for ENTRY_LEVEL. Fetched 8.21% jobs in this category. Remaining 2515 jobs. Completed 225  jobs.
Currently at Page 17  of job BA for ENTRY_LEVEL. Fetched 8.76% jobs in this category. Remaining 2500 jobs. Completed 240  jobs.
Currently at Page 18  of job BA for ENTRY_LEVEL. Fetched 9.31% jobs in this category. Remaining 2485 jobs. Completed 255  jobs.
Currently at Page 19  of job BA for ENTRY_LEVEL. Fetched 9.85% jobs in this category. Remaining 2470 jobs. Completed 270  jobs.
Currently at Page 20  of job BA for ENTRY_LEVEL. Fetched 10.40% jobs in this category. Remaining 2455 jobs. Completed 285  jobs.
Currently at Page 21  of job BA for ENTRY_LEVEL. Fetched 10.95% jobs in this category. Remaining 2440 jobs. Completed 300  jobs.
Currently at Page 22  of job BA for ENTRY_LEVEL. Fetched 11.50% jobs in this category. Remaining 2425 jobs. Completed 315  jobs.
Currently at Page 23  of job BA for ENTRY_LEVEL. Fetched 12.04% jobs in this category. Remaining 2410 jobs. Completed 330  jobs.
Currently at Page 24  of job BA for ENTRY_LEVEL. Fetched 12.59% jobs in this category. Remaining 2395 jobs. Completed 345  jobs.
Currently at Page 25  of job BA for ENTRY_LEVEL. Fetched 13.14% jobs in this category. Remaining 2380 jobs. Completed 360  jobs.
Currently at Page 26  of job BA for ENTRY_LEVEL. Fetched 13.69% jobs in this category. Remaining 2365 jobs. Completed 375  jobs.
Currently at Page 27  of job BA for ENTRY_LEVEL. Fetched 14.23% jobs in this category. Remaining 2350 jobs. Completed 390  jobs.
Currently at Page 28  of job BA for ENTRY_LEVEL. Fetched 14.78% jobs in this category. Remaining 2335 jobs. Completed 405  jobs.
Currently at Page 29  of job BA for ENTRY_LEVEL. Fetched 15.33% jobs in this category. Remaining 2320 jobs. Completed 420  jobs.
Currently at Page 30  of job BA for ENTRY_LEVEL. Fetched 15.88% jobs in this category. Remaining 2305 jobs. Completed 435  jobs.
Currently at Page 31  of job BA for ENTRY_LEVEL. Fetched 16.42% jobs in this category. Remaining 2290 jobs. Completed 450  jobs.
Currently at Page 32  of job BA for ENTRY_LEVEL. Fetched 16.97% jobs in this category. Remaining 2275 jobs. Completed 465  jobs.
Currently at Page 33  of job BA for ENTRY_LEVEL. Fetched 17.52% jobs in this category. Remaining 2260 jobs. Completed 480  jobs.
Currently at Page 34  of job BA for ENTRY_LEVEL. Fetched 18.07% jobs in this category. Remaining 2245 jobs. Completed 495  jobs.
Currently at Page 35  of job BA for ENTRY_LEVEL. Fetched 18.61% jobs in this category. Remaining 2230 jobs. Completed 510  jobs.
Currently at Page 36  of job BA for ENTRY_LEVEL. Fetched 19.16% jobs in this category. Remaining 2215 jobs. Completed 525  jobs.
Currently at Page 37  of job BA for ENTRY_LEVEL. Fetched 19.71% jobs in this category. Remaining 2200 jobs. Completed 540  jobs.
Currently at Page 38  of job BA for ENTRY_LEVEL. Fetched 20.26% jobs in this category. Remaining 2185 jobs. Completed 555  jobs.
Currently at Page 39  of job BA for ENTRY_LEVEL. Fetched 20.80% jobs in this category. Remaining 2170 jobs. Completed 570  jobs.
Currently at Page 40  of job BA for ENTRY_LEVEL. Fetched 21.35% jobs in this category. Remaining 2155 jobs. Completed 585  jobs.
Currently at Page 41  of job BA for ENTRY_LEVEL. Fetched 21.90% jobs in this category. Remaining 2140 jobs. Completed 600  jobs.
Currently at Page 42  of job BA for ENTRY_LEVEL. Fetched 22.45% jobs in this category. Remaining 2125 jobs. Completed 615  jobs.
Currently at Page 43  of job BA for ENTRY_LEVEL. Fetched 22.99% jobs in this category. Remaining 2110 jobs. Completed 630  jobs.
Currently at Page 44  of job BA for ENTRY_LEVEL. Fetched 23.54% jobs in this category. Remaining 2095 jobs. Completed 645  jobs.
Currently at Page 45  of job BA for ENTRY_LEVEL. Fetched 24.09% jobs in this category. Remaining 2080 jobs. Completed 660  jobs.
Currently at Page 46  of job BA for ENTRY_LEVEL. Fetched 24.64% jobs in this category. Remaining 2065 jobs. Completed 675  jobs.
Currently at Page 47  of job BA for ENTRY_LEVEL. Fetched 25.18% jobs in this category. Remaining 2050 jobs. Completed 690  jobs.
Currently at Page 48  of job BA for ENTRY_LEVEL. Fetched 25.73% jobs in this category. Remaining 2035 jobs. Completed 705  jobs.
Currently at Page 49  of job BA for ENTRY_LEVEL. Fetched 26.28% jobs in this category. Remaining 2020 jobs. Completed 720  jobs.
Currently at Page 50  of job BA for ENTRY_LEVEL. Fetched 26.82% jobs in this category. Remaining 2005 jobs. Completed 735  jobs.
Currently at Page 51  of job BA for ENTRY_LEVEL. Fetched 27.37% jobs in this category. Remaining 1990 jobs. Completed 750  jobs.
Currently at Page 52  of job BA for ENTRY_LEVEL. Fetched 27.92% jobs in this category. Remaining 1975 jobs. Completed 765  jobs.
Currently at Page 53  of job BA for ENTRY_LEVEL. Fetched 28.47% jobs in this category. Remaining 1960 jobs. Completed 780  jobs.
Currently at Page 54  of job BA for ENTRY_LEVEL. Fetched 29.01% jobs in this category. Remaining 1945 jobs. Completed 795  jobs.
Currently at Page 55  of job BA for ENTRY_LEVEL. Fetched 29.56% jobs in this category. Remaining 1930 jobs. Completed 810  jobs.
Currently at Page 56  of job BA for ENTRY_LEVEL. Fetched 30.11% jobs in this category. Remaining 1915 jobs. Completed 825  jobs.
Currently at Page 57  of job BA for ENTRY_LEVEL. Fetched 30.66% jobs in this category. Remaining 1900 jobs. Completed 840  jobs.
Currently at Page 58  of job BA for ENTRY_LEVEL. Fetched 31.20% jobs in this category. Remaining 1885 jobs. Completed 855  jobs.
Currently at Page 59  of job BA for ENTRY_LEVEL. Fetched 31.75% jobs in this category. Remaining 1870 jobs. Completed 870  jobs.
Currently at Page 60  of job BA for ENTRY_LEVEL. Fetched 32.30% jobs in this category. Remaining 1855 jobs. Completed 885  jobs.
Currently at Page 61  of job BA for ENTRY_LEVEL. Fetched 32.85% jobs in this category. Remaining 1840 jobs. Completed 900  jobs.
Currently at Page 62  of job BA for ENTRY_LEVEL. Fetched 33.39% jobs in this category. Remaining 1825 jobs. Completed 915  jobs.
Currently at Page 63  of job BA for ENTRY_LEVEL. Fetched 33.94% jobs in this category. Remaining 1810 jobs. Completed 930  jobs.
Currently at Page 64  of job BA for ENTRY_LEVEL. Fetched 34.49% jobs in this category. Remaining 1795 jobs. Completed 945  jobs.
Currently at Page 65  of job BA for ENTRY_LEVEL. Fetched 35.04% jobs in this category. Remaining 1780 jobs. Completed 960  jobs.
Currently at Page 66  of job BA for ENTRY_LEVEL. Fetched 35.58% jobs in this category. Remaining 1765 jobs. Completed 975  jobs.
Currently at Page 67  of job BA for ENTRY_LEVEL. Fetched 36.13% jobs in this category. Remaining 1750 jobs. Completed 990  jobs.
Currently at Page 68  of job BA for ENTRY_LEVEL. Fetched 36.68% jobs in this category. Remaining 1735 jobs. Completed 1005 jobs.


The time taken to run this job is 8.16
