Currently at Page 1   of job BA for MID_LEVEL. Fetched 0.00% jobs in this category. Remaining 7751 jobs. Completed 0    jobs.
Currently at Page 2   of job BA for MID_LEVEL. Fetched 0.19% jobs in this category. Remaining 7736 jobs. Completed 15   jobs.
Currently at Page 3   of job BA for MID_LEVEL. Fetched 0.39% jobs in this category. Remaining 7721 jobs. Completed 30   jobs.
Currently at Page 4   of job BA for MID_LEVEL. Fetched 0.58% jobs in this category. Remaining 7706 jobs. Completed 45   jobs.
Currently at Page 5   of job BA for MID_LEVEL. Fetched 0.77% jobs in this category. Remaining 7691 jobs. Completed 60   jobs.
Currently at Page 6   of job BA for MID_LEVEL. Fetched 0.97% jobs in this category. Remaining 7676 jobs. Completed 75   jobs.
Currently at Page 7   of job BA for MID_LEVEL. Fetched 1.16% jobs in this category. Remaining 7661 jobs. Completed 90   jobs.
Currently at Page 8   of job BA for MID_LEVEL. Fetched 1.35% jobs in this category. Remaining 7646 jobs. Completed 105  jobs.
Currently at Page 9   of job BA for MID_LEVEL. Fetched 1.55% jobs in this category. Remaining 7631 jobs. Completed 120  jobs.
Currently at Page 10  of job BA for MID_LEVEL. Fetched 1.74% jobs in this category. Remaining 7616 jobs. Completed 135  jobs.
Currently at Page 11  of job BA for MID_LEVEL. Fetched 1.94% jobs in this category. Remaining 7601 jobs. Completed 150  jobs.
Currently at Page 12  of job BA for MID_LEVEL. Fetched 2.13% jobs in this category. Remaining 7586 jobs. Completed 165  jobs.
Currently at Page 13  of job BA for MID_LEVEL. Fetched 2.32% jobs in this category. Remaining 7571 jobs. Completed 180  jobs.
Currently at Page 14  of job BA for MID_LEVEL. Fetched 2.52% jobs in this category. Remaining 7556 jobs. Completed 195  jobs.
Currently at Page 15  of job BA for MID_LEVEL. Fetched 2.71% jobs in this category. Remaining 7541 jobs. Completed 210  jobs.
Currently at Page 16  of job BA for MID_LEVEL. Fetched 2.90% jobs in this category. Remaining 7526 jobs. Completed 225  jobs.
Currently at Page 17  of job BA for MID_LEVEL. Fetched 3.10% jobs in this category. Remaining 7511 jobs. Completed 240  jobs.
Currently at Page 18  of job BA for MID_LEVEL. Fetched 3.29% jobs in this category. Remaining 7496 jobs. Completed 255  jobs.
Currently at Page 19  of job BA for MID_LEVEL. Fetched 3.48% jobs in this category. Remaining 7481 jobs. Completed 270  jobs.
Currently at Page 20  of job BA for MID_LEVEL. Fetched 3.68% jobs in this category. Remaining 7466 jobs. Completed 285  jobs.
Currently at Page 21  of job BA for MID_LEVEL. Fetched 3.87% jobs in this category. Remaining 7451 jobs. Completed 300  jobs.
Currently at Page 22  of job BA for MID_LEVEL. Fetched 4.06% jobs in this category. Remaining 7436 jobs. Completed 315  jobs.
Currently at Page 23  of job BA for MID_LEVEL. Fetched 4.26% jobs in this category. Remaining 7421 jobs. Completed 330  jobs.
Currently at Page 24  of job BA for MID_LEVEL. Fetched 4.45% jobs in this category. Remaining 7406 jobs. Completed 345  jobs.
Currently at Page 25  of job BA for MID_LEVEL. Fetched 4.64% jobs in this category. Remaining 7391 jobs. Completed 360  jobs.
Currently at Page 26  of job BA for MID_LEVEL. Fetched 4.84% jobs in this category. Remaining 7376 jobs. Completed 375  jobs.
Currently at Page 27  of job BA for MID_LEVEL. Fetched 5.03% jobs in this category. Remaining 7361 jobs. Completed 390  jobs.
Currently at Page 28  of job BA for MID_LEVEL. Fetched 5.23% jobs in this category. Remaining 7346 jobs. Completed 405  jobs.
Currently at Page 29  of job BA for MID_LEVEL. Fetched 5.42% jobs in this category. Remaining 7331 jobs. Completed 420  jobs.
Currently at Page 30  of job BA for MID_LEVEL. Fetched 5.61% jobs in this category. Remaining 7316 jobs. Completed 435  jobs.
Currently at Page 31  of job BA for MID_LEVEL. Fetched 5.81% jobs in this category. Remaining 7301 jobs. Completed 450  jobs.
Currently at Page 32  of job BA for MID_LEVEL. Fetched 6.00% jobs in this category. Remaining 7286 jobs. Completed 465  jobs.
Currently at Page 33  of job BA for MID_LEVEL. Fetched 6.19% jobs in this category. Remaining 7271 jobs. Completed 480  jobs.
Currently at Page 34  of job BA for MID_LEVEL. Fetched 6.39% jobs in this category. Remaining 7256 jobs. Completed 495  jobs.
Currently at Page 35  of job BA for MID_LEVEL. Fetched 6.58% jobs in this category. Remaining 7241 jobs. Completed 510  jobs.
Currently at Page 36  of job BA for MID_LEVEL. Fetched 6.77% jobs in this category. Remaining 7226 jobs. Completed 525  jobs.
Currently at Page 37  of job BA for MID_LEVEL. Fetched 6.97% jobs in this category. Remaining 7211 jobs. Completed 540  jobs.
Currently at Page 38  of job BA for MID_LEVEL. Fetched 7.16% jobs in this category. Remaining 7196 jobs. Completed 555  jobs.
Currently at Page 39  of job BA for MID_LEVEL. Fetched 7.35% jobs in this category. Remaining 7181 jobs. Completed 570  jobs.
Currently at Page 40  of job BA for MID_LEVEL. Fetched 7.55% jobs in this category. Remaining 7166 jobs. Completed 585  jobs.
Currently at Page 41  of job BA for MID_LEVEL. Fetched 7.74% jobs in this category. Remaining 7151 jobs. Completed 600  jobs.
Currently at Page 42  of job BA for MID_LEVEL. Fetched 7.93% jobs in this category. Remaining 7136 jobs. Completed 615  jobs.
Currently at Page 43  of job BA for MID_LEVEL. Fetched 8.13% jobs in this category. Remaining 7121 jobs. Completed 630  jobs.
Currently at Page 44  of job BA for MID_LEVEL. Fetched 8.32% jobs in this category. Remaining 7106 jobs. Completed 645  jobs.
Currently at Page 45  of job BA for MID_LEVEL. Fetched 8.52% jobs in this category. Remaining 7091 jobs. Completed 660  jobs.
Currently at Page 46  of job BA for MID_LEVEL. Fetched 8.71% jobs in this category. Remaining 7076 jobs. Completed 675  jobs.
Currently at Page 47  of job BA for MID_LEVEL. Fetched 8.90% jobs in this category. Remaining 7061 jobs. Completed 690  jobs.
Currently at Page 48  of job BA for MID_LEVEL. Fetched 9.10% jobs in this category. Remaining 7046 jobs. Completed 705  jobs.
Currently at Page 49  of job BA for MID_LEVEL. Fetched 9.29% jobs in this category. Remaining 7031 jobs. Completed 720  jobs.
Currently at Page 50  of job BA for MID_LEVEL. Fetched 9.48% jobs in this category. Remaining 7016 jobs. Completed 735  jobs.
Currently at Page 51  of job BA for MID_LEVEL. Fetched 9.68% jobs in this category. Remaining 7001 jobs. Completed 750  jobs.
Currently at Page 52  of job BA for MID_LEVEL. Fetched 9.87% jobs in this category. Remaining 6986 jobs. Completed 765  jobs.
Currently at Page 53  of job BA for MID_LEVEL. Fetched 10.06% jobs in this category. Remaining 6971 jobs. Completed 780  jobs.
Currently at Page 54  of job BA for MID_LEVEL. Fetched 10.26% jobs in this category. Remaining 6956 jobs. Completed 795  jobs.
Currently at Page 55  of job BA for MID_LEVEL. Fetched 10.45% jobs in this category. Remaining 6941 jobs. Completed 810  jobs.
Currently at Page 56  of job BA for MID_LEVEL. Fetched 10.64% jobs in this category. Remaining 6926 jobs. Completed 825  jobs.
Currently at Page 57  of job BA for MID_LEVEL. Fetched 10.84% jobs in this category. Remaining 6911 jobs. Completed 840  jobs.
Currently at Page 58  of job BA for MID_LEVEL. Fetched 11.03% jobs in this category. Remaining 6896 jobs. Completed 855  jobs.
Currently at Page 59  of job BA for MID_LEVEL. Fetched 11.22% jobs in this category. Remaining 6881 jobs. Completed 870  jobs.
Currently at Page 60  of job BA for MID_LEVEL. Fetched 11.42% jobs in this category. Remaining 6866 jobs. Completed 885  jobs.
Currently at Page 61  of job BA for MID_LEVEL. Fetched 11.61% jobs in this category. Remaining 6851 jobs. Completed 900  jobs.
Currently at Page 62  of job BA for MID_LEVEL. Fetched 11.80% jobs in this category. Remaining 6836 jobs. Completed 915  jobs.
Currently at Page 63  of job BA for MID_LEVEL. Fetched 12.00% jobs in this category. Remaining 6821 jobs. Completed 930  jobs.
Currently at Page 64  of job BA for MID_LEVEL. Fetched 12.19% jobs in this category. Remaining 6806 jobs. Completed 945  jobs.
Currently at Page 65  of job BA for MID_LEVEL. Fetched 12.39% jobs in this category. Remaining 6791 jobs. Completed 960  jobs.
Currently at Page 66  of job BA for MID_LEVEL. Fetched 12.58% jobs in this category. Remaining 6776 jobs. Completed 975  jobs.


The time taken to run this job is 7.97
